Brightmere Marbleiron Courtcastle Ironriver Courtwall Morwald Clearnesse Valhaven Buttermead Violetley Westvale Woodice Esterfall Eriwall Goldwyvern Newby Foxvale Morwall Oakmere Foxhaven Freyview Ironshore Oldmoor Dellwyn Butterbush Corbank Esterash Stonefair Westerlight Clearland Bushgate Stoneglass Wildemarsh Wellmage Snowshore Irondeer Lightmere Southwheat Westmill Lochmage Shoreburn Erilyn Eastcastle Rosemill Wolflea Greenshore Bluedell Newley Fairsage Greyice Brightmere
50
Brightmere Brightmere
Marbleiron Marbleiron
Courtcastle Courtcastle
Ironriver Ironriver
Courtwall Courtwall
Morwald Morwald
Clearnesse Clearnesse
Valhaven Valhaven
Buttermead Buttermead
Violetley Violetley
Westvale Westvale
Woodice Woodice
Esterfall Esterfall
Eriwall Eriwall
Goldwyvern Goldwyvern
Newby Newby
Foxvale Foxvale
Morwall Morwall
Oakmere Oakmere
Foxhaven Foxhaven
Freyview Freyview
Ironshore Ironshore
Oldmoor Oldmoor
Dellwyn Dellwyn
Butterbush Butterbush
Corbank Corbank
Esterash Esterash
Stonefair Stonefair
Westerlight Westerlight
Clearland Clearland
Bushgate Bushgate
Stoneglass Stoneglass
Wildemarsh Wildemarsh
Wellmage Wellmage
Snowshore Snowshore
Irondeer Irondeer
Lightmere Lightmere
Southwheat Southwheat
Westmill Westmill
Lochmage Lochmage
Shoreburn Shoreburn
Erilyn Erilyn
Eastcastle Eastcastle
Rosemill Rosemill
Wolflea Wolflea
Greenshore Greenshore
Bluedell Bluedell
Newley Newley
Fairsage Fairsage
Greyice Greyice
