Clearnesse Marbleiron Courtcastle Ironriver Courtwall Morwald Valhaven Buttermead Violetley Westvale Woodice Esterfall Eriwall Goldwyvern Newby Foxvale Morwall Oakmere Foxhaven Freyview Ironshore Oldmoor Dellwyn Butterbush Corbank Clearnesse
25
Clearnesse Clearnesse
Marbleiron Marbleiron
Courtcastle Courtcastle
Ironriver Ironriver
Courtwall Courtwall
Morwald Morwald
Valhaven Valhaven
Buttermead Buttermead
Violetley Violetley
Westvale Westvale
Woodice Woodice
Esterfall Esterfall
Eriwall Eriwall
Goldwyvern Goldwyvern
Newby Newby
Foxvale Foxvale
Morwall Morwall
Oakmere Oakmere
Foxhaven Foxhaven
Freyview Freyview
Ironshore Ironshore
Oldmoor Oldmoor
Dellwyn Dellwyn
Butterbush Butterbush
Corbank Corbank
