129 99 31 88 1 34 109 184 85 182 21 67 195 167 7 19 139 19 43 121 3 90 25 4 25 90 152 90 71 92 124 174 103 98 18 119 64 71 34 48 97 76 63 175 192 121 153 53 193 154 196 37 160 108 115 88 31 61 100 10 28 5 164 12 112 79 163 73 161 32 181 106 133 13 118 166 47 178 106 181 32 187 83 30 142 8 190 132 199 145 180 82 107 57 15 129
52
31 31
88 88
1 1
34 34
109 109
184 184
85 85
21 151
67 67
167 130
7 7
19 19
139 139 94
43 43
121 121
3 40
25 25 46 70 16
4 4 157 55
152 58 91
124 124
103 103
64 64
97 97
76 49 76
175 127 175
153 148
193 193
154 154
196 196
37 37
160 160
115 115
61 61
100 100
10 10 22
28 28
112 112
79 79
163 163
73 73 136
181 169 181
106 106
133 133
13 13
118 118
166 166
178 178
187 187
142 142
190 190
145 145 52 172
82 82
