FacultyClub BioscienceLibrary StudentUnion MediaCenter SutardjaDai OBrien InternationalHouse Etcheverry SproulPlaza Hilgard EarthquakeLibrary UniversityHouse LawrenceofScience Pimentel Mulford CareerCenter HearstGym Durham FacultyClub Library Spieker FPF PacificFilmArchive BrainImagingCenter Morrison Wheeler Cheit Manville FacultyClub Koshland Jacobs Investigative EarthLibrary EnergyBuilding StowPlaza MartinezCommons MelvinLaboratory BancroftDance AndersenAuditorium FacultyClub Unit3 AnthropologyLibrary Stephens OptometryLibrary IRLE SpringerGateway DonnerLaboratory ArtHistoryLibrary Sproul FacultyClub Birge CITRIS FacultyClub NewspapersLibrary Warren FacultyClub
50
FacultyClub FacultyClub
BioscienceLibrary BioscienceLibrary
StudentUnion StudentUnion
MediaCenter MediaCenter
SutardjaDai SutardjaDai
OBrien OBrien
InternationalHouse InternationalHouse
Etcheverry Etcheverry
SproulPlaza SproulPlaza
Hilgard Hilgard
EarthquakeLibrary EarthquakeLibrary
UniversityHouse UniversityHouse
LawrenceofScience LawrenceofScience
Pimentel Pimentel
Mulford Mulford
CareerCenter CareerCenter
HearstGym HearstGym
Durham Durham
Library Library
Spieker Spieker
FPF FPF
PacificFilmArchive PacificFilmArchive
BrainImagingCenter BrainImagingCenter
Morrison Morrison
Wheeler Wheeler
Cheit Cheit
Manville Manville
Koshland Koshland
Jacobs Jacobs
Investigative Investigative
EarthLibrary EarthLibrary
EnergyBuilding EnergyBuilding
StowPlaza StowPlaza
MartinezCommons MartinezCommons
MelvinLaboratory MelvinLaboratory
BancroftDance BancroftDance
AndersenAuditorium AndersenAuditorium
Unit3 Unit3
AnthropologyLibrary AnthropologyLibrary
Stephens Stephens
OptometryLibrary OptometryLibrary
IRLE IRLE
SpringerGateway SpringerGateway
DonnerLaboratory DonnerLaboratory
ArtHistoryLibrary ArtHistoryLibrary
Sproul Sproul
Birge Birge
CITRIS CITRIS
NewspapersLibrary NewspapersLibrary
Warren Warren
