0 3 18 25 26 32 1 44 52 67 2 74 80 97 114 124 131 132 133 3 145 148 158 1 161 2 168 3 180 1 191 8 56 103 136 1 13 71 143 1 188 15 17 19 33 35 38 0 42 46 47 48 49 51 0 55 58 0 64 65 69 0 73 75 76 77 0 82 83 85 0 87 88 90 91 92 93 94 0 96 99 102 105 106 112 113 117 119 120 123 134 135 139 140 141 149 153 154 155 162 167 169 170 171 172 173 174 175 177 178 0 195 197 199 0
97
0 60 181
3 3
18 18
25 25
26 26
32 32
44 44
52 52
67 67
74 74
80 80
97 97
114 114
124 124
131 131
132 132
133 133
145 145
148 148
158 158
161 161
168 168
180 180
191 191
8 8
56 56
103 103
136 136
13 13
71 71
143 143
188 188
15 15
17 17
19 19
33 33
35 35
38 38
42 42
46 46
47 47
48 48
49 49
51 51
55 55
58 58
64 64
65 65
69 69
73 73
75 75
76 76
77 77
82 82
83 83
85 85
87 87
88 88
90 90
91 91
92 92
93 93
94 94
96 96
99 99
102 102
105 105
106 106
112 112
113 113
117 117
119 119
120 120
123 123
134 134
135 135
139 139
140 140
141 141
149 149
153 153
154 154
155 155
162 162
167 167
169 169
170 170
171 171
172 172
173 173
174 174
175 175
177 177
178 178
195 195
197 197
199 199
