1 2 32 28 83 167 79 13 51 36 51 22 63 36 86 193 61 39 30 185 73 104 61 2 93 69 13 5 96 159 7 31 34 27 163 33 85 171 76 21 68 76 42 64 12 141 99 55 79 8 99 45 82 26 4 25 53 4 26 60 26 80 88 17 50 80 70 40 45 82 72 52 49 14 49 52 49 67 41 16 25 77 10 54 65 6 47 40 13 65 35 51 54 65 75 91 65 95 16 81 18 81 78 45 166 94 11 58 44 94 46 13 66 43 45 99 74 94 1
71
2 89 2
32 32
28 84 28
83 83
79 79
13 13
51 51
36 27 36
22 22
63 63
86 86
61 9 61 38 37
39 39
30 30
73 73
93 93
69 69
5 5
96 96
7 7
31 31
34 34
33 33 59
85 85
76 76
21 21
68 68
42 42 100 15
64 64
12 12
99 99
55 55
8 8
45 45
82 82
26 26 48
4 10 4 56
25 25
53 53
60 60 62
80 20 80
88 88
17 17
50 50
70 70
40 23 40
72 72
52 97 98 52
49 49
14 3 14
67 67 19
41 41
16 81 16
77 77
54 54
65 65 57 29 71
6 6
47 47
35 58 35
75 75
91 91
95 95
18 18 92 101
78 78
94 94 87
11 11 24
44 44
46 46
66 90 66
43 43
74 74
