159 109 180 193 53 137 101 1 167 15 71 139 100 59 189 107 134 107 189 59 100 181 100 161 17 133 173 27 173 133 17 36 141 142 129 74 158 102 158 74 129 15 167 8 178 16 13 63 13 106 197 6 164 20 104 25 45 72 7 117 48 141 32 164 81 156 31 114 31 156 64 177 111 177 64 156 56 96 162 67 119 172 152 195 157 147 101 137 76 149 4 149 76 184 165 65 93 154 93 65 51 148 51 65 98 32 79 160 88 29 187 168 53 137 85 54 200 46 37 46 142 127 109 180 193 24 193 180 109 159 77 140 14 97 14 140 77 159
66
159 43 22
109 109
180 122 180
193 193
53 53
137 137
101 11 132 101
167 167
15 15
71 157 71
139 139
100 100 199
59 59
107 107
134 134 120
181 181 21
17 17
133 133
27 145 169
36 36
129 86
74 185 74
158 99 158
102 82 123 102
178 178
13 13
63 121 63
106 106
6 6
45 45
72 72
7 7
48 48
32 32
81 138 155 28
156 52 156
31 31
114 114 35 116
64 64
177 174
111 34 111 128
96 96
162 191
172 172
147 40
76 76
4 60 4
165 165
65 65 26
93 93
154 154 2
51 51
148 41 148 47
98 98
79 3 79
88 88
85 85
200 10 200
46 46 192
37 37 38
127 146 61
24 87 24
77 77 190
140 140
14 14
97 97 126
