Home141 Home15 Home53 Home97 Home53 Home44 Home34 Home173 Home51 Home16 Home41 Home111 Home34 Home44 Home53 Home91 Home115 Home50 Home14 Home170 Home164 Home53 Home15 Home141 Home154 Home128 Home112 Home128 Home147 Home82 Home24 Home43 Home32 Home124 Home5 Home125 Home110 Home65 Home89 Home81 Home89 Home3 Home157 Home92 Home131 Home16 Home60 Home45 Home60 Home69 Home60 Home136 Home49 Home47 Home48 Home131 Home144 Home170 Home76 Home5 Home63 Home83 Home27 Home4 Home26 Home64 Home87 Home135 Home120 Home89 Home176 Home34 Home111 Home43 Home32 Home154 Home88 Home143 Home82 Home177 Home7 Home62 Home127 Home7 Home74 Home11 Home88 Home149 Home20 Home31 Home67 Home100 Home6 Home114 Home37 Home134 Home119 Home172 Home31 Home20 Home109 Home141
63
Home15 Home171 Home15
Home53 Home53
Home97 Home97 Home161
Home44 Home96 Home44
Home34 Home1 Home34 Home106
Home173 Home173
Home51 Home51
Home16 Home16
Home111 Home111
Home91 Home91
Home50 Home50
Home170 Home170
Home164 Home164
Home154 Home154
Home128 Home128 Home66
Home112 Home112 Home122
Home147 Home147
Home82 Home82
Home43 Home43
Home32 Home32
Home124 Home124
Home5 Home35 Home5 Home86 Home165 Home76
Home125 Home125
Home110 Home110
Home89 Home89
Home81 Home81 Home75 Home25
Home3 Home3
Home157 Home157
Home92 Home92
Home131 Home131
Home60 Home60 Home167
Home45 Home156 Home45
Home69 Home132 Home69
Home136 Home136
Home47 Home48 Home47
Home144 Home144
Home76 Home105
Home63 Home63
Home83 Home83
Home27 Home27
Home4 Home4
Home26 Home26
Home64 Home64
Home87 Home87
Home135 Home120 Home135
Home176 Home176
Home88 Home88 Home103
Home143 Home143
Home177 Home177
Home7 Home74 Home36 Home7
Home62 Home152 Home62
Home127 Home127
Home11 Home11
Home149 Home149
Home20 Home20 Home126
Home31 Home31
Home67 Home67
Home100 Home100
Home114 Home114
Home37 Home13 Home37
Home134 Home134
Home119 Home55
Home172 Home172
