lllIl1I l1IIl1l IlI1II1 11lI11I ll111ll 1I1I1l1 l1lll11 II11l1l Ill11I1 l1lllll 1IlIl1I Ill1I11 III111I l1Ill11 lll1I1l llI1lII 1l1lIlI 111lI1I llIlIIl lI1l111 lIllIll Il1Il1I ll111ll 11111lI I1ll1II II1Il1I 11lI11I 11IIII1 1I1l1Il lIIl11l 1llI111 l1IIl1l Ill11II l1IllI1 IlI1Il1 l1IIl1l 1l11lII I1llII1 l1IIl1l lIl111I I11I11l IIl1l1I l1IIl1l I11111l III1llI l1I111I I111I1I 1I1I1lI l1IIl1l 1I1lllI lII111l llIIII1 l1IIl1l I1llll1 l1l11l1 lIIlII1 l1IIl1l lllIl1I
45
l1IIl1l l1IIl1l 1lIl11I I11I111 lI11III IIlIllI
IlI1II1 IlI1II1
11lI11I 11lI11I
ll111ll 1I11Ill ll111ll
1I1I1l1 1I1I1l1
l1lll11 l1lll11
II11l1l II11l1l
l1lllll l1lllll
1IlIl1I 1IlIl1I
Ill1I11 Ill1I11
III111I III111I
l1Ill11 l1Ill11
lll1I1l lll1I1l
llI1lII llI1lII
1l1lIlI 1l1lIlI
111lI1I 111lI1I
lI1l111 lI1l111
lIllIll lIllIll
Il1Il1I Il1Il1I
11111lI 11111lI
I1ll1II I1ll1II
II1Il1I II1Il1I
11IIII1 11IIII1
1I1l1Il 1I1l1Il
lIIl11l lIIl11l
1llI111 1llI111
Ill11II Ill11II
l1IllI1 l1IllI1
IlI1Il1 IlI1Il1
1l11lII 1l11lII
I1llII1 I1llII1
lIl111I lIl111I
I11I11l I11I11l
IIl1l1I IIl1l1I
I11111l I11111l
III1llI III1llI
l1I111I l1I111I
I111I1I I111I1I
1I1I1lI 1I1I1lI
1I1lllI 1I1lllI
lII111l lII111l
llIIII1 llIIII1
I1llll1 I1llll1
l1l11l1 l1l11l1
lIIlII1 lIIlII1
