IIII1I1 IIII1ll 1IlII1I lI11l1l I1I1111 lll1lII I11IIlI III1lII II111I1 lIlllll 11IIl1I IIII1ll l1IlIII lI11l1l 1lI11l1 11I1lll lIIIllI 1IlII1I IIlIIII l1IlIl1 11I1Ill I1I111I 11lI11I IIllIl1 IIlIlI1 1IIlIIl lll1lII II1I1Il 11I1Ill IIII1ll IIllIl1 IlllI11 IIII1I1
24
IIII1ll IIII1ll
1IlII1I 1IlII1I
lI11l1l lI11l1l
I1I1111 I1I1111
lll1lII lII1I11 lI1l1II
I11IIlI I11IIlI
III1lII III1lII
II111I1 II111I1
lIlllll lIlllll
11IIl1I 11IIl1I
l1IlIII l1IlIII
1lI11l1 1lI11l1
11I1lll 11I1lll
lIIIllI lIIIllI
IIlIIII IIlIIII
l1IlIl1 l1IlIl1
11I1Ill 11I1Ill
I1I111I I1I111I
11lI11I 11lI11I
IIllIl1 IIllIl1
IIlIlI1 IIlIlI1
1IIlIIl 1IIlIIl
II1I1Il II1I1Il
IlllI11 IlllI11
