K A B Q W B AJ AO AP B AR AT B BB BC BD BG B BM BO B BP BX B CA CD CE CG CH B CJ CM CP CQ CS B CV C J O C T AM C BW CO C E BY G D BL H M N A U V X A Y AA AB AC A AE AF A AG AI AK A AQ AV AW A AX AY AZ A BE BF BI BJ A BK BN BR BS A BV CB CC CF A CK CL A CN CR A K
78
K K
A A CT CU AL BT BU R S BA CI AD
B B AH F I Z BZ P
Q Q
W W
AJ AJ
AO AO
AP AP
AR AR
AT AT
BB BB
BC BC
BD BD
BG BG
BM BM
BO BO
BP BP
BX BX
CA CA
CD CD
CE CE
CG CG
CH CH
CJ CJ
CM CM
CP CP
CQ CQ
CS CS
CV CV
C C BH BQ AN
J J
O O
T T
AM AM
BW BW
CO CO
E AU L E AS
BY BY
G G
D D
BL BL
H H
M M
N N
U U
V V
X X
Y Y
AA AA
AB AB
AC AC
AE AE
AF AF
AG AG
AI AI
AK AK
AQ AQ
AV AV
AW AW
AX AX
AY AY
AZ AZ
BE BE
BF BF
BI BI
BJ BJ
BK BK
BN BN
BR BR
BS BS
BV BV
CB CB
CC CC
CF CF
CK CK
CL CL
CN CN
CR CR
