Satish GH8C ZMQ5BH GILAN21GR3 02X2C FM2G14H8I RP28W1 Q7ZEY GNVXN H1LQ91V 01G9IQ2 4VE7V ZZACWP 3IXHQXHYBV FPZT HM48FZD0 KBI1CALMNJ 7T8I47 LU68 7622OJ DYYG23O 79KTC8AS9 ZMZIWZ LM7KL5G3V 26PG 8TH7QVQY CXQDH6YMZ8 2B1K6EW9CL QW15YTSV DNIV2BOR2P A8WYICH3 4UE11 E37ZKA8WK 6PVQIBNB9 DST5W4G0 4P0LGP0 LU68 4C88SXD CV6NHW7M G4QE3I 3J6SSA O44VZ HBQM42U 8UPUEGO 91ZONFE 9QJRN A118 LU68 KCOFJD 9K8PLAET DDB26ZHC GN4G0L2 M71OYIS 9V10EOH CB93 5HULMUDLAQ ARTWTP9 ET82NVH9 C8WREP 0TRB9358 EEZS E2DHWGC FM2HEMVR1 MLKOJ VGYKKKOFLZ LU68 H41HZ6 JX6GCY IHN21LA4 LU68 EFIKTK4Y0Y 2BLLD3SK PMXEOGGIQ 7GAD3F LBR67PCKBJ 5XYO ETB2 1UCE L7QS0UEPJ M649OA YSRPP LU68 3WJYJDDU ZH2INF J2ETZ1C B690 G90OCSZY E9DZLL M35E B3R68HYWZ HQG39M MXJIYJYNH4 LQQ5IH PUW25N LU68 VOAV PIW6IC50D 8MDFNIK8AY SQLSVN ETNCY9XH2 P6RI91D87 Q7Z37G5 E5HD W71YV1R66L FWM5C CKNDWG YU3U1T YQB2CII950 Satish
100
GH8C GH8C
ZMQ5BH ZMQ5BH
GILAN21GR3 GILAN21GR3
02X2C 02X2C
FM2G14H8I FM2G14H8I
RP28W1 RP28W1
Q7ZEY Q7ZEY
GNVXN GNVXN
H1LQ91V H1LQ91V
01G9IQ2 01G9IQ2
4VE7V 4VE7V
ZZACWP ZZACWP
3IXHQXHYBV 3IXHQXHYBV
FPZT FPZT
HM48FZD0 HM48FZD0
KBI1CALMNJ KBI1CALMNJ
7T8I47 7T8I47
7622OJ 7622OJ
DYYG23O DYYG23O
79KTC8AS9 79KTC8AS9
ZMZIWZ ZMZIWZ
LM7KL5G3V LM7KL5G3V
26PG 26PG
8TH7QVQY 8TH7QVQY
CXQDH6YMZ8 CXQDH6YMZ8
2B1K6EW9CL 2B1K6EW9CL
QW15YTSV QW15YTSV
DNIV2BOR2P DNIV2BOR2P
A8WYICH3 A8WYICH3
4UE11 4UE11
E37ZKA8WK E37ZKA8WK
6PVQIBNB9 6PVQIBNB9
DST5W4G0 DST5W4G0
4P0LGP0 4P0LGP0
4C88SXD 4C88SXD
CV6NHW7M CV6NHW7M
G4QE3I G4QE3I
3J6SSA 3J6SSA
O44VZ O44VZ
HBQM42U HBQM42U
8UPUEGO 8UPUEGO
91ZONFE 91ZONFE
9QJRN 9QJRN
A118 A118
KCOFJD KCOFJD
9K8PLAET 9K8PLAET
DDB26ZHC DDB26ZHC
GN4G0L2 GN4G0L2
M71OYIS M71OYIS
9V10EOH 9V10EOH
CB93 CB93
5HULMUDLAQ 5HULMUDLAQ
ARTWTP9 ARTWTP9
ET82NVH9 ET82NVH9
C8WREP C8WREP
0TRB9358 0TRB9358
EEZS EEZS
E2DHWGC E2DHWGC
FM2HEMVR1 FM2HEMVR1
MLKOJ MLKOJ
VGYKKKOFLZ VGYKKKOFLZ
H41HZ6 H41HZ6
JX6GCY JX6GCY
IHN21LA4 IHN21LA4
EFIKTK4Y0Y EFIKTK4Y0Y
2BLLD3SK 2BLLD3SK
PMXEOGGIQ PMXEOGGIQ
7GAD3F 7GAD3F
LBR67PCKBJ LBR67PCKBJ
5XYO 5XYO
ETB2 ETB2
1UCE 1UCE
L7QS0UEPJ L7QS0UEPJ
M649OA M649OA
YSRPP YSRPP
3WJYJDDU 3WJYJDDU
ZH2INF ZH2INF
J2ETZ1C J2ETZ1C
B690 B690
G90OCSZY G90OCSZY
E9DZLL E9DZLL
M35E M35E
B3R68HYWZ B3R68HYWZ
HQG39M HQG39M
MXJIYJYNH4 MXJIYJYNH4
LQQ5IH LQQ5IH
PUW25N PUW25N
VOAV VOAV
PIW6IC50D PIW6IC50D
8MDFNIK8AY 8MDFNIK8AY
SQLSVN SQLSVN
ETNCY9XH2 ETNCY9XH2
P6RI91D87 P6RI91D87
Q7Z37G5 Q7Z37G5
E5HD E5HD
W71YV1R66L W71YV1R66L
FWM5C FWM5C
CKNDWG CKNDWG
YU3U1T YU3U1T
YQB2CII950 YQB2CII950
