Satish VFRT26 ICTGXV UVP4WIKK Z6H98 KSHB2KG 9XFF 1BZLEM 4INC2D8SDN YXBMACC BBFYA9B ER2YSPML1C ZRYV5F PYD9SISJI 399VM5PU6 NSBI PTL1QU ZY9VPYMXA WZ1MC3189 PTWCQ 92R432 FS1RWBVR7 PZMGYZL KRM4B R6VBAVZ0B OXWYDF Q1GPNKF7O5 Satish
25
VFRT26 VFRT26
ICTGXV ICTGXV
UVP4WIKK UVP4WIKK
Z6H98 Z6H98
KSHB2KG KSHB2KG
9XFF 9XFF
1BZLEM 1BZLEM
4INC2D8SDN 4INC2D8SDN
YXBMACC YXBMACC
BBFYA9B BBFYA9B
ER2YSPML1C ER2YSPML1C
ZRYV5F ZRYV5F
PYD9SISJI PYD9SISJI
399VM5PU6 399VM5PU6
NSBI NSBI
PTL1QU PTL1QU
ZY9VPYMXA ZY9VPYMXA
WZ1MC3189 WZ1MC3189
PTWCQ PTWCQ
92R432 92R432
FS1RWBVR7 FS1RWBVR7
PZMGYZL PZMGYZL
KRM4B KRM4B
R6VBAVZ0B R6VBAVZ0B
OXWYDF OXWYDF
