Satish ODSGN281 S657MFMG FPB1OLF3 CXLQGGJ746 QL51A0KUT B0H9VDIK RX6VI XGYWBMTWT QAL7Z5UN 6HNG PL0UHK V1AX 59E13RE V4R09 QU5Y0N2LQ IQXEPH9QO V1AX 5N65HLXKU 7CRTCJA WQM0D4 QEAJAFMPY O2N6HBZK8 JOBN3N EHS8A 07XQDCJI 19LN K936 5HGKBK JSSS9HX QHH48VD7JJ V7T5SI EG23K ITHI7K6W1B 6WSDW OJ27JN021 AETBJC 2FB0FS3KWX V1AX AO31B76 R2POU4T PQ09CSX N26J6EU F3YJ F1G8HC QJ0LM8 SUC1CH 0I7Y SKLZM IEYK8 VNYZ5QVO77 M6CD1Y VNCFO Satish
50
ODSGN281 ODSGN281
S657MFMG S657MFMG
FPB1OLF3 FPB1OLF3
CXLQGGJ746 CXLQGGJ746
QL51A0KUT QL51A0KUT
B0H9VDIK B0H9VDIK
RX6VI RX6VI
XGYWBMTWT XGYWBMTWT
QAL7Z5UN QAL7Z5UN
6HNG 6HNG
PL0UHK PL0UHK
V1AX U0LMCHUU
59E13RE 59E13RE
V4R09 V4R09
QU5Y0N2LQ QU5Y0N2LQ
IQXEPH9QO IQXEPH9QO
5N65HLXKU 5N65HLXKU
7CRTCJA 7CRTCJA
WQM0D4 WQM0D4
QEAJAFMPY QEAJAFMPY
O2N6HBZK8 O2N6HBZK8
JOBN3N JOBN3N
EHS8A EHS8A
07XQDCJI 07XQDCJI
19LN 19LN
K936 K936
5HGKBK 5HGKBK
JSSS9HX JSSS9HX
QHH48VD7JJ QHH48VD7JJ
V7T5SI V7T5SI
EG23K EG23K
ITHI7K6W1B ITHI7K6W1B
6WSDW 6WSDW
OJ27JN021 OJ27JN021
AETBJC AETBJC
2FB0FS3KWX 2FB0FS3KWX
AO31B76 AO31B76
R2POU4T R2POU4T
PQ09CSX PQ09CSX
N26J6EU N26J6EU
F3YJ F3YJ
F1G8HC F1G8HC
QJ0LM8 QJ0LM8
SUC1CH SUC1CH
0I7Y 0I7Y
SKLZM SKLZM
IEYK8 IEYK8
VNYZ5QVO77 VNYZ5QVO77
M6CD1Y M6CD1Y
VNCFO VNCFO
