129 0 2 33 49 51 56 2 100 103 2 195 4 121 3 152 4 196 5 6 161 8 9 11 13 15 0 16 17 21 0 25 26 0 29 36 0 39 40 44 48 50 0 53 55 0 57 58 0 66 81 0 84 85 87 0 88 91 92 0 96 97 0 105 107 0 110 114 0 125 126 0 137 142 145 150 0 156 157 0 175 177 0 178 180 0 129
63
0 0 64 65 128 130 192 197 82 189 23 151 155 158 95 160 98 163 101 171 108 109 183 184 122 123 188 61 190 191
2 2 99 89 174 14 63
33 33
49 49
51 51
56 56
100 100
103 103
195 195
4 194 59 4 62
121 121
152 152
196 196
5 5
6 76 6
161 161
8 8
9 9
11 11
13 13
15 15
16 16
17 17
21 21
25 25
26 26
29 29
36 36
39 39
40 40
44 44
48 48
50 50
53 53
55 55
57 57
58 58
66 66
81 81
84 84
85 85
87 87
88 88
91 91
92 92
96 96
97 97
105 105
107 107
110 110
114 114
125 125
126 126
137 137
142 142
145 145
150 150
156 156
157 157
175 175
177 177
178 178
180 180
