awsq33VKPi6omYhDxD EEGmmDga qaNF4 9NiO9NIt6mT t4g038uD0J7N2MjjK bIXpEU56v5EwRurYx T930LVMZqWnRhtA 3AZZS7ZlVKs4rRsl a049zYG55Zn66Xbmpdp0 fnMwNw1M6Naw a049zYG55Zn66Xbmpdp0 3AZZS7ZlVKs4rRsl 10rY1cuVgs e2CQ B6zwxFUTXP7207OU b88Y9j2qm7Ik9Uc1Akg MQoYo IU22L8 10rY1cuVgs T930LVMZqWnRhtA zvAc9Z2d7eDxV gE2u1BLhV0VP9W4K o2TJY8U l 23LQ1uFKh B6zwxFUTXP7207OU zvAc9Z2d7eDxV LgZ3kgV J K8FRNDo9AOC85 5NI1AGh6XyxT39yE eh31Ty MQoYo awsq33VKPi6omYhDxD
20
awsq33VKPi6omYhDxD awsq33VKPi6omYhDxD
qaNF4 qaNF4
9NiO9NIt6mT 9NiO9NIt6mT
t4g038uD0J7N2MjjK t4g038uD0J7N2MjjK 4o
bIXpEU56v5EwRurYx bIXpEU56v5EwRurYx
T930LVMZqWnRhtA T930LVMZqWnRhtA
3AZZS7ZlVKs4rRsl 3AZZS7ZlVKs4rRsl
a049zYG55Zn66Xbmpdp0 a049zYG55Zn66Xbmpdp0
fnMwNw1M6Naw fnMwNw1M6Naw owJxU5AByA1usDUB3gkv
10rY1cuVgs 10rY1cuVgs
e2CQ e2CQ
B6zwxFUTXP7207OU B6zwxFUTXP7207OU
b88Y9j2qm7Ik9Uc1Akg b88Y9j2qm7Ik9Uc1Akg
IU22L8 IU22L8
zvAc9Z2d7eDxV tH7nO948j59TD zvAc9Z2d7eDxV
gE2u1BLhV0VP9W4K gE2u1BLhV0VP9W4K
o2TJY8U o2TJY8U
l l
J Tgw4KRLY56280J0 3l6XBJU8C1Vc5ugKIhUy J
5NI1AGh6XyxT39yE 5NI1AGh6XyxT39yE
