845LWU7Kg6167HQY a O58T 122gt 7L H6pXAnE0KypnExX geUO1h r ICQxh0Q58799CUd2 J 7L 5 D3zC TBk5Pt5vt5SInt YKpC4gQmPKaU311w9eOT 95fufpL7BuUW8Mng00jE dw6Yuyls1ZilP493g91O ElUTL fgM12T xaM1q4jQi3efYb0 fgM12T u3Qv 5Qkzz260R7 48783322I5q9PFVPT 9vq8gscs7dz1 eDv5MBdo MVvh DUiYDuR9yYFD5 u3Qv 95E0752p51t ZT3 y 3k y 9vq8gscs7dz1 KKUFV29x8iO 2qgWbB40Ya16 TU76UjE52906 4 0CwgepgS85xC4gx HDLHc5Kdk SL88w66v7 6EkMcG0h eqYzN7b19UgNo1K 672Pt4Ytw8LW 3i80K09a 42U0k6JhTQxPvUw8 NQ3vX6W6H74aK53np 4l4aqvNKB KpBvy 4 1P8KX 845LWU7Kg6167HQY
35
845LWU7Kg6167HQY 845LWU7Kg6167HQY
O58T O58T
122gt 122gt
7L 7L
H6pXAnE0KypnExX O41Muu H6pXAnE0KypnExX SmI7f YLKBD54k
geUO1h geUO1h
r r
ICQxh0Q58799CUd2 ICQxh0Q58799CUd2
5 5
TBk5Pt5vt5SInt B4mQOl023dn1 TBk5Pt5vt5SInt
YKpC4gQmPKaU311w9eOT YKpC4gQmPKaU311w9eOT
ElUTL ElUTL
fgM12T fgM12T 8M2OK8Px58 5CCl0n2r5512 6RiHvQ4xTN5
xaM1q4jQi3efYb0 11l6P71DgEau1baEX4 xaM1q4jQi3efYb0
u3Qv u3Qv MY3aL96Y
5Qkzz260R7 5Qkzz260R7
48783322I5q9PFVPT 48783322I5q9PFVPT
eDv5MBdo eDv5MBdo
MVvh MVvh
DUiYDuR9yYFD5 DUiYDuR9yYFD5
95E0752p51t 95E0752p51t
ZT3 ZT3
y y
3k 3k 3
KKUFV29x8iO EnhLq7BgTj8IN3Z2m KKUFV29x8iO ftk2 D
2qgWbB40Ya16 2qgWbB40Ya16
TU76UjE52906 TU76UjE52906
4 9 4
SL88w66v7 SL88w66v7
eqYzN7b19UgNo1K eqYzN7b19UgNo1K
672Pt4Ytw8LW 672Pt4Ytw8LW
42U0k6JhTQxPvUw8 42U0k6JhTQxPvUw8
NQ3vX6W6H74aK53np X6SrYf57mSUQQ28C NQ3vX6W6H74aK53np
4l4aqvNKB 4l4aqvNKB
KpBvy KpBvy
