AyBBdkPvTTt19wqt 9jWI53P36dh95 3 3z4E IEtn6zEV03H3 r9qUrqog71Fz9gx d5P0NXv8 L7Mfs3034VwaB7kd3Z MEv16358FQ 6c1qFsEg9xI MEv16358FQ Rf0x16WtfDv 5nYY46YfUGovj nOMN589D7t0QjhnBj3wn ymzG1qC7YsJFFmeog 2qbTYSv3J 98E9ia5 89ukpivGhdck21Krrh40 Rf0x16WtfDv MEv16358FQ yd7324WTF 2T6osNpb4 2P201UD8Q aCCE EnmWLiDA9NE89oNUTbx aCCE 2P201UD8Q P6C89a32 Q 1CYyNxk8m7fToc6XLW7T 1e90fR0FtB7Ev156y 1CYyNxk8m7fToc6XLW7T mmF 1wF6 P6C89a32 2P201UD8Q EL5n1KQ3kn w22P6su70O6jf3FJ c2m39UUoMb 6qc68848myvIqoZWw 2l90gxx61rTb0CbF CDuc4XdY7zp h5 MEv16358FQ rti qGr382CkPK997QVHAL lP84Whn 2T6osNpb4 o88qO93T 2T6osNpb4 tbwtQej thypPB22BchO3Od9 E76twn5gNBei01uh2PkH NU7gnWcAs4nq66FS kg8257p31rTQvRWjGF SdP9W8WRSw x60I798qq0Sq6Xdc9s0 MjwmiyLlZn Ut7hqt9A MjwmiyLlZn DqfU93360y3I66U0 9q06155efQSN 8kQ991Y80Dy v LK1h2AhdhXWb7Czrr gv3T5z4 98E9ia5 NESaNvTSnt9E9du vRH6pA1I75N1 jxDm vRH6pA1I75N1 1MHxxU 0Lw86e uF131buM7L27 o FR3SCSFtuk055ORI 6v326555i1Io5Z I6 6v326555i1Io5Z IEtn6zEV03H3 I4640OD 1utCvCS3yEzt0HBbKt I4640OD b6DdFnSk8qdk45 GXFdnTo0Mk P 1MHxxU iFF184 XMV256fk q XMV256fk iFF184 b19692 iFF184 2YlhGrefFhV6JLtw c2m39UUoMb d Le6BO3R d LK1h2AhdhXWb7Czrr v QE9dXn5y6j2YYh eZEbm MJ2l1N0ojTC Q2PY RYtkT5 8Qe2lSUyQa hG8udpL53V 2qbTYSv3J 98E9ia5 JBYT6heC6yE4 Q2PY 3 9jWI53P36dh95 khC 9jWI53P36dh95 KIOJyBXM922ydZA5 J68F52raS3n1L6ZYK 7DmqFE 36Y155M7F1ZG8 7d2Q05crlPi o 5tQKcAo3 q AyBBdkPvTTt19wqt
68
9jWI53P36dh95 9jWI53P36dh95
3 9o4t 3
3z4E 3z4E
IEtn6zEV03H3 IEtn6zEV03H3 e1M0JsNJ5
r9qUrqog71Fz9gx r9qUrqog71Fz9gx
d5P0NXv8 d5P0NXv8
L7Mfs3034VwaB7kd3Z L7Mfs3034VwaB7kd3Z
MEv16358FQ MEv16358FQ
6c1qFsEg9xI A6gMJKsUfUSuEI76 6c1qFsEg9xI
Rf0x16WtfDv Rf0x16WtfDv
5nYY46YfUGovj 5nYY46YfUGovj q7Ehaiz
nOMN589D7t0QjhnBj3wn nOMN589D7t0QjhnBj3wn
ymzG1qC7YsJFFmeog ymzG1qC7YsJFFmeog
89ukpivGhdck21Krrh40 89ukpivGhdck21Krrh40
yd7324WTF yd7324WTF
2T6osNpb4 2T6osNpb4
2P201UD8Q 2P201UD8Q T8C17MZ6g69gmQ c3x9Cmq8W5oa57mjASv
aCCE QqvW51K9Cm aCCE
EnmWLiDA9NE89oNUTbx EnmWLiDA9NE89oNUTbx Han188Ox
P6C89a32 4B5uWNh7Dl3lRP P6C89a32
Q Q
1e90fR0FtB7Ev156y 3505 1e90fR0FtB7Ev156y
1wF6 1wF6
EL5n1KQ3kn PELS5
6qc68848myvIqoZWw 6qc68848myvIqoZWw
2l90gxx61rTb0CbF 2l90gxx61rTb0CbF
CDuc4XdY7zp TMULg
qGr382CkPK997QVHAL qGr382CkPK997QVHAL
o88qO93T 85682ijoufq1DW 920ucA0jXEv
thypPB22BchO3Od9 nw566uv thypPB22BchO3Od9
E76twn5gNBei01uh2PkH E76twn5gNBei01uh2PkH
NU7gnWcAs4nq66FS NU7gnWcAs4nq66FS
kg8257p31rTQvRWjGF kg8257p31rTQvRWjGF
SdP9W8WRSw SdP9W8WRSw
MjwmiyLlZn O7W5C8z8H93l 68ZC6T1G2o9Q95CKs MjwmiyLlZn
Ut7hqt9A XQxkrBxnI Ut7hqt9A p772t3OLqj
9q06155efQSN 9q06155efQSN
v v
gv3T5z4 gv3T5z4
vRH6pA1I75N1 vRH6pA1I75N1 pwvBbQ870l3Io2K
jxDm 4932 FKWv88jkw79me jxDm
1MHxxU TByQ7zH089
uF131buM7L27 uF131buM7L27
FR3SCSFtuk055ORI 6v326555i1Io5Z FR3SCSFtuk055ORI
I6 I6 o83v2nI1sQs
I4640OD L46h8MG90TBpA8v9 I4640OD
1utCvCS3yEzt0HBbKt ywj3aNhyxUH 1utCvCS3yEzt0HBbKt
b6DdFnSk8qdk45 b6DdFnSk8qdk45
P P Q2PY
iFF184 iFF184
XMV256fk XMV256fk
q 8tvL5MpO9J735t q
b19692 659Cx b19692
2YlhGrefFhV6JLtw 2YlhGrefFhV6JLtw
d d MJ2l1N0ojTC
Le6BO3R Le6BO3R b817BTo6GdPc96ig2 Tk46
eZEbm eZEbm
Q2PY dUdv
RYtkT5 usTG0We6G9WDs7Dk RYtkT5
8Qe2lSUyQa 8Qe2lSUyQa
hG8udpL53V hG8udpL53V
JBYT6heC6yE4 JBYT6heC6yE4
khC 2Et5UN6ZJ19iz khC
KIOJyBXM922ydZA5 KIOJyBXM922ydZA5
J68F52raS3n1L6ZYK 8w6aRuq J68F52raS3n1L6ZYK
7DmqFE 7DmqFE
36Y155M7F1ZG8 36Y155M7F1ZG8
7d2Q05crlPi 7d2Q05crlPi
