0 90 79 90 0 112 50 9 107 47 51 6 58 68 85 87 84 24 54 24 63 55 130 84 87 125 77 164 75 85 136 162 103 30 51 42 18 57 53 128 8 67 71 128 53 57 16 139 77 118 151 154 199 142 57 18 42 51 96 73 89 73 99 32 99 124 35 124 93 124 99 73 96 150 29 14 61 65 2 33 7 76 7 33 17 13 17 33 72 28 41 46 41 28 72 33 2 36 2 158 40 49 121 153 12 3 65 102 53 140 0 137 0 140 60 141 31 111 105 173 88 198 60 140 0
60
0 0 86 43 59 62 15
90 90
79 4 79
50 50
9 64 9 80
107 81
47 47
51 96 19 51
6 6
58 58
68 68
85 85
87 87
84 97 84
24 24
54 98 54
63 63
55 55
125 91
77 77
75 11 75
30 30
42 48 42 10 95
18 18
57 57 1
53 20 53
128 45
8 8
67 67
71 94 71
16 16
199 39
73 73 66
89 89 26 23
99 82 99
32 32 25
35 35 44 69
93 93 38
29 29
14 14
61 61
65 65 70
2 2 27 78
33 33 74
7 7
76 34 76
17 17 92 21
13 5 13
72 72 83
28 28
41 41
46 46 22
36 56 36
40 40
49 49
12 3 12
137 52 37
60 60
31 31
88 88
