loc0 loc25 loc20 loc14 loc11 loc179 loc41 loc130 loc155 loc15 loc14 loc32 loc105 loc49 loc36 loc14 loc150 loc148 loc42 loc25 loc45 loc118 loc49 loc46 loc37 loc188 loc26 loc85 loc23 loc96 loc122 loc195 loc129 loc25 loc138 loc20 loc183 loc196 loc184 loc28 loc21 loc49 loc52 loc17 loc66 loc109 loc112 loc75 loc156 loc141 loc106 loc39 loc191 loc82 loc54 loc182 loc38 loc1 loc78 loc8 loc120 loc106 loc27 loc78 loc100 loc119 loc160 loc10 loc162 loc28 loc187 loc97 loc59 loc167 loc69 loc59 loc113 loc134 loc84 loc79 loc165 loc164 loc197 loc24 loc193 loc168 loc92 loc38 loc186 loc198 loc159 loc185 loc58 loc0
63
loc25 loc25 loc17
loc20 loc20
loc14 loc83 loc14 loc47
loc11 loc11
loc179 loc179
loc41 loc41 loc119
loc130 loc130
loc15 loc15
loc32 loc32 loc93
loc105 loc105
loc49 loc49
loc36 loc36
loc150 loc150
loc42 loc42
loc45 loc45
loc118 loc118
loc46 loc46
loc37 loc144 loc37 loc89 loc10 loc157
loc188 loc188
loc85 loc85
loc96 loc96
loc122 loc122
loc129 loc129
loc138 loc138
loc183 loc183
loc196 loc196
loc184 loc184
loc28 loc28 loc39
loc52 loc52
loc66 loc66
loc109 loc67 loc109 loc31
loc112 loc112
loc75 loc75
loc156 loc156
loc106 loc106
loc39 loc177 loc147 loc172
loc191 loc191
loc82 loc82
loc54 loc54
loc182 loc182
loc78 loc57 loc78
loc8 loc8 loc131 loc116
loc120 loc120
loc27 loc27
loc100 loc100
loc160 loc160
loc162 loc162
loc187 loc187
loc97 loc97
loc167 loc167
loc69 loc69
loc113 loc113
loc134 loc134
loc84 loc84
loc165 loc165
loc164 loc164
loc197 loc197
loc24 loc192
loc168 loc168
loc92 loc92
loc186 loc186
loc198 loc198
loc185 loc185
