69 2 26 1 31 0 46 63 64 128 131 162 0 193 5 1 14 171 191 198 11 185 134 127 7 27 110 148 10 30 186 36 7 37 44 50 51 1 52 53 56 58 59 71 72 74 77 80 81 0 82 83 87 90 9 97 99 100 101 1 104 6 106 112 113 115 117 118 119 121 132 2 133 135 146 147 149 150 158 160 2 163 165 166 188 190 192 195 0 197 16 2 25 33 2 194 69
79
2 24 2
26 26
1 1
31 31
46 46
63 63
64 64
128 128
131 131
162 162
193 193
5 5
14 14
171 171
191 191
198 198
11 11
185 185
134 134
127 127
27 27
110 110
148 148
30 30
186 186
36 36
37 37
44 44
50 50
51 51
52 52
53 53
56 56
58 58
59 59
71 71
72 72
74 74
77 77
80 80
81 81
82 82
83 83
87 87
90 90
97 97
99 99
100 100
101 101
104 104
106 106
112 112
113 113
115 115
117 117
118 118
119 119
121 121
132 132
133 133
135 135
146 146
147 147
149 149
150 150
158 158
160 160
163 163
165 165
166 166
188 188
190 190
192 192
195 195
197 197
16 16
25 25
33 33
194 194
