74 123 109 154 18 146 45 13 192 148 115 8 146 54 146 73 152 47 127 193 51 103 27 32 127 193 61 76 112 114 127 47 198 113 198 143 171 165 64 47 152 16 9 63 100 73 125 98 125 73 146 86 146 18 161 11 42 142 42 11 140 181 20 94 163 129 141 34 147 95 172 12 35 60 83 139 138 66 173 132 30 176 120 116 138 66 63 139 83 33 76 56 76 112 107 44 25 183 108 33 76 154 184 32 130 52 155 28 14 59 65 91 131 166 14 28 58 43 70 122 184 154 109 199 109 123 81 123 74
71
123 123
109 109
154 154
18 18
146 146
45 45
192 192
148 105
115 115
54 179 133 54
73 73
152 152
47 47
127 127
193 193 4
51 51 77
103 103
27 27
32 32
61 61
76 89 76
112 112
114 114
198 198 120
113 113 88
143 143
171 171
165 165
64 17 23
16 16
63 174 63
100 97 100 72
125 157 125
98 98 53
86 134 86 31 128
161 161
11 11 99
42 42
142 178 142
140 140
20 20
94 94
163 163
129 129
95 95
172 5
12 12
60 60
83 83
139 139
138 138
66 66 50
173 173
132 132
116 116
56 135 80 56
107 107
44 44
108 108
184 136 96 184
130 130
52 52
155 90 155 190
14 118 14 39
59 59
91 91
131 200
58 58
43 158
199 111 199
81 81 167
