112 0 6 8 9 11 13 14 17 20 21 23 24 27 28 29 33 34 35 36 40 41 42 44 49 52 53 54 56 58 59 60 64 66 68 69 70 71 72 73 75 78 80 81 83 84 85 94 95 96 97 99 102 104 105 107 109 114 117 118 119 120 121 123 124 126 127 129 130 131 136 138 143 144 146 147 149 151 152 154 157 158 160 162 163 165 166 168 169 170 171 172 174 181 182 183 184 187 188 190 194 112
100
0 0
6 6
8 8
9 9
11 11
13 13
14 14
17 17
20 20
21 21
23 23
24 24
27 27
28 28
29 29
33 33
34 34
35 35
36 36
40 40
41 41
42 42
44 44
49 49
52 52
53 53
54 54
56 56
58 58
59 59
60 60
64 64
66 66
68 68
69 69
70 70
71 71
72 72
73 73
75 75
78 78
80 80
81 81
83 83
84 84
85 85
94 94
95 95
96 96
97 97
99 99
102 102
104 104
105 105
107 107
109 109
114 114
117 117
118 118
119 119
120 120
121 121
123 123
124 124
126 126
127 127
129 129
130 130
131 131
136 136
138 138
143 143
144 144
146 146
147 147
149 149
151 151
152 152
154 154
157 157
158 158
160 160
162 162
163 163
165 165
166 166
168 168
169 169
170 170
171 171
172 172
174 174
181 181
182 182
183 183
184 184
187 187
188 188
190 190
194 194
