Soda loc18 loc63 loc10 loc86 loc96 loc53 loc92 loc12 loc61 loc23 loc30 loc63 loc12 loc92 loc53 loc55 loc29 loc95 loc28 loc13 loc55 loc53 loc96 loc99 loc86 loc63 loc21 loc57 Soda loc72 loc79 Soda loc6 loc44 loc40 loc39 loc89 loc44 loc6 loc22 loc43 loc19 loc45 loc20 loc45 loc32 loc48 loc45 loc66 loc45 loc19 loc71 loc33 loc67 loc26 loc43 loc22 loc64 loc8 loc31 loc41 loc38 loc68 loc91 loc83 loc64 Soda
40
loc18 loc18
loc10 loc10
loc86 loc86
loc96 loc96
loc53 loc53
loc92 loc92
loc12 loc12
loc61 loc61
loc23 loc23
loc30 loc30
loc55 loc13 loc55
loc29 loc29
loc95 loc95
loc28 loc28
loc99 loc99
loc21 loc21
loc57 loc57
loc72 loc72
loc79 loc79
loc44 loc44
loc40 loc40
loc39 loc39
loc89 loc89
loc43 loc43
loc19 loc19
loc45 loc81 loc49 loc93 loc45
loc20 loc73 loc20
loc32 loc32
loc48 loc48 loc97
loc66 loc66 loc36
loc71 loc71
loc33 loc33
loc67 loc90 loc67
loc26 loc26
loc8 loc8 loc17
loc31 loc31
loc41 loc41
loc38 loc38
loc68 loc68
loc91 loc83 loc91
