Soda loc3 loc64 loc199 loc80 loc179 loc45 loc82 loc65 loc151 loc43 loc27 loc8 loc15 loc10 loc35 loc41 loc10 loc95 loc100 loc131 loc181 loc183 loc22 loc12 loc37 loc8 loc55 loc26 loc21 loc77 loc173 loc107 loc173 loc77 loc8 loc101 loc111 loc11 loc30 loc39 loc198 loc28 loc166 loc198 loc39 loc136 loc30 loc111 loc128 loc31 loc111 loc114 loc122 loc8 loc141 loc147 loc165 loc180 loc188 loc8 loc194 loc60 loc68 loc192 loc170 loc196 loc142 loc185 loc196 loc51 loc103 loc155 loc51 loc196 loc52 loc47 loc164 loc115 loc27 loc43 loc1 loc90 loc2 loc92 loc57 loc72 loc75 loc137 loc40 loc20 loc59 loc20 loc40 loc137 loc75 loc92 loc129 loc17 loc23 loc74 loc50 loc74 loc13 loc34 loc14 loc34 loc84 loc97 loc167 loc84 loc34 loc88 loc14 loc118 loc34 loc138 loc189 loc34 loc94 loc17 loc129 loc177 loc42 loc163 loc154 loc171 loc42 loc163 loc104 loc179 loc3 Soda loc106 loc25 loc53 loc140 loc25 loc106 loc36 loc145 loc156 loc6 loc172 loc106 Soda
88
Soda Soda
loc3 loc3
loc64 loc64
loc199 loc199
loc80 loc80
loc45 loc45
loc82 loc82
loc65 loc65
loc151 loc151
loc8 loc8 loc193 loc38 loc79
loc15 loc15
loc10 loc10
loc35 loc35
loc41 loc41
loc95 loc95
loc100 loc100
loc131 loc131
loc181 loc181
loc183 loc183
loc22 loc22
loc37 loc37
loc55 loc55
loc26 loc26
loc77 loc77
loc173 loc173
loc107 loc146 loc107
loc101 loc101
loc111 loc111
loc11 loc11
loc30 loc30
loc39 loc39
loc28 loc28
loc166 loc109
loc136 loc136
loc128 loc128
loc31 loc24
loc114 loc114
loc122 loc122
loc141 loc141
loc147 loc147
loc165 loc165
loc180 loc180
loc188 loc188
loc194 loc194
loc68 loc126
loc192 loc192
loc170 loc170
loc196 loc61
loc142 loc142 loc7
loc185 loc185
loc51 loc51
loc103 loc103
loc155 loc155
loc115 loc9
loc90 loc90
loc57 loc57
loc72 loc72
loc75 loc75
loc137 loc137
loc40 loc40
loc20 loc20
loc59 loc59 loc157
loc17 loc17
loc23 loc23
loc74 loc74
loc50 loc50 loc83
loc13 loc13
loc34 loc32 loc34 loc94
loc14 loc121 loc14
loc84 loc84
loc97 loc97
loc167 loc167
loc88 loc88
loc118 loc118
loc138 loc138
loc189 loc189
loc42 loc42
loc163 loc163
loc154 loc154
loc171 loc171
loc106 loc106
loc25 loc25
loc53 loc58 loc53
loc140 loc140
loc36 loc36
loc145 loc145
loc156 loc156
loc6 loc172 loc6
