0 2 4 141 43 109 123 20 18 95 1 25 3 49 20 52 20 92 76 92 20 137 69 103 87 28 19 94 24 87 53 2 64 96 178 30 27 5 135 9 63 9 30 13 31 14 31 80 39 80 31 87 78 87 31 100 29 88 7 73 100 34 12 34 100 61 148 45 54 41 146 75 111 109 123 45 54 68 83 98 8 34 144 74 16 38 81 164 145 48 46 36 70 58 36 133 72 177 59 74 67 91 144 0
59
2 2
4 89 57 4 62
43 43
20 97 20
18 18
95 95
1 1
25 25
3 3
49 49
52 82 52
92 92
76 76 47
69 69
87 90 79 87
28 8 11 28
19 19
94 94
24 24
53 53
64 64 40 7
96 96
30 13 30 55
27 27
5 65 66 5 22 86 42
9 9 85
63 26 99 21 63
31 31
14 93 14
80 80 84
39 17 39
78 35 78
100 100
29 29
88 88
73 73
34 34
12 10 12 23
61 61
45 56 45
54 54
41 32 41 44
75 75
68 68
83 83 71
98 98
74 74
16 16
38 38
81 81
48 48 37 6
46 46
36 36 77
70 70
58 58 15
72 72
59 51 50 59 33
67 67 60
91 91
