48 73 171 163 36 147 135 180 156 52 193 194 157 194 129 9 42 9 129 141 199 155 143 125 174 179 102 99 15 137 143 167 139 109 6 106 133 121 151 45 107 71 81 148 21 79 21 148 81 35 173 61 197 65 3 170 106 82 15 99 5 65 3 155 199 138 176 40 121 196 46 168 185 39 185 78 7 154 164 58 118 145 173 61 154 7 78 113 182 94 126 119 93 133 107 87 107 177 92 75 127 199 141 2 124 56 4 15 99 152 99 5 51 84 47 80 96 181 135 147 38 165 34 50 67 98 38 147 36 163 171 73 66 74 66 73 48
71
48 48 20
73 73 186
171 25 171
163 163
36 36 29 55
147 147
135 135
180 180
156 156
52 52
193 193
194 194
157 123 157
129 129
9 9
42 42 158
141 141
199 199
155 155
143 143
125 125
179 179
137 137
167 167
109 109
106 64
133 133
121 120 19
151 151
107 107
148 148
21 21
79 11 79
35 35
197 197
3 3
170 170
5 5
138 138
176 176
40 40 16
196 196
46 10 46
185 185 190 78
39 85 39
7 175 7
154 154 115 53 110
164 164
58 58
118 118
145 145
113 113 69
182 182
126 126 119
93 93
87 90 87
177 177
127 88
2 2 23
56 56
152 152 136
84 84 60
47 108
181 181
38 117 38
165 165
34 34
67 67
98 98 101 103
66 66 191
74 74 149
