mdyuzxshey vkrlpmybdj jatkaoyfxb zumetrybth ebqxbaqnmm kdujdjjwot zjbarjhmau bulywvvpni lndsfxewdc mswyvpdrsy hkempoemlv fznfvsgjhc sjtuxgdwms lbuiysostx oegfbrwyrp bswhowadhl zpybghfdbe cmdqzmgvfi qydclznxrd psiebvskfb zpybghfdbe cmdqzmgvfi tmrnpjqnxx wtlzrefwav jrmlkfexfk gllungmori rkyixxpcbx optviwhmbr ixyurvbpvu uooysjrxsb seeyrseflx uooysjrxsb ixyurvbpvu hkempoemlv fznfvsgjhc lkvobxyfca xplqpgpbvq hadchvmijq jqtguzxxsl yiwwdwbzth wtyqwjwskq bswhowadhl zpybghfdbe cmdqzmgvfi tmrnpjqnxx wtlzrefwav hsjqtjkukk smwxdupkdv koawdpgqdx unihwwnyqz qepegujmaa unihwwnyqz koawdpgqdx smwxdupkdv hsjqtjkukk wtlzrefwav tmrnpjqnxx cmdqzmgvfi zpybghfdbe lndsfxewdc bulywvvpni siatqqydwf ahqdrcepub lazlsvgukx idfvjoquhh xkasbvrrxd pymtnhypxd qcktwemqbm wkwwcqjtxf zjbarjhmau kdujdjjwot ebqxbaqnmm ljhmnbaicr owusjcmdkp oewptytlja jedsthbmzo oewptytlja owusjcmdkp ljhmnbaicr ebqxbaqnmm zumetrybth jatkaoyfxb vkrlpmybdj mdyuzxshey
34
mdyuzxshey mysadifwma mdyuzxshey
vkrlpmybdj vkrlpmybdj zmfuudfatm
jatkaoyfxb jatkaoyfxb bnmegnfgii
zumetrybth zumetrybth
ebqxbaqnmm ebqxbaqnmm
kdujdjjwot kdujdjjwot
zjbarjhmau zjbarjhmau
bulywvvpni bulywvvpni
lndsfxewdc lndsfxewdc euqbrkzdsw
mswyvpdrsy mswyvpdrsy
fznfvsgjhc fznfvsgjhc lkvobxyfca
lbuiysostx lbuiysostx
oegfbrwyrp tgbmxdmvwe
cmdqzmgvfi cmdqzmgvfi qfbvncxldf
qydclznxrd qydclznxrd
psiebvskfb psiebvskfb
wtlzrefwav wtlzrefwav
gllungmori gllungmori
rkyixxpcbx eooyfwmxln rkyixxpcbx
optviwhmbr optviwhmbr
ixyurvbpvu gwnccktgki
seeyrseflx vugkhjygfe seeyrseflx
hadchvmijq wynbxuuxru hadchvmijq
jqtguzxxsl jqtguzxxsl
wtyqwjwskq wtyqwjwskq
koawdpgqdx koawdpgqdx aokbiptbzc
qepegujmaa xtvbrolacp qepegujmaa
ahqdrcepub ahqdrcepub
lazlsvgukx lazlsvgukx
qcktwemqbm qcktwemqbm
ljhmnbaicr ljhmnbaicr
owusjcmdkp owusjcmdkp lnicnhmajr
oewptytlja knfzsnhzvx nwlccbonas oewptytlja
jedsthbmzo jedsthbmzo xftptyrlvl
