evdoyagqfp xawkqmfmmx xftptyrlvl mysadifwma xftptyrlvl jqtguzxxsl wynbxuuxru oegfbrwyrp xqwyvbvueh tvcolajnao lcrihrmoqu tvcolajnao xqwyvbvueh oegfbrwyrp fclmzghxkf fdgcygwgjf phknwbtipl xguvjomcdt nwlccbonas xguvjomcdt fclmzghxkf oegfbrwyrp wynbxuuxru epdwcjuvdr eqdxeqvtsb xnppuesbrr pbefrggyje wtlzrefwav mdyuzxshey bbczvyonym hsjqtjkukk bbczvyonym mdyuzxshey ouxenssqdu mdyuzxshey wtlzrefwav pbefrggyje xwrvhrxnqy pbefrggyje xnppuesbrr eqdxeqvtsb lndsfxewdc vkrlpmybdj jrusiskazm ichabbvkhm jrusiskazm vkrlpmybdj lndsfxewdc kyrhqthnvz lnicnhmajr aruwdskzta vugkhjygfe guuudgvhny ivugtsvtqb optviwhmbr ivugtsvtqb guuudgvhny vugkhjygfe xywdziunpr vugkhjygfe aruwdskzta lnicnhmajr xychpimpzb bulywvvpni wkwwcqjtxf osdeymjeil jrmlkfexfk seeyrseflx jrmlkfexfk osdeymjeil wkwwcqjtxf lkvtxfwozs gjmmikaxih byyqgjwsrp tmatbexcil byyqgjwsrp ahqdrcepub afortwurqt ahqdrcepub gbdejcnknd vnzypgtlkj unihwwnyqz pbefrggyje xzwkhxkxjr cttlxdtaiw byyqgjwsrp euqbrkzdsw jedsthbmzo qxfgqgbbdn byyqgjwsrp tmatbexcil qpxtrjvxpe qiqnnrlapz osdeymjeil wkwwcqjtxf koawdpgqdx qepegujmaa pcilmgdrgc qepegujmaa kgktiatgjn epdwcjuvdr eooyfwmxln fczruomdab uhalgukdzb yriqtwavfx uhalgukdzb fczruomdab eooyfwmxln epdwcjuvdr wynbxuuxru lazlsvgukx ymvlfsdhbu nbjyrygtdh yqwistxtxc hofbtczdgp jwcdeoubpx zpjhxyylhb bswhowadhl xsjzeyxnpw ymvlfsdhbu lazlsvgukx wynbxuuxru jqtguzxxsl xftptyrlvl evdoyagqfp
59
evdoyagqfp evdoyagqfp
xawkqmfmmx xawkqmfmmx
xftptyrlvl fluzhooehk uooysjrxsb
mysadifwma bnmegnfgii mysadifwma
wynbxuuxru tmrnpjqnxx wynbxuuxru voaumgrcuj
oegfbrwyrp oegfbrwyrp
xqwyvbvueh kijbyyuzhd xqwyvbvueh
tvcolajnao smwxdupkdv tvcolajnao
lcrihrmoqu lcrihrmoqu tgbmxdmvwe xkasbvrrxd
fdgcygwgjf fdgcygwgjf rnpokwoqgt
xguvjomcdt xguvjomcdt
nwlccbonas bbwcqzwyoz itbfnxnauh nwlccbonas
epdwcjuvdr eooyfwmxln
eqdxeqvtsb eqdxeqvtsb
xnppuesbrr xnppuesbrr qxuqrfzzob
pbefrggyje pbefrggyje
wtlzrefwav wtlzrefwav afrdrejwtp bimtbhwsby
mdyuzxshey mdyuzxshey
bbczvyonym bbczvyonym
hsjqtjkukk hsjqtjkukk kvxwqiryyu
ouxenssqdu ouxenssqdu kvfpaspidv
xwrvhrxnqy xwrvhrxnqy xifuopshzj
lndsfxewdc lndsfxewdc
vkrlpmybdj vkrlpmybdj
jrusiskazm jrusiskazm
ichabbvkhm oavtmpaqji ichabbvkhm
kyrhqthnvz kyrhqthnvz
lnicnhmajr lnicnhmajr
aruwdskzta aruwdskzta
vugkhjygfe vugkhjygfe
guuudgvhny stdiixwrjc guuudgvhny
ivugtsvtqb ivugtsvtqb
optviwhmbr optviwhmbr vfdsalrajq
xywdziunpr oggftsricu xywdziunpr
xychpimpzb xychpimpzb
bulywvvpni bulywvvpni
wkwwcqjtxf wkwwcqjtxf
osdeymjeil osdeymjeil
jrmlkfexfk scesbtewjx jrmlkfexfk
seeyrseflx hkempoemlv seeyrseflx
lkvtxfwozs lkvtxfwozs
byyqgjwsrp byyqgjwsrp
tmatbexcil qpxtrjvxpe tmatbexcil
ahqdrcepub ahqdrcepub
afortwurqt afortwurqt zmfuudfatm
gbdejcnknd gbdejcnknd
vnzypgtlkj vnzypgtlkj
cttlxdtaiw cttlxdtaiw
euqbrkzdsw zivwgfcxqi euqbrkzdsw
qxfgqgbbdn qxfgqgbbdn
qiqnnrlapz qiqnnrlapz
qepegujmaa kgktiatgjn pdljcbluhp psiebvskfb yiwwdwbzth qfbvncxldf qepegujmaa etdxtwotzh
pcilmgdrgc wwqchwdmtx pcilmgdrgc ivgbjyugdu
uhalgukdzb uhalgukdzb
yriqtwavfx gucdicwxmb rkyixxpcbx qgfchcatzi
ymvlfsdhbu ymvlfsdhbu ldnozwuuuq aokbiptbzc
nbjyrygtdh nbjyrygtdh cpwyxulkjm
hofbtczdgp hofbtczdgp
bswhowadhl tgkujfknod bswhowadhl
