0 1 155 156 157 1 5 116 117 5 9 161 162 163 9 10 114 115 10 197 198 199 10 11 130 131 11 179 180 181 11 12 138 139 12 18 102 103 18 21 140 141 142 21 25 124 125 25 26 158 159 160 26 31 118 119 31 34 120 121 34 38 146 147 148 38 39 106 107 39 40 134 135 40 41 112 113 41 122 123 41 44 104 105 44 45 173 174 175 45 46 170 171 172 46 47 152 153 154 47 164 165 166 47 49 194 195 196 49 53 176 177 178 53 54 191 192 193 54 57 136 137 57 188 189 190 57 58 100 101 58 60 108 109 60 128 129 60 69 110 111 69 78 185 186 187 78 83 167 168 169 83 84 132 133 84 143 144 145 84 87 149 150 151 87 90 182 183 184 90 94 126 127 94 0
100
155 155
156 156
157 157
116 116
117 117
161 161
162 162
163 163
114 114
115 115
197 197
198 198
199 199
130 130
131 131
179 179
180 180
181 181
138 138
139 139
102 102
103 103
140 140
141 141
142 142
124 124
125 125
158 158
159 159
160 160
118 118
119 119
120 120
121 121
146 146
147 147
148 148
106 106
107 107
134 134
135 135
112 112
113 113
122 122
123 123
104 104
105 105
173 173
174 174
175 175
170 170
171 171
172 172
152 152
153 153
154 154
164 164
165 165
166 166
194 194
195 195
196 196
176 176
177 177
178 178
191 191
192 192
193 193
136 136
137 137
188 188
189 189
190 190
100 100
101 101
108 108
109 109
128 128
129 129
110 110
111 111
185 185
186 186
187 187
167 167
168 168
169 169
132 132
133 133
143 143
144 144
145 145
149 149
150 150
151 151
182 182
183 183
184 184
126 126
127 127
