0 1 60 61 1 2 73 74 75 2 5 91 92 93 5 6 56 57 6 10 66 67 10 11 68 69 11 12 94 95 96 12 14 70 71 72 14 16 58 59 16 19 54 55 19 82 83 84 19 21 76 77 78 21 23 62 63 23 32 52 53 32 40 64 65 40 88 89 90 40 42 50 51 42 48 79 80 81 48 97 98 99 48 49 85 86 87 49 0
50
60 60
61 61
73 73
74 74
75 75
91 91
92 92
93 93
56 56
57 57
66 66
67 67
68 68
69 69
94 94
95 95
96 96
70 70
71 71
72 72
58 58
59 59
54 54
55 55
82 82
83 83
84 84
76 76
77 77
78 78
62 62
63 63
52 52
53 53
64 64
65 65
88 88
89 89
90 90
50 50
51 51
79 79
80 80
81 81
97 97
98 98
99 99
85 85
86 86
87 87
