0 2 39 189 102 101 2 0 20 15 17 15 25 30 35 37 35 55 195 20 90 92 90 65 27 118 115 44 54 64 65 67 66 12 10 65 69 135 95 74 79 85 87 95 99 100 104 105 108 82 80 110 57 110 114 120 124 125 129 72 141 132 186 42 186 132 141 142 140 145 134 139 144 145 149 160 154 159 160 137 160 180 182 180 184 4 40 75 0 130 165 170 190 0
68
0 3
2 152 2 28 13
39 39
189 189
102 102
101 101
20 116 20
15 15
17 16 17
25 25
30 32 30
35 35 38
37 36 37
55 58 55
195 195 197
92 91 92
65 65 68
27 27
118 118
44 44
54 54
64 64
67 67
66 66
12 11 12
69 69
135 138 52 135
95 97 94 95
74 74
79 79
87 87
99 99
100 100
104 104
105 105 47
108 108
82 82
110 113 110
57 56 57
114 114
120 120 122 123
124 124
125 128 125
129 129
72 72
141 141
132 131 132
186 186 187
42 41 42
142 142
145 145 148
134 134
139 139
144 144
149 149
160 160 161
154 154
159 159
137 136 166
180 179 180 183
182 181 182
184 184
40 43
75 78
130 133
165 168
170 172
190 192
