loc0 loc58 loc4 loc64 loc18 loc54 loc36 loc90 loc27 loc75 loc12 loc57 loc6 loc60 loc33 loc57 loc85 loc13 loc58 loc39 loc99 loc45 loc63 loc75 loc40 loc58 loc49 loc66 loc3 loc63 loc30 loc66 loc0 loc67 loc2 loc65 loc1 loc55 loc10 loc65 loc2 loc68 loc5 loc59 loc50 loc86 loc14 loc67 loc32 loc77 loc70 loc25 loc52 loc7 loc61 loc16 loc53 loc26 loc71 loc8 loc62 loc44 loc71 loc26 loc70 loc43 loc52 loc34 loc78 loc15 loc51 loc42 loc78 loc34 loc85 loc0
40
loc58 loc48 loc22 loc31
loc4 loc4
loc18 loc18
loc54 loc9
loc36 loc36
loc27 loc27
loc12 loc12
loc6 loc6
loc60 loc21
loc33 loc33
loc13 loc13
loc39 loc39
loc45 loc45
loc40 loc40
loc49 loc49
loc3 loc3
loc30 loc30
loc2 loc2
loc65 loc20 loc37 loc38 loc11 loc28 loc29 loc46
loc1 loc1
loc55 loc19
loc10 loc10
loc5 loc41 loc5
loc59 loc47
loc50 loc50
loc86 loc23
loc14 loc14
loc32 loc32
loc25 loc25
loc7 loc7
loc16 loc16
loc53 loc17 loc35
loc26 loc26
loc8 loc8
loc44 loc44
loc43 loc43
loc34 loc34
loc15 loc15
loc51 loc24
loc42 loc42
