loc0 loc103 loc13 loc157 loc3 loc138 loc84 loc102 loc99 loc174 loc183 loc6 loc186 loc33 loc114 loc87 loc123 loc30 loc183 loc4 loc120 loc12 loc129 loc22 loc120 loc75 loc157 loc13 loc166 loc79 loc115 loc34 loc124 loc16 loc133 loc42 loc105 loc78 loc133 loc16 loc124 loc169 loc61 loc106 loc70 loc124 loc97 loc160 loc52 loc105 loc52 loc160 loc88 loc115 loc166 loc103 loc31 loc139 loc10 loc111 loc1 loc127 loc19 loc118 loc20 loc128 loc74 loc110 loc74 loc128 loc137 loc29 loc118 loc19 loc199 loc28 loc136 loc37 loc199 loc46 loc109 loc10 loc111 loc45 loc111 loc54 loc102 loc72 loc153 loc55 loc127 loc1 loc153 loc18 loc135 loc90 loc153 loc1 loc190 loc145 loc38 loc155 loc32 loc131 loc83 loc155 loc5 loc113 loc41 loc149 loc104 loc50 loc103 loc94 loc121 loc67 loc129 loc66 loc189 loc39 loc102 loc48 loc120 loc49 loc193 loc184 loc95 loc149 loc14 loc176 loc23 loc158 loc62 loc116 loc98 loc107 loc71 loc179 loc80 loc125 loc158 loc68 loc149 loc86 loc125 loc80 loc107 loc26 loc169 loc34 loc115 loc166 loc85 loc193 loc0
80
loc103 loc58 loc76
loc13 loc13
loc3 loc3
loc84 loc84
loc99 loc99 loc63
loc6 loc6
loc33 loc33
loc114 loc24
loc87 loc87
loc123 loc93
loc30 loc30
loc4 loc4
loc12 loc12
loc129 loc21
loc22 loc22
loc75 loc75
loc79 loc79
loc115 loc25
loc34 loc34
loc124 loc7
loc16 loc16
loc42 loc42
loc105 loc96 loc51 loc69 loc60 loc15
loc78 loc78
loc169 loc26
loc61 loc61
loc70 loc70
loc97 loc97
loc160 loc43
loc52 loc52
loc88 loc88
loc31 loc31
loc10 loc10
loc1 loc1
loc127 loc91 loc100
loc19 loc19
loc118 loc65 loc2
loc20 loc20
loc74 loc74
loc110 loc11 loc92 loc47
loc29 loc29
loc28 loc28
loc37 loc37
loc46 loc46
loc109 loc64 loc73
loc45 loc82 loc45
loc54 loc54
loc72 loc72
loc55 loc55
loc18 loc18
loc135 loc81 loc36
loc90 loc90
loc38 loc38
loc32 loc32
loc131 loc56
loc83 loc83
loc5 loc40 loc5
loc41 loc41
loc149 loc77
loc50 loc50
loc94 loc94
loc67 loc67
loc66 loc66
loc189 loc57 loc27
loc39 loc49 loc39
loc48 loc48 loc9
loc95 loc95
loc14 loc14
loc23 loc23
loc158 loc59
loc62 loc62
loc116 loc44
loc98 loc98
loc107 loc8 loc17 loc35 loc53
loc71 loc71
loc179 loc89
loc80 loc80
loc68 loc68
loc86 loc86
loc85 loc85
