99 126 3 0 1 4 111 181 29 5 15 19 12 66 16 25 41 16 53 59 7 9 8 22 2 47 83 54 20 82 2 18 28 40 2 103 28 102 124 14 39 18 172 93 26 2 56 90 125 148 19 63 75 80 3 68 2 70 78 11 73 2 92 119 95 97 2 188 34 6 192 149 3 55 24 37 94 3 117 150 3 161 123 6 164 168 184 21 166 3 167 31 51 61 16 88 6 132 155 52 142 6 183 31 33 19 158 16 165 13 171 19 173 11 174 16 163 14 10 7 180 54 186 13 169 32 99
85
99 99
126 126
3 98 131 130
0 0
1 1
4 4
111 111
181 181
5 5
15 15
19 122
12 12
66 66
16 185 190 30
25 25
41 41
53 53
59 59
7 35
9 9
8 8
22 22
2 160 100 42 170 112 17 146 178 27 127
47 47
83 83
20 20
82 82
18 18
28 28
40 40
103 103
102 102
124 124
39 39
172 172
26 26
56 56
90 90
125 125
148 148
63 63
75 75
80 80
68 68
70 70
78 78
73 73
92 92
119 119
97 97
188 188
34 34
6 106 114 151
192 192
149 149
55 55
24 24
94 94
117 117
150 150
161 161
123 123
164 164
168 168
184 184
166 166
167 167
51 51
61 61
88 88
132 132
155 155
142 142
183 183
33 33
158 158
165 165
171 171
173 173
174 174
163 163
10 10
180 180
186 186
169 169
