0 1 14 22 25 31 35 40 47 49 1 65 68 71 1 77 78 1 80 2 4 13 21 36 52 95 3 5 6 0 11 12 15 16 17 18 19 20 23 24 0 26 27 28 29 30 32 33 34 37 38 39 41 42 43 44 0 46 48 0 50 51 53 54 55 56 57 58 59 60 61 0 63 64 66 67 69 0 70 72 73 74 75 76 0 79 81 82 83 84 85 0 86 87 88 89 90 91 92 93 0 94 96 0 97 98 99 0
94
0 100 8 9 10 45 62
1 1 7
14 14
22 22
25 25
31 31
35 35
40 40
47 47
49 49
65 65
68 68
71 71
77 77
78 78
80 80
2 2
4 4
13 13
21 21
36 36
52 52
95 95
3 3
5 5
6 6
11 11
12 12
15 15
16 16
17 17
18 18
19 19
20 20
23 23
24 24
26 26
27 27
28 28
29 29
30 30
32 32
33 33
34 34
37 37
38 38
39 39
41 41
42 42
43 43
44 44
46 46
48 48
50 50
51 51
53 53
54 54
55 55
56 56
57 57
58 58
59 59
60 60
61 61
63 63
64 64
66 66
67 67
69 69
70 70
72 72
73 73
74 74
75 75
76 76
79 79
81 81
82 82
83 83
84 84
85 85
86 86
87 87
88 88
89 89
90 90
91 91
92 92
93 93
94 94
96 96
97 97
98 98
99 99
