0 3 0 30 28 26 25 23 32 20 19 18 17 85 86 83 81 80 79 78 77 76 74 75 63 62 58 56 54 52 50 49 48 47 46 44 42 38 37 36 35 34 33 117 116 112 115 113 114 115 112 116 117 33 38 42 44 49 50 52 54 58 59 58 62 64 70 71 65 72 76 77 78 79 80 82 90 17 21 20 32 23 26 28 31 10 9 8 7 6 9 12 13 14 92 94 93 96 99 100 101 102 106 124 123 122 124 106 107 105 102 100 98 96 93 92 14 11 9 10 31 28 0
40
3 3 4
30 30
28 27
25 25
20 20
19 19
18 18
86 86
80 80
78 78
74 74
63 63
56 56
54 53 55
48 48
47 47
42 42 43
37 37
36 36
35 35
117 117
113 113
114 114
59 59 60
64 73
70 70
71 71
21 21
10 10
8 8
7 7
13 13
14 15
94 94
99 99
101 104
106 106 108
123 123
122 121
107 130
