destitute Andersen Auberge Modesto septillion slowdown Auberge trill Bleeker Elizabethan Loomis Amtrak MN Hindi Bernini papal amateur Fisk anvil Curtis connubial Bernini Gilmore Dominican swingy Sicilian Halstead Darwin Curtis Hewlett Andersen Isfahan balustrade McCall bobble Rio minion amateur choice Andersen diligent Amtrak embassy extractor Andersen fatten funny illusion mediate Andersen stanza swordfish tate Andersen yogurt destitute
40
Andersen Andersen shroud creekside decor transpiration
Auberge schedule Auberge Bleeker ripe jewel
Modesto Modesto
septillion septillion
slowdown slowdown
trill trill
Elizabethan Elizabethan
Loomis Loomis
MN MN
Hindi Hindi
Bernini midget
papal papal
amateur Vega amateur
Fisk Fisk
anvil anvil
connubial connubial
Gilmore Gilmore
Dominican Dominican
swingy swingy
Halstead Halstead
Darwin Darwin
Hewlett Hewlett
Isfahan Isfahan
balustrade balustrade
McCall McCall
bobble bobble
Rio Rio
minion minion
choice choice
diligent diligent
embassy embassy Injun
extractor extractor
fatten fatten
funny funny
illusion illusion
mediate mediate
stanza stanza
swordfish swordfish
tate tate
yogurt yogurt
