woebegone griddle Auberge Rodney involuntary backplate MN swordfish Amtrak thirteen Simon Elizabethan December PDP Sunday Halstead archive Modesto Amtrak funny simulate balustrade spill Simon transonic encumbrance midstream Amtrak shovel renaissance trimester MN Andersen Simon Darwin Elizabethan Gilmore PDP archive anvil Sunday bat archive coarse deduce Sicilian dull PDP embroil archive funky Loomis illusion PDP limitate archive numerology connubial Elizabethan papal Irvin postscript archive secondary Halstead sphalerite Curtis swingy MN yogurt car Durango Irvin mack atom Reilly Durango extrovert Amtrak icon Durango sinh exothermic numerology slowdown Durango Zorn car Winchester Elizabethan silage Durango stanza Halstead transfuse car viscous yearn Halstead mediate felony babysat Curtis dreadnought Elizabethan fulsome millennium PDP tate felony Fisk mediate imperishable Tucson noon broil Curtis McCall funny Tucson Durango inform destitute septillion McCall thoroughfare Isfahan December equipping Sicilian whatsoever bunch wingspread numerology Hewlett December woebegone
82
griddle griddle
Auberge Auberge
Rodney Rodney
involuntary involuntary
backplate backplate
MN update
swordfish swordfish
thirteen thirteen
Simon Simon
December casserole December
PDP PDP
Sunday Sunday barnacle
Halstead mitre softball
archive archive explosion catenate monotonous bifurcate Wheller
Modesto Modesto
funny funny choice
simulate simulate
spill spill
transonic transonic
midstream midstream
shovel shovel
renaissance renaissance
trimester trimester
Andersen Andersen
Darwin Darwin
Gilmore Gilmore
anvil anvil
bat bat
coarse coarse
deduce deduce
dull dull
embroil embroil
funky funky
illusion illusion
limitate limitate
numerology numerology
connubial connubial
papal papal
Irvin relaxation Irvin
postscript postscript
secondary secondary
sphalerite sphalerite
Curtis directory Curtis
swingy swingy
yogurt yogurt
car car
Durango oriole Stephen Durango Vega diligent Goodrich administer
mack mack
Reilly Reilly
extrovert extrovert
icon icon
sinh sinh
exothermic exothermic
slowdown slowdown
Zorn Zorn
Winchester Winchester
silage silage
stanza stanza
transfuse transfuse
viscous viscous
yearn yearn
mediate mediate
felony felony
babysat babysat
dreadnought dreadnought
fulsome fulsome
millennium millennium
tate tate
Fisk Fisk
imperishable imperishable
Tucson Tucson
noon noon
broil broil
McCall McCall
inform inform
septillion septillion
thoroughfare thoroughfare
Isfahan bunch Isfahan
equipping equipping
whatsoever whatsoever
wingspread wingspread
Hewlett Hewlett
