exothermic Bernini Andersen McCall Halstead Fisk coarse FPC sacrifice Curtis trill Dominican yogurt combine FPC Iowa extrovert lordosis Halstead wafer swordfish midget Halstead shovel Irvin Curtis Injun decor Irvin Bernini namesake exothermic
22
Bernini Bernini felony Tucson amateur
Andersen Andersen
McCall McCall
Halstead Halstead
coarse coarse
FPC FPC
sacrifice sacrifice
Curtis Curtis
trill trill
yogurt yogurt
combine combine
Iowa Iowa
extrovert extrovert
lordosis lordosis
wafer wafer
swordfish swordfish
midget midget
shovel shovel
Irvin Irvin
Injun Injun
decor decor
namesake namesake
