1 2 3 4 5 6 7 8 9 10 11 12 13 14 15 16 17 18 19 20 21 22 23 24 25 26 27 28 29 30 31 32 33 34 35 36 37 38 39 40 41 42 43 44 45 46 47 48 1
48
1 49 128
2 81 62
3 97 112
4 51 118
5 90 93
6 126 119
7 107 120
8 123 56
9 73 72
10 76 132
11 65 142
12 59 116
13 109 79
14 105 75
15 85 103
16 91 133
17 66 60
18 69 63
19 98 53
20 115 124
21 82 138
22 94 71
23 108 55
24 134 88
25 86 80
26 121 100
27 140 78
28 83 131
29 129 96
30 101 95
31 70 143
32 139 135
33 67 127
34 50 77
35 92 84
36 130 110
37 99 125
38 61 111
39 57 52
40 117 87
41 137 106
42 89 104
43 136 64
44 114 102
45 74 122
46 54 144
47 113 141
48 58 68
