6Zg7j6t8kt ka4cgDWgq7 GSDEYlNcCM wXTrLT9dUx dojrtYXceT YZKJeBb8Pe gSP0irArmo 1iUrZ2N0MA ESDdDChkYw 1iUrZ2N0MA ReGEuwhnqY 8pgnfE3xKu vD4d0BZ03p zH4Z0p0Ftj vD4d0BZ03p 8pgnfE3xKu wXTrLT9dUx GSDEYlNcCM 97dvK2Az7S GSDEYlNcCM 4JtfcKJvHu H0NdoJawvz DFUEuoVNn7 1iUrZ2N0MA gSP0irArmo M9d0z6OccV 79JJ9GZF8c fbxiHLAsv4 KpPj50fAfy vCSWEyz4PC TH1GgoG5GU Octagmmhko 1koyFI8rlU G05S6XZiBa 4RZs4XFvF9 ZZt4oj1N7Y niEIQoqP5I 0sg7h6elOW I1RTFIGWhc NgxnYo41LY UgxUR9jKcJ dyS1o5lQHD OpwMnuSGmp uXkvSfF7Kv pm1Yq2dCLL 1iUrZ2N0MA GSDEYlNcCM J6nn6V6pVr 4lUeyqYb0U NgxnYo41LY cqCbnI2bkr b3jUAAPOlA R0OKpbbX8l Iroa6leixY YrPP1U1r20 ckEVpwA8CD YrPP1U1r20 7cteJXIZM1 zG9cl6Gy30 KpPj50fAfy dyS1o5lQHD 79JJ9GZF8c fhmE7A9rVl 0gqiqztWgj 4ViGHxfdlc MpRNDD0glq lrFRnKniRv 6Zg7j6t8kt
39
ka4cgDWgq7 ka4cgDWgq7
GSDEYlNcCM GSDEYlNcCM
wXTrLT9dUx wXTrLT9dUx
dojrtYXceT dojrtYXceT
YZKJeBb8Pe YZKJeBb8Pe
gSP0irArmo N08DpqDewo
ESDdDChkYw 1aPtXDhYtV ESDdDChkYw
8pgnfE3xKu oRs9wR3IGE OGWcs2X8pk 8pgnfE3xKu
vD4d0BZ03p vD4d0BZ03p
zH4Z0p0Ftj zH4Z0p0Ftj VWD9Yy5Xrg
97dvK2Az7S 97dvK2Az7S Dkc5CxJ6RV
4JtfcKJvHu 4JtfcKJvHu
H0NdoJawvz H0NdoJawvz
M9d0z6OccV M9d0z6OccV
79JJ9GZF8c 79JJ9GZF8c s8EkvbOYAX
fbxiHLAsv4 fbxiHLAsv4
KpPj50fAfy EZQ9HUGjRN KpPj50fAfy
vCSWEyz4PC vCSWEyz4PC
TH1GgoG5GU TH1GgoG5GU
Octagmmhko Octagmmhko
1koyFI8rlU 1koyFI8rlU
G05S6XZiBa G05S6XZiBa
4RZs4XFvF9 4RZs4XFvF9
I1RTFIGWhc I1RTFIGWhc
NgxnYo41LY NgxnYo41LY
UgxUR9jKcJ UgxUR9jKcJ
OpwMnuSGmp OpwMnuSGmp
uXkvSfF7Kv uXkvSfF7Kv
pm1Yq2dCLL iyQiEnpG35
4lUeyqYb0U 4lUeyqYb0U
cqCbnI2bkr cqCbnI2bkr
b3jUAAPOlA b3jUAAPOlA
Iroa6leixY YrPP1U1r20 tvKOOMQ7Sv Iroa6leixY
YrPP1U1r20 7cteJXIZM1
ckEVpwA8CD YQKcyMibnc ckEVpwA8CD
fhmE7A9rVl fhmE7A9rVl
0gqiqztWgj 0gqiqztWgj
4ViGHxfdlc 4ViGHxfdlc
MpRNDD0glq lrFRnKniRv MpRNDD0glq
