ctUVEJSyNR T3o9dNVbcG TDmNOuGJBk MzId8uwrPz N4DMbR59L3 I4iTN5KXjB TDmNOuGJBk OhLW7kGQcM VBTKstUXwG HTp005294X Z82QDWb0Pr 7d3UA4fKWz 8Jejdr7ynm 7d3UA4fKWz Z82QDWb0Pr T3o9dNVbcG BtCEVbHoQI oPQmRUijH5 gLI8ArV2Ui osdKgXyg1e MuYreynm57 VbPBW7rmhF BtCEVbHoQI T3o9dNVbcG RLF9v27sOQ f91pUtm9EZ vzXeZbLrSW UphA2uAaYC VbPBW7rmhF BtCEVbHoQI T3o9dNVbcG ctUVEJSyNR
20
T3o9dNVbcG T3o9dNVbcG
TDmNOuGJBk TDmNOuGJBk
MzId8uwrPz MzId8uwrPz
N4DMbR59L3 qg08r1Pg6g
I4iTN5KXjB I4iTN5KXjB
VBTKstUXwG VBTKstUXwG 8UaR4YpZys
HTp005294X IU0Ia8127Z
Z82QDWb0Pr Z82QDWb0Pr U5XdtBFGOe
7d3UA4fKWz 7d3UA4fKWz
8Jejdr7ynm QwY2G6aX6c 8Jejdr7ynm
BtCEVbHoQI HG8olhhcTZ BtCEVbHoQI
oPQmRUijH5 oPQmRUijH5
gLI8ArV2Ui gLI8ArV2Ui
osdKgXyg1e osdKgXyg1e
MuYreynm57 MuYreynm57
VbPBW7rmhF 6lpxgUxCxO
RLF9v27sOQ RLF9v27sOQ
f91pUtm9EZ f91pUtm9EZ zUWT7uduzq
vzXeZbLrSW vzXeZbLrSW
UphA2uAaYC UphA2uAaYC
