g3ylJsdLuC idQHxtSnxr 0mnwiU4XrT u4LnQNaaiz yvMowGbkvn vUu8ijgxxf KUJdxKVZFO 0wTk0mYkLH g2I4si69gU u4FAx2sHZm 1TfvXd6dPZ u4FAx2sHZm g2I4si69gU IT4pKw3giW 7wS9dKOnJR VpC9l6m3bG fXy828RCG4 GQ4F0g3Mdj XW1Wn7EqpN GQ4F0g3Mdj fXy828RCG4 Pijq8aHqIR s3eMpsYH00 oIVQ2qkgnR WAi18jd2vJ Tk8ERvdKxF oCk2Yieytb 33omYiVXOD 5SSy593K31 WvFZJEkTrw aEo62SfMqH j98kcW9qGB z8wUSSybzM bhojeHeddF oIVQ2qkgnR uIf3wnJUdn Tk8ERvdKxF FvzkpZRSj8 Oiowits7js 12ECENJIev 7wS9dKOnJR 723MhcLxt0 TBzLS0OAYU nFqfAnhO3U 0hs3CNDF4L oIVQ2qkgnR JD3uem81Lg r8njDwxc2t FqFik17fFH qjDSEKmZMW vLjEFrUVJv fWIjO8yhE3 s3eMpsYH00 Pijq8aHqIR qnkfLCmfDn QTNhZIciNJ CSjLrGbUz3 QTNhZIciNJ 2S929yZddP YpRs8m6oyX oEdovEhrWM WYEDqSuNRX 723MhcLxt0 TBzLS0OAYU nFqfAnhO3U 9LabQjTqkn dMOAUqH7Z3 qnkfLCmfDn Pijq8aHqIR lfdanPGo3c jBYJ7v19BQ qjDSEKmZMW 7wS9dKOnJR XlU2fx0ZPn BNkM7qaRNw IA0Uf143OT uvoepIQg9n LCKLTNE1vp uNliYB9ELN x7iq98BiN3 eV8Vk47Uma rCoEuOa7EU mwzQG3SxnO IA0Uf143OT BNkM7qaRNw yky49wE4YG BNkM7qaRNw 7g0Idy1nzK KUJdxKVZFO vUu8ijgxxf bsEkAY2K41 Q1N77BLmyb TSSOUimHPg mok9StGG0X biWuM2iRnz 4TTtdOaCTp uqBwmUCwgE 0mnwiU4XrT 1KJyArncTt tubjzjzUpV M2hatQPY96 tubjzjzUpV 8ZKCAWlImg z9nRKYQ1ub AL20k9yp9D pKK7T4agKn TyL7NE2puV 0SQlBVJ1YY oWmQcQwHPo 0SQlBVJ1YY 0mnwiU4XrT idQHxtSnxr dj8JMfo3hX idQHxtSnxr BUMLJo6sc3 srT70dfQEr Pz3egMzKU8 srT70dfQEr K05xB79KZo srT70dfQEr RN0bCAV6rQ srT70dfQEr BUMLJo6sc3 idQHxtSnxr vnZBjkVngj LeZK9UvMT9 vnZBjkVngj idQHxtSnxr g3ylJsdLuC
67
idQHxtSnxr idQHxtSnxr onlLq65Azx
0mnwiU4XrT wRn7Oi1bcW 0mnwiU4XrT KpxiCfRqh3 t25XjDwQhD
u4LnQNaaiz u4LnQNaaiz
yvMowGbkvn yvMowGbkvn
vUu8ijgxxf vUu8ijgxxf
KUJdxKVZFO KUJdxKVZFO
0wTk0mYkLH 0wTk0mYkLH
g2I4si69gU g2I4si69gU oVMPVsMWrZ
u4FAx2sHZm u4FAx2sHZm 2OsmeZV9xh
1TfvXd6dPZ 1TfvXd6dPZ mbSdju1TJK
IT4pKw3giW IT4pKw3giW
fXy828RCG4 fXy828RCG4
GQ4F0g3Mdj GQ4F0g3Mdj TyL7NE2puV TP2TNyk7wl
XW1Wn7EqpN 8KtuAXHUy3 XW1Wn7EqpN
Pijq8aHqIR Pijq8aHqIR
s3eMpsYH00 s3eMpsYH00 nKHFs5cKTX
oIVQ2qkgnR bhojeHeddF oIVQ2qkgnR
WAi18jd2vJ WAi18jd2vJ S8BtTu4yH9
Tk8ERvdKxF Tk8ERvdKxF
oCk2Yieytb bWDewy6WbV oCk2Yieytb
5SSy593K31 5SSy593K31
WvFZJEkTrw WvFZJEkTrw
aEo62SfMqH aEo62SfMqH
uIf3wnJUdn uIf3wnJUdn
FvzkpZRSj8 FvzkpZRSj8
Oiowits7js Oiowits7js
12ECENJIev 12ECENJIev
723MhcLxt0 1QXjsHNYao 723MhcLxt0
TBzLS0OAYU TBzLS0OAYU
0hs3CNDF4L 0hs3CNDF4L
JD3uem81Lg JD3uem81Lg
r8njDwxc2t r8njDwxc2t
qjDSEKmZMW qjDSEKmZMW
fWIjO8yhE3 KHDeTTvJC1
qnkfLCmfDn qnkfLCmfDn yU6iUY8YgO
QTNhZIciNJ QTNhZIciNJ
CSjLrGbUz3 CSjLrGbUz3 xtp1B5q0W1
2S929yZddP 2S929yZddP
YpRs8m6oyX YpRs8m6oyX
oEdovEhrWM oEdovEhrWM
9LabQjTqkn h5Si5BAPN0
dMOAUqH7Z3 dMOAUqH7Z3 CUEWGmB7Gt
lfdanPGo3c lfdanPGo3c
jBYJ7v19BQ jBYJ7v19BQ
XlU2fx0ZPn XlU2fx0ZPn
BNkM7qaRNw 7g0Idy1nzK BNkM7qaRNw
IA0Uf143OT IA0Uf143OT
uvoepIQg9n uvoepIQg9n
LCKLTNE1vp LCKLTNE1vp
x7iq98BiN3 x7iq98BiN3
mwzQG3SxnO mwzQG3SxnO 97ZNlakBoq
yky49wE4YG YAqGe4tKAP yky49wE4YG WRd4lScvm6 Pv5LMSkQii
7g0Idy1nzK 03xK87sjTf
bsEkAY2K41 bsEkAY2K41
Q1N77BLmyb Q1N77BLmyb
biWuM2iRnz biWuM2iRnz
tubjzjzUpV tubjzjzUpV
M2hatQPY96 M2hatQPY96 CxfzSa2YOV
z9nRKYQ1ub z9nRKYQ1ub
oWmQcQwHPo WcyuqGYOzU oWmQcQwHPo
dj8JMfo3hX QrJxLpX875 4znnlMjVra dj8JMfo3hX
BUMLJo6sc3 jPXsbXPNMq fecMfiAuGC BUMLJo6sc3
srT70dfQEr srT70dfQEr
Pz3egMzKU8 Pz3egMzKU8 gZXiityEnU
K05xB79KZo K05xB79KZo 2O61j91J3T
RN0bCAV6rQ pk0Vh75DnH RN0bCAV6rQ
LeZK9UvMT9 LeZK9UvMT9 emYRLTiyj9
