1 1aB 1aE 1aJ 1aB 1aQ 1aU 1aB 1aV 1bA 1aA 1bC 1aB 1bK 1bL 1bM 1aB 1bP 1bQ 1bR 1aB 1cF 1cK 1aB 1cS 1aA 1eI 1aC 1aX 1bB 1aC 1bE 1cW 1cX 1aC 1dN 1dO 1aC 1eC 1eF 1aC 1aI 1aS 1aZ 1bU 1cC 1aA 1dC 1dI 1dT 1dV 1dW 1aF 1eA 1aI 1aK 1aM 1bJ 1cR 1aA 1aL 1aY 1aN 1 1bD 1bF 1 1bW 1bX 1bY 1 1cD 1cE 1cG 1 1cJ 1cN 1 1cV 1cY 1 1dJ 1dK 1 1dP 1dR 1 1dY 1dZ 1 1eB 1eD 1eE 1 1eG 1eH 1eJ 1
72
1 1 1cO 1cP 1cT 1cZ 1dA 1dD 1dE 1aT 1dG 1dH 1aW 1bG 1bH 1bO 1bS 1bT 1bV 1cH 1cI
1aB 1aP 1aA 1aB 1cQ 1cB 1bN
1aE 1aE
1aJ 1aJ
1aQ 1aQ
1aU 1aU
1aV 1aV
1bA 1bA
1aA 1cU 1dS
1bC 1bC
1bK 1bK
1bL 1bL
1bM 1bM
1bP 1bP
1bQ 1bQ
1bR 1bR
1cF 1cF
1cK 1cK
1cS 1cS
1eI 1eI
1aC 1dM 1aR 1aC 1dF
1aX 1aX
1bB 1bB
1bE 1bE
1cW 1cW
1cX 1cX
1dN 1dN
1dO 1dO
1eC 1eC
1eF 1eF
1aI 1aI
1aS 1aS
1aZ 1aZ
1bU 1bU
1cC 1cC
1dC 1dC
1dI 1dI
1dT 1dT
1dV 1dV
1dW 1dW
1eA 1eA
1aK 1aK
1aM 1aM
1bJ 1bJ
1cR 1cR
1aL 1aL
1aY 1aY
1aN 1aN
1bD 1bD
1bF 1bF
1bW 1bW
1bX 1bX
1bY 1bY
1cD 1cD
1cE 1cE
1cG 1cG
1cJ 1cJ
1cN 1cN
1cV 1cV
1cY 1cY
1dJ 1dJ
1dK 1dK
1dP 1dP
1dR 1dR
1dY 1dY
1dZ 1dZ
1eB 1eB
1eD 1eD
1eE 1eE
1eG 1eG
1eH 1eH
1eJ 1eJ
