153 178 81 50 89 70 199 11 56 50 163 197 50 182 58 50 28 74 50 40 127 199 147 40 90 105 138 83 96 40 8 7 126 199 43 105 180 146 105 112 7 13 83 93 57 21 83 37 7 129 90 95 113 0 24 134 57 188 196 105 49 51 19 29 82 2 56 77 81 20 124 150 192 83 57 79 15 41 101 47 130 160 81 120 26 90 122 168 199 194 184 126 119 81 98 170 81 3 61 29 152 178 16 126 137 57 35 140 85 131 105 4 153
75
153 153
178 178
81 81 108 167 118 88
50 128 161 50 171 36 52 53 172 68 156
89 89
70 70
199 136 34 12
11 11
56 135 169 56
163 163
197 197
182 182
58 58
28 28
74 74
40 40 187 23 42 60
127 127
147 147
90 90
105 195
138 138
83 83
96 96
8 8
7 179 7
126 126
43 43
180 180
146 146
112 112
13 13
93 93
57 145 99
21 21
37 37
129 129
95 95
113 113
0 0
24 177
134 134
188 86 5 188
196 196
49 49
19 19
29 29
2 2
77 77
20 20
124 124
150 150
192 192
79 79
15 15
41 41
47 47
160 160
120 120
26 26
122 122
168 168
194 194
184 184
119 119
98 98
170 170
3 3
61 61
152 152
16 16
137 137
35 35
140 140
131 131
4 4
