3xgrfvks ual3asit d3y7jq d5podyx2rn1o m5uyvxo2h lrleda 1huq1df ifmqwyt6x bi2lbvodvw1 bt3xcgwcd6c uqc3avv5 2hmpo9x8v795 jgriu7 ag29aqlop ho87zq94a914a y6571 it92vprqk kr5jy4uyjt t42r85mht8ru 5ed169a5jrt 45bp6qh 4l424khddum pxtk2 t42r85mht8ru dooatf4 d5podyx2rn1o nbvknr i3la5wvv4 it92vprqk d3y7jq b9zxvj22sc 4418l7vdyv kr5jy4uyjt bt3xcgwcd6c 3xgrfvks
22
ual3asit ual3asit
d3y7jq d3y7jq
d5podyx2rn1o d5podyx2rn1o
m5uyvxo2h m5uyvxo2h
lrleda lrleda
1huq1df 1huq1df
ifmqwyt6x ifmqwyt6x
bt3xcgwcd6c bt3xcgwcd6c
uqc3avv5 uqc3avv5
ag29aqlop ag29aqlop
ho87zq94a914a ho87zq94a914a
it92vprqk it92vprqk
kr5jy4uyjt 8evxiqgcp69n kr5jy4uyjt
5ed169a5jrt 5ed169a5jrt
45bp6qh 45bp6qh
4l424khddum 4l424khddum
pxtk2 pxtk2
dooatf4 dooatf4
nbvknr nbvknr
i3la5wvv4 i3la5wvv4
b9zxvj22sc b9zxvj22sc
4418l7vdyv 4418l7vdyv
