htb26qt ht1efrhmh txlltgki og6n7bgq8h y3eg7gqq6 itrx5fucdq 6k7du t6jinp ynuam4f8 og6n7bgq8h hwu8dv9jgknbm x73l73jp og6n7bgq8h 37v6d itbc25it1yep piawzpgtzz9 og6n7bgq8h 59yzvtv y3eg7gqq6 yhvc7zg itbc25it1yep p9mtts e7lxs ligw3mffc nm7ud 4lvyha1 mucolb1r l8yypbh 1jhmm8m85 zjh83ae ay5sahonq84 mucolb1r yr44oj2 ben42py9 f92ere3 pt2n7hl 3khitn6 h1gz5hzz k3qywmpr itrx5fucdq yx6dguko 5stwoup 89ladcv 8m3pascg yg6hizqty grn3uqx9y dt4ljfgjkizpq uzsjpl5f5 7pbkkbbpw vx6dadli2g ozag34bm9 wqkqf hq5mh8mi itrx5fucdq t4iedm id5491f19 g2g6fxcwr2l dt4ljfgjkizpq nd9xavj itbc25it1yep pwqxinlzb3s vl6czuab euhqqqmdpe ushjdkdhm9 3kxd1h i6lsw66h 29vqtk3x obabms ben42py9 ic2r4blmm9 ynuam4f8 1161ildqnj 87jxa 7hz6j8 a5u8g4sej 89ladcv mw8g2qjo1 52a3fj2zh s9vu9xx884 9egqgrh7x4e tu8xxomxhi pt2n7hl siimi45 kxhc6t8tu lnnsb9 aplkk57cpzm t6jinp art44ncra ynuam4f8 8jea4n4ez aq2rero4e iffsi zqteiadetai5 6u4sf1gi lyvvnwfs dlkmpx gxy4oc4 hc2hf5t8 tu8xxomxhi pxudbw3kn ysiw8m4l 4w6uhigzl hyc885fvjls aq2rero4e zou7sx9w pmyqr zjj1dm8s gd5ct4 8gc7dka8lfy fej54ps5j qq3mi kwtb3cg 7hz6j8 jeiqok 9lvbrlgk l8yypbh 4ka6l1c8w vrem3ey3kg44 m5r6ali q42s9z886w5 itbc25it1yep ilaz9q yg6hizqty m5r6ali tjwldi wepv6d1ee9 zjh83ae lnnsb9 htb26qt
79
ht1efrhmh ht1efrhmh
txlltgki txlltgki
og6n7bgq8h yhp7wbv9 og6n7bgq8h wqkqf
y3eg7gqq6 y3eg7gqq6
itrx5fucdq itrx5fucdq
6k7du 6k7du
ynuam4f8 ynuam4f8
hwu8dv9jgknbm hwu8dv9jgknbm
x73l73jp x73l73jp
37v6d 37v6d
piawzpgtzz9 piawzpgtzz9
59yzvtv 59yzvtv
yhvc7zg yhvc7zg
p9mtts p9mtts
e7lxs e7lxs
nm7ud nm7ud
mucolb1r mucolb1r
l8yypbh 1ca2x2cnc l8yypbh
1jhmm8m85 1jhmm8m85
zjh83ae zjh83ae
ay5sahonq84 ay5sahonq84
yr44oj2 yr44oj2
f92ere3 f92ere3
pt2n7hl pt2n7hl
3khitn6 3khitn6
h1gz5hzz h1gz5hzz
k3qywmpr k3qywmpr
yx6dguko yx6dguko
5stwoup 5stwoup
8m3pascg 8m3pascg
yg6hizqty yg6hizqty
grn3uqx9y grn3uqx9y
dt4ljfgjkizpq dt4ljfgjkizpq
uzsjpl5f5 uzsjpl5f5
7pbkkbbpw 7pbkkbbpw
ozag34bm9 ozag34bm9
hq5mh8mi hq5mh8mi
t4iedm t4iedm
g2g6fxcwr2l g2g6fxcwr2l
nd9xavj nd9xavj
pwqxinlzb3s pwqxinlzb3s
vl6czuab vl6czuab
euhqqqmdpe euhqqqmdpe
ushjdkdhm9 ushjdkdhm9
i6lsw66h i6lsw66h
obabms obabms
ic2r4blmm9 ic2r4blmm9
1161ildqnj 1161ildqnj
87jxa 87jxa
7hz6j8 7hz6j8
a5u8g4sej a5u8g4sej
mw8g2qjo1 mw8g2qjo1
52a3fj2zh 52a3fj2zh
s9vu9xx884 s9vu9xx884
9egqgrh7x4e 9egqgrh7x4e
tu8xxomxhi tu8xxomxhi
kxhc6t8tu kxhc6t8tu
aplkk57cpzm aplkk57cpzm
art44ncra art44ncra
8jea4n4ez 8jea4n4ez
iffsi iffsi
6u4sf1gi 6u4sf1gi
dlkmpx dlkmpx
hc2hf5t8 hc2hf5t8
ysiw8m4l ysiw8m4l
4w6uhigzl 4w6uhigzl
hyc885fvjls hyc885fvjls
zou7sx9w zou7sx9w
pmyqr pmyqr
gd5ct4 gd5ct4
8gc7dka8lfy 8gc7dka8lfy
fej54ps5j fej54ps5j
kwtb3cg kwtb3cg
9lvbrlgk 9lvbrlgk
4ka6l1c8w 9oii82xaa 812l47wm 4ka6l1c8w
vrem3ey3kg44 vrem3ey3kg44
q42s9z886w5 q42s9z886w5
ilaz9q ilaz9q
tjwldi tjwldi
