y1ueyuwp svhmnjst1e u4xzrfm7f kc3zwg52 jjeivv4j55 uus7jirbe 38s4jyp4eu sv1bfs4 q847myi mqt67y9n t9z1zz96r kch7lui7 vehkyi71w 8t9i4yy yik8cqxn2 2y9obuu bmicm4au quxig9xz2 v1cixzc f3vyq53xc 9956fi rp7qqdx12pxp3 2bwd2j yida2btlrgcd2it 6u33i eq5c5ygub m48nzuh 4cddmu86gmo 8t9i4yy swoprer 2y9obuu p53u2x9bku99j t9q1ztn8723 w4qoh15 j2pso94 8t9i4yy ywksl5wd 95nsenz6 oyoi4md61 7og7qr4t86 kab7t8o7qjj my85gnmouy q2cvwfhr6pl5 rp7qqdx12pxp3 vnsdusp 31raz5hp9v z3qc9ub umnww3 fhrrge vehkyi71w jjeivv4j55 l12pu 2bwd2j y1ueyuwp
39
svhmnjst1e svhmnjst1e
u4xzrfm7f 8cfvpx26xwcwt 8eg2mee u4xzrfm7f
kc3zwg52 kc3zwg52
jjeivv4j55 jjeivv4j55
uus7jirbe uus7jirbe
38s4jyp4eu 38s4jyp4eu
q847myi 3hlob94j5u q847myi
mqt67y9n mqt67y9n
kch7lui7 kch7lui7
vehkyi71w vehkyi71w
8t9i4yy rkd38ui5s4
yik8cqxn2 yik8cqxn2
2y9obuu 2y9obuu
bmicm4au bmicm4au
quxig9xz2 quxig9xz2
f3vyq53xc f3vyq53xc
9956fi 9956fi
2bwd2j 2bwd2j
yida2btlrgcd2it yida2btlrgcd2it
6u33i 6u33i
eq5c5ygub eq5c5ygub
4cddmu86gmo 4cddmu86gmo
swoprer swoprer
p53u2x9bku99j p53u2x9bku99j
t9q1ztn8723 ehy39 t9q1ztn8723
w4qoh15 w4qoh15
j2pso94 j2pso94
ywksl5wd ywksl5wd
95nsenz6 95nsenz6
oyoi4md61 8erlfq
7og7qr4t86 7og7qr4t86
kab7t8o7qjj kab7t8o7qjj
my85gnmouy my85gnmouy
q2cvwfhr6pl5 xllfi9b
vnsdusp vnsdusp
31raz5hp9v 31raz5hp9v
umnww3 umnww3
fhrrge fhrrge
l12pu l12pu
