index97 index0 index1 index3 index15 index23 index39 index1 index57 index60 index63 index68 index1 index2 index6 index48 index51 index70 index7 index13 index27 index3 index8 index9 index10 index11 index0 index14 index24 index4 index22 index25 index0 index29 index31 index0 index41 index42 index0 index43 index49 index52 index0 index58 index59 index72 index73 index76 index78 index79 index85 index91 index94 index97
44
index97 index97
index0 index0 index32 index33 index35 index38 index26
index1 index1 index44
index3 index3
index15 index15
index23 index23
index39 index39
index57 index57
index60 index60
index63 index63
index68 index68
index2 index2
index6 index6
index48 index48
index51 index51
index70 index70
index7 index7
index13 index13
index27 index27
index8 index8
index9 index9
index10 index10
index11 index11
index14 index14
index24 index24
index22 index22
index25 index25
index29 index29
index31 index31
index41 index41
index42 index42
index43 index43
index49 index49
index52 index52
index58 index58
index59 index59
index72 index72
index73 index73
index76 index76
index78 index78
index79 index79
index85 index85
index91 index91
index94 index94
