index155 index9 index3 index4 index6 index20 index42 index1 index47 index52 index4 index57 index87 index88 index2 index89 index108 index112 index128 index131 index150 index0 index158 index159 index172 index2 index186 index190 index0 index10 index17 index0 index99 index11 index23 index25 index14 index0 index15 index18 index19 index0 index21 index22 index24 index26 index27 index31 index32 index1 index37 index39 index40 index1 index44 index49 index2 index50 index55 index56 index1 index58 index3 index60 index62 index63 index66 index67 index69 index0 index81 index83 index3 index96 index97 index100 index3 index106 index107 index0 index110 index113 index1 index114 index2 index118 index121 index0 index126 index129 index3 index130 index133 index134 index0 index137 index141 index142 index143 index144 index0 index152 index156 index164 index165 index1 index170 index196 index198 index0 index115 index124 index125 index174 index30 index5 index92 index157 index2 index167 index169 index155
95
index155 index155
index9 index9
index3 index90 index3 index86 index95
index4 index4 index5
index6 index6
index20 index20
index42 index42
index47 index47
index52 index52
index57 index57
index87 index87
index88 index88
index2 index116
index89 index89
index108 index108
index112 index112
index128 index128
index131 index131
index150 index150
index0 index109 index199
index158 index158
index159 index159
index172 index172
index186 index186
index190 index190
index10 index10
index17 index17
index99 index99
index11 index11
index23 index23
index25 index25
index14 index14
index15 index15
index18 index18
index19 index19
index21 index21
index22 index22
index24 index24
index26 index26
index27 index27
index31 index31
index32 index32
index37 index37
index39 index39
index40 index40
index44 index44
index49 index49
index50 index50
index55 index55
index56 index56
index58 index58
index60 index60
index62 index62
index63 index63
index66 index66
index67 index67
index69 index69
index81 index81
index83 index83
index96 index96
index97 index97
index100 index100
index106 index106
index107 index107
index110 index110
index113 index113
index114 index114
index118 index118
index121 index121
index126 index126
index129 index129
index130 index130
index133 index133
index134 index134
index137 index137
index141 index141
index142 index142
index143 index143
index144 index144
index152 index152
index156 index156
index164 index164
index165 index165
index170 index170
index196 index196
index198 index198
index115 index115
index124 index124
index125 index125
index174 index174
index30 index30
index92 index92
index157 index157
index167 index167
index169 index169
