M2S9flVUcYP2sJdh8LXf tVhIJJgs0kEFaQx1hdWm zD7ErBenXxsG4D9b5TEV m1IYiQsUBuvvpTv7yWXO ECCnzlgsMEvTYjNwAlfM MtQDjkLToWj4d53MMhKG 4bQwji0D4wyEDLd54MWv LxEzX08MG9T8knIYbul0 jgcWqrcniA4q9WNs9xkc zD7ErBenXxsG4D9b5TEV 0uvEfLgT4s8ImTk9VWBt jgcWqrcniA4q9WNs9xkc 48nWZMVqWDxfH9uMf2U3 PZrpdQAa8H8tkrajh08J E84Fbb1fDMRXU6XgwbS0 Bc6dudheE3WGLxP0iDdK LxEzX08MG9T8knIYbul0 Z8MZ2JfftjeVVnGFSOQe Pqf0Sn4UvsBLaxz7WO4n MtQDjkLToWj4d53MMhKG uy6RcQAYd3ATM1Icq3my dOKaHsIcDX32wPXAX2Gt RV5D5yksO9rCY6rkv8aJ fmFrd4vggNac5TkiFJAd sZojFweTE55bBWYz0Tda Eu0wGcDBBrgvePzHfqrS v0QJIKD4q7sFXrzFSb6J MtQDjkLToWj4d53MMhKG NMTjl1jsvrb7y2ggdCSc PbYOO88SokShsv7XrgBm W4IxjYZtRN88GGSV9Uoc EtrZREkmL456viQQJ9Rb Eu0wGcDBBrgvePzHfqrS Kfu1pc3YPMGebW7Iu8ex gZVNRDm5p6aX5QEEX8UG dKH5OdpmJKCU83bbXVxZ MtQDjkLToWj4d53MMhKG Z0DuoZMcx6oyDPWFznMK H59EihDjhfpS7ToXFM3L sZojFweTE55bBWYz0Tda 9Jr76N4fnNot7SNYqBKG jgcWqrcniA4q9WNs9xkc vxiwkV1b5fV2sGCBFsRQ 93aDiM8K0XhtiVcCVKi2 X9TJsvmT50zYeG0q6XSG S8uMGvUglWyhnfV5Wzdp PbYOO88SokShsv7XrgBm 9GrchmlNCDIapQ9OnEYh yZPIHwySFuIdRJCMzjnz RV5D5yksO9rCY6rkv8aJ cdaizmjQrCe5Vnwy3JQF yHMPX8vHctuUweyLluyz Dc1wEVV3kuOZotG6pNlL sH3pvLOfMUrEGUrmsHCu L8bxdxuDa5issn2PiN3u MtQDjkLToWj4d53MMhKG k7k4sHxeh1pR4sOjcVuj 8KfYYXeMqM0D4nShLOzi 5gumrx48u1yPpF6ivPOI XmlH4l2BXG35TF70bZqZ MtQDjkLToWj4d53MMhKG pNXWB5geApaSjbsCCT4J Dt5YfbjQq6VoKnyw6Zav JajH9BPb1gw5kQ2oTRnP tUowOUG1V7iCXBCMR0AT sZojFweTE55bBWYz0Tda M2S9flVUcYP2sJdh8LXf
46
M2S9flVUcYP2sJdh8LXf M2S9flVUcYP2sJdh8LXf
tVhIJJgs0kEFaQx1hdWm tVhIJJgs0kEFaQx1hdWm
zD7ErBenXxsG4D9b5TEV zdtRVpQ9lVyEhNj9Evpp zD7ErBenXxsG4D9b5TEV
m1IYiQsUBuvvpTv7yWXO m1IYiQsUBuvvpTv7yWXO
ECCnzlgsMEvTYjNwAlfM ECCnzlgsMEvTYjNwAlfM
MtQDjkLToWj4d53MMhKG LNMZej67uy0Whvqp5OR1 Jjat3uJ5XboI9kZe0522 vodEvdIApqt0N3TZsbxN
4bQwji0D4wyEDLd54MWv 4bQwji0D4wyEDLd54MWv
LxEzX08MG9T8knIYbul0 LxEzX08MG9T8knIYbul0
jgcWqrcniA4q9WNs9xkc jgcWqrcniA4q9WNs9xkc
0uvEfLgT4s8ImTk9VWBt 0uvEfLgT4s8ImTk9VWBt
48nWZMVqWDxfH9uMf2U3 48nWZMVqWDxfH9uMf2U3
PZrpdQAa8H8tkrajh08J PZrpdQAa8H8tkrajh08J
Bc6dudheE3WGLxP0iDdK Bc6dudheE3WGLxP0iDdK
Z8MZ2JfftjeVVnGFSOQe Z8MZ2JfftjeVVnGFSOQe
Pqf0Sn4UvsBLaxz7WO4n Pqf0Sn4UvsBLaxz7WO4n
uy6RcQAYd3ATM1Icq3my uy6RcQAYd3ATM1Icq3my
dOKaHsIcDX32wPXAX2Gt dOKaHsIcDX32wPXAX2Gt
RV5D5yksO9rCY6rkv8aJ nbZglhhmYQAPQz4eETaj
fmFrd4vggNac5TkiFJAd fmFrd4vggNac5TkiFJAd
Eu0wGcDBBrgvePzHfqrS Eu0wGcDBBrgvePzHfqrS
v0QJIKD4q7sFXrzFSb6J v0QJIKD4q7sFXrzFSb6J
NMTjl1jsvrb7y2ggdCSc NMTjl1jsvrb7y2ggdCSc
W4IxjYZtRN88GGSV9Uoc W4IxjYZtRN88GGSV9Uoc
EtrZREkmL456viQQJ9Rb EtrZREkmL456viQQJ9Rb
Kfu1pc3YPMGebW7Iu8ex Kfu1pc3YPMGebW7Iu8ex oWxP87H6AXwFzF0dpB9d
gZVNRDm5p6aX5QEEX8UG gZVNRDm5p6aX5QEEX8UG
dKH5OdpmJKCU83bbXVxZ dKH5OdpmJKCU83bbXVxZ
Z0DuoZMcx6oyDPWFznMK Z0DuoZMcx6oyDPWFznMK
H59EihDjhfpS7ToXFM3L H59EihDjhfpS7ToXFM3L
9Jr76N4fnNot7SNYqBKG 9Jr76N4fnNot7SNYqBKG
vxiwkV1b5fV2sGCBFsRQ vxiwkV1b5fV2sGCBFsRQ
93aDiM8K0XhtiVcCVKi2 93aDiM8K0XhtiVcCVKi2
S8uMGvUglWyhnfV5Wzdp S8uMGvUglWyhnfV5Wzdp
9GrchmlNCDIapQ9OnEYh 9GrchmlNCDIapQ9OnEYh
yZPIHwySFuIdRJCMzjnz yZPIHwySFuIdRJCMzjnz
cdaizmjQrCe5Vnwy3JQF cdaizmjQrCe5Vnwy3JQF
yHMPX8vHctuUweyLluyz yHMPX8vHctuUweyLluyz
sH3pvLOfMUrEGUrmsHCu sH3pvLOfMUrEGUrmsHCu
L8bxdxuDa5issn2PiN3u L8bxdxuDa5issn2PiN3u
k7k4sHxeh1pR4sOjcVuj k7k4sHxeh1pR4sOjcVuj
8KfYYXeMqM0D4nShLOzi 8KfYYXeMqM0D4nShLOzi
5gumrx48u1yPpF6ivPOI 5gumrx48u1yPpF6ivPOI
XmlH4l2BXG35TF70bZqZ XmlH4l2BXG35TF70bZqZ
pNXWB5geApaSjbsCCT4J pNXWB5geApaSjbsCCT4J
Dt5YfbjQq6VoKnyw6Zav Dt5YfbjQq6VoKnyw6Zav
tUowOUG1V7iCXBCMR0AT tUowOUG1V7iCXBCMR0AT
