ZfI6StUliqd8YxBr0zVp RnnCc8OgQLqPe5HvvbS3 ip0vmcqzxYgrY2Mc3Bu9 zs8puphf0SbuOBS6XpM9 Hxhi6IYOb3B8uxHbGYVt ip0vmcqzxYgrY2Mc3Bu9 UoiNiYnewh16WNDFqvYW zFahEplFbW4f2V6jQTmi WEpQsV1SPLNjRDFxWGJw 98jc4TOf5CFD5ooRLXKs SI1jqone3x4IZwZ6qVW6 ZBTm8fkarNXg3vLUAnt8 BrKfKJuMlFXPiNrPkBbt QBaUzVWA62rnfcsnEShZ SI1jqone3x4IZwZ6qVW6 mMagcNSN7U8s7oy3e0j4 ZTaw972zQDmYkMO6ISzN uYmver98TgwbkIsM8XgU QUmdpeJNwq8Od3rclrVL BFat56YSkekx77JCOMI4 cC9SZGtAtirSBnbvLWzt QGzcn6XPemZ0IhmCJCmq BFat56YSkekx77JCOMI4 MraBcGvDEL68zyTsBDgx gGXF4imn3IOLlYGD81XA gX6xMy6pWnenI68kwgcu YzWX8RqUW0YPFsebUKYP gj1PIUxoUprs5rKMLNpv 5JVto9dbOz4Lu3AeAOZD RnnCc8OgQLqPe5HvvbS3 ZfI6StUliqd8YxBr0zVp
21
ZfI6StUliqd8YxBr0zVp ZfI6StUliqd8YxBr0zVp
RnnCc8OgQLqPe5HvvbS3 RnnCc8OgQLqPe5HvvbS3 Af4sQnaDf5G2yrOfmk45
ip0vmcqzxYgrY2Mc3Bu9 Fa64KRccvM4rqOgxBKtu ip0vmcqzxYgrY2Mc3Bu9 Z6746tUNXH05XsKVq5bc gj1PIUxoUprs5rKMLNpv
zs8puphf0SbuOBS6XpM9 zs8puphf0SbuOBS6XpM9
Hxhi6IYOb3B8uxHbGYVt Hxhi6IYOb3B8uxHbGYVt
UoiNiYnewh16WNDFqvYW UoiNiYnewh16WNDFqvYW
WEpQsV1SPLNjRDFxWGJw WEpQsV1SPLNjRDFxWGJw
98jc4TOf5CFD5ooRLXKs 98jc4TOf5CFD5ooRLXKs
SI1jqone3x4IZwZ6qVW6 SI1jqone3x4IZwZ6qVW6
ZBTm8fkarNXg3vLUAnt8 ZBTm8fkarNXg3vLUAnt8
QBaUzVWA62rnfcsnEShZ QBaUzVWA62rnfcsnEShZ
mMagcNSN7U8s7oy3e0j4 mMagcNSN7U8s7oy3e0j4
uYmver98TgwbkIsM8XgU uYmver98TgwbkIsM8XgU
QUmdpeJNwq8Od3rclrVL QUmdpeJNwq8Od3rclrVL
BFat56YSkekx77JCOMI4 BFat56YSkekx77JCOMI4
cC9SZGtAtirSBnbvLWzt cC9SZGtAtirSBnbvLWzt
QGzcn6XPemZ0IhmCJCmq QGzcn6XPemZ0IhmCJCmq
gGXF4imn3IOLlYGD81XA gGXF4imn3IOLlYGD81XA
gX6xMy6pWnenI68kwgcu gX6xMy6pWnenI68kwgcu
YzWX8RqUW0YPFsebUKYP YzWX8RqUW0YPFsebUKYP
5JVto9dbOz4Lu3AeAOZD 5JVto9dbOz4Lu3AeAOZD
