hC71hIuyRaST3AiaSZqg 1uTE034Q24DWmybWBbX4 aGWdv30UuUFiszMErlJF cXmjc3Wu4kjM1IHGgfA5 9WdSftrlWeJdclTkQ4Ss ymIUUgCvgB7r5le0Mh11 Z2YJKymsE6JEohxl2CgC nOsoIFzZBhdd6bjP45Ba YygsiZkXDS9oQ07w4psX D3gODzQIzHZRe5A487BX RSJQdRAK7H6zYHVeXyPj aGWdv30UuUFiszMErlJF 3MmCPAjYheu6g9TkIxDm uwYFKqdXzHrDjwNLVxGZ 7DZfG4yobV0xCcSaxf27 1Oc2bGjHzXrMLiYLik5Z aGWdv30UuUFiszMErlJF 24YcTAlCtPoNC11H3BAQ OBEPyJuvhH0Z9VoT2UNC fuNQ8Sfy86k6zaBQjwEz uwYFKqdXzHrDjwNLVxGZ WgneGAZv4qtDq8Q5DYZf aGWdv30UuUFiszMErlJF 2dfprAgHp3T6RrgooKgP Mi1upMhcgP7iV16OWKN5 COVfDobG5VcfcSxLDUch aGWdv30UuUFiszMErlJF 1ae7bJScGomdGEdgag5b 4wWd3kvalFkda9M583i7 6KcltWtleWJ6izN3XL0F qyWH5Ui5kFJGpXM7i2RZ aGWdv30UuUFiszMErlJF 63EFNMvLteBrV7Lj9nA4 Wvcwm6VpeYnZXpTH3IZP 5doygtE58PVlrfBbaaxD 61VEe5QpRdEG1AHTZmSn oakCd1HozhO35GtImcF2 mkGdh9qd7uj9x5W3Koxj D3gODzQIzHZRe5A487BX PFAHK1LPbENiUm01N8B0 Mufarp9xGx29xj0P1ijS 5doygtE58PVlrfBbaaxD 1wSeohNTb1oCspxe2x4j 7DZfG4yobV0xCcSaxf27 t9sTQNaMU9o2HF5pm7xT EfhuR5UGBxqkoqdQBn2E yXrak2UUHdgFCsCWvgfp uwYFKqdXzHrDjwNLVxGZ IWOalMs6IXX5Ln6F9Eov KqTw626stjcdChciHrJ6 4Vpgk6JikqRWfmTLGFMS OAcbYkMyAi1Iu0vWaaFc 2TderjwrXrNV2UBZ77eD yMXdJdorJpzOHHt9uIfg bw0K7NVh1sgqlnescYkX PUX0RecerGn3NX5t2hBc g5fwwkfUKem4JdibLkXM EEWjQ3rZ3GM9oucA2vc5 9WdSftrlWeJdclTkQ4Ss vXrEXAmThLoQVXFImZcg g6Fit1BcwBIbAAJnBKGn g5fwwkfUKem4JdibLkXM P6PcaiimLTne6w5m7SJi btiXecpJBKmrIHtQ7jPA uwYFKqdXzHrDjwNLVxGZ JuSdCG8HSUzwufkmRvTN 7DZfG4yobV0xCcSaxf27 UQEmoPmHSH2FlTDuXOEx 8IUV6HBSYn47shRwVW5F RDnAjQbgrCahBSBieO1p 6KcltWtleWJ6izN3XL0F yMXdJdorJpzOHHt9uIfg EqrhH8oFQmMRN10foGjV 7DZfG4yobV0xCcSaxf27 VkEnPX1CQCoh4CxlXSlf NqvNOj5h3GSbJm5NawjL 61VEe5QpRdEG1AHTZmSn RNtZ6m1O9hQj2ovJiJE3 QYsTJmc2IUi36H1YK47s 9WdSftrlWeJdclTkQ4Ss l5OFQGDhW1xJJ8ERuglz RNtZ6m1O9hQj2ovJiJE3 6KcltWtleWJ6izN3XL0F b7ZT2hEEnAs84vAc9csm z0rRwRZbA1TaaAgS8PYu Z2YJKymsE6JEohxl2CgC wqyhoOJuJuNfuZ1c9ZhU xtgYSd34f56WAH3CCBpW 2QgUKFj4HV0dn5Ia55tj XzID4BBPQnOnz9XMetpC 4MuL6AbQo2ozZ4x7psrd LI8fhHKJlh7mQx1nNK0m v0QCMKnmfkXllH4nQHen D3gODzQIzHZRe5A487BX 72cxNTZ1Tw5teVGiR2xj 2YL9dYowMkTTxjU0fVal 3MmCPAjYheu6g9TkIxDm 6jnt0RQvUBeXBhrLOwzh gZiMcGUkLd8qaWleLH1T NXZByMrsstrrXRLxVcyg PUX0RecerGn3NX5t2hBc CgUyoeVDFzkf0g6EiF8w x81SdeDfzbsk8wgCHcJT uwYFKqdXzHrDjwNLVxGZ lVjpvSHc5hBrS7dzTmI1 TrUW9m3qjkTMvqHNRot0 EEWjQ3rZ3GM9oucA2vc5 jLS4UljOCe6h8LwAOGRX W5rNQea9NsCafaUbLgWC FE29I03FH1qEyEvIQNGT eULKHiriYHElwEbrQo2X 468JV90VoJDfHRf7bwGC Dv6lwBgjbbZceuQXFzFf ddzqPXECnHQT4a4RIpSF dsEyS8WvuzfBZPrbbzZx sCcEFmBkhTop4sycKzuM 8w6JkwNghwwfzVWZlMG6 1uTE034Q24DWmybWBbX4 nnG2z19YXqYOoAxMQkFV qsbRHSDlSHG3Ep5gugbq 1uTE034Q24DWmybWBbX4 hC71hIuyRaST3AiaSZqg
84
1uTE034Q24DWmybWBbX4 fzCA3w8Mu664WC0yRZb5 1uTE034Q24DWmybWBbX4 R22TNV5lr1tmI44FcHvv IC3wlDskAWyf0o1M61kl QHOT9LWV0s6xVVreglDh DmIjX4adnoqSEDmx2f39 Ca5sYccbD9TUz7JLHrcf nmwnnNlPCMIjajSEo2R3 rW1b1NT9NaRlIIxoT8XF kuIwHVHn49UEM4TprHKr oq1GulTWdKtwAlNIQxnY
aGWdv30UuUFiszMErlJF aGWdv30UuUFiszMErlJF
cXmjc3Wu4kjM1IHGgfA5 cXmjc3Wu4kjM1IHGgfA5
9WdSftrlWeJdclTkQ4Ss OLGSBuAPLZmdhTN6ApoS NWAZrSnr0i1Dj5TA6dLc zbsjvfwSdNExCnTFLo8x Wf6tYlitgmZKoXfughsS C5aQkckiWq5qVUhbiI57
ymIUUgCvgB7r5le0Mh11 ymIUUgCvgB7r5le0Mh11
Z2YJKymsE6JEohxl2CgC Z2YJKymsE6JEohxl2CgC
nOsoIFzZBhdd6bjP45Ba nOsoIFzZBhdd6bjP45Ba
YygsiZkXDS9oQ07w4psX YygsiZkXDS9oQ07w4psX
D3gODzQIzHZRe5A487BX Tgouk8HApNFShyYjQedR b9q1t3OMZ6dXE5R6ca5w
RSJQdRAK7H6zYHVeXyPj RSJQdRAK7H6zYHVeXyPj
3MmCPAjYheu6g9TkIxDm 3MmCPAjYheu6g9TkIxDm
uwYFKqdXzHrDjwNLVxGZ FE29I03FH1qEyEvIQNGT
7DZfG4yobV0xCcSaxf27 7DZfG4yobV0xCcSaxf27
1Oc2bGjHzXrMLiYLik5Z 1Oc2bGjHzXrMLiYLik5Z
24YcTAlCtPoNC11H3BAQ 24YcTAlCtPoNC11H3BAQ
OBEPyJuvhH0Z9VoT2UNC OBEPyJuvhH0Z9VoT2UNC
fuNQ8Sfy86k6zaBQjwEz fuNQ8Sfy86k6zaBQjwEz
WgneGAZv4qtDq8Q5DYZf WgneGAZv4qtDq8Q5DYZf
2dfprAgHp3T6RrgooKgP 2dfprAgHp3T6RrgooKgP
Mi1upMhcgP7iV16OWKN5 Mi1upMhcgP7iV16OWKN5
COVfDobG5VcfcSxLDUch COVfDobG5VcfcSxLDUch
1ae7bJScGomdGEdgag5b 1ae7bJScGomdGEdgag5b
4wWd3kvalFkda9M583i7 4wWd3kvalFkda9M583i7
6KcltWtleWJ6izN3XL0F 6KcltWtleWJ6izN3XL0F
qyWH5Ui5kFJGpXM7i2RZ qyWH5Ui5kFJGpXM7i2RZ
63EFNMvLteBrV7Lj9nA4 63EFNMvLteBrV7Lj9nA4
5doygtE58PVlrfBbaaxD 5doygtE58PVlrfBbaaxD
61VEe5QpRdEG1AHTZmSn 61VEe5QpRdEG1AHTZmSn
oakCd1HozhO35GtImcF2 oakCd1HozhO35GtImcF2
mkGdh9qd7uj9x5W3Koxj mkGdh9qd7uj9x5W3Koxj
PFAHK1LPbENiUm01N8B0 PFAHK1LPbENiUm01N8B0
Mufarp9xGx29xj0P1ijS Mufarp9xGx29xj0P1ijS
1wSeohNTb1oCspxe2x4j 1wSeohNTb1oCspxe2x4j
t9sTQNaMU9o2HF5pm7xT t9sTQNaMU9o2HF5pm7xT
yXrak2UUHdgFCsCWvgfp yXrak2UUHdgFCsCWvgfp
IWOalMs6IXX5Ln6F9Eov IWOalMs6IXX5Ln6F9Eov
KqTw626stjcdChciHrJ6 KqTw626stjcdChciHrJ6
OAcbYkMyAi1Iu0vWaaFc OAcbYkMyAi1Iu0vWaaFc
2TderjwrXrNV2UBZ77eD 2TderjwrXrNV2UBZ77eD
yMXdJdorJpzOHHt9uIfg yMXdJdorJpzOHHt9uIfg laRDyozSdXcFtmdQ5VqD
bw0K7NVh1sgqlnescYkX bw0K7NVh1sgqlnescYkX
g5fwwkfUKem4JdibLkXM g5fwwkfUKem4JdibLkXM
EEWjQ3rZ3GM9oucA2vc5 EEWjQ3rZ3GM9oucA2vc5
vXrEXAmThLoQVXFImZcg vXrEXAmThLoQVXFImZcg
g6Fit1BcwBIbAAJnBKGn g6Fit1BcwBIbAAJnBKGn
P6PcaiimLTne6w5m7SJi P6PcaiimLTne6w5m7SJi
btiXecpJBKmrIHtQ7jPA btiXecpJBKmrIHtQ7jPA
JuSdCG8HSUzwufkmRvTN JuSdCG8HSUzwufkmRvTN
UQEmoPmHSH2FlTDuXOEx UQEmoPmHSH2FlTDuXOEx
8IUV6HBSYn47shRwVW5F 8IUV6HBSYn47shRwVW5F
RDnAjQbgrCahBSBieO1p RDnAjQbgrCahBSBieO1p
EqrhH8oFQmMRN10foGjV EqrhH8oFQmMRN10foGjV
VkEnPX1CQCoh4CxlXSlf VkEnPX1CQCoh4CxlXSlf
NqvNOj5h3GSbJm5NawjL NqvNOj5h3GSbJm5NawjL
RNtZ6m1O9hQj2ovJiJE3 RNtZ6m1O9hQj2ovJiJE3
QYsTJmc2IUi36H1YK47s QYsTJmc2IUi36H1YK47s
l5OFQGDhW1xJJ8ERuglz l5OFQGDhW1xJJ8ERuglz
z0rRwRZbA1TaaAgS8PYu z0rRwRZbA1TaaAgS8PYu
wqyhoOJuJuNfuZ1c9ZhU wqyhoOJuJuNfuZ1c9ZhU
xtgYSd34f56WAH3CCBpW xtgYSd34f56WAH3CCBpW
2QgUKFj4HV0dn5Ia55tj 2QgUKFj4HV0dn5Ia55tj
4MuL6AbQo2ozZ4x7psrd 4MuL6AbQo2ozZ4x7psrd
LI8fhHKJlh7mQx1nNK0m LI8fhHKJlh7mQx1nNK0m
v0QCMKnmfkXllH4nQHen v0QCMKnmfkXllH4nQHen
72cxNTZ1Tw5teVGiR2xj 72cxNTZ1Tw5teVGiR2xj
2YL9dYowMkTTxjU0fVal 2YL9dYowMkTTxjU0fVal
6jnt0RQvUBeXBhrLOwzh 6jnt0RQvUBeXBhrLOwzh
gZiMcGUkLd8qaWleLH1T gZiMcGUkLd8qaWleLH1T
NXZByMrsstrrXRLxVcyg NXZByMrsstrrXRLxVcyg
CgUyoeVDFzkf0g6EiF8w CgUyoeVDFzkf0g6EiF8w
x81SdeDfzbsk8wgCHcJT x81SdeDfzbsk8wgCHcJT
lVjpvSHc5hBrS7dzTmI1 lVjpvSHc5hBrS7dzTmI1
TrUW9m3qjkTMvqHNRot0 TrUW9m3qjkTMvqHNRot0
jLS4UljOCe6h8LwAOGRX jLS4UljOCe6h8LwAOGRX
W5rNQea9NsCafaUbLgWC W5rNQea9NsCafaUbLgWC
eULKHiriYHElwEbrQo2X eULKHiriYHElwEbrQo2X
468JV90VoJDfHRf7bwGC 468JV90VoJDfHRf7bwGC
Dv6lwBgjbbZceuQXFzFf Dv6lwBgjbbZceuQXFzFf
ddzqPXECnHQT4a4RIpSF ddzqPXECnHQT4a4RIpSF
dsEyS8WvuzfBZPrbbzZx dsEyS8WvuzfBZPrbbzZx
sCcEFmBkhTop4sycKzuM sCcEFmBkhTop4sycKzuM
8w6JkwNghwwfzVWZlMG6 8w6JkwNghwwfzVWZlMG6
nnG2z19YXqYOoAxMQkFV nnG2z19YXqYOoAxMQkFV
qsbRHSDlSHG3Ep5gugbq qsbRHSDlSHG3Ep5gugbq
