Chattanooga ElPaso LittleRock Fremont ElPaso Raleigh Shreveport Madison Vancouver Denver MorenoValley Knoxville Escondido Boise Scottsdale Berkeley Worcester NewYork Anaheim ChulaVista Akron Charlotte SanDiego Glendale Lincoln OklahomaCity Springfield LosAngeles SanJose Spokane Lancaster Orange Pomona ElkGrove SanFrancisco FortWayne Savannah Orange SantaClarita SanAntonio SantaClarita Bakersfield Toledo Henderson SantaClarita Oceanside Lexington JerseyCity Hayward Jacksonville SanJose JerseyCity Paterson Cincinnati Stockton Lubbock Yonkers Indianapolis Baltimore Aurora GrandPrairie Phoenix GrandPrairie BatonRouge Detroit Frisco Plano Newark DesMoines NewportNews SantaAna Chicago Naperville Philadelphia FortLauderdale NewportNews Alexandria Detroit Arlington McAllen Columbus Miramar PortStLucie Plano Frisco KansasCity Jackson Surprise Salem FortCollins Durham Yonkers Fayetteville Buffalo CorpusChristi Richmond Mesa FortWorth Corona Olathe Detroit Irvine Anchorage Midland Gilbert Tallahassee SantaRosa Brownsville Tacoma Carrollton Surprise OverlandPark Honolulu Portland SaintPaul Modesto Memphis SanAntonio Waco Scottsdale GrandRapids CorpusChristi Riverside Scottsdale Tempe Miami Nashville Louisville SanJose SanBernardino Joliet Austin OklahomaCity Chattanooga
86
ElPaso Denton ElPaso
LittleRock LittleRock
Fremont Fremont
Raleigh Raleigh
Shreveport Shreveport
Madison Madison Murfreesboro
Vancouver Vancouver
Knoxville Knoxville
Boise Boise
Scottsdale Scottsdale
Berkeley Berkeley
Worcester Worcester
NewYork NewYork
Anaheim Anaheim
ChulaVista ChulaVista
Akron Akron
Charlotte Charlotte
SanDiego SanDiego
Glendale CapeCoral Glendale
Lincoln Lincoln
Springfield Springfield
LosAngeles LosAngeles
SanJose SanJose
Spokane Spokane
Orange Orange
Pomona Pomona
SanFrancisco SanFrancisco
Savannah Savannah
SantaClarita SantaClarita
SanAntonio Cleveland SanAntonio
Bakersfield Bakersfield
Toledo Toledo
Henderson Henderson
Oceanside Fontana Oceanside
Lexington Lexington
Hayward GardenGrove Hayward
Jacksonville Jacksonville
Paterson Paterson
Cincinnati Cincinnati
Lubbock Lubbock
Yonkers Yonkers
Indianapolis Indianapolis
Baltimore Baltimore
Aurora Aurora
GrandPrairie GrandPrairie
Phoenix Oxnard Phoenix
BatonRouge BatonRouge
Frisco Frisco
Plano Austin Plano Orlando
Newark Newark
DesMoines DesMoines
NewportNews Ontario NewportNews
SantaAna SantaAna
Chicago Chicago Washington
Naperville Naperville
FortLauderdale FortLauderdale
Alexandria Alexandria
McAllen McAllen
PortStLucie PortStLucie
KansasCity Boston KansasCity
Jackson Jackson
Surprise Surprise
Salem Salem
Durham Durham
Fayetteville Wichita Fayetteville
Buffalo Buffalo
Richmond Richmond
FortWorth Syracuse FortWorth
Corona Corona
Olathe Olathe
Irvine Irvine
Anchorage Anchorage
Midland Midland
Tallahassee Tallahassee
Brownsville Brownsville
Tacoma Tacoma
Honolulu Honolulu
SaintPaul SaintPaul
Memphis Memphis
Waco Waco
GrandRapids GrandRapids
Riverside Riverside
Tempe Tempe
Louisville Louisville
SanBernardino SanBernardino
Joliet Joliet
