Jacksonville Minneapolis Tulsa SanJose Indianapolis LosAngeles Indianapolis SanJose Tulsa Albuquerque Oakland Phoenix OklahomaCity Tulsa ColoradoSprings Chicago Minneapolis Jacksonville Atlanta Louisville Arlington Milwaukee Austin Milwaukee Tucson Columbus Seattle LasVegas LongBeach Baltimore SanJose Tulsa Jacksonville
18
Jacksonville Jacksonville
Minneapolis Minneapolis
Tulsa Tulsa
SanJose SanJose Boston FortWorth
Indianapolis Indianapolis
LosAngeles LosAngeles ElPaso
Albuquerque Albuquerque
Phoenix Phoenix
ColoradoSprings VirginiaBeach
Chicago Philadelphia
Atlanta Fresno Atlanta SanFrancisco
Louisville Louisville
Austin Memphis Austin
Tucson Tucson
Columbus Columbus
Seattle Portland Seattle
LasVegas LasVegas
LongBeach LongBeach
