SaintPaul SanJose SanDiego Dallas LongBeach SanAntonio Austin ElPaso Charlotte Phoenix Cincinnati OklahomaCity Hialeah Glendale Columbus Cleveland Fresno Pittsburgh SantaAna LosAngeles ElPaso Chandler Plano Detroit NewOrleans Minneapolis Omaha Aurora Austin Honolulu Chesapeake Fresno Spokane Honolulu Memphis Durham Toledo JerseyCity Denver Detroit Lexington JerseyCity Laredo VirginiaBeach StPetersburg Lubbock Louisville Newark Houston Newark FortWayne Anchorage Cleveland Honolulu BatonRouge FortWorth LongBeach Dallas Tucson Raleigh Boston Jacksonville Atlanta LasVegas Indianapolis SaintPaul
39
SanJose Madison SanJose
SanDiego SanDiego
Dallas Dallas
LongBeach LongBeach Baltimore
SanAntonio SanAntonio
Austin Austin
ElPaso ElPaso
Charlotte Charlotte
Phoenix Phoenix
Cincinnati Cincinnati
OklahomaCity OklahomaCity Bakersfield Atlanta
Hialeah Hialeah
Glendale Glendale
Columbus Columbus
Pittsburgh Pittsburgh
SantaAna SantaAna
Chandler Chandler
Plano Plano
NewOrleans NewOrleans
Aurora Aurora
Honolulu Honolulu
Chesapeake Chesapeake
Spokane Spokane
Memphis Memphis
Durham WinstonSalem Durham
JerseyCity Lincoln JerseyCity
Denver Denver
Lexington Lexington
Laredo Laredo
StPetersburg Henderson StPetersburg Milwaukee
Lubbock Lubbock
Newark Newark Scottsdale
Houston Tampa Houston Stockton
FortWayne FortWayne
Anchorage Anchorage
FortWorth FortWorth
Tucson Tucson
Raleigh Raleigh
Indianapolis Indianapolis
