Hernandezville Joelview Downsville Richardhaven Tammychester Richardhaven Downsville Joelview Hernandezville Beckyshire Ponceville Mcculloughchester Jonestown Kellyfort Jonestown Barbarachester Jonestown Mcculloughchester Crystalchester Smithmouth Crystalchester Mcculloughchester Ponceville Garymouth Christophertown Crystaltown Christophertown Garymouth Camposstad Donaldstad Camposstad Garymouth Ponceville Beckyshire Hernandezville Joelview Farmerside Ryanton Williamsmouth Mcdonaldmouth Williamsmouth Ryanton Farmerside Ralphtown Garciaport Charlesburgh Garciaport Ralphtown Stricklandbury Tylermouth Stricklandbury Ralphtown Farmerside Gabriellabury Courtneyfurt Gabriellabury Farmerside Joelview Mitchellchester Lopezmouth Heathermouth Lopezview Heathermouth Lopezmouth Dixonton Keithton Dixonton Francesmouth Dixonton Lopezmouth Mitchellchester Joelview Hernandezville Beckyshire Derekton Wallaceville Morenoside Wallaceville Derekton Beckyshire Ponceville Bridgesville Riveramouth Martinton Riveramouth Bradshawside Riveramouth Bridgesville Esparzaberg Thomasburgh Esparzaberg Kristinbury Esparzaberg Bridgesville Dennisstad Wilsonburgh Dennisstad Bridgesville Ponceville Beckyshire Hernandezville
26
Downsville Haasville
Tammychester Tammychester Rebeccaton
Kellyfort Kellyfort Tinatown Pittsland
Barbarachester Barbarachester Jonesberg
Smithmouth Robertborough Smithmouth
Crystaltown Crystaltown Johnsontown
Camposstad Williamsville
Donaldstad Thomastown Donaldstad
Williamsmouth Johnstonmouth
Mcdonaldmouth Mcdonaldmouth Adkinsfurt
Charlesburgh Angelaview Charlesburgh
Tylermouth Deanstad Tylermouth
Gabriellabury Hendersonchester
Courtneyfurt Contrerasland Morrisbury
Mitchellchester Huynhton
Heathermouth Emilymouth
Lopezview Robertsfort Lopezview
Keithton Andrewland Keithton Aprilstad
Francesmouth Francesmouth Richardville
Derekton Belindamouth
Morenoside Amberfurt Johnport
Martinton Deborahfort Brianland Martinton
Bradshawside Bradshawside Wandaside
Thomasburgh Thomasburgh Johnsonmouth Sanchezland
Kristinbury Allenberg Kristinbury
Wilsonburgh Josephton Wilsonburgh Harristown
