Porterton Wallton Danielleport Scottburgh Laurenbury Haleview Laurenbury Scottburgh Danielleport Wallton Derekmouth Charlesberg Sethland Ellisstad Sethland Charlesberg Kevinberg Patriciabury Kevinberg Adamside Kevinberg Charlesberg Weberbury Kimberlyburgh Weberbury Charlesberg Derekmouth Wallton Davisstad Leechester Pettyton Bondmouth Pettyton Leechester Davisstad Wallton Danielleport Melissaview Cheyennefurt Watsonville Cheyennefurt Melissaview Campbellhaven Annberg Campbellhaven Melissaview Danielleport Wallton Derekmouth Geraldside Joseport Gabrielburgh Joseport Hallborough Joseport Geraldside Michellehaven Ramosborough Michellehaven Cranemouth Michellehaven Geraldside Derekmouth Jeffreyfort Garytown Audreyfort Garytown Jeffreyfort Johnsonchester Jeffreyfort Derekmouth Wallton Davisstad Jacksonton Singletonton Clarkbury Singletonton Jacksonton Davisstad Newmanburgh Gallowaymouth Rioshaven Gallowaymouth Newmanburgh Davisstad Wallton Porterton Dianashire Burgessview Williamfort Thomasville Lopezburgh Byrdfurt Lopezburgh Thomasville Williamfort Moodyburgh Gregoryberg Smithfort Gregoryberg Moodyburgh Heatherberg Thomasborough Heatherberg Moodyburgh Williamfort Williamport Ashleystad Codyton Ashleystad Holthaven Ashleystad Williamport Williamfort Burgessview Dianashire Ashleyborough Paulburgh Robertsstad Toddtown Swansonshire Toddtown Robertsstad Paulburgh Walltown Scotttown Jacksonview Scotttown Walltown Callahantown Maryport Callahantown Walltown Paulburgh Ashleyborough Dianashire Porterton Wallton Danielleport Cooperton Lopezborough Waltersmouth Lopezborough Cooperton Danielleport Wallton Porterton Dianashire Ashleyborough Clarkberg Reevestown Judithview Michaelview Judithview Reevestown Clarkberg Ashleyborough Dianashire Burgessview Marcusburgh Matthewburgh Bondfort Shawnmouth Bondfort Adamview Bondfort Matthewburgh Virginiastad Robinsonmouth Virginiastad Matthewburgh Marcusburgh Burgessview Dianashire Ashleyborough Osborneville Payneview Teresafort Smithtown Teresafort Payneview Jacksonville Jennifertown Jacksonville Payneview Barnesmouth Harrisport Barnesmouth Payneview Osborneville Ashleyborough Dianashire Burgessview Billton Banksburgh Yvonneborough Parkermouth Yvonneborough Banksburgh Simmonsburgh Michaelville Simmonsburgh Banksburgh Billton Burgessview Marcusburgh Tylerbury Marcusburgh Fletcherland Kingview Williamschester Kingview Fletcherland Marcusburgh Burgessview Dianashire Ashleyborough Osborneville Christophermouth Shawnhaven Christophermouth Osborneville Ashleyborough Clarkberg Burtonview Murphyside Bakertown Murphyside Burtonview Clarkberg Ashleyborough Dianashire Porterton
50
Haleview Hallstad Haleview
Sethland Tannerhaven
Ellisstad Ellisstad Osbornemouth
Patriciabury Thomasmouth Patriciabury Troyfort
Adamside Adamside Bradberg Andrewschester
Weberbury Clarkport
Kimberlyburgh Candiceland Kimberlyburgh
Leechester Suttonville
Pettyton Jonesfurt
Bondmouth Taylorton Bondmouth Mercedesmouth
Cheyennefurt Thompsonshire
Watsonville Robertomouth Christyland Watsonville
Annberg Houstonchester Annberg Dyerport
Gabrielburgh Gabrielburgh Hodgesstad
Hallborough Hallborough Kylieview
Ramosborough Fordhaven Ramosborough
Cranemouth Cranemouth Joneschester
Audreyfort Patriciaside Audreyfort
Johnsonchester Susanfort Nealfurt
Clarkbury Jermaineton Clarkbury
Rioshaven Josephstad Rioshaven
Lopezburgh Leahmouth
Byrdfurt Loweryborough Garciamouth Byrdfurt
Smithfort Millerborough Smithfort
Thomasborough Masseyside Thomasborough Ortegaberg
Codyton Codyton Mindyview Ryanside
Holthaven Holthaven Vickiville
Swansonshire Abigailhaven Swansonshire
Walltown Williamshire
Jacksonview Danielville Jacksonview
Maryport Combsville Maryport Reynoldsview
Waltersmouth Adamport Adkinsberg
Michaelview Michaelview Clarenceview
Shawnmouth Priceville Shawnmouth Buckleyside
Adamview Adamview Harrisborough
Virginiastad Johnsonberg
Robinsonmouth Horneside Robinsonmouth
Teresafort Calvinton
Smithtown Abigailville Jacksonland Smithtown
Jacksonville Christopherhaven
Jennifertown Jennifertown Feliciaville
Barnesmouth Clarkborough
Harrisport Harrisport Brendaview
Parkermouth Shawnfort Parkermouth
Michaelville Williamland Michaelville
Tylerbury Wilsonstad Hansonbury
Fletcherland Ortizberg
Williamschester Williamschester Mirandaview
Shawnhaven Candaceborough Dannyside
Bakertown Derekville Bakertown Jameston
