0 2 1 8 17 18 28 31 43 49 1 64 67 70 74 79 80 2 92 95 2 97 1 3 6 10 1 77 4 81 5 7 9 11 12 13 14 15 16 19 20 21 22 23 24 25 0 26 27 29 30 32 0 36 37 38 39 0 40 41 42 44 45 46 47 48 50 51 52 53 54 0 56 57 0 58 59 60 61 62 0 63 65 66 0 71 72 0 75 76 78 0 82 83 84 85 86 87 0 88 89 90 91 0 93 94 96 98 99 0
93
0 0 33 35 68 69 55 73
2 2
1 1 34
8 8
17 17
18 18
28 28
31 31
43 43
49 49
64 64
67 67
70 70
74 74
79 79
80 80
92 92
95 95
97 97
3 3
6 6
10 10
77 77
4 4
81 81
5 5
7 7
9 9
11 11
12 12
13 13
14 14
15 15
16 16
19 19
20 20
21 21
22 22
23 23
24 24
25 25
26 26
27 27
29 29
30 30
32 32
36 36
37 37
38 38
39 39
40 40
41 41
42 42
44 44
45 45
46 46
47 47
48 48
50 50
51 51
52 52
53 53
54 54
56 56
57 57
58 58
59 59
60 60
61 61
62 62
63 63
65 65
66 66
71 71
72 72
75 75
76 76
78 78
82 82
83 83
84 84
85 85
86 86
87 87
88 88
89 89
90 90
91 91
93 93
94 94
96 96
98 98
99 99
