K B I G L C P A T U I V X F AB AH AN AW I AX BA D BE BI H BR D BX A BY DR ED EN A EQ FE F FI FO I FS H GG GL G M CJ A CQ E CM CT EZ C FZ G GK Z AF R BO FD AG FH GD H AJ AS D BB AM BF BG A BJ BL BP B BQ CE CF B CY DC DG B DH DI DK DP B DS A DV DX DZ EA EC EJ B EK EL B EU EV FG B FJ FP FR FU FV FX B GC GE B GJ GO GR D CB CW A DB H EG F EO K FM G GF K
98
B B GI EM
I I
G G
L L
P P
T T
U U
V V
X X
F EH
AB AB
AH AH
AN AN
AW AW
AX AX
BA BA
D Y
BE BE
BI BI
BR BR
BX BX
BY BY
DR DR
ED ED
EN EN
EQ EQ
FE FE
FI FI
FO FO
FS FS
GG GG
GL GL
M M
CJ CJ
CQ CQ
E CK
CM CM
CT CT
EZ EZ
FZ FZ
GK GK
Z Z
AF AF
R R
BO BO
FD FD
AG AG
FH FH
GD GD
AJ AJ
AS AS
BB BB
AM AM
BF BF
BG BG
BJ BJ
BL BL
BP BP
BQ BQ
CE CE
CF CF
CY CY
DC DC
DG DG
DH DH
DI DI
DK DK
DP DP
DS DS
DV DV
DX DX
DZ DZ
EA EA
EC EC
EJ EJ
EK EK
EL EL
EU EU
EV EV
FG FG
FJ FJ
FP FP
FR FR
FU FU
FV FV
FX FX
GC GC
GE GE
GJ GJ
GO GO
GR GR
CB CB
CW CW
DB DB
EG EG
EO EO
FM FM
GF GF
