89 1 3 4 5 6 9 11 12 13 16 18 21 23 25 27 29 31 32 33 36 37 38 39 41 44 48 49 51 56 58 59 61 64 65 69 70 73 75 78 79 80 81 82 83 85 86 88 94 96 97 98 99 100 101 102 107 109 111 112 114 118 121 122 124 125 127 128 130 132 133 135 136 140 141 144 146 147 148 149 151 155 156 160 169 172 173 178 179 183 187 188 189 190 191 192 193 194 195 197 199 89
100
1 1
3 3
4 4
5 5
6 6
9 9
11 11
12 12
13 13
16 16
18 18
21 21
23 23
25 25
27 27
29 29
31 31
32 32
33 33
36 36
37 37
38 38
39 39
41 41
44 44
48 48
49 49
51 51
56 56
58 58
59 59
61 61
64 64
65 65
69 69
70 70
73 73
75 75
78 78
79 79
80 80
81 81
82 82
83 83
85 85
86 86
88 88
94 94
96 96
97 97
98 98
99 99
100 100
101 101
102 102
107 107
109 109
111 111
112 112
114 114
118 118
121 121
122 122
124 124
125 125
127 127
128 128
130 130
132 132
133 133
135 135
136 136
140 140
141 141
144 144
146 146
147 147
148 148
149 149
151 151
155 155
156 156
160 160
169 169
172 172
173 173
178 178
179 179
183 183
187 187
188 188
189 189
190 190
191 191
192 192
193 193
194 194
195 195
197 197
199 199
