fmdhlepsteinstdnkill epsteinmhndfkilltdls nepsteinlmdkilldhfts ntlepsteindmfdshkill msfltdkillnepsteinhd dmepsteinfnhltkillsd lndsdkilltmepsteinhf fshtdepsteinmldnkill epsteinskilldlndhmtf nmlfshtdkillepsteind depsteinnlsfmhtkilld dmepsteinfnhltkillsd epsteinkillmsftnddlh hepsteinsddnfkillmlt lthfkilldnsmepsteind fkillepsteindlhdnsmt stepsteinhkillfmnldd epsteindlsfdntmkillh epsteinmhndfkilltdls nepsteinlmdkilldhfts fmsepsteindntldhkill tlsfdmdepsteinnhkill mftkillepsteinndlhsd epsteinkillnmsdhtdlf killdmnsfhldepsteint ndkillftdsmepsteinlh hsdlepsteinmnkilldft ddtmkillepsteinflsnh killmlepsteindthnfsd fepsteinhsntddkilllm lsdepsteinfmkillndth tdfepsteinnlhdkillsm dfkilllmtepsteinhdsn hnfdtmlepsteinkillds nltdmsfepsteinkilldh tmsfnkillldhepsteind dlnsthfmepsteinkilld nkilltdhlmdepsteinsf epsteindlsfdntmkillh dnkillepsteinlshdtfm lhepsteinkilldtnmfsd tmsdnfdlkillhepstein killmlepsteindthnfsd ntlepsteindmfdshkill hdepsteinskillldtnfm hnsdkilllftdmepstein nepsteinlmdkilldhfts dhkilllsepsteinmntdf killepsteinlhtfdsmdn killnsfmhdepsteindtl tmlepsteinsdnfkillhd killhddfntepsteinlms fshtdepsteinmldnkill epsteintdkilllnfdhms ntlepsteindmfdshkill epsteinfsddmthkillnl hnsdkilllftdmepstein epsteinmhndfkilltdls fmdhlepsteinstdnkill
38
fmdhlepsteinstdnkill nhmkilllsftepsteindd
epsteinmhndfkilltdls epsteinmhndfkilltdls
nepsteinlmdkilldhfts nepsteinlmdkilldhfts
ntlepsteindmfdshkill ntlepsteindmfdshkill ddlmnftepsteinhskill lnsmkilltfdepsteindh
msfltdkillnepsteinhd msfltdkillnepsteinhd
dmepsteinfnhltkillsd dmepsteinfnhltkillsd hsndepsteindlmtkillf fhndskillepsteintldm
lndsdkilltmepsteinhf lndsdkilltmepsteinhf
fshtdepsteinmldnkill hsdfepsteintlnkilldm fshtdepsteinmldnkill
epsteinskilldlndhmtf epsteinskilldlndhmtf
depsteinnlsfmhtkilld depsteinnlsfmhtkilld
epsteinkillmsftnddlh epsteinkillmsftnddlh
hepsteinsddnfkillmlt hepsteinsddnfkillmlt
stepsteinhkillfmnldd stepsteinhkillfmnldd
epsteindlsfdntmkillh epsteindlsfdntmkillh
fmsepsteindntldhkill fmsepsteindntldhkill tlmsdhdnkillfepstein epsteindfhlmdnskillt
tlsfdmdepsteinnhkill tlsfdmdepsteinnhkill
mftkillepsteinndlhsd mftkillepsteinndlhsd
killdmnsfhldepsteint killdmnsfhldepsteint flepsteindndhmtkills
ndkillftdsmepsteinlh ndkillftdsmepsteinlh
ddtmkillepsteinflsnh ddtmkillepsteinflsnh
killmlepsteindthnfsd fdshnmkillepsteinltd killmlepsteindthnfsd epsteinlshkilldnfdmt
fepsteinhsntddkilllm fepsteinhsntddkilllm
lsdepsteinfmkillndth lsdepsteinfmkillndth
dfkilllmtepsteinhdsn nfdhkilllsmtepsteind dfkilllmtepsteinhdsn
hnfdtmlepsteinkillds hnfdtmlepsteinkillds
nltdmsfepsteinkilldh nltdmsfepsteinkilldh
dlnsthfmepsteinkilld dlnsthfmepsteinkilld
nkilltdhlmdepsteinsf nkilltdhlmdepsteinsf
dnkillepsteinlshdtfm dnkillepsteinlshdtfm
lhepsteinkilldtnmfsd lhepsteinkilldtnmfsd
hdepsteinskillldtnfm hdepsteinskillldtnfm
hnsdkilllftdmepstein hnsdkilllftdmepstein
dhkilllsepsteinmntdf dhkilllsepsteinmntdf
killepsteinlhtfdsmdn lmhdtfdepsteinnkills killepsteinlhtfdsmdn
killnsfmhdepsteindtl killnsfmhdepsteindtl
tmlepsteinsdnfkillhd tmlepsteinsdnfkillhd
epsteintdkilllnfdhms epsteintdkilllnfdhms
epsteinfsddmthkillnl dhepsteindsnlkillfmt
