dldkilltnmhfepsteins lmkillepsteintsndfhd sdndhepsteinltkillfm ntmdhepsteinsdkillfl fhdmnepsteindkillslt epsteinhdkillltsmfdn mkilldlshdtfepsteinn lnepsteintdfmdshkill stmlepsteindnkilldfh sldhnfmtdkillepstein msepsteintlhnfkilldd shepsteinnkillftlddm ltfnsdhepsteinkilldm sldhnfmtdkillepstein epsteinldtnfmshdkill tepsteinhsdkillmldfn mfndlsdepsteinhkillt tldkillhsfnmepsteind killmfndshdtepsteinl fthlkillnepsteindsdm nftmskilldldepsteinh mdkillnlsdtepsteinhf nlsdepsteinkilltfhdm fmtnkilldepsteindhsl mkillldnhepsteinstfd dflhnepsteinsmdtkill fddsmepsteintnkillhl fsepsteindkillhmtdln fddsmepsteintnkillhl dhsepsteintlkillmfnd skillmfepsteinthddnl dkillnmhldstfepstein fsepsteindkillhmtdln nmdhepsteinkilltfsld tndskilldfepsteinmhl mdkillntepsteindfhsl killdldepsteinmfsthn epsteinfthkilldnslmd dlfdkilltepsteinhnms fhnmkillepsteinsdltd nmkilllepsteintdsdfh mdkilllfdnstepsteinh thnkillmddsepsteinfl killtdslhfdepsteinnm killmfndshdtepsteinl lepsteindnhstfdmkill mkillthfdlnepsteinds dkillnsepsteinfdmthl killdldepsteinmfsthn depsteinftndhmkillsl epsteindkilltlmnhsfd nlsdepsteinkilltfhdm fddsmepsteintnkillhl mndtkillepsteindlfhs ldfsmnepsteinkilltdh dfkilllepsteinsnmhtd killhtdmdlnsfepstein hmdkilllnepsteinfsdt lnepsteintdfmdshkill epsteinhnkillsldfdmt thdlskillnfdmepstein lepsteinkilldhfmstnd shdepsteinftkillnlmd killmfndshdtepsteinl killtdmsdfhnepsteinl hepsteinntdkillsdmfl nfltdmkillsdepsteinh hepsteinntdkillsdmfl killtepsteinddhlmnsf hnddkilltslmfepstein depsteintkilllnmsfdh hepsteinntdkillsdmfl dsftepsteindhkillmnl sdlhfnmdepsteintkill mltdhfdepsteinkillsn epsteindmshtfldnkill hmndfkillslepsteintd sfdntlkilldhmepstein tldkillhsfnmepsteind depsteinlfnmkilldsht tsmdepsteinkillhfdln killdepsteinmfltdshn dlshdtepsteinnkillfm ldepsteindhkilltsmfn dfdepsteintlnskillhm fdmtdepsteinkilllsnh tsmdepsteinkillhfdln killdepsteinmfltdshn epsteinsnmflhtdkilld dtsmdnlhfepsteinkill killdepsteinmfltdshn ltnhmdepsteinfdskill dmtlsfhnkilldepstein depsteinftndhmkillsl dhkillldsepsteintnmf ndshkilldmlepsteinft ndkillthdepsteinlsmf killshdlmftnepsteind depsteinslkillhdftmn lhepsteintndkilldsmf depsteinlfnmkilldsht mhkillepsteinddlfsnt tldkillhsfnmepsteind msddkilllthepsteinfn killthsepsteindmlfdn hnsepsteinmkillfddtl hnskillepsteintfdmld nsepsteinfmdkillhldt fdmtdepsteinkilllsnh dnldkillhmfstepstein killthsepsteindmlfdn killfthnmsdlepsteind killsepsteindmtflhnd msddkilllthepsteinfn killthsepsteindmlfdn nepsteindhkillltmsfd ddkillnftsmhepsteinl sdndhepsteinltkillfm mhdskillldftnepstein fmltddhnepsteinskill epsteinfsltkillnhddm killhdfnsepsteinmltd mdkillntepsteindfhsl sdndhepsteinltkillfm tdkillepsteinsmhdfnl sdndhepsteinltkillfm lhsntdepsteindkillmf lmkillepsteintsndfhd dldkilltnmhfepsteins
77
lmkillepsteintsndfhd lmkillepsteintsndfhd sndldftmkillepsteinh
sdndhepsteinltkillfm sdndhepsteinltkillfm shfnmltepsteindkilld
ntmdhepsteinsdkillfl ntmdhepsteinsdkillfl
fhdmnepsteindkillslt fhdmnepsteindkillslt
epsteinhdkillltsmfdn epsteinhdkillltsmfdn dkillnmsfhtlepsteind
mkilldlshdtfepsteinn mkilldlshdtfepsteinn
sldhnfmtdkillepstein sldhnfmtdkillepstein tdfkillslepsteinhdmn
msepsteintlhnfkilldd msepsteintlhnfkilldd
ltfnsdhepsteinkilldm tepsteinmdfldhnskill ltfnsdhepsteinkilldm
epsteinldtnfmshdkill epsteinldtnfmshdkill
tepsteinhsdkillmldfn tepsteinhsdkillmldfn
tldkillhsfnmepsteind tldkillhsfnmepsteind
killmfndshdtepsteinl killmfndshdtepsteinl
nftmskilldldepsteinh nftmskilldldepsteinh
mdkillnlsdtepsteinhf mdkillnlsdtepsteinhf
fmtnkilldepsteindhsl fmtnkilldepsteindhsl killtdslhfdepsteinnm
mkillldnhepsteinstfd mkillldnhepsteinstfd
fddsmepsteintnkillhl fddsmepsteintnkillhl
fsepsteindkillhmtdln epsteinlmkillfshnddt fsepsteindkillhmtdln killhdfnsepsteinmltd skillthlfndepsteindm
dhsepsteintlkillmfnd dhsepsteintlkillmfnd
skillmfepsteinthddnl skillmfepsteinthddnl
dkillnmhldstfepstein dkillnmhldstfepstein
nmdhepsteinkilltfsld nmdhepsteinkilltfsld epsteinhnkillsldfdmt hsepsteinfkillnmddtl
tndskilldfepsteinmhl tndskilldfepsteinmhl
mdkillntepsteindfhsl mdkillntepsteindfhsl dmldfhskillntepstein
killdldepsteinmfsthn killdldepsteinmfsthn
epsteinfthkilldnslmd epsteinfthkilldnslmd
dlfdkilltepsteinhnms dlfdkilltepsteinhnms lkilldtnmsepsteindfh
fhnmkillepsteinsdltd fhnmkillepsteinsdltd
mdkilllfdnstepsteinh lkillepsteintdshmfnd mdkilllfdnstepsteinh
thnkillmddsepsteinfl thnkillmddsepsteinfl
lepsteindnhstfdmkill lepsteindnhstfdmkill
mkillthfdlnepsteinds mkillthfdlnepsteinds
depsteinftndhmkillsl depsteinftndhmkillsl hepsteinnfdmlsdtkill
epsteindkilltlmnhsfd epsteindkilltlmnhsfd
mndtkillepsteindlfhs mndtkillepsteindlfhs
ldfsmnepsteinkilltdh ldfsmnepsteinkilltdh
dfkilllepsteinsnmhtd dfkilllepsteinsnmhtd
killhtdmdlnsfepstein killhtdmdlnsfepstein
hmdkilllnepsteinfsdt hmdkilllnepsteinfsdt
thdlskillnfdmepstein thdlskillnfdmepstein
lepsteinkilldhfmstnd lepsteinkilldhfmstnd
killtdmsdfhnepsteinl killtdmsdfhnepsteinl
hepsteinntdkillsdmfl hepsteinntdkillsdmfl
nfltdmkillsdepsteinh lsmftnepsteinkillhdd nfltdmkillsdepsteinh
killtepsteinddhlmnsf killtepsteinddhlmnsf
depsteintkilllnmsfdh depsteintkilllnmsfdh
sdlhfnmdepsteintkill sdlhfnmdepsteintkill
epsteindmshtfldnkill epsteindmshtfldnkill
hmndfkillslepsteintd hmndfkillslepsteintd
depsteinlfnmkilldsht depsteinlfnmkilldsht slepsteinkillfmddhtn
tsmdepsteinkillhfdln tsmdepsteinkillhfdln
killdepsteinmfltdshn killdepsteinmfltdshn dflstmkillepsteindhn tsdnhkilllmepsteindf
dlshdtepsteinnkillfm dlshdtepsteinnkillfm
ldepsteindhkilltsmfn ldepsteindhkilltsmfn fdskillndtmepsteinlh
dfdepsteintlnskillhm dfdepsteintlnskillhm
fdmtdepsteinkilllsnh fdmtdepsteinkilllsnh
epsteinsnmflhtdkilld epsteinsnmflhtdkilld
dtsmdnlhfepsteinkill dtsmdnlhfepsteinkill
dmtlsfhnkilldepstein dmtlsfhnkilldepstein
ndshkilldmlepsteinft ndshkilldmlepsteinft
ndkillthdepsteinlsmf ndkillthdepsteinlsmf
killshdlmftnepsteind dhmkillfdltnsepstein
depsteinslkillhdftmn depsteinslkillhdftmn
lhepsteintndkilldsmf lhepsteintndkilldsmf
mhkillepsteinddlfsnt mhkillepsteinddlfsnt
msddkilllthepsteinfn msddkilllthepsteinfn
killthsepsteindmlfdn killthsepsteindmlfdn epsteintfhndkilllmsd
hnsepsteinmkillfddtl hnsepsteinmkillfddtl
hnskillepsteintfdmld hnskillepsteintfdmld
dnldkillhmfstepstein dnldkillhmfstepstein
killfthnmsdlepsteind killfthnmsdlepsteind
nepsteindhkillltmsfd nepsteindhkillltmsfd
mhdskillldftnepstein mhdskillldftnepstein
fmltddhnepsteinskill fmltddhnepsteinskill
tdkillepsteinsmhdfnl dtnkillsepsteinmdfhl tdkillepsteinsmhdfnl dhtepsteinkillsdflmn
lhsntdepsteindkillmf lhsntdepsteindkillmf
