149 060 051 050 053 054 063 079 078 077 076 077 078 079 063 090 097 090 063 072 073 086 084 088 087 086 073 072 063 054 053 056 053 054 062 070 067 069 070 062 060 149 100 101 103 105 106 114 115 117 126 122 123 125 140 119 116 107 100 149 000 001 002 013 024 025 026 027 028 038 048 047 036 041 030 020 010 000 149
28
060 060
050 050
053 053
054 059 054
063 064 065
079 079
078 083 078
076 080 081
090 091
097 096 097
073 085
086 086
088 088
087 089
056 056 066
070 068
067 067
069 069
103 104 103
105 111
115 115
126 126
123 123
140 142
024 006 031
026 026
038 037
048 048
