BatonRouge Aberdeen Abilene Atlanta Birmingham Boulder Abilene Burbank Cambridge Albany Aberdeen Albuquerque Amarillo Anchorage Arvada Aberdeen AtlanticCity Aurora Barnstable Aberdeen Berkeley Bethlehem BoiseCity Boston Bradenton Bryan Buffalo Aberdeen BatonRouge
23
BatonRouge BatonRouge
Aberdeen Aberdeen Beaumont
Abilene Abilene AnnArbor
Atlanta Atlanta
Birmingham Birmingham
Boulder Boulder
Burbank Burbank
Cambridge Cambridge
Albany Albany
Albuquerque Albuquerque
Amarillo Amarillo
Anchorage Anchorage
Arvada Arvada
AtlanticCity AtlanticCity
Aurora Aurora
Barnstable Barnstable
Berkeley Berkeley
Bethlehem Bethlehem
BoiseCity BoiseCity
Boston Boston
Bradenton Bradenton
Bryan Bryan
Buffalo Buffalo
