FortCollins Akron Aberdeen Abilene Boise Bradenton Bremerton Burbank ColoradoSprings Dallas DesMoines Elizabeth Eugene Evansville Abilene Fayetteville Hollywood Inglewood LasCruces Lubbock Albuquerque BoiseCity Chandler Frederick Hemet Alexandria Denver Harrisburg Anaheim AnnArbor Appleton Aberdeen Arvada Atlanta Aberdeen Beaumont Bellevue Berkeley Bethlehem Aberdeen BonitaSprings Brighton Brownsville Aberdeen CapeCoral Champaign Chicago Cleveland Aberdeen DalyCity Danbury Aberdeen DavidsonCounty Detroit Aberdeen Fontana FortWaltonBeach Fremont GrandRapids Grayslake Hampton Aberdeen Harlingen Henderson Hickory Aberdeen Houston Independence Aberdeen Irving Jacksonville Joliet Kalamazoo Kennewick Knoxville Aberdeen Lacey Lafayette Lakeland Aberdeen Lancaster Leominster Lorain Louisville Manchester Anaheim Allentown Akron Amarillo Anchorage Bakersfield Carrollton Cary CedarRapids Elkhart Fresno Garland Gilbert Jefferson Layton Akron LittleRock FortCollins
86
FortCollins FortCollins
Akron Akron
Aberdeen Aberdeen Erie Indianapolis CollegeStation Fairfield Fargo Lakewood Augusta Baltimore Barnstable Irvine ElMonte ElPaso
Abilene Abilene AppleValley Austin
Boise Boise
Bradenton Bradenton
Bremerton Bremerton
Burbank Burbank
ColoradoSprings ColoradoSprings
Dallas Dallas
DesMoines DesMoines
Elizabeth Elizabeth
Eugene Eugene
Evansville Evansville
Fayetteville Fayetteville
Hollywood Hollywood
Inglewood Inglewood
LasCruces LasCruces
Lubbock Lubbock
Albuquerque Albuquerque
BoiseCity BoiseCity
Chandler Chandler
Frederick Frederick
Hemet Hemet
Alexandria Alexandria
Denver Denver
Harrisburg Harrisburg
Anaheim Anaheim
AnnArbor AnnArbor
Appleton Appleton
Arvada Arvada
Atlanta Atlanta
Beaumont Beaumont
Bellevue Bellevue
Berkeley Berkeley
Bethlehem Bethlehem
BonitaSprings BonitaSprings
Brighton Brighton
Brownsville Brownsville
CapeCoral CapeCoral
Champaign Champaign
Chicago Chicago
Cleveland Cleveland
DalyCity DalyCity
Danbury Danbury
DavidsonCounty DavidsonCounty
Detroit Detroit
Fontana Fontana
FortWaltonBeach FortWaltonBeach
Fremont Fremont
GrandRapids GrandRapids
Grayslake Grayslake
Hampton Hampton
Harlingen Harlingen
Henderson Henderson
Hickory Hickory
Houston Houston
Independence Independence
Irving Irving
Jacksonville Jacksonville
Joliet Joliet
Kalamazoo Kalamazoo
Kennewick Kennewick
Knoxville Knoxville
Lacey Lacey
Lafayette Lafayette
Lakeland Lakeland
Lancaster Lancaster
Leominster Leominster
Lorain Lorain
Louisville Louisville
Manchester Manchester
Allentown Allentown
Amarillo Amarillo
Anchorage Anchorage
Bakersfield Bakersfield
Carrollton Carrollton
Cary Cary
CedarRapids CedarRapids
Elkhart Elkhart
Fresno Fresno
Garland Garland
Gilbert Gilbert
Jefferson Jefferson
Layton Layton
LittleRock LittleRock
