CorpusChristi Akron Alexandria Appleton BonitaSprings Albuquerque Bremerton Aberdeen Champaign Charleston Chattanooga Alexandria Chicago Columbia Elkhart Abilene Amarillo Albuquerque Arvada Bridgeport Cincinnati Aberdeen Deltona Durham Aberdeen ElMonte BoiseCity Albany Canton Albuquerque Anaheim AppleValley Davenport Albany Denton Abilene Asheville BelAir Albany Augusta Austin Beaumont Akron Bloomington Boulder Abilene Bryan CapeCoral Aberdeen Carrollton CathedralCity Chandler Clearwater ColoradoSprings Columbus DalyCity Danbury Denver Downey ElPaso Elizabeth Akron Escondido CorpusChristi
50
CorpusChristi CorpusChristi
Akron Akron
Alexandria Alexandria
Appleton Appleton
BonitaSprings BonitaSprings
Albuquerque Albuquerque
Bremerton Bremerton
Aberdeen Brownsville
Champaign Champaign
Charleston Charleston
Chattanooga Chattanooga
Chicago Chicago
Columbia Columbia
Elkhart Elkhart
Amarillo Amarillo
Arvada Arvada
Bridgeport Bridgeport
Cincinnati Cincinnati
Deltona Deltona
Durham Durham
ElMonte ElMonte
BoiseCity BoiseCity
Albany Dallas
Canton Canton
Anaheim Anaheim
AppleValley AppleValley
Davenport Davenport
Denton Denton
Asheville Asheville
BelAir BelAir
Augusta Augusta
Austin Austin
Beaumont Beaumont
Bloomington Bloomington
Boulder Boulder
Bryan Bryan
CapeCoral CapeCoral
Carrollton Carrollton
CathedralCity CathedralCity
Chandler Chandler
Clearwater Clearwater
ColoradoSprings ColoradoSprings
Columbus Columbus
DalyCity DalyCity
Danbury Danbury
Denver Denver
Downey Downey
ElPaso ElPaso
Elizabeth Elizabeth
Escondido Escondido
