152 2 0 13 35 3 45 53 75 6 94 9 126 5 151 13 171 1 28 9 10 87 1 121 4 149 165 12 166 180 1 183 50 58 14 134 5 157 1 163 21 168 184 9 54 8 41 12 60 3 105 8 169 6 170 66 81 5 9 85 12 18 73 4 89 65 20 95 136 6 111 31 3 182 112 56 142 0 172 4 27 2 78 79 2 90 96 101 2 130 1 139 2 143 144 2 175 181 2 152
66
2 145 2 51 116 37
0 0
13 153 13
35 35
3 42 38
45 45
53 53
75 75
94 94
9 9
126 126
5 5
151 151
171 171
1 97 113
28 28
87 87
121 121
149 149
165 165
12 12
166 166
180 180
183 183
50 50
58 58
14 92
134 134
157 157
163 163
168 168
184 184
54 54
8 8
41 41
60 60
105 105
169 169
170 170
66 66
81 81
85 85
73 73
89 89
65 65
95 95
136 136
111 111
31 31
182 182
112 112
56 56
142 142
172 172
27 27
78 78
79 79
90 90
96 96
101 101
130 130
139 139
143 143
144 144
175 175
181 181
