location34 location59 location9 location79 location3 location170 location188 location172 location14 location79 location6 location17 location46 location17 location173 location38 location12 location37 location47 location14 location55 location142 location92 location114 location92 location95 location83 location55 location79 location64 location24 location175 location24 location64 location122 location161 location116 location89 location176 location21 location126 location134 location116 location86 location77 location135 location79 location96 location177 location28 location45 location144 location109 location32 location59 location61 location117 location177 location96 location27 location23 location61 location79 location119 location120 location83 location55 location135 location159 location105 location52 location111 location52 location162 location155 location189 location83 location151 location71 location165 location149 location156 location107 location5 location116 location63 location180 location79 location194 location199 location136 location72 location138 location19 location197 location40 location103 location101 location130 location51 location63 location11 location2 location167 location59 location98 location115 location177 location187 location59 location34 location192 location34
67
location34 location34 location39
location59 location59
location9 location9
location79 location0 location79
location3 location3
location170 location170
location188 location188
location172 location172
location6 location6
location17 location17 location140
location46 location125 location46
location38 location38
location12 location12
location37 location37
location47 location47
location55 location174 location55
location142 location88 location158 location163 location142
location92 location139 location92 location157
location114 location114 location60
location95 location131
location64 location64
location24 location24
location175 location99 location175
location122 location122
location161 location161
location89 location89 location134
location176 location176
location21 location21
location86 location86
location135 location135
location96 location96
location177 location177 location68 location54
location28 location28
location45 location45
location144 location144
location109 location109
location117 location117
location27 location27
location23 location23
location119 location119
location120 location120
location159 location159
location105 location105
location52 location137 location52
location111 location76 location111
location162 location162
location155 location155
location189 location121 location189
location151 location143 location181 location151
location71 location132 location71
location149 location91 location149
location107 location107
location180 location164 location180
location194 location194
location199 location199
location136 location136
location72 location72
location197 location197
location103 location103
location130 location130
location11 location11
location2 location2 location90
location167 location167
location98 location98
location115 location115
location187 location187
location192 location192 location15
