WNYCV KB443 OE5TB HR8IA BO3AW BC3W4 18R1B GXYLV KRLTG 94GUW 65TK9 ULCTZ XRQ65 91RFG 77EY5 OC0MN HHCET OE5TB 7CXN0 EQWAL 1ACIU QSI1X OC0MN QTZLJ UGOIO ZA57Z OC0MN GAXPM B8UZ8 XDKMD XD7IR BMC9X 9HVLF OC0MN XBRKQ F5YBY XTUSM 42QVU OE5TB HZ80H 2KYXC KB443 1NBGE OC0MN TG5ZG 5I6U4 OC0MN UUOP5 YMTTJ H8ZPW OC0MN V11OW K1ZSD OC0MN F07YB 91RFG X2AM4 KB443 XPFOM 2FT0Z URMBF KB443 H212X WNYCV
47
KB443 EYREL KB443
OE5TB OE5TB 1UWW5
HR8IA HR8IA
BO3AW BO3AW
18R1B 18R1B
GXYLV GXYLV
KRLTG KRLTG
65TK9 65TK9
ULCTZ ULCTZ
XRQ65 XRQ65
91RFG 1BUOS 91RFG
77EY5 77EY5
OC0MN CUG55
HHCET HHCET
7CXN0 7CXN0
EQWAL EQWAL
1ACIU 1ACIU
QSI1X QSI1X
QTZLJ QTZLJ
UGOIO UGOIO
ZA57Z ZA57Z
GAXPM GAXPM
B8UZ8 B8UZ8
XDKMD XDKMD
XD7IR XD7IR
BMC9X BMC9X
9HVLF 9HVLF
XBRKQ XBRKQ
F5YBY F5YBY
XTUSM XTUSM
42QVU 42QVU
HZ80H HZ80H
2KYXC 2KYXC
1NBGE 1NBGE
TG5ZG TG5ZG
5I6U4 5I6U4
UUOP5 UUOP5
YMTTJ YMTTJ
H8ZPW H8ZPW
V11OW V11OW
K1ZSD K1ZSD
F07YB F07YB
X2AM4 X2AM4
XPFOM XPFOM
2FT0Z 2FT0Z
URMBF URMBF
H212X H212X
