4HOMU 945CN L2PQE 2C63O WI88U TI35I OKGKQ H1LTE 8EXDQ OKGKQ C8O6I TBPBM OKGKQ LKP22 L2PQE DDXG0 WZB33 Q5DAA AT3CI L2PQE LLTLN YJ67U L2PQE V8GEC L2GJ5 1F0YL DOLRQ Q7FCL W2M5C JXLE1 OKGKQ W2H22 L2GJ5 PMFJ2 L87XM SYV5N RU85S OKGKQ C7WKJ L87XM LIRLU DTPF4 768ZF 69BJO X180A 768ZF VHCFR OKGKQ KOYRV SHOOM HWKGJ KOYRV 52MNN OLLV9 7Y5B6 XEEQB 7U3JG 7Y5B6 45JXE ZN2EP 6NY7T 7GA8O 7Y5B6 UW44H WP2MA 50J5H 0VPRW CFGE5 BE5V8 OKGKQ TY0L7 SA6G0 TORQI 945CN ZHSBU DCHO3 L2PQE RAAD4 FRZVP 945CN HZHRA 53Y1R 9WSXC OKGKQ P419D NPDI9 ZZH8Z IF7TL OKGKQ PXCIN 945CN PTADN IZESQ 2BUI5 945CN 1RS2N 0U9HU 4WDJE FCYPJ PYPSO CM5WA 6WOBI SKPO7 T9O11 LEBVZ 945CN C45HH OIPRN MC71K 6OA3K FC0PR OKGKQ A1QRL 8CLEZ TCC7B 945CN EDSMH 4HOMU
89
945CN 945CN K50JQ 3AIXW
L2PQE L2PQE WXZHF V22SY
2C63O 2C63O
WI88U WI88U
TI35I TI35I
OKGKQ Y61KP ZRPB5
H1LTE H1LTE
8EXDQ 8EXDQ
C8O6I C8O6I
TBPBM TBPBM
LKP22 LKP22
DDXG0 DDXG0
WZB33 WZB33
Q5DAA Q5DAA
AT3CI AT3CI
LLTLN LLTLN
YJ67U YJ67U
V8GEC V8GEC
L2GJ5 ELH5L L2GJ5 KC9RF 61QWU BVMDZ M1HJR
1F0YL 1F0YL
DOLRQ DOLRQ
Q7FCL Q7FCL
W2M5C W2M5C
JXLE1 JXLE1
W2H22 W2H22
PMFJ2 PMFJ2
L87XM 0D2BR
SYV5N SYV5N
RU85S RU85S
C7WKJ C7WKJ
LIRLU LIRLU
DTPF4 DTPF4
768ZF 768ZF
69BJO 69BJO
X180A X180A
VHCFR VHCFR
KOYRV KOYRV 6ACGE
SHOOM SHOOM
HWKGJ HWKGJ
52MNN 52MNN
OLLV9 OLLV9
XEEQB XEEQB
7U3JG 7U3JG
45JXE 45JXE
ZN2EP ZN2EP
7GA8O 7GA8O
UW44H UW44H
WP2MA WP2MA
50J5H 50J5H
0VPRW 0VPRW
CFGE5 CFGE5
BE5V8 BE5V8
TY0L7 TY0L7
SA6G0 SA6G0
TORQI TORQI
ZHSBU ZHSBU
DCHO3 DCHO3
RAAD4 RAAD4
FRZVP FRZVP
HZHRA HZHRA
53Y1R 53Y1R
9WSXC 9WSXC
P419D P419D
NPDI9 NPDI9
ZZH8Z ZZH8Z
IF7TL IF7TL
PXCIN PXCIN
PTADN PTADN
IZESQ IZESQ
2BUI5 2BUI5
1RS2N 1RS2N
0U9HU 0U9HU
4WDJE 4WDJE
FCYPJ FCYPJ
PYPSO PYPSO
CM5WA CM5WA
6WOBI 6WOBI
SKPO7 SKPO7
T9O11 T9O11
LEBVZ LEBVZ
C45HH C45HH
OIPRN OIPRN
MC71K MC71K
6OA3K 6OA3K
FC0PR FC0PR
A1QRL A1QRL
8CLEZ 8CLEZ
TCC7B TCC7B
EDSMH EDSMH
