cy4fm yFKGt 1H2uK NvAYI KYsbm YTtfA Iks3D NvAYI 6ceXl EWhpw FnVf8 yMPWG G6G4p DCl5F 7Lw2B rUUVt yMPWG Cfmbw Xhpv3 19YKC tao9t 29Bwa zQjQm 19YKC w4BF1 P8Fbf 7Lw2B 8aYYW hOy4D jtJls 7l0Vw F2nEN qt5AA kjpV4 uWr4y Dkq13 GHZOS FkLYM IjjWK nogr2 kjpV4 kbRYl 7XIxZ Dkq13 nogr2 P3lE7 gk2cW LNh60 C565q uT5W0 di7h7 I2lfX jse5F 7Lw2B OFvld kjpV4 3iQ53 I2lfX Vjg5l X6hJp yFKGt vSPJ5 I2lfX cy4fm
42
yFKGt yFKGt
1H2uK 1H2uK
NvAYI NvAYI wdXpe OoKEI BoNoJ
KYsbm KYsbm
Iks3D Iks3D
6ceXl 6ceXl
EWhpw EWhpw
FnVf8 FnVf8
yMPWG yMPWG 8RNd8 C0eRL C565q
G6G4p G6G4p
DCl5F DCl5F
rUUVt rUUVt
Cfmbw Cfmbw
Xhpv3 Xhpv3
19YKC dU1Ub 19YKC lA2MC
tao9t tao9t
29Bwa 5rdYI
zQjQm zQjQm
w4BF1 w4BF1
P8Fbf P8Fbf
8aYYW 8aYYW
hOy4D hOy4D
7l0Vw 7l0Vw
F2nEN F2nEN
qt5AA qt5AA
uWr4y uWr4y
GHZOS GHZOS
IjjWK IjjWK
nogr2 nogr2
kbRYl kbRYl
7XIxZ 7XIxZ
P3lE7 P3lE7
gk2cW gk2cW
LNh60 LNh60
uT5W0 uT5W0
di7h7 di7h7
jse5F jse5F
OFvld OFvld
3iQ53 3iQ53
Vjg5l Vjg5l
X6hJp X6hJp
vSPJ5 vSPJ5
