fab8g f5Qx2 Gt2w1 gwQSf 4Dy05 GHmnJ Gt2w1 fr0Bd H6HgM L54Jg LBzlR zgyDJ dAx9s 0YoJb zgyDJ 9u8oD sF84c pnHil O1QPI mgHYN Gt2w1 Flgse HigE0 KWmhW Gt2w1 1OpM2 g1WJz 3XMfZ RgC1Q 4Dy05 eDWES g1WJz H6HgM kCdcu HigE0 VUKiE zgyDJ Lqz0g 3XMfZ Bw1D7 77EXR Nbb6U BWyM2 pnHil bD2TR rzyrR VIl39 zgyDJ adW6k Upoa8 9ZatH rzyrR bepE0 3FUsL ciJ7c 4Dy05 b4E7v 1rURn 015ql fhc2k n9AEE pnHil B3NSd cQMFl F7m3U nScgp RnwlC 4Dy05 TQZik B3NSd lJfgZ g1WJz 8tK4L zgyDJ P5ucv pesnn 1pNjr rO2GE 4GEPG HKgVO cDkiZ ZlgGe KB016 pnHil 1xx4U yM9nQ HaHFT H6HgM Vjk2Z FW6DI HPcVt o4F0A f5Qx2 wiGnS RhMSo wKKkJ G91ym c17Qf 1SvIs zgyDJ G944F f5Qx2 2Z0oU zgyDJ lcarA 4Dy05 tEdSo zgyDJ 8xyrX f5Qx2 tQXF5 TtUXd 7J90B obqW1 DHhK9 H6HgM x8KLa f5Qx2 guI5B BybTG zgyDJ nRTkO 8PY0r 4Dy05 5Ix1v AGorf CT8M8 pnHil cm8oa fab8g
90
fab8g fab8g
f5Qx2 iy8Ty f5Qx2 Q0oXi XDGuI lJJK2 4b2sA
Gt2w1 Gt2w1
gwQSf gwQSf
4Dy05 PpZP8 KzS0e
GHmnJ GHmnJ
fr0Bd fr0Bd
H6HgM H6HgM BJ1iC uQK8T qchZ3
L54Jg L54Jg
LBzlR LBzlR
dAx9s dAx9s
0YoJb 0YoJb
9u8oD 9u8oD
sF84c sF84c
pnHil l0HDP aiycm
O1QPI O1QPI
mgHYN mgHYN
Flgse Flgse
KWmhW KWmhW
1OpM2 1OpM2
g1WJz g1WJz
3XMfZ 3XMfZ
RgC1Q RgC1Q
eDWES eDWES
kCdcu kCdcu
VUKiE VUKiE
Lqz0g Lqz0g
Bw1D7 Bw1D7
Nbb6U Nbb6U
BWyM2 BWyM2
bD2TR bD2TR
rzyrR rzyrR
VIl39 VIl39
adW6k adW6k
Upoa8 4ORRk
9ZatH 9ZatH
bepE0 bepE0
3FUsL 3FUsL
ciJ7c ciJ7c
b4E7v b4E7v
015ql 015ql
fhc2k fhc2k
n9AEE n9AEE
B3NSd B3NSd
cQMFl cQMFl
F7m3U F7m3U
nScgp nScgp
RnwlC RnwlC
TQZik TQZik
lJfgZ lJfgZ
8tK4L 8tK4L
P5ucv P5ucv
pesnn pesnn
1pNjr 1pNjr
4GEPG 4GEPG
HKgVO HKgVO
cDkiZ cDkiZ
ZlgGe ZlgGe
KB016 KB016
1xx4U 1xx4U
yM9nQ yM9nQ
HaHFT HaHFT
Vjk2Z Vjk2Z
FW6DI FW6DI
o4F0A o4F0A
wiGnS wiGnS
RhMSo RhMSo
wKKkJ wKKkJ
G91ym G91ym
c17Qf c17Qf
1SvIs 1SvIs
G944F G944F
2Z0oU 2Z0oU
lcarA lcarA
tEdSo tEdSo
8xyrX 8xyrX
tQXF5 tQXF5
TtUXd TtUXd
7J90B 7J90B
obqW1 obqW1
DHhK9 DHhK9
x8KLa x8KLa
guI5B guI5B
BybTG BybTG
nRTkO nRTkO
8PY0r 8PY0r
5Ix1v 5Ix1v
AGorf AGorf
CT8M8 CT8M8
cm8oa cm8oa
