10 92 41 84 85 2 82 83 18 20 31 78 79 31 91 57 9 56 19 74 75 14 40 67 98 97 66 7 23 81 22 53 13 46 77 76 29 42 80 39 68 69 14 28 51 87 86 50 33 30 88 16 93 61 6 94 7 63 95 44 12 64 65 14 41 72 73 49 52 20 54 55 90 18 7 89 3 71 18 58 10
47
10 59
92 92
84 84
85 85
2 70
82 82
83 83
20 96
78 78
79 79
91 91
57 57
56 56
74 74
75 75
67 67
98 98
97 97
66 66
81 81
53 53
77 77
76 76
80 80
68 68
69 69
51 51
87 87
86 86
50 50
88 88
93 60 93
61 61
94 62 94
63 63
95 95
64 64
65 65
72 72
73 73
52 52
54 54
55 55
90 90
89 89
71 71
58 58
