0 160 6 110 109 169 170 110 6 131 184 23 93 154 6 173 115 49 174 6 181 182 128 28 6 192 191 142 143 10 12 130 183 22 193 194 146 7 185 133 5 37 155 20 189 139 5 129 41 134 186 27 112 113 172 18 161 8 167 168 107 13 16 195 196 149 148 3 40 50 120 18 38 162 0 15 117 34 138 19 96 141 15 164 163 100 49 7 101 43 11 123 2 51 4 177 178 122 5 39 124 179 180 19 96 18 152 198 16 151 197 33 103 104 166 165 39 176 119 118 175 40 188 187 136 30 135 3 40 190 140 41 102 10 157 30 158 2 159 92 0
87
160 160
6 108
110 110
109 109
169 169
170 170
131 131
184 184
154 154
173 173
115 115
49 105
174 116 174
181 181 127
182 182
128 128
192 192
191 191
142 142
143 143
12 114
130 130
183 183
193 193 145
194 194
146 146
185 185
133 133
155 155
189 189
139 139
129 129
134 134
186 186
112 112 171
113 113
172 172
18 150 147 132 126
161 161
8 111
167 106 167
168 168
107 107
195 195
196 196
149 149
148 148
120 120
162 162
15 144
117 117
138 138
141 141
164 164
163 163
100 100
101 101
123 123
51 153
177 177 121
178 178
122 122
124 124 125
179 179
180 180
152 152
198 198
151 151
197 197
103 165 103
104 104
166 166
176 176
119 119
118 118
175 175
188 137 188
187 187
136 136
30 156
135 135
190 190
140 140
102 102
157 157
158 158
159 159
