55 3 4 7 9 15 0 16 29 34 45 52 81 89 94 1 99 102 6 25 27 32 0 44 90 103 11 65 12 54 13 1 18 20 21 0 23 31 1 36 37 39 0 41 42 0 46 48 0 51 1 57 58 60 61 62 63 67 0 69 70 71 2 72 73 75 77 79 0 80 83 1 85 0 87 92 93 2 96 98 100 104 1 106 107 108 110 112 1 55
72
55 55
3 3
4 2 4
7 7
9 9
15 15
0 49 35
16 16
29 29
34 34
45 45
52 52
81 81
89 89
94 94
99 99
102 102
6 6
25 25
27 27
32 32
44 44
90 90
103 103
11 11
65 65
12 12
54 54
13 13
18 18
20 20
21 21
23 23
31 31
36 36
37 37
39 39
41 41
42 42
46 46
48 48
51 51
57 57
58 58
60 60
61 61
62 62
63 63
67 67
69 69
70 70
71 71
72 72
73 73
75 75
77 77
79 79
80 80
83 83
85 85
87 87
92 92
93 93
96 96
98 98
100 100
104 104
106 106
107 107
108 108
110 110
112 112
