Soda Doe Hertz MLK BWW Cory Morgan Mulford Unit2 Blackwell TheRoof Barrows Stephans Davis RSF Etcheverry MemorialStadium Dwinelle Sproul BC Campanille GBC Haas LeConte MainStacks Soda Unit1 Wheeler Unit3 Soda Foothill ClarkKerr LakeMerrit GoldenStatePark Soda
26
Soda Wellman
Doe Doe
Hertz Hertz
MLK MLK
BWW BWW
Morgan Morgan
Mulford Mulford
Unit2 Unit2
Blackwell Blackwell
TheRoof TheRoof
Barrows Barrows
Stephans Stephans
RSF RSF
MemorialStadium MemorialStadium
Sproul Sproul
BC BC
GBC GBC
Haas Haas
MainStacks MainStacks
Unit1 Unit1
Wheeler Wheeler
Unit3 Unit3
Foothill Foothill
ClarkKerr ClarkKerr
LakeMerrit LakeMerrit
GoldenStatePark GoldenStatePark
