Soda ChiOmega SigmaKappa Jupiter Cory AlphaCentauri BayStreet Dwinelle Emeryville Evans SanBernardino SanDiego Cory CafeTibet Dwinelle VictoryPoint Cory InternationalHouse DeltaDelta NorthGate Mars Compton SanMiguel NorthGate Tuxcacuesco Davis Tuhuamixtel Cory Rasputin FantasticComics Riverside Bechtel ChezPanisse Sibley BerkeleyHillel SouthGate Dwinelle Kips LosAngeles BerkeleyHigh AlphaChi Ashby Davis Chino Sibley Talpa CREAM Venus Soda Saturn Guadalajara Bechtel Gregoire Pomona Soda Perris Fontana Upland Whittier Soda Myto TripleRock Soda Tang DKingGallery Soda BAMPFA Platano SantaBarbara Soda
49
Soda Irvine Tijuana Jalisco Sacramento ElGrullo MexicoCity
ChiOmega ChiOmega
SigmaKappa SigmaKappa
Jupiter Jupiter
Cory Tako Cancun
AlphaCentauri AlphaCentauri
BayStreet BayStreet
Emeryville Emeryville
SanBernardino SanBernardino
SanDiego SanDiego
CafeTibet CafeTibet
VictoryPoint VictoryPoint
InternationalHouse InternationalHouse
DeltaDelta DeltaDelta
Mars Mars
Compton Compton
SanMiguel SanMiguel
Tuxcacuesco Tuxcacuesco
Tuhuamixtel Tuhuamixtel
Rasputin Rasputin
FantasticComics FantasticComics
Riverside Riverside
ChezPanisse ChezPanisse
BerkeleyHillel BerkeleyHillel
SouthGate SouthGate
Kips Kips
LosAngeles LosAngeles
BerkeleyHigh BerkeleyHigh
AlphaChi AlphaChi
Ashby Ashby
Chino Chino
Talpa Talpa
CREAM CREAM
Venus Venus
Saturn Saturn
Guadalajara Guadalajara
Gregoire Gregoire
Pomona Pomona
Perris Perris
Fontana Fontana
Upland Upland
Whittier Whittier
Myto Myto
TripleRock TripleRock
Tang Tang
DKingGallery DKingGallery
BAMPFA BAMPFA
Platano Platano
SantaBarbara SantaBarbara
