5 103 37 25 137 14 53 11 20 24 17 105 171 149 145 193 17 159 170 82 18 41 68 18 168 22 127 187 194 141 13 189 53 196 76 33 199 24 69 138 116 9 4 89 123 69 83 31 13 137 183 51 61 28 110 39 157 35 135 10 135 100 98 180 65 109 179 26 70 78 29 164 33 43 47 16 92 80 78 56 47 43 77 71 178 91 27 2 140 77 174 33 43 151 130 46 33 164 98 42 44 2 51 61 173 6 38 75 137 191 64 37 99 37 177 103 102 23 162 52 58 1 58 122 42 152 58 5
77
103 103
37 37
25 25
137 184 137 146 156
14 14
53 53
11 11
20 20
17 17
105 105
171 104 171
149 149
193 193
159 159
170 170
18 192 18
41 41
68 68
168 168
22 22
187 187
194 194
189 189
196 196 63
76 76
33 33
199 199
69 32 153 69 81
138 138 34 55
116 116
9 9
123 123
83 83
31 31
183 183
51 51
61 61
28 28 110
39 39
157 157
35 188
135 135
10 10 50
100 100
180 180
179 179 133
26 26
78 78
164 164
43 43
47 67 47
16 16 2
92 92
80 80 158
56 56
77 77 143
71 71
178 178
91 91
140 140
174 174
151 151
46 48 154 46
42 42
44 44
173 173
75 75
64 64
99 96 99
177 177
102 102
162 162
52 52
58 58 85
1 1 101
122 122
152 152
