A42 A100 A78 A107 A186 A143 A186 A34 A186 A64 A169 A87 A183 A43 A84 A183 A100 A184 A23 A57 A176 A58 A35 A2 A67 A13 A167 A9 A105 A16 A0 A98 A144 A106 A144 A98 A148 A98 A12 A124 A91 A118 A146 A128 A161 A197 A142 A197 A98 A24 A120 A44 A63 A98 A0 A16 A137 A32 A127 A196 A30 A189 A30 A191 A64 A169 A95 A151 A166 A185 A193 A108 A45 A108 A193 A40 A193 A185 A56 A88 A13 A167 A77 A82 A194 A28 A169 A64 A186 A121 A179 A115 A77 A167 A72 A168 A7 A168 A54 A174 A162 A72 A125 A182 A125 A72 A167 A13 A70 A13 A67 A2 A39 A76 A187 A198 A63 A30 A189 A2 A130 A2 A35 A58 A176 A57 A23 A155 A60 A184 A100 A42
67
A42 A42 A71
A100 A100
A78 A78
A107 A107
A186 A111
A143 A172 A143
A34 A34 A94
A64 A64
A183 A93 A183
A43 A43
A84 A84
A184 A184
A23 A23
A57 A57 A38
A176 A176
A58 A58
A35 A35
A2 A135 A2 A5 A154
A67 A136 A51 A67
A13 A113 A75 A13
A167 A167
A9 A9
A105 A105
A16 A16
A0 A0 A103
A98 A98 A132
A144 A144
A106 A33 A106
A148 A192 A148
A124 A145 A124
A118 A118
A128 A128
A142 A139 A142
A120 A120
A44 A21
A137 A137
A32 A32
A127 A127
A196 A196
A30 A90 A30
A189 A3 A189
A191 A46 A191
A95 A177 A95
A151 A17
A185 A185
A193 A193 A20
A45 A45 A126
A40 A40 A123
A88 A88
A77 A77
A82 A65 A82
A194 A194
A28 A28
A179 A179
A72 A72 A114 A37
A7 A4 A7
A54 A54
A162 A122
A125 A181
A182 A102 A182
A70 A96 A70
A39 A39
A76 A76
A187 A187 A117
A198 A198
A130 A130 A159
A60 A92
