COM PAN RUS RWA LUX LBN LVA LAO SGP KHM RWA DMA DJI MUS SGS SHN IDN KOR LKA PYF SDN GNQ HTI CHN NOR PRY CPV RUS PSE CAN RUS BLZ BLM BEN BMU AZE BDI BHR BOL BMU NGA HUN KNA LSO JPN HUN COD PYF CAF SAU GUM REU GMB REU PAN PRY PAK PSE NRU NPL NIU IRN NIU PRY BIH BHS BRB BRA MYT POL MYT ARM ARE ALB QAT HTI MEX SHN ROU MMR MLI MLT MDA HKG KAZ GUF PAN JEY NFK CXR DEU CXR NFK AUS ATG MWI NIC NGA FSM FIN GAB ESP GIB EGY ECU ESH GBR FRA GHA GEO ESP FSM NGA HUN SGS MSR NIC ABW NER COM LIE LTU KWT COM HRV HTI HMD KGZ COL COK COM
80
PAN PAN
RUS RUS
RWA RWA LKA
LUX LBR LUX LTU
LBN LBN
LAO LAO
KHM KHM
DMA DMA
DJI DJI
SGS SGS
SHN SHN
IDN IDN
KOR KOR
SDN SDN
GNQ GNQ
HTI HTI HND
CHN CHN
NOR DZA
PRY PRY MOZ PNG GRC
CPV CPV
PSE PSE
CAN CAN CIV
BLM BLM
BEN BEN
BMU BMU
AZE AZE
BDI BDI
BHR BHR
HUN HUN REU
KNA KNA
JPN JPN
COD COD
CAF CAF
GUM GUM
REU AFG
GMB GMB NZL
PAK PAK
NRU NRU
NPL NPL
NIU NIU
IRN IRN IOT
BHS BHS
MYT MYT
POL COG MAC POL MAR
ARM ARM
ARE ARE
ALB ALB
MEX MEX
MMR MMR
MLI MLI
MDA MDA
HKG HKG
KAZ KAZ
JEY JEY
NFK NFK
CXR CXR
DEU DEU CYP
AUS AUS
ATG ATG
NIC ITA NIC IRL ALA
FSM FSM GIN
FIN FIN
GAB GAB
ESP ESP
GIB GIB
EGY EGY
ECU ECU
ESH ESH
GBR GBR
FRA FRA
GHA GHA
GEO GEO
ABW ABW
NER MTQ NER
LIE LIE
KWT KWT
HRV HRV
HMD HMD
COL COL
COK COK
