DZA DOM CUW DNK DJI BTN CAN COG COD FIN GAB CHE CCK CAF GRD GLP HMD HND GRC HKG BGD BDI BEN AUT GNQ BRN BLR BES BRN GUY HND GEO GHA FSM ERI GGY FRO FLK GEO CYP CUB GUY GLP FRA GBR ECU GIN BVT GGY DMA ATA ATF ASM CYP CYM CZE CXR CYM ARE DNK CUW DOM BHS BRB BLM BFA BHS DOM AUS GUY GMB ALB DZA
47
DOM DOM
CUW CUW
DNK DNK
DJI DJI
CAN CAN
COG COG
COD COD
FIN ABW FIN
CHE CHE
CCK CCK
CAF CAF
GRD GRD
GLP GLP
HMD HMD
HND HND
GRC GRC
HKG HKG
BGD BGD
BDI BDI
BEN BEN
GNQ GNQ
BRN BRN
BLR BLR
BES BES
GEO GEO
GHA GHA
FSM FSM
ERI ERI
FRO FRO
FLK FLK
CUB CUB
FRA FRA
GBR GBR
ECU ECU
BVT BVT
ATA ATA
ATF ATF
CYM CYM
CZE CZE
CXR CXR
ARE ARE
BHS BHS
BRB BRB
BLM BLM
BFA BFA
AUS AUS
ALB ARG AND ALB
