9b0f0f4ded15491691bd c88b4673ce3d49c6908f 3f0f5ffb79ce42f4a325 f4d7e89ec3164c95942e 2e7ecbbb3b3e47dc8d96 2343f68f1ed74a6f8567 75c151b793b54c1eae7c 3404f2452daa4f839b9b bcedb61dc02748cd9d61 f4d7e89ec3164c95942e 2bc5c3c02de447469b45 7a033f26eda14b709d28 f4d7e89ec3164c95942e 28b1f9c8d4d24d81bc6d 0ad3acb47b1642e09d4d d41ce53800e74a0f849b f4d7e89ec3164c95942e bab9aa2939444af1b896 1bcf747e9b5643a184fc 75c151b793b54c1eae7c 0921b2d036264a09b57e b5e22237f3c14773b553 5a7dba50af224e2ab6b8 85d65d4df3204859a6e4 0823afbd07bf45febe21 0ad3acb47b1642e09d4d b645cb0bc92b4d92bdf9 b989f75f3cac48bfbf34 7b57359ca242406bb373 622df2f2f11d4fd39c78 e2caa88e503f4129b613 26bbebd3e4264edd8081 bef459c8a1f84af3a3a9 622df2f2f11d4fd39c78 465a9fdfbe7e43bf9d6e f69f6451080d4570851d 885e825ee7fa47d0bf37 3f0f5ffb79ce42f4a325 ddfff2b50dff43868057 8234739fe11c4c58939e e70b11887ef14bce9075 c5365df821314eeb9891 3f0f5ffb79ce42f4a325 8a3bd04ca9844f3486da e3f0a7bd5aa342ac9fe9 4083eeebbfb942a38987 3f0f5ffb79ce42f4a325 18bb444e17894062aa31 9ff40c0a1bef41898f25 3f0f5ffb79ce42f4a325 cc612a917319427a804f 75c151b793b54c1eae7c 339edeefe40f47f4abbe d6b027921ae340ac8c4c 3f0f5ffb79ce42f4a325 eb960e815dd14fd6bd07 c0e69339ecae4efdb4d8 97b46a2d8ead45d98077 bcb1ec18982a4bb0815b 9b0f0f4ded15491691bd
44
9b0f0f4ded15491691bd 9b0f0f4ded15491691bd
c88b4673ce3d49c6908f c88b4673ce3d49c6908f
3f0f5ffb79ce42f4a325 8b72f079974a49c7aa40 3f0f5ffb79ce42f4a325 c65ed76062154b0ab868
f4d7e89ec3164c95942e f4d7e89ec3164c95942e
2e7ecbbb3b3e47dc8d96 2e7ecbbb3b3e47dc8d96
2343f68f1ed74a6f8567 2343f68f1ed74a6f8567
75c151b793b54c1eae7c c0fd362b334d43189c08 6c2d42b6b644452fbba1 be5b9781cabc47a78aac cbdeaac599ea4917bf3b d3ae567eea5a44939b43
3404f2452daa4f839b9b 3404f2452daa4f839b9b
bcedb61dc02748cd9d61 bcedb61dc02748cd9d61
2bc5c3c02de447469b45 2bc5c3c02de447469b45
7a033f26eda14b709d28 7a033f26eda14b709d28
28b1f9c8d4d24d81bc6d 28b1f9c8d4d24d81bc6d
d41ce53800e74a0f849b d41ce53800e74a0f849b
bab9aa2939444af1b896 bab9aa2939444af1b896
1bcf747e9b5643a184fc 1bcf747e9b5643a184fc
0921b2d036264a09b57e 0921b2d036264a09b57e
b5e22237f3c14773b553 b5e22237f3c14773b553
85d65d4df3204859a6e4 85d65d4df3204859a6e4
0823afbd07bf45febe21 0823afbd07bf45febe21
b645cb0bc92b4d92bdf9 b645cb0bc92b4d92bdf9
b989f75f3cac48bfbf34 b989f75f3cac48bfbf34
7b57359ca242406bb373 7b57359ca242406bb373
e2caa88e503f4129b613 e2caa88e503f4129b613
26bbebd3e4264edd8081 26bbebd3e4264edd8081
bef459c8a1f84af3a3a9 bef459c8a1f84af3a3a9
465a9fdfbe7e43bf9d6e 465a9fdfbe7e43bf9d6e
f69f6451080d4570851d f69f6451080d4570851d
885e825ee7fa47d0bf37 885e825ee7fa47d0bf37
ddfff2b50dff43868057 ddfff2b50dff43868057
8234739fe11c4c58939e 8234739fe11c4c58939e
e70b11887ef14bce9075 e70b11887ef14bce9075
c5365df821314eeb9891 c5365df821314eeb9891
8a3bd04ca9844f3486da 8a3bd04ca9844f3486da
e3f0a7bd5aa342ac9fe9 e3f0a7bd5aa342ac9fe9
4083eeebbfb942a38987 4083eeebbfb942a38987
18bb444e17894062aa31 18bb444e17894062aa31
9ff40c0a1bef41898f25 9ff40c0a1bef41898f25
cc612a917319427a804f cc612a917319427a804f
339edeefe40f47f4abbe 339edeefe40f47f4abbe
d6b027921ae340ac8c4c d6b027921ae340ac8c4c
eb960e815dd14fd6bd07 eb960e815dd14fd6bd07
c0e69339ecae4efdb4d8 c0e69339ecae4efdb4d8
97b46a2d8ead45d98077 97b46a2d8ead45d98077
bcb1ec18982a4bb0815b bcb1ec18982a4bb0815b
