Soda 99 103 108 0 110 112 0 114 120 121 122 127 129 135 2 138 139 1 148 154 159 162 163 168 170 0 173 176 178 0 181 185 188 191 192 0 195 100 102 106 1 126 0 128 2 132 133 156 2 169 177 101 197 104 105 107 109 Soda 111 113 Soda 115 116 Soda 119 123 124 Soda 131 134 136 137 Soda 141 142 143 144 145 146 149 Soda 150 151 152 153 Soda 155 157 Soda 160 161 164 Soda 165 166 167 172 174 175 Soda 179 180 Soda 183 184 186 Soda 187 189 190 Soda 194 196 Soda
92
Soda 193 130 198 140 117 118 182 125 158
99 99
103 103
108 108
0 171
110 110
112 112
114 114
120 120
121 121
122 122
127 127
129 129
135 135
138 138
139 139
1 147
148 148
154 154
159 159
162 162
163 163
168 168
170 170
173 173
176 176
178 178
181 181
185 185
188 188
191 191
192 192
195 195
100 100
102 102
106 106
126 126
128 128
132 132
133 133
156 156
169 169
177 177
101 101
197 197
104 104
105 105
107 107
109 109
111 111
113 113
115 115
116 116
119 119
123 123
124 124
131 131
134 134
136 136
137 137
141 141
142 142
143 143
144 144
145 145
146 146
149 149
150 150
151 151
152 152
153 153
155 155
157 157
160 160
161 161
164 164
165 165
166 166
167 167
172 172
174 174
175 175
179 179
180 180
183 183
184 184
186 186
187 187
189 189
190 190
194 194
196 196
