Soda 3 2 24 34 44 51 57 60 70 2 71 76 2 88 89 2 92 95 98 99 4 37 2 86 5 Soda 6 7 8 9 10 11 Soda 12 13 Soda 14 15 16 17 18 19 20 21 Soda 22 23 25 Soda 26 27 Soda 28 29 30 31 32 33 35 Soda 36 38 Soda 39 40 41 Soda 43 45 46 Soda 47 48 49 Soda 52 53 54 55 56 58 59 61 62 63 64 65 66 67 68 69 72 73 74 75 Soda 77 78 79 80 81 82 83 84 85 87 Soda 91 93 94 Soda 96 97 Soda
96
Soda 50 100 101 90 42
3 3
2 2
24 24
34 34
44 44
51 51
57 57
60 60
70 70
71 71
76 76
88 88
89 89
92 92
95 95
98 98
99 99
4 4
37 37
86 86
5 5
6 6
7 7
8 8
9 9
10 10
11 11
12 12
13 13
14 14
15 15
16 16
17 17
18 18
19 19
20 20
21 21
22 22
23 23
25 25
26 26
27 27
28 28
29 29
30 30
31 31
32 32
33 33
35 35
36 36
38 38
39 39
40 40
41 41
43 43
45 45
46 46
47 47
48 48
49 49
52 52
53 53
54 54
55 55
56 56
58 58
59 59
61 61
62 62
63 63
64 64
65 65
66 66
67 67
68 68
69 69
72 72
73 73
74 74
75 75
77 77
78 78
79 79
80 80
81 81
82 82
83 83
84 84
85 85
87 87
91 91
93 93
94 94
96 96
97 97
