Wurster Barrows Class Simon Hilgard Hesse Visitor Alabama Montgomery Tennessee Kleeberger Goldman Moses Recreational California Moffitt Blackwell Boston Indianapolis Salem Brain Massachusetts Spieker Honolulu Maxwell Optometry Raleigh Juneau Observatory Pennsylvania Parking Vermont McLaughlin Frank Pitzer Oregon Stanley Hazardous Chan Sutardja Idaho Anthony Simpson Cory Gilman Sather Florida North Nevada Silver Wurster
50
Wurster Wurster
Barrows Barrows
Class Class
Simon Simon
Hilgard Hilgard
Hesse Hesse
Visitor Visitor
Alabama Alabama
Montgomery Montgomery
Tennessee Tennessee
Kleeberger Kleeberger
Goldman Goldman
Moses Moses
Recreational Recreational
California California
Moffitt Moffitt
Blackwell Blackwell
Boston Boston
Indianapolis Indianapolis
Salem Salem
Brain Brain
Massachusetts Massachusetts
Spieker Spieker
Honolulu Honolulu
Maxwell Maxwell
Optometry Optometry
Raleigh Raleigh
Juneau Juneau
Observatory Observatory
Pennsylvania Pennsylvania
Parking Parking
Vermont Vermont
McLaughlin McLaughlin
Frank Frank
Pitzer Pitzer
Oregon Oregon
Stanley Stanley
Hazardous Hazardous
Chan Chan
Sutardja Sutardja
Idaho Idaho
Anthony Anthony
Simpson Simpson
Cory Cory
Gilman Gilman
Sather Sather
Florida Florida
North North
Nevada Nevada
Silver Silver
