Rhode Olympia Kentucky McEnerney Cheyenne East University Valley Harrisburg Hellman Martin Donner Life Campanile Michigan Baton Silver Moses Grinnell Cory CNMAT Cleary Warren Nevada Columbia BART Austin Blackwell Bowles Tang Simpson Oregon Krutch Florida LeConte Simon Berkeley Brain Class Heating Annapolis Jefferson Utah Durham Energy Pennsylvania Maryland West Hawaii Edwards Santa Salt Columbus Wisconsin Birge Mathematical Mississippi Lower Lansing Clark Illinois Montgomery Mulford Madison Etcheverry Richmond Tennessee Maxwell Providence Chvez Springer Observatory Durant Little Hertz Police Chou Bancroft Minnesota Hargrove Montana Moffitt Jones Hartford Trenton McLaughlin Concord Sproul Boalt Stadium Insectary Foothill Haste Jacobs Hearst Morrison International Barrows Nashville Topeka Rhode
100
Rhode Rhode
Olympia Olympia
Kentucky Kentucky
McEnerney McEnerney
Cheyenne Cheyenne
East East
University University
Valley Valley
Harrisburg Harrisburg
Hellman Hellman
Martin Martin
Donner Donner
Life Life
Campanile Campanile
Michigan Michigan
Baton Baton
Silver Silver
Moses Moses
Grinnell Grinnell
Cory Cory
CNMAT CNMAT
Cleary Cleary
Warren Warren
Nevada Nevada
Columbia Columbia
BART BART
Austin Austin
Blackwell Blackwell
Bowles Bowles
Tang Tang
Simpson Simpson
Oregon Oregon
Krutch Krutch
Florida Florida
LeConte LeConte
Simon Simon
Berkeley Berkeley
Brain Brain
Class Class
Heating Heating
Annapolis Annapolis
Jefferson Jefferson
Utah Utah
Durham Durham
Energy Energy
Pennsylvania Pennsylvania
Maryland Maryland
West West
Hawaii Hawaii
Edwards Edwards
Santa Santa
Salt Salt
Columbus Columbus
Wisconsin Wisconsin
Birge Birge
Mathematical Mathematical
Mississippi Mississippi
Lower Lower
Lansing Lansing
Clark Clark
Illinois Illinois
Montgomery Montgomery
Mulford Mulford
Madison Madison
Etcheverry Etcheverry
Richmond Richmond
Tennessee Tennessee
Maxwell Maxwell
Providence Providence
Chvez Chvez
Springer Springer
Observatory Observatory
Durant Durant
Little Little
Hertz Hertz
Police Police
Chou Chou
Bancroft Bancroft
Minnesota Minnesota
Hargrove Hargrove
Montana Montana
Moffitt Moffitt
Jones Jones
Hartford Hartford
Trenton Trenton
McLaughlin McLaughlin
Concord Concord
Sproul Sproul
Boalt Boalt
Stadium Stadium
Insectary Insectary
Foothill Foothill
Haste Haste
Jacobs Jacobs
Hearst Hearst
Morrison Morrison
International International
Barrows Barrows
Nashville Nashville
Topeka Topeka
