Donner Cyclotron Helena North McCone Juneau Wurster Optometry Haas Santa Phoenix Illinois Haste Providence Life Topeka Foothill Minnesota Ishi Gilman Tallahassee Old Gayley Recreational Iowa Donner
25
Donner Donner
Cyclotron Cyclotron
Helena Helena
North North
McCone McCone
Juneau Juneau
Wurster Wurster
Optometry Optometry
Haas Haas
Santa Santa
Phoenix Phoenix
Illinois Illinois
Haste Haste
Providence Providence
Life Life
Topeka Topeka
Foothill Foothill
Minnesota Minnesota
Ishi Ishi
Gilman Gilman
Tallahassee Tallahassee
Old Old
Gayley Gayley
Recreational Recreational
Iowa Iowa
