100 58 55 18 53 48 1 17 2 44 4 44 45 43 29 43 72 40 8 9 6 74 73 41 3 42 144 129 130 131 142 46 2 17 1 54 61 14 34 7 39 7 34 14 61 54 1 48 47 19 50 133 141 20 136 188 21 56 21 188 192 189 95 94 98 58 55 18 53 48 49 51 23 53 18 55 58 100 31 15 30 16 59 25 22 60 61 62 27 70 36 33 12 11 10 76 121 119 111 115 153 156 104 165 164 85 86 100
56
100 28 32
58 58
55 55 24
18 18
53 52 53
48 48
1 1
17 17
2 2
44 44
4 4 5
45 26 45
43 43
29 29 13
40 40
8 8
9 9
6 6
41 41
3 3
42 42
46 46
54 54
14 14
34 34
7 7
39 37 39
47 47
19 19
50 50
20 20
21 21
56 57 56
192 192
189 182
49 49
51 51
23 23
31 31
15 15
30 30
16 16
59 59
25 25
22 22
60 60
27 27
36 36
33 33
12 12
11 11
10 10
121 121
111 111
153 153
165 165
