YuhuaEast BedokNorth SerangoonCentral Geylang HongKah OneTreeHill SungeiKadut Geylang Paterson Sentosa SouthernIslands Geylang Mandai BayfrontSubzone Saujana SungeiKadut SingaporeRiver DefuIndustrialPark Port KentRidge Woodleigh Sembawang WaterwayEast MountEmily PearlsHill JooSengPayaLebar Woodleigh BukitBatokSouth Sentosa Sennett SungeiKadut BedokSouth BedokNorth YioChuKang Sentosa SembawangHills SembawangStraits Moulmein Woodleigh TuasBay SungeiKadut BoonLayPlace JurongWestCentral Kembangan Matilda SerangoonNorth Woodleigh LowerSeletar AngMoKioTownCentre SerangoonGarden Geylang DairyFarm KebunBahru PasirRisDrive Khatib ChinaSquare Sentosa Chatsworth SerangoonCentral ChoaChuKang DhobyGhaut Museum Aljunied Serangoon ReservoirView SungeiKadut TohGuan SerangoonCentral RochorCanal ClementiNorth BedokNorth Tanglin WoodlandsWest SungeiRoad SungeiKadut GeylangEast TampinesNorth Sentosa Commonwealth PeiChun Sentosa TelokBlangahRise BenoiSector Northland UpperThomson YioChuKangEast SungeiKadut Cairnhill EvertonPark HougangCentral BedokNorth PunggolField Woodleigh KeatHong Mountbatten Woodleigh OrangeGrove Trafalgar AlexandraNorth HongKahNorth IstanaNegara Sentosa BedokNorth Punggol OneNorth EastCoast Sentosa BoatQuay BedokNorth TuasPromenade PulauPunggolTimor Sentosa PasirRisPark Tampines BedokNorth CityHall Sentosa PayaLebarEast BedokNorth Brickworks ChangiPoint Sentosa YuhuaEast
87
BedokNorth BedokNorth UluPandan BukitBatokWest TagoreSindo ChangiWest PasirRis SimpangNorth TiongBahru MandaiEast JurongPort
SerangoonCentral SerangoonCentral
Geylang Geylang
HongKah HongKah
OneTreeHill OneTreeHill
SungeiKadut InstitutionHill SungeiKadut
Paterson Paterson
Sentosa TuasNorthPioneer Sentosa Shipyard PangSua
SouthernIslands SouthernIslands
Mandai Mandai
BayfrontSubzone BayfrontSubzone
Saujana Saujana
SingaporeRiver SingaporeRiver
DefuIndustrialPark DefuIndustrialPark
Port Port
KentRidge KentRidge
Woodleigh PeoplesPark
Sembawang Sembawang
WaterwayEast WaterwayEast
PearlsHill PearlsHill
JooSengPayaLebar JooSengPayaLebar
BukitBatokSouth BukitBatokSouth
Sennett Sennett
BedokSouth BedokSouth
YioChuKang YioChuKang
SembawangHills SembawangHills
SembawangStraits SembawangStraits
Moulmein Moulmein
TuasBay TuasBay
BoonLayPlace BoonLayPlace
JurongWestCentral JurongWestCentral
Kembangan Kembangan
Matilda Matilda
SerangoonNorth SerangoonNorth
LowerSeletar LowerSeletar
AngMoKioTownCentre AngMoKioTownCentre
SerangoonGarden SerangoonGarden
DairyFarm DairyFarm
KebunBahru KebunBahru
PasirRisDrive PasirRisDrive
Khatib Khatib
ChinaSquare ChinaSquare
Chatsworth Chatsworth
ChoaChuKang ChoaChuKang
DhobyGhaut DhobyGhaut
Museum Museum
Aljunied Aljunied
Serangoon Serangoon
ReservoirView ReservoirView
TohGuan TohGuan
RochorCanal RochorCanal
ClementiNorth ClementiNorth
Tanglin Tanglin
WoodlandsWest WoodlandsWest
SungeiRoad SungeiRoad
GeylangEast GeylangEast
TampinesNorth TampinesNorth
Commonwealth Commonwealth
PeiChun PeiChun
TelokBlangahRise TelokBlangahRise
BenoiSector BenoiSector
Northland Northland
UpperThomson UpperThomson
YioChuKangEast YioChuKangEast
Cairnhill Cairnhill
EvertonPark EvertonPark
HougangCentral HougangCentral
PunggolField PunggolField
KeatHong KeatHong
Mountbatten Mountbatten
OrangeGrove OrangeGrove
Trafalgar Trafalgar
AlexandraNorth AlexandraNorth
HongKahNorth HongKahNorth
IstanaNegara IstanaNegara
Punggol Punggol
OneNorth OneNorth
EastCoast EastCoast
BoatQuay BoatQuay
TuasPromenade TuasPromenade
PulauPunggolTimor PulauPunggolTimor
PasirRisPark PasirRisPark
Tampines Tampines
CityHall CityHall
PayaLebarEast PayaLebarEast
Brickworks Brickworks
ChangiPoint ChangiPoint
