LeonieHill FarrerPark PasirPanjang2 Boulevard NatureReserve TuasBay Trafalgar ConeyIsland NatureReserve Outram YioChuKang PasirPanjang2 Tyersall SungeiRoad KallangWay MonksHill NatureReserve Semakau TampinesWest Woodgrove WestCoast NorthCoast Townsville Shipyard TanjongRhu Yishun Clementi Sennett AnchorvaleBuangkok YioChuKang Victoria OrangeGrove Clementi SerangoonGarden PunggolTownCentre JurongWestCentral NeeSoon WestCoast Novena NatureReserve Ridout Guilin DefuIndustrialPark PasirPanjang2 Springleaf SingaporePolytechnic KampongGlam SembawangSprings YioChuKang ChoaChuKangCentral Phillip ChangiWest AirportRoad ClementiCentral FarrerPark MandaiWest Kranji GreenwoodPark NatureReserve BukitBatokCentral FarrerPark Sentosa LoyangEast WestCoast TanglinHalt LeonieHill
49
FarrerPark FarrerPark
PasirPanjang2 PasirPanjang2
Boulevard Boulevard
NatureReserve YuhuaWestBoonLay BishanEast
TuasBay TuasBay
Trafalgar Trafalgar
ConeyIsland ConeyIsland
Outram Outram
YioChuKang YioChuKang
Tyersall Tyersall
SungeiRoad SungeiRoad
KallangWay KallangWay
MonksHill MonksHill
Semakau Semakau
TampinesWest TampinesWest
Woodgrove Woodgrove
WestCoast SungeiKadut
NorthCoast NorthCoast
Townsville Townsville
Shipyard Shipyard
Yishun Yishun
Sennett Sennett
AnchorvaleBuangkok AnchorvaleBuangkok
Victoria Victoria
OrangeGrove OrangeGrove
SerangoonGarden SerangoonGarden
PunggolTownCentre PunggolTownCentre
JurongWestCentral JurongWestCentral
NeeSoon NeeSoon
Novena Novena
Ridout Ridout
Guilin Guilin
DefuIndustrialPark DefuIndustrialPark
Springleaf Springleaf
SingaporePolytechnic SingaporePolytechnic
KampongGlam KampongGlam
SembawangSprings SembawangSprings
ChoaChuKangCentral ChoaChuKangCentral
Phillip Phillip
ChangiWest ChangiWest
AirportRoad AirportRoad
ClementiCentral ClementiCentral
MandaiWest MandaiWest
Kranji Kranji
GreenwoodPark GreenwoodPark
BukitBatokCentral BukitBatokCentral
Sentosa Sentosa
LoyangEast LoyangEast
TanglinHalt TanglinHalt
