BukitBatokEast DowntownCore Sudong ChoaChuKang Simei BukitBatokEast LeonieHill Tengah NeeSoon TiongBahruStation SimpangNorth PearlsHill Redhill GaliBatuMandai CityHall Hillcrest RiverValley SwissClub GhimMoh AirportRoad SungeiRoad Frankel DowntownCore Sembawang LowerSeletar Seletar Tyersall JooKoon Tengah BukitBatokEast
24
DowntownCore DowntownCore
Sudong Sudong
ChoaChuKang ChoaChuKang
Simei Simei
LeonieHill LeonieHill
Tengah Safti
NeeSoon NeeSoon
TiongBahruStation TiongBahruStation
SimpangNorth SimpangNorth Tengeh
PearlsHill PearlsHill
Redhill Redhill
GaliBatuMandai GaliBatuMandai
CityHall CityHall
Hillcrest Hillcrest
RiverValley RiverValley
SwissClub SwissClub
GhimMoh GhimMoh
SungeiRoad SungeiRoad
Frankel Frankel
Sembawang Sembawang
LowerSeletar LowerSeletar
Seletar TanjongPagar
Tyersall Tyersall
JooKoon JooKoon
