139 58 1 47 32 148 165 36 25 195 152 123 77 147 118 75 91 62 81 65 35 99 31 15 128 182 7 28 78 9 161 4 84 44 175 184 45 152 96 27 188 6 4 145 97 176 125 22 105 127 22 105 131 73 54 191 187 30 13 43 64 17 142 37 144 30 21 113 154 119 89 138 104 35 71 104 146 12 46 82 67 106 14 86 60 39 173 128 67 82 69 72 2 153 26 3 111 120 112 41 143 158 98 172 16 172 98 156 186 122 114 178 114 133 74 7 28 123 156 30 13 158 85 11 18 139
79
139 198
58 58
1 1
47 47
32 32
148 148
165 165
25 25 101
152 152
123 123
77 77
147 147
118 118
75 75
91 91
81 81 15
65 65
35 35
31 31
128 128
182 182
7 7
78 78
9 9
161 161
84 84 189
44 44
184 184
96 96
27 27
188 188
145 145
176 157 176
125 125
22 41 22
105 105
127 127
131 131
191 141 191
187 187
30 30
13 89 13
43 43
64 64
142 142
37 130 37 5 23 109
144 144
21 21 79
113 113
119 119
138 138
104 33 104
71 71
146 146
82 82
67 67
106 106 11
14 14
60 60
39 57 39
173 173
69 69
72 72
2 153 2
26 26 48
111 111
112 112
158 158
98 98
172 172
16 108 16
156 156
186 186 134
122 122
114 114
178 178 95 8
74 74
85 85
18 18
