F8 O3 F9 A0 D3 C2 D3 K1 A1 D0 D4 C1 R5 G1 K1 T1 P7 I0 N4 H2 F4 I0 N4 R9 D2 S0 B2 A3 O5 G6 L1 I3 O5 J2 L7 D5 A3 N2 N1 A8 G0 E0 B0 Q5 B4 A2 A5 N6 B4 D5 H1 H4 B9 Q3 K5 D8 A7 N1 K3 G2 O2 N1 S2 E5 H3 T0 Q7 M4 T9 I2 F6 H3 S8 D0 N8 G4 R3 G9 S2 P6 T5 T8 F2 J1 J0 R4 N0 R8 E2 B8 M0 C4 R0 D7 A5 T8 H0 F2 H6 T8 I8 F1 D6 J0 I9 A7 T5 A9 F7 E4 S7 C7 A1 I4 L6 C8 C3 H9 H5 I7 N8 M8 K6 P9 I4 S9 E0 E3 M6 P2 A4 J0 F8
83
O3 O3
F9 F9
A0 A0
D3 D3
C2 C2 L9
K1 Q3 K1 O1
A1 A1
D4 D4
C1 C1
G1 G1
T1 T1
P7 P7
I0 I0
N4 Q8 N4
H2 H2
R9 R9
S0 S0
B2 B2
A3 A3 M5 E7
O5 O5
G6 G6
I3 I3
J2 J2
D5 E8 E3 D5 C0
N2 N2
N1 N1
A8 A8 B3
G0 G0
B0 C4 B0
Q5 Q5
B4 R6 B4
A2 A2
N6 N6
H1 N7 H1
H4 H4
K5 K5
D8 D8
K3 K3
O2 O2
S2 P5 S2
E5 E5
H3 H3
T0 T0
Q7 Q7
T9 T9
I2 I2
F6 F6 I6
S8 S8
N8 N8
G4 G4
G9 G9
P6 P6
T5 T5
T8 T8
F2 F2
J1 J1
J0 J0
R4 R4
N0 N0
R8 R8
E2 E2
M0 M0
R0 R0
D7 D7
H0 H0
H6 H6
I8 I8
F1 F1
D6 S5
I9 I9
A9 A9
E4 Q0 E4 D9
S7 S7
I4 I4
L6 L6
C8 C8
C3 C3
H5 H5
K6 K6
P9 P9
S9 S9
M6 M6
P2 P2
