Qwilfish Drampa Sandile Simisear Noibat Metapod Sandile Drampa Shellos Magmar Volcarona Vullaby Drapion Lotad Skorupi Munna Swadloon Magnemite Skorupi Lotad Metang Steenee Volcarona Vullaby Amoonguss Stufful Conkeldurr Zekrom Wartortle Taillow Scatterbug Meloetta Inkay Vespiquen Shellder Tsareena Scatterbug Crawdaunt Weezing Escavalier Woobat Crawdaunt Scatterbug Honedge Kakuna Honedge Noibat Magmar Volcarona Vullaby Jumpluff Vullaby Shellos Nincada Whismur Nincada Slowbro Dewpider Froakie Bounsweet Gengar Tauros Wailord Xerneas Shellos Tropius Qwilfish
41
Qwilfish Qwilfish
Drampa Drampa
Sandile Sandile
Simisear Simisear
Noibat Noibat
Metapod Metapod
Shellos Shellos
Magmar Magmar
Volcarona Volcarona
Vullaby Vullaby Porygon2
Drapion Drapion
Lotad Lotad
Skorupi Skiddo Skorupi
Munna Munna
Swadloon Swadloon
Magnemite Magnemite
Metang Metang Slurpuff
Steenee Steenee
Amoonguss Amoonguss
Stufful Stufful
Conkeldurr Conkeldurr
Taillow Taillow
Scatterbug Scatterbug
Meloetta Meloetta
Inkay Inkay
Vespiquen Vespiquen
Shellder Shellder
Crawdaunt Crawdaunt
Weezing Weezing
Escavalier Escavalier
Woobat Woobat
Honedge Honedge Weepinbell
Kakuna Treecko Kakuna
Jumpluff Jumpluff Plusle
Nincada Comfey Nincada Seaking
Whismur Whismur Bastiodon
Froakie Froakie
Bounsweet Bounsweet
Gengar Gengar
Tauros Tauros
Wailord Wailord
