Latias Wurmple Shelgon Magearna Jigglypuff Toxicroak Primeape Scolipede Luvdisc Reshiram Dartrix Raticate Palkia Charmeleon Relicanth Noivern Bounsweet Talonflame Elgyem Petilil Exeggutor Infernape Staryu Golisopod Vibrava Keldeo Latias
25
Wurmple Wurmple
Shelgon Shelgon
Magearna Magearna
Jigglypuff Jigglypuff
Toxicroak Toxicroak
Primeape Primeape
Scolipede Scolipede
Luvdisc Luvdisc
Reshiram Reshiram
Dartrix Dartrix
Raticate Raticate
Palkia Palkia
Charmeleon Charmeleon
Relicanth Relicanth
Noivern Noivern
Bounsweet Bounsweet
Talonflame Talonflame
Elgyem Elgyem
Petilil Petilil
Exeggutor Exeggutor
Infernape Infernape
Staryu Staryu
Golisopod Golisopod
Vibrava Vibrava
Keldeo Keldeo
