Qwilfish Tropius Drapion Lotad Politoed Terrakion Metang Lotad Amoonguss Lotad Drapion Taillow Wartortle Zekrom Paras Vullaby Jumpluff Vullaby Drapion Tropius Slowbro Simisear Sandile Dewpider Kakuna Lumineon Whismur Nincada Seaking Honedge Scatterbug Meloetta Porygon2 Crawdaunt Weezing Escavalier Woobat Crawdaunt Scatterbug Honedge Weepinbell Tsareena Scatterbug Tropius Skorupi Munna Swadloon Magnemite Shellos Xerneas Shellos Drampa Froakie Bounsweet Gengar Drampa Qwilfish
42
Qwilfish Qwilfish
Tropius Tropius
Drapion Drapion
Lotad Lotad
Politoed Politoed
Terrakion Terrakion
Metang Metang Slurpuff
Amoonguss Amoonguss Stufful
Taillow Taillow
Wartortle Vespiquen Wartortle Steenee
Zekrom Zekrom Conkeldurr
Paras Paras
Vullaby Vullaby Volcarona Porygon2
Jumpluff Jumpluff Plusle
Slowbro Slowbro
Simisear Simisear Noibat
Sandile Sandile
Dewpider Dewpider
Kakuna Treecko Kakuna
Lumineon Lumineon
Whismur Whismur Bastiodon
Nincada Comfey Nincada
Seaking Seaking
Honedge Honedge
Scatterbug Scatterbug
Meloetta Meloetta Inkay
Crawdaunt Crawdaunt
Weezing Weezing
Escavalier Escavalier
Woobat Woobat
Weepinbell Weepinbell
Tsareena Tsareena Shellder
Skorupi Skiddo Skorupi
Munna Munna
Swadloon Swadloon
Magnemite Magnemite Yungoos
Shellos Shellos Magmar
Xerneas Xerneas Wailord
Drampa Drampa Phanpy Metapod
Froakie Froakie
Bounsweet Bounsweet
Gengar Tornadus Gengar Tauros
