Monroe Asheville Athens Boulder Danbury Bridgeport Austin Danbury Havre Jacksonville Fayetteville Cambridge Rapids Five Hagerstown Monterey Laredo Collins Modesto Apple Birmingham Lowell Viejo Athens Naples Seven Antioch Mobile Lakeland Athens Dayton Three Collins Brownsville Hagerstown Lancaster Prairie Danbury Albany Gilbert Danbury Denton Denver Kenosha Lewisville Five Davidson Layton Hagerstown Carrollton Glendale Baltimore Five Burlington Ten Julian Hagerstown Johnson Arlington Corpus Clarksville Athens Lafayette Abilene Anaheim Collins Kissimmee Danbury Bethlehem Collins Gainesville Five Cary Charleston Asheville Kennewick Danbury Elkhart Baton Athens Leominster Bedford Four Canton Hagerstown Miami Danbury Hayward Hickory Amarillo Huntsville Hesperia Killeen Akron Greensboro Aberdeen Mesa CSprings Kailua Elizabeth Erie Five Hartford CSprings Muskegon Danbury Vista Fairfield Athens Montgomery Five Allentown Merced Hagerstown Daytona Anchorage Five Irving Manchester Bradenton Mesquite Monroe
91
Monroe Monroe
Asheville Asheville
Athens Athens Boise Huntington Cleveland Hialeah
Boulder Boulder
Danbury Hampton Chesapeake Lacey Dallas Detroit
Bridgeport Bridgeport
Austin Austin
Havre Havre
Jacksonville Jacksonville
Fayetteville Fayetteville
Cambridge Cambridge
Rapids Rapids
Hagerstown Hagerstown Clarke
Monterey Monterey
Laredo Laredo
Collins Melbourne
Modesto Modesto
Apple Apple
Birmingham Birmingham
Lowell Lowell
Viejo Viejo
Naples Naples
Seven Seven
Antioch Antioch
Mobile Mobile
Lakeland Lakeland
Dayton Dayton
Three Three
Brownsville Brownsville
Lancaster Lancaster
Prairie Prairie
Albany Albany
Gilbert Gilbert
Denton Denton
Denver Denver
Kenosha Kenosha
Lewisville Lewisville
Davidson Davidson
Layton Layton
Carrollton Carrollton
Glendale Glendale
Baltimore Baltimore
Burlington Burlington
Ten Ten
Julian Julian
Johnson Johnson
Arlington Arlington
Corpus Corpus
Clarksville Clarksville
Lafayette Lafayette
Abilene Abilene
Anaheim Anaheim
Kissimmee Kissimmee
Bethlehem Bethlehem
Gainesville Gainesville
Cary Cary
Charleston Charleston
Kennewick Kennewick
Elkhart Elkhart
Baton Baton
Leominster Leominster
Bedford Bedford
Four Four
Canton Canton
Miami Miami
Hayward Hayward
Hickory Hickory
Amarillo Amarillo
Huntsville Huntsville
Hesperia Hesperia
Killeen Killeen
Akron Akron
Greensboro Greensboro
Aberdeen Aberdeen
Mesa Mesa
Kailua Kailua
Elizabeth Elizabeth
Erie Erie
Hartford Hartford
Muskegon Muskegon
Vista Vista
Fairfield Fairfield
Montgomery Montgomery
Allentown Allentown
Merced Merced
Daytona Daytona
Anchorage Anchorage
Irving Irving
Manchester Manchester
Bradenton Bradenton
Mesquite Mesquite
