Burlington Honolulu Independence Chicago Prairie Downey Buffalo Independence Merced Greenville Downey Killeen Bridgeport Louisville Buffalo Hampton Chattanooga Honolulu McAllen Apple Columbus Honolulu Rapids Naperville Honolulu Davenport Miramar Honolulu Cedar Burlington
19
Honolulu Honolulu Cambridge Hayward Clarke Amarillo
Independence Independence
Chicago Chicago
Prairie Prairie
Buffalo Buffalo
Merced Merced
Greenville Myrtle Denver Greenville
Killeen Killeen
Bridgeport Bridgeport
Louisville Louisville
Hampton Hampton
Chattanooga Chattanooga
McAllen McAllen
Columbus Columbus
Rapids Rapids
Naperville Naperville
Davenport Davenport
Miramar Miramar
Cedar Cedar
