Myrtle Nashua Champaign Brownsville Huntington Bradenton Hartford Chicago Brownsville Hollywood Muskegon Brownsville Minneapolis Deltona Brownsville Cedar Davidson Brownsville Houma Medford Cathedral Canton Hemet Collins Cary Huntsville Macon Cambridge Bridgeport Albuquerque Huntington Harlingen Leominster Champaign Lexington Corpus Barnstable GreenBay Kansas Baltimore Champaign Dallas Kissimmee Alexandria Appleton Champaign Mobile Joliet Champaign Moreno Chandler Grays Aribel Hickory Miramar Montgomery Myrtle
42
Nashua Nashua
Champaign Champaign Plen Lansing Albany Abilene
Brownsville Bloomington Brownsville Erie Lorain Merced
Huntington Huntington
Bradenton Bradenton
Hartford Hartford
Chicago Chicago
Hollywood Hollywood
Muskegon Muskegon
Minneapolis Minneapolis
Deltona Deltona
Cedar Cedar
Davidson Davidson
Houma Houma
Medford Medford
Cathedral Cathedral
Hemet Hemet
Cary Cary
Huntsville Huntsville
Macon Macon
Bridgeport Bridgeport
Albuquerque Albuquerque
Harlingen Harlingen
Leominster Leominster
Lexington Lexington
Corpus Corpus
Barnstable Barnstable
GreenBay GreenBay
Kansas Kansas
Baltimore Baltimore
Dallas Dallas
Kissimmee Kissimmee
Alexandria Alexandria
Appleton Appleton
Mobile Mobile
Joliet Joliet
Moreno Moreno
Chandler Chandler
Grays Grays
Aribel Aribel
Miramar Miramar
Montgomery Montgomery
