DK AA AB AN AO AU BH BI AB BL BM BP CK AB CS CY DF DM DO DP AB DU EA EL AB EW FZ AB HD HJ AK BR AE BW CI AC DE EP AE FD GR GY AF AM AG CA CP GB AF HE HI AC AT AV AY AZ BC BE AA BF BV BZ AA CC CD CE AA CG CM CR CT AA CW CX DB DD AA DI DL AA DN DT DX DZ EB ED AA EM EN EO EQ AA FA FB FG FH FN FP FT FW GN AA HB HC AA DK
83
AA AA EY HF CU ES ET EF
AB AB GV GG GX GZ GT
AN AN
AO AO
AU AU
BH BH
BI BI
BL BL
BM BM
BP BP
CK CK
CS CS
CY CY
DF DF
DM DM
DO DO
DP DP
DU DU
EA EA
EL EL
EW EW
FZ FZ
HD HD
HJ HJ
AK AK
BR BR
BW BW
CI CI
DE DE
EP EP
FD FD
GR GR
GY GY
AM AM
AG AG
CA CA
CP CP
GB GB
HE HE
HI HI
AT AT
AV AV
AY AY
AZ AZ
BC BC
BE BE
BF BF
BV BV
BZ BZ
CC CC
CD CD
CE CE
CG CG
CM CM
CR CR
CT CT
CW CW
CX CX
DB DB
DD DD
DI DI
DL DL
DN DN
DT DT
DX DX
DZ DZ
EB EB
ED ED
EM EM
EN EN
EO EO
EQ EQ
FA FA
FB FB
FG FG
FH FH
FN FN
FP FP
FT FT
FW FW
GN GN
HB HB
HC HC
