Soda MartinezCommons ClarkKerrCampus GoldmanField Orinda Hayward WursterHall HargroveMusicLibrary AnthonyHall DonnerLab Emeryville MinorHallAddition WellmanHall Pittsburg ZellerbachPlayhouse BlumHall SternHall PimentelHall Oakley ClearyHall MulfordHall StadiumRimWay Pinole FoundersRock Hillsborough ZellerbachHall WomenFacultyClub Pacifica LowerSproulPlaza SanRafael KroeberHall HearstMiningCircle CalvinLaboratory EtcheverryHall BarkerHall Campanile Alameda KleebergerFieldHouse Saratoga GiauqueHall SanPablo Cory Healdsburg LewisHall IshiCourt Brisbane EastGate Piedmont ChouHall GilmanHall WestGate Albany Fairfield Insectary StHelena NorthGateHall Belmont WheelerHall WestCircle HertzHall FrankSchlessingerWay SatherTower HearstGreekTheatre SanRamon Benicia SproulPlaza Unit3 BancroftLibrary Unit1 EvansHall WicksonNaturalArea Soda
70
MartinezCommons MartinezCommons
ClarkKerrCampus ClarkKerrCampus
GoldmanField GoldmanField
Orinda Orinda
Hayward Hayward
WursterHall WursterHall
HargroveMusicLibrary HargroveMusicLibrary
AnthonyHall AnthonyHall
DonnerLab DonnerLab
Emeryville Emeryville
MinorHallAddition MinorHallAddition
WellmanHall WellmanHall
Pittsburg Pittsburg
ZellerbachPlayhouse ZellerbachPlayhouse
BlumHall BlumHall
SternHall SternHall
PimentelHall PimentelHall
Oakley Oakley
ClearyHall ClearyHall
MulfordHall MulfordHall
StadiumRimWay StadiumRimWay
Pinole Pinole
FoundersRock FoundersRock
Hillsborough Hillsborough
ZellerbachHall ZellerbachHall
WomenFacultyClub WomenFacultyClub
Pacifica Pacifica
LowerSproulPlaza LowerSproulPlaza
SanRafael SanRafael
KroeberHall KroeberHall
HearstMiningCircle HearstMiningCircle
CalvinLaboratory CalvinLaboratory
EtcheverryHall EtcheverryHall
BarkerHall BarkerHall
Campanile Campanile
Alameda Alameda
KleebergerFieldHouse KleebergerFieldHouse
Saratoga Saratoga
GiauqueHall GiauqueHall
SanPablo SanPablo
Cory Cory
Healdsburg Healdsburg
LewisHall LewisHall
IshiCourt IshiCourt
Brisbane Brisbane
EastGate EastGate
Piedmont Piedmont
ChouHall ChouHall
GilmanHall GilmanHall
WestGate WestGate
Albany Albany
Fairfield Fairfield
Insectary Insectary
StHelena StHelena
NorthGateHall NorthGateHall
Belmont Belmont
WheelerHall WheelerHall
WestCircle WestCircle
HertzHall HertzHall
FrankSchlessingerWay FrankSchlessingerWay
SatherTower SatherTower
HearstGreekTheatre HearstGreekTheatre
SanRamon SanRamon
Benicia Benicia
SproulPlaza SproulPlaza
Unit3 Unit3
BancroftLibrary BancroftLibrary
Unit1 Unit1
EvansHall EvansHall
WicksonNaturalArea WicksonNaturalArea
