BerkeleyArtMuseumand LowerHearstParkingSt PacificFilmArchiveBe BerkeleyArtMuseumand FoxCottage2350Bowdit KoshlandHall Unit1ResidentHall LeConteHall BerkeleyArtMuseumand EdwardsTrackStadiumG ArchitectsEngineersA HavilandHall BerkeleyArtMuseumand AnthonyHall LawrenceBerkeleyNati CesarEChavezStudentC HenryHWheelerBrainIm BerkeleyArtMuseumand MartinezCommons AlumniHouse WarrenHall CaliforniaHall BerkeleyArtMuseumand AcademicInnovationSt BowlesHall Library CheitHall AHammock StanleyHall LawSchool BerkeleyArtMuseumand MaxwellFamilyFieldan HaasSchoolofBusiness UniversityHouse BerkeleyArtMuseumand MulfordHall BarrowsHall BerkeleyArtMuseumand KoretVisitorCenter PublicAffairsOfficeo BerkeleyArtMuseumand GraduateTheologicalU SatherTower FacultyGlade BerkeleyArtMuseumand ZellerbachHall BancroftLibrary SutardjaDaiHall BerkeleyArtMuseumand SimonHall FacultyClub SimpsonCenterforStud BerkeleyArtMuseumand MosesHall SpiekerAquaticsCompl EvansHall McConeHall BerkeleyArtMuseumand GianniniHall NaturalResourcesLabo BerkeleyArtMuseumand MorrisonHall McLaughlinHall BerkeleyArtMuseumand IRLE UpperHearstParkingSt ClarkKerrCampus LatinAmericanStudies ManvilleHall LegendsAquaticCenter LawrenceHallofScienc LiKaShingCenter BerkeleyArtMuseumand EnergyBiosciencesBui MathematicalSciences EllsworthParkingStru BerkeleyArtMuseumand InternationalHouse GolbousPlace BerkeleyArtMuseumand EvansDiamond CoryHall UniversityHealthServ BerkeleyArtMuseumand ObservatoryHill MagnesCollectionofJe BancroftDanceStudio Demography BanwayBuilding MariesHouse BerkeleyArtMuseumand
71
BerkeleyArtMuseumand BerkeleyArtMuseumand EastAsianStudiesInst NorthField GoldmanField HearstMemorialMining CareerCenter Sebastians InsectaryGreenhouse FallProgramforFreshm WellmanHall ChancellorsEsplanade InvestigativeReporti
LowerHearstParkingSt LowerHearstParkingSt
PacificFilmArchiveBe PacificFilmArchiveBe
FoxCottage2350Bowdit FoxCottage2350Bowdit
KoshlandHall KoshlandHall
Unit1ResidentHall Unit1ResidentHall
LeConteHall LeConteHall
EdwardsTrackStadiumG EdwardsTrackStadiumG
ArchitectsEngineersA ArchitectsEngineersA
HavilandHall HavilandHall
AnthonyHall AnthonyHall
LawrenceBerkeleyNati LawrenceBerkeleyNati
CesarEChavezStudentC CesarEChavezStudentC
HenryHWheelerBrainIm HenryHWheelerBrainIm
MartinezCommons MartinezCommons
AlumniHouse AlumniHouse
WarrenHall WarrenHall
CaliforniaHall CaliforniaHall
AcademicInnovationSt AcademicInnovationSt
BowlesHall BowlesHall
Library Library
CheitHall CheitHall
AHammock AHammock
StanleyHall StanleyHall
LawSchool LawSchool
MaxwellFamilyFieldan MaxwellFamilyFieldan
HaasSchoolofBusiness HaasSchoolofBusiness
UniversityHouse UniversityHouse
MulfordHall MulfordHall
BarrowsHall BarrowsHall
KoretVisitorCenter KoretVisitorCenter
PublicAffairsOfficeo PublicAffairsOfficeo
GraduateTheologicalU GraduateTheologicalU
SatherTower SatherTower
FacultyGlade FacultyGlade
ZellerbachHall ZellerbachHall
BancroftLibrary BancroftLibrary
SutardjaDaiHall SutardjaDaiHall
SimonHall SimonHall
FacultyClub FacultyClub
SimpsonCenterforStud SimpsonCenterforStud
MosesHall MosesHall
SpiekerAquaticsCompl SpiekerAquaticsCompl
EvansHall EvansHall
McConeHall McConeHall
GianniniHall GianniniHall
NaturalResourcesLabo NaturalResourcesLabo
MorrisonHall MorrisonHall
McLaughlinHall McLaughlinHall
IRLE IRLE
UpperHearstParkingSt UpperHearstParkingSt
ClarkKerrCampus ClarkKerrCampus
LatinAmericanStudies LatinAmericanStudies
ManvilleHall ManvilleHall
LegendsAquaticCenter LegendsAquaticCenter
LawrenceHallofScienc LawrenceHallofScienc
LiKaShingCenter LiKaShingCenter
EnergyBiosciencesBui EnergyBiosciencesBui
MathematicalSciences MathematicalSciences
EllsworthParkingStru EllsworthParkingStru
InternationalHouse InternationalHouse
GolbousPlace GolbousPlace
EvansDiamond EvansDiamond
CoryHall CoryHall
UniversityHealthServ UniversityHealthServ
ObservatoryHill ObservatoryHill
MagnesCollectionofJe MagnesCollectionofJe
BancroftDanceStudio BancroftDanceStudio
Demography Demography
BanwayBuilding BanwayBuilding
MariesHouse MariesHouse
