McLaughlinHall WarrenHall LevineFrickeSoftball BotanicalGarden McLaughlinHall EastAsianStudiesInst Library McLaughlinHall HertzHall EvansDiamond McLaughlinHall SeniorHall GiauqueHall McLaughlinHall LegendsAquaticCenter RedwoodGroveBotanica UCBerkeleyExtension Unit3ResidentHall EshlemanHall McLaughlinHall FacultyGlade GianniniHall MathematicalSciences StephensHall McLaughlinHall DurantHall ResidentialStudentSe HasteStreetChildDeve InsectaryGreenhouse BerkeleyArtMuseumand McLaughlinHall WitterRugbyField GoldmanSchool EnergyBiosciencesBui WomensFacultyClub MagnesCollectionofJe McLaughlinHall StrawberryCanyonRecr KroeberHall RecreationalSportsFa McLaughlinHall SpiekerAquaticsCompl EtcheverryHall JonesChildStudyCente McLaughlinHall PublicAffairsOfficeo Romeos ZellerbachHall AnnaHeadAlumnaeHall VisitorCenter McLaughlinHall
40
McLaughlinHall McLaughlinHall BancroftParkingStruc SimpsonCenterforStud MoffittLibrary CareerCenter CampusSharedServices SamsPad CNMAT1750ArchSt GrinnellNaturalArea
WarrenHall WarrenHall
LevineFrickeSoftball LevineFrickeSoftball
BotanicalGarden BotanicalGarden
EastAsianStudiesInst EastAsianStudiesInst
Library Library
HertzHall HertzHall
EvansDiamond EvansDiamond
SeniorHall SeniorHall
GiauqueHall GiauqueHall
LegendsAquaticCenter LegendsAquaticCenter
RedwoodGroveBotanica RedwoodGroveBotanica
UCBerkeleyExtension UCBerkeleyExtension
Unit3ResidentHall Unit3ResidentHall
EshlemanHall EshlemanHall
FacultyGlade FacultyGlade
GianniniHall GianniniHall
MathematicalSciences MathematicalSciences
StephensHall StephensHall
DurantHall DurantHall
ResidentialStudentSe ResidentialStudentSe
HasteStreetChildDeve HasteStreetChildDeve
InsectaryGreenhouse InsectaryGreenhouse
BerkeleyArtMuseumand BerkeleyArtMuseumand
WitterRugbyField WitterRugbyField
GoldmanSchool GoldmanSchool
EnergyBiosciencesBui EnergyBiosciencesBui
WomensFacultyClub WomensFacultyClub
MagnesCollectionofJe MagnesCollectionofJe
StrawberryCanyonRecr StrawberryCanyonRecr
KroeberHall KroeberHall
RecreationalSportsFa RecreationalSportsFa
SpiekerAquaticsCompl SpiekerAquaticsCompl
EtcheverryHall EtcheverryHall
JonesChildStudyCente JonesChildStudyCente
PublicAffairsOfficeo PublicAffairsOfficeo
Romeos Romeos
ZellerbachHall ZellerbachHall
AnnaHeadAlumnaeHall AnnaHeadAlumnaeHall
VisitorCenter VisitorCenter
