Pantheon MasterYi Tailyah Galio Phoenix Tailyah Spectre Ezreal Jayce Bristleback Tailyah Ashe Magnus Maokai Tailyah Heimerdinger ChaosKnight Tailyah LoneDruid Ahri Slark KogMaw MasterYi Morgana TrollWarlord Oracle Jax Shyvana Akali Malphite Anivia Skarner Bard SpiritBreaker Lich CrystalMaiden ArcWarden Kled MasterYi Nunu BountyHunter Rumble Jinx Lucian Xerath CentaurWarrunner Disruptor Tiny Lux Jhin Draven Ziggs WraithKing Talon NightStalker Pantheon
48
MasterYi MasterYi
Tailyah Tailyah
Galio Galio
Phoenix Phoenix
Spectre Spectre
Ezreal Ezreal
Jayce Jayce
Bristleback Bristleback
Ashe Ashe
Magnus Magnus
Maokai Maokai
Heimerdinger Heimerdinger
ChaosKnight ChaosKnight
LoneDruid LoneDruid
Ahri Ahri
Slark Slark
KogMaw KogMaw
Morgana Morgana
TrollWarlord TrollWarlord
Oracle Oracle
Jax Jax
Shyvana Shyvana
Akali Akali
Malphite Malphite
Anivia Anivia
Skarner Skarner
Bard Bard
SpiritBreaker SpiritBreaker
Lich Lich
CrystalMaiden CrystalMaiden
ArcWarden ArcWarden
Kled Kled
Nunu Nunu
BountyHunter BountyHunter
Rumble Rumble
Jinx Jinx
Lucian Lucian
Xerath Xerath
CentaurWarrunner CentaurWarrunner
Disruptor Disruptor
Tiny Tiny
Lux Lux
Jhin Jhin
Draven Draven
Ziggs Ziggs
WraithKing WraithKing
Talon Talon
NightStalker NightStalker
