Fizz Talon BountyHunter Medusa Ekko Karma Rumble NightStalker Rengar Techies ShadowFiend WinterWyvern Terrorblade Mirana Leona Oracle Xayah ShadowDemon Thresh Sona Venomancer BountyHunter Visage Lucian Jayce Kennen Amumu Chen Viktor Kassadin Nidalee Beastmaster Slardar TrollWarlord Weaver Kindred Sniper Sven Vladimir Yorick Ziggs Kindred SpiritBreaker KhaZix ShadowShaman Vi Heimerdinger Kindred VelKoz Puck Ryze Cassiopeia Azir Omniknight Kayn Orianna Zilean Brewmaster BountyHunter Pantheon JarvanIV Timbersaw Kindred Janna Singed Jinx TahmKench BountyHunter Undying Quinn Irelia Rubick Zed CentaurWarrunner Fiddlesticks LoneDruid Tiny DeathProphet Kled FacelessVoid Katarina Huskar Magnus Tristana Bane Gragas Trundle Kindred Nasus Nunu Annie Warlock StormSpirit Syndra Slark LeBlanc Morphling Kindred Fizz
89
Fizz Fizz
Talon Talon
BountyHunter BountyHunter
Medusa Medusa
Ekko Ekko
Karma Karma
Rumble Rumble
NightStalker NightStalker
Rengar Rengar
Techies Techies
ShadowFiend ShadowFiend
WinterWyvern WinterWyvern
Terrorblade Terrorblade
Mirana Mirana
Leona Leona
Oracle Oracle
Xayah Xayah
ShadowDemon ShadowDemon
Thresh Thresh
Sona Sona
Venomancer Venomancer
Visage Visage
Lucian Lucian
Jayce Jayce
Kennen Kennen
Amumu Amumu
Chen Chen
Viktor Viktor
Kassadin Kassadin
Nidalee Nidalee
Beastmaster Beastmaster
Slardar Slardar
TrollWarlord TrollWarlord
Weaver Weaver
Sniper Sniper
Sven Sven
Vladimir Vladimir
Yorick Yorick
Ziggs Ziggs
SpiritBreaker SpiritBreaker
KhaZix KhaZix
ShadowShaman ShadowShaman
Vi Vi
Heimerdinger Heimerdinger
VelKoz VelKoz
Puck Puck
Ryze Ryze
Cassiopeia Cassiopeia
Azir Azir
Omniknight Omniknight
Kayn Kayn
Orianna Orianna
Zilean Zilean
Brewmaster Brewmaster
Pantheon Pantheon
JarvanIV JarvanIV
Timbersaw Timbersaw
Janna Janna
Singed Singed
Jinx Jinx
TahmKench TahmKench
Undying Undying
Quinn Quinn
Irelia Irelia
Rubick Rubick
Zed Zed
CentaurWarrunner CentaurWarrunner
Fiddlesticks Fiddlesticks
LoneDruid LoneDruid
Tiny Tiny
DeathProphet DeathProphet
Kled Kled
FacelessVoid FacelessVoid
Katarina Katarina
Huskar Huskar
Magnus Magnus
Tristana Tristana
Bane Bane
Gragas Gragas
Trundle Trundle
Nasus Nasus
Nunu Nunu
Annie Annie
Warlock Warlock
StormSpirit StormSpirit
Syndra Syndra
Slark Slark
LeBlanc LeBlanc
Morphling Morphling
