0 2 3 4 5 4 3 2 0 7 8 10 11 12 13 14 15 16 99 80 88 80 99 83 99 16 76 15 14 17 18 19 18 17 14 47 45 47 46 91 43 44 90 92 49 50 93 50 49 48 47 14 31 32 30 33 41 81 41 33 30 12 73 69 65 61 60 64 68 64 60 51 57 59 63 67 72 10 26 28 27 28 29 34 38 75 95 96 95 75 38 34 29 35 39 37 84 37 39 35 29 28 26 10 8 74 66 62 58 56 52 55 54 55 52 56 58 62 66 74 8 9 7 0 23 0
73
0 0 1 21 22
2 2
3 3
4 4
5 5 6
7 25 7
8 8
10 10
11 11
12 12
13 13
14 14
15 15
16 16
99 99 85 86
80 80
88 88 94
83 82 83 98
76 76 78
17 17
18 18
19 19 20
47 47
45 42 45
46 46
91 91
43 43
44 44
90 90
92 92
49 48 49
50 50
93 89 93
31 40 30 31
32 32
33 33 36
41 41
81 81 79
73 73
69 69
65 65 61 70
60 60
64 64
68 68 71
51 51
57 57
59 59
63 63
67 67
72 72
26 26
28 28
27 27 77
29 29
34 34
38 38
75 75
95 95
96 96 97
35 35
39 39
37 37
84 84 87
74 74
66 66
62 62
58 58
56 56
52 52
55 55
54 53 54
9 9
23 24 23
