6 0 1 4 0 7 8 6 11 10 18 19 10 11 6 199 190 196 198 199 6 11 24 20 23 26 24 30 31 39 38 36 30 42 40 41 46 48 40 42 55 50 55 67 60 62 63 65 69 67 73 74 77 75 79 70 78 73 80 81 85 88 87 80 96 90 95 97 98 90 96 103 101 105 107 100 106 109 103 111 124 133 143 158 168 172 189 182 181 180 185 186 180 189 172 170 177 178 170 179 172 168 163 166 167 160 164 168 158 150 157 158 143 144 149 145 148 140 146 143 133 130 134 137 139 133 124 120 126 128 129 124 111 112 114 115 113 118 110 111 124 133 143 158 168 172 189 199 6
79
0 0
1 1
4 4
7 7
8 8
10 10 14 15
18 18
19 19
190 194 190 191
196 196
198 198
20 20 21
23 23
26 26
31 31
39 39
38 38
36 36
40 40
41 41
46 46
48 48
50 57 50 51 59
60 60
62 62
63 63
65 65
69 69
74 74
77 77
75 75
79 79
78 78
81 81
85 85
88 88
87 87
90 90
95 95
97 97
98 98
101 101
105 105
107 107
106 106
109 109
182 182
181 181
180 187
185 185
186 186
170 176 170
177 177
178 178
179 179
163 163
166 166
167 167
164 164
150 152 153 150
157 157
144 144
149 149
145 145
148 148
146 146
130 130 132
134 134
137 137
139 139
120 120 125
126 126
128 128
129 129
112 112
114 114
115 115
113 113
118 118
