L16 L8 L1 L4 L22 L27 L29 L40 L61 L0 L62 L90 L93 L0 L103 L106 L128 L0 L150 L47 L92 L110 L2 L63 L79 L2 L95 L134 L2 L138 L9 L77 L141 L11 L12 L18 L5 L20 L21 L1 L24 L28 L35 L1 L43 L52 L1 L53 L56 L1 L67 L68 L70 L0 L72 L74 L76 L78 L1 L80 L83 L84 L0 L87 L1 L91 L94 L1 L101 L104 L107 L109 L114 L124 L125 L0 L126 L129 L130 L1 L131 L133 L140 L0 L142 L143 L144 L145 L146 L147 L1 L151 L152 L2 L38 L6 L99 L8 L119 L5 L139 L16
81
L16 L16
L8 L8
L1 L65 L1 L100
L4 L4
L22 L22
L27 L27
L29 L29
L40 L40
L61 L61
L0 L85 L149
L62 L62
L90 L90
L93 L93
L103 L103
L106 L106
L128 L128
L150 L150
L47 L47
L92 L92
L110 L110
L2 L89 L153 L2 L7
L63 L63
L79 L79
L95 L95
L134 L134
L138 L138
L9 L9
L77 L77
L141 L141
L11 L11
L12 L12
L18 L18
L5 L5
L20 L20
L21 L21
L24 L24
L28 L28
L35 L35
L43 L43
L52 L52
L53 L53
L56 L56
L67 L67
L68 L68
L70 L70
L72 L72
L74 L74
L76 L76
L78 L78
L80 L80
L83 L83
L84 L84
L87 L87
L91 L91
L94 L94
L101 L101
L104 L104
L107 L107
L109 L109
L114 L114
L124 L124
L125 L125
L126 L126
L129 L129
L130 L130
L131 L131
L133 L133
L140 L140
L142 L142
L143 L143
L144 L144
L145 L145
L146 L146
L147 L147
L151 L151
L152 L152
L38 L38
L6 L82 L75
L99 L99
L119 L119
L139 L139
