0 4 9 10 11 12 4 49 42 43 45 47 51 53 50 5 28 35 36 40 5 97 96 98 97 118 120 117 123 128 85 14 7 8 16 18 19 22 24 16 23 25 27 29 30 31 39 23 26 32 33 34 26 0 70 62 55 56 60 64 65 66 68 69 73 75 77 78 86 80 81 83 84 85 93 94 100 108 101 105 109 110 111 113 112 142 127 131 134 135 137 132 138 143 145 146 148 0
85
0 0
4 4
9 9 133
10 10
11 11
12 12
49 49
42 42
43 43
45 45
47 47
51 51
53 53
5 13 5
28 28
35 35
36 36
40 40
97 97
96 96
98 98
118 118
120 120
117 117
123 123
128 128
85 85
7 114 67 7 76 95 15
8 8 82
16 16 104
18 18
19 19
22 22
24 24
23 125 141 23
25 25
27 27
29 29
30 30
31 31
39 39
26 26 122
32 32
33 33
34 34
70 70
62 62
55 55
56 56
60 60
64 64
65 65
66 66
68 68
69 69
73 73
75 75
77 77
78 78
86 44 86
80 80 119
81 81
83 83
84 84
93 93
94 94
108 108
101 101
105 105
109 109
110 110
111 111
113 113
142 142
127 127
131 131
134 134
135 135
137 137
132 132
138 138
143 143
145 145
146 89 146
148 148
