1 9 2 8 12 14 17 8 21 3 27 2 35 44 45 9 52 2 68 87 89 9 92 4 97 2 118 127 2 140 159 2 164 167 7 181 182 8 184 186 4 190 192 3 5 13 29 59 77 78 4 79 94 116 8 120 3 122 7 129 11 139 172 183 16 6 8 7 28 121 2 123 3 148 161 3 20 60 3 76 132 7 25 99 2 151 12 155 32 1 34 36 1 67 70 74 81 1 95 100 108 112 1 119 126 1 137 142 1 149 153 1 160 163 1 165 170 176 1 178 180 191 1
86
1 131 40 42 143 114 147 117 57 91 93 64
9 9
2 65 2 53
12 12
14 14
17 17
21 21
3 3 11 197
27 27
35 35
44 44
45 45
52 52
68 68
87 87
89 89
92 92
4 188
97 97
118 118
127 127
140 140
159 159
164 164
167 167
7 7
181 181
182 182
184 184
186 186
190 190
192 192
13 13
29 29
59 59
77 77
78 78
79 79
94 94
116 116
120 120
122 122
129 129
139 139
172 172
183 183
16 16
6 6
28 28
121 121
123 123
148 148
161 161
20 20
60 60
76 76
132 132
25 25
99 99
151 151
155 155
32 32
34 34
36 36
67 67
70 70
74 74
81 81
95 95
100 100
108 108
112 112
119 119
126 126
137 137
142 142
149 149
153 153
160 160
163 163
165 165
170 170
176 176
178 178
180 180
191 191
