187 2 9 6 12 0 89 95 114 124 0 191 5 18 6 87 1 111 6 134 5 161 1 162 164 169 175 181 18 15 33 0 72 3 173 29 41 0 59 7 29 13 196 30 67 8 47 109 12 136 16 36 171 1 146 39 9 42 44 45 2 48 199 52 9 53 54 55 4 58 63 65 69 7 70 79 6 80 83 3 97 107 0 117 9 120 7 126 4 127 2 128 3 132 133 7 140 2 148 150 2 156 4 163 5 165 172 5 176 1 180 8 183 9 190 7 93 94 110 0 184 2 32 68 1 73 2 108 1 187
87
2 2 78 23
9 9
6 6 71
12 12
0 160 82 166 153 157 142
89 89
95 95
114 114
124 124
191 191
18 18
87 87
1 152 154 92 119
111 111
134 134
161 161
162 162
164 164
169 169
175 175
181 181
15 15
33 33
72 72
3 90 131 86
173 173
29 29
41 41
59 59
7 7
13 13
196 196
30 30
67 67
8 8
47 47
109 109
136 136
36 36
171 171
146 146
39 39
42 42
44 44
45 45
48 48
199 199
52 52
53 53
54 54
55 55
58 58
63 63
65 65
69 69
70 70
79 79
80 80
83 83
97 97
107 107
117 117
120 120
126 126
127 127
128 128
132 132
133 133
140 140
148 148
150 150
156 156
163 163
165 165
172 172
176 176
180 180
183 183
190 190
93 93
94 94
110 110
184 184
32 32
68 68
73 73
108 108
