gc a b v ab ah ai cv cz di dj ee em b fe fh b fw gj d cn fn e fr ft g j p u y ac ad ae am an ao ap as at aw az bb bc bi bj bl bn bp bq br bt bu bv bx by cg a cj ck cl cm co cp cq cr cs db a dg dh dn do dp dq ds dw dx dy el en ep eq er es et ey fa fd ff fi a fk fq fy ga ge gg gh gi gk gm gn go gq gc
98
a a
b q b fo
v v
ab ab
ah ah
ai ai
cv cv
cz cz
di di
dj dj
ee ee
em em
fe fe
fh fh
fw fw
gj gj
d d
cn cn
fn fn
e e
fr fr
ft ft
g g
j j
p p
u u
y y
ac ac
ad ad
ae ae
am am
an an
ao ao
ap ap
as as
at at
aw aw
az az
bb bb
bc bc
bi bi
bj bj
bl bl
bn bn
bp bp
bq bq
br br
bt bt
bu bu
bv bv
bx bx
by by
cg cg
cj cj
ck ck
cl cl
cm cm
co co
cp cp
cq cq
cr cr
cs cs
db db
dg dg
dh dh
dn dn
do do
dp dp
dq dq
ds ds
dw dw
dx dx
dy dy
el el
en en
ep ep
eq eq
er er
es es
et et
ey ey
fa fa
fd fd
ff ff
fi fi
fk fk
fq fq
fy fy
ga ga
ge ge
gg gg
gh gh
gi gi
gk gk
gm gm
gn gn
go go
gq gq
