pump row guideline feign minor admiration button novel need connection overlook category pedestrian novel plug leadership preoccupation novel anger innovation valley engineer brain forest novel impound park physical title mouse reflection diagram range descent prospect shed affect privilege aspect survival parallel sacrifice shed mud sit packet ensure distributor line novel literature gloom novel rock appearance shed tip ghost consideration novel wage lemon shed sweet unanimous wear sticky lot ground pursuit nominate shed exercise novel pipe sentiment hierarchy novel judicial linger depressed hallway attractive separate polish reject pray freedom genetic performance novel fairy formulate pump
78
pump pump
row row
guideline guideline
feign feign
minor minor
admiration admiration
button button
need need
overlook overlook
category category
pedestrian pedestrian
plug plug
leadership leadership
preoccupation preoccupation
anger anger
innovation innovation
valley valley
engineer engineer
brain brain
forest forest
impound impound
park park
physical physical
title title
mouse mouse
reflection reflection
diagram diagram
range range
descent descent
prospect prospect
shed float
affect affect
privilege privilege
aspect aspect
survival survival
parallel parallel
sacrifice sacrifice
mud mud
sit sit
packet packet
ensure ensure
distributor distributor
line line
literature literature
gloom gloom
rock rock
appearance appearance
tip tip
ghost ghost
consideration consideration
wage wage
lemon lemon
sweet sweet
unanimous unanimous
wear wear
sticky sticky
lot lot
ground ground
pursuit pursuit
nominate nominate
exercise exercise
pipe pipe
sentiment sentiment
hierarchy hierarchy
judicial judicial
linger linger
depressed depressed
hallway hallway
attractive attractive
separate separate
polish polish
reject reject
pray pray
freedom freedom
genetic genetic
performance performance
fairy fairy
formulate formulate
