paint rake ambiguous desire thumb measure determine argue wooden hit nutty diligent glamorous blade floor ice sugar inherit slam sugar finish indicate ray same sugar route imported argue complain learning stink paint
25
paint paint
rake rake
ambiguous ambiguous
desire desire
thumb thumb
measure measure
determine determine
wooden wooden
nutty nutty
diligent diligent
glamorous glamorous
blade blade
floor floor
ice ice
inherit inherit
slam slam
finish finish
indicate indicate
ray ray
same same
route route
imported imported
complain complain
learning learning
stink stink
