0 13 25 7 35 54 3 56 5 81 87 13 98 12 17 4 96 5 17 20 55 11 58 20 59 25 68 44 70 65 5 17 75 17 77 22 5 17 80 98 31 10 99 89 12 57 51 68 81 90 86 85 72 64 11 0 100 101 109 101 112 101 113 101 108 101 110 101 111 101 115 101 100 102 100 104 100 105 100 106 100 103 100 107 100 0
50
13 13
25 25
7 7
35 35
54 54
56 56
5 42 5
81 81 1 49 82 26 62
87 87
98 98
17 17
4 4 14 63
96 96
20 43 20 28
55 55
58 58
59 59
68 68 29
44 44
70 24 70
65 65
75 18 75
77 77
22 22
80 66
31 31
10 10 83
99 99
89 89 53
57 57 21
51 51
90 90
86 86
85 85
72 72
100 100
101 117 101 198
109 109 167
112 112 179 180 182
113 113 188 189
108 160 154 156 158
110 168 169 171 172 173 175
111 177 178
115 194 196
102 118 102 121 123 124
104 104 136
105 105 138
106 144 145 146 147 149 106 142
103 128 130 127
107 152 153 151
