loc0 loc1 loc9 loc35 loc37 loc43 loc77 loc85 loc91 loc97 loc107 loc1 loc119 loc123 loc1 loc171 loc173 loc175 loc1 loc179 loc189 loc3 loc21 loc39 loc41 loc57 loc3 loc143 loc155 loc2 loc193 loc5 loc117 loc177 loc4 loc7 loc11 loc13 loc15 loc17 loc19 loc0 loc23 loc25 loc27 loc29 loc31 loc0 loc45 loc47 loc49 loc51 loc53 loc0 loc55 loc59 loc0 loc61 loc63 loc65 loc67 loc71 loc0 loc73 loc75 loc79 loc81 loc83 loc87 loc0 loc95 loc99 loc101 loc103 loc105 loc0 loc109 loc111 loc0 loc115 loc121 loc125 loc127 loc0 loc129 loc131 loc133 loc135 loc137 loc0 loc139 loc141 loc145 loc0 loc147 loc151 loc153 loc159 loc0 loc161 loc163 loc165 loc167 loc169 loc0 loc181 loc183 loc185 loc0 loc191 loc195 loc0
91
loc0 loc33 loc197 loc199 loc89 loc187 loc93
loc1 loc1 loc149 loc113 loc157
loc9 loc9
loc35 loc35
loc37 loc37
loc43 loc43
loc77 loc77
loc85 loc85
loc91 loc91
loc97 loc97
loc107 loc107
loc119 loc119
loc123 loc123
loc171 loc171
loc173 loc173
loc175 loc175
loc179 loc179
loc189 loc189
loc3 loc3
loc21 loc21
loc39 loc39
loc41 loc41
loc57 loc57
loc143 loc143
loc155 loc155
loc193 loc193
loc5 loc69 loc5
loc117 loc117
loc177 loc177
loc7 loc7
loc11 loc11
loc13 loc13
loc15 loc15
loc17 loc17
loc19 loc19
loc23 loc23
loc25 loc25
loc27 loc27
loc29 loc29
loc31 loc31
loc45 loc45
loc47 loc47
loc49 loc49
loc51 loc51
loc53 loc53
loc55 loc55
loc59 loc59
loc61 loc61
loc63 loc63
loc65 loc65
loc67 loc67
loc71 loc71
loc73 loc73
loc75 loc75
loc79 loc79
loc81 loc81
loc83 loc83
loc87 loc87
loc95 loc95
loc99 loc99
loc101 loc101
loc103 loc103
loc105 loc105
loc109 loc109
loc111 loc111
loc115 loc115
loc121 loc121
loc125 loc125
loc127 loc127
loc129 loc129
loc131 loc131
loc133 loc133
loc135 loc135
loc137 loc137
loc139 loc139
loc141 loc141
loc145 loc145
loc147 loc147
loc151 loc151
loc153 loc153
loc159 loc159
loc161 loc161
loc163 loc163
loc165 loc165
loc167 loc167
loc169 loc169
loc181 loc181
loc183 loc183
loc185 loc185
loc191 loc191
loc195 loc195
