stop0 stop1 stop6 stop7 stop47 stop56 stop57 stop93 stop28 stop1 stop46 stop90 stop2 stop22 stop85 stop2 stop73 stop43 stop2 stop5 stop69 stop3 stop77 stop15 stop65 stop8 stop71 stop53 stop18 stop19 stop0 stop23 stop58 stop30 stop84 stop0 stop61 stop39 stop0 stop91 stop70 stop0 stop31 stop59 stop0 stop79 stop52 stop0 stop99 stop32 stop0 stop50 stop83 stop0
41
stop0 stop78 stop21 stop49
stop1 stop1 stop86 stop38 stop4 stop55 stop92
stop6 stop6
stop7 stop7
stop47 stop47
stop56 stop56
stop57 stop57
stop93 stop93
stop28 stop28
stop46 stop46
stop90 stop90
stop2 stop62 stop2 stop80
stop22 stop22
stop85 stop85
stop73 stop73
stop43 stop43
stop5 stop5
stop69 stop69
stop77 stop77
stop15 stop15
stop65 stop65
stop71 stop71
stop53 stop53
stop18 stop18
stop19 stop19
stop23 stop23
stop58 stop58
stop30 stop30
stop84 stop84
stop61 stop61
stop39 stop39
stop91 stop91
stop70 stop70
stop31 stop31
stop59 stop59
stop79 stop79
stop52 stop52
stop99 stop99
stop32 stop32
stop50 stop50
stop83 stop83
