Soda A5 A9 B7 D3 C1 B5 A8 A3 A4 A9 A5 Soda C5 E3 B2 C7 B3 E5 B1 C6 E9 C4 Soda C9 A7 B8 D1 D9 B9 B10 A7 A1 D5 D7 C3 E1 D4 C2 Soda a b k l k ab k b a d n o p af ag ah q p e a h ak r ak t al ak h a Soda a0 a5 a9 b7 d3 c1 b5 a8 a3 a4 a9 a5 a0 c5 e3 b2 c7 b3 e5 b1 c6 e9 c4 a0 c9 a7 b8 d1 d9 b9 b10 a7 a1 d5 d7 c3 e1 d4 c2 a0 Soda A B H AB S N G A C J I C A E Q U L E A Soda a i x u an ao ap y j aa z at aa j i a Soda A D K T AI AS AU AI K D A F M AC W X O F A Soda
76
A5 A5
A9 A9
B7 B7 B5
D3 D3
C1 C1
A3 A3
C5 C5
E3 E3
C7 C7
B3 B3
E5 E5
B1 B1 E7
C9 C9
A7 A7
D1 D1
D9 D9
B9 B9
A1 A1 D5
D7 D7
C3 C3
E1 E1
b b
l ad ax l
ab av ab
d d
n n
p p
af af
ah ah
h h
ak aj
r f r
t t
al al
a5 a5
a9 a9
b7 b5 b7
d3 d3
c1 c1
a3 a3
c5 c5
e3 e3
c7 c7
b3 b3
e5 e5
b1 b1 e7
c9 c9
a7 a7
d1 d1
d9 d9
b9 b9
a1 d5 a1
d7 d7
c3 c3
e1 e1
H H
AB AB
N AP N
J J
I AF
E P
Q Q
U AG
i j
x x
u v
an an
ap ap
z z ar
at at
T T
AI AW
AS AS
AU AU
AC AC
X AO
