node142 node77 node5 node24 node164 node0 node170 node4 node23 node12 node10 node15 node50 node1 node60 node2 node66 node3 node70 node78 node17 node87 node89 node91 node9 node121 node3 node123 node135 node12 node182 node10 node45 node26 node0 node196 node6 node18 node20 node2 node65 node3 node129 node136 node10 node163 node27 node171 node2 node47 node62 node0 node92 node27 node1 node34 node4 node2 node22 node39 node81 node102 node1 node125 node22 node143 node2 node88 node69 node93 node11 node0 node103 node18 node94 node3 node130 node6 node56 node26 node99 node40 node107 node122 node32 node111 node199 node128 node112 node31 node124 node6 node2 node140 node0 node148 node151 node154 node2 node169 node5 node177 node86 node183 node3 node80 node0 node185 node17 node1 node162 node7 node142
75
node77 node77
node5 node5
node24 node24
node164 node164
node0 node160 node152 node144 node166
node170 node170
node23 node23
node12 node161
node10 node10
node50 node50
node1 node127 node119
node60 node60
node2 node2 node53
node66 node66
node70 node70
node78 node78
node17 node17
node87 node87
node89 node89
node91 node91
node121 node121
node123 node123
node135 node135
node182 node182
node45 node45
node26 node26
node196 node196
node6 node6
node18 node18
node20 node20
node65 node65
node129 node129
node136 node136
node163 node163
node27 node27
node171 node171
node47 node47
node62 node62
node92 node92
node34 node34
node39 node39
node81 node81
node102 node102
node125 node125
node143 node143
node88 node88
node69 node69
node93 node93
node11 node11
node103 node103
node94 node94
node130 node130
node56 node56
node99 node99
node40 node40
node107 node107
node122 node122
node111 node111
node199 node199
node128 node128
node112 node112
node31 node31
node124 node124
node140 node140
node148 node148
node151 node151
node154 node154
node169 node169
node177 node177
node86 node86
node183 node183
node80 node80
node185 node185
node162 node162
node7 node108
