0 2 11 18 31 41 42 2 43 45 1 50 52 53 55 59 60 1 61 2 64 68 2 93 99 100 3 4 9 21 28 3 79 91 3 5 25 32 51 77 95 96 6 78 1 8 17 10 0 13 14 15 16 0 20 22 23 24 26 0 27 29 0 30 33 0 35 36 37 0 44 46 47 0 54 56 57 0 62 65 0 67 69 70 71 72 73 0 74 80 81 83 84 0 87 88 89 0 90 92 0 94 97 98 0
84
0 66 39 40 12 48 19 85 86 58
2 1 2 82 7 75 63
11 11
18 18
31 31
41 41
42 42
43 43
45 45
1 49
50 50
52 52
53 53
55 55
59 59
60 60
61 61
64 64
68 68
93 93
99 99
100 100
3 34 3 76 38
4 4
9 9
21 21
28 28
79 79
91 91
5 5
25 25
32 32
51 51
77 77
95 95
96 96
6 6
78 78
8 8
17 17
10 10
13 13
14 14
15 15
16 16
20 20
22 22
23 23
24 24
26 26
27 27
29 29
30 30
33 33
35 35
36 36
37 37
44 44
46 46
47 47
54 54
56 56
57 57
62 62
65 65
67 67
69 69
70 70
71 71
72 72
73 73
74 74
80 80
81 81
83 83
84 84
87 87
88 88
89 89
90 90
92 92
94 94
97 97
98 98
