369 1476 da4 2583 4434 6d2 4e6f 960c 1476 9cde d005 da40 121dd 132ea 1eb1 110d0 221a 51d8 664e 2c55 2fbe 3327 4b06 62e5 369 69b7 6d20 84ff 8bd1 a047 369 b4bd bb8f 369 d36e d6d7 dda9 e47b e7e4 eeb6 ffc3 10695 369 10d67 11b0b 369 128af 13653 139bc 13d25 369 14760 14ac9 369
45
369 c261 14e32 c933 1408e
1476 a3b 1476
da4 da4
2583 2583
4434 4434
4e6f 4e6f
960c 960c
9cde 9cde
d005 d005
da40 da40
121dd 121dd
132ea 132ea
1eb1 1eb1
110d0 110d0
221a 221a
51d8 51d8
664e 664e
2c55 2c55
2fbe 2fbe
3327 3327
4b06 4b06
62e5 62e5
69b7 69b7
6d20 6d20
84ff 84ff
8bd1 8bd1
a047 a047
b4bd b4bd
bb8f bb8f
d36e d36e
d6d7 d6d7
dda9 dda9
e47b e47b
e7e4 e7e4
eeb6 eeb6
ffc3 ffc3
10695 10695
10d67 10d67
11b0b 11b0b
128af 128af
13653 13653
139bc 139bc
13d25 13d25
14760 14760
14ac9 14ac9
