node0 node51 node50 node3 node65 node2 node69 node71 node1 node72 node78 node11 node83 node7 node85 node86 node1 node90 node7 node94 node55 node52 node60 node66 node68 node91 node3 node56 node53 node7 node96 node97 node6 node57 node73 node98 node1 node58 node59 node74 node1 node61 node79 node2 node63 node0 node64 node67 node0 node76 node77 node80 node0 node82 node84 node0
43
node0 node70 node88 node89 node75 node92 node93
node51 node51
node50 node50
node3 node62 node99 node54
node65 node65
node69 node69
node71 node71
node1 node87
node72 node72
node78 node78
node11 node81
node83 node83
node7 node95
node85 node85
node86 node86
node90 node90
node94 node94
node55 node55
node52 node52
node60 node60
node66 node66
node68 node68
node91 node91
node56 node56
node53 node53
node96 node96
node97 node97
node57 node57
node73 node73
node98 node98
node58 node58
node59 node59
node74 node74
node61 node61
node79 node79
node63 node63
node64 node64
node67 node67
node76 node76
node77 node77
node80 node80
node82 node82
node84 node84
