node0 node101 node108 node15 node113 node3 node121 node124 node128 node4 node131 node135 node4 node137 node2 node149 node6 node158 node160 node161 node1 node163 node7 node172 node5 node180 node1 node186 node190 node195 node1 node102 node116 node5 node120 node3 node145 node153 node169 node175 node3 node182 node188 node1 node193 node194 node3 node103 node105 node106 node114 node7 node152 node2 node166 node3 node177 node1 node189 node104 node167 node4 node198 node1 node107 node118 node12 node125 node2 node171 node4 node183 node185 node6 node109 node0 node115 node100 node2 node117 node119 node0 node127 node129 node130 node0 node134 node138 node140 node141 node142 node0 node147 node148 node0 node151 node154 node0 node156 node159 node0 node162 node164 node0 node173 node174 node178 node0 node181 node184 node187 node191 node0 node192 node196 node0 node197 node199 node0
85
node0 node132 node133 node165 node168 node170 node110 node143 node112 node111 node179 node150 node122 node155 node126
node101 node101
node108 node108
node113 node113
node3 node144
node121 node121
node124 node124
node128 node128
node4 node136 node176
node131 node131
node135 node135
node137 node137
node2 node146 node139
node149 node149
node6 node157
node158 node158
node160 node160
node161 node161
node163 node163
node7 node123
node172 node172
node180 node180
node186 node186
node190 node190
node195 node195
node102 node102
node116 node116
node120 node120
node145 node145
node153 node153
node169 node169
node175 node175
node182 node182
node188 node188
node193 node193
node194 node194
node103 node103
node105 node105
node106 node106
node114 node114
node152 node152
node166 node166
node177 node177
node189 node189
node104 node104
node167 node167
node198 node198
node107 node107
node118 node118
node125 node125
node171 node171
node183 node183
node185 node185
node109 node109
node115 node115
node100 node100
node117 node117
node119 node119
node127 node127
node129 node129
node130 node130
node134 node134
node138 node138
node140 node140
node141 node141
node142 node142
node147 node147
node148 node148
node151 node151
node154 node154
node156 node156
node159 node159
node162 node162
node164 node164
node173 node173
node174 node174
node178 node178
node181 node181
node184 node184
node187 node187
node191 node191
node192 node192
node196 node196
node197 node197
node199 node199
