8 2 3 29 47 63 64 65 66 49 30 51 68 69 70 52 115 167 190 156 99 12 4 33 35 38 99 100 145 86 20 39 59 40 109 118 160 171 188 193 160 101 38 55 53 71 72 54 116 168 169 191 192 158 100 16 9 1 5 79 120 172 173 174 121 123 80 124 125 126 82 142 185 143 144 82 6 83 85 19 17 21 25 26 22 42 95 27 23 91 93 27 24 89 137 90 87 135 182 136 179 183 136 88 85 127 84 97 105 164 165 105 152 153 97 8
92
2 2
3 3
29 29
47 47
63 63
64 64
65 65
66 66
49 49 113
30 30
51 51
68 68
69 69
70 70
52 52
115 115
167 167
190 190
99 99
4 4
33 33
35 35
38 38
100 100
145 145
39 39
59 59 78
40 40
109 109
118 118
160 160
171 171
188 188
193 193
55 73 55
53 53
71 71
72 72
54 54
116 116
168 168
169 169
191 191
192 192
5 5
79 79
120 120
172 172
173 173
174 174
121 121
123 123
80 80
124 124
125 125
126 126
82 82
142 142
185 185
144 144
6 6
83 83
85 85
19 19
17 17
21 21
25 25
26 26 45
22 22
42 42 61
95 95
23 23
91 91
93 93
24 102 24
89 89
137 137 181
90 90
87 87
135 135
182 182
136 136
179 179
183 183
88 147 88
127 127
97 97
105 105
164 164
165 165
152 152
153 153
