Building65 Building66 Building64 Building8 Building4 Building41 Building25 Building31 Building7 Building24 Building17 Building79 Building81 Building77 Building70 Building67 Building35 Building42 Building34 Building32 Building44 Building46 Building4 Building99 Building12 Building88 Building91 Building90 Building88 Building12 Building14 Building2 Building32 Building44 Building51 Building54 Building37 Building38 Building15 Building63 Building62 Building59 Building7 Building5 Building3 Building64 Building57 Building58 Building61 Building57 Building64 Building83 Building30 Building20 Building18 Building13 Building70 Building94 Building97 Building94 Building70 Building77 Building73 Building82 Building71 Building39 Building13 Building70 Building76 Building83 Building66 Building65
38
Building64 Building64
Building8 Building8 Building1
Building4 Building4 Building55
Building41 Building41
Building25 Building25
Building31 Building31
Building24 Building24 Building22
Building79 Building79
Building81 Building81
Building35 Building35
Building42 Building42
Building32 Building32 Building51
Building44 Building33 Building44
Building46 Building11 Building36 Building46
Building99 Building99
Building88 Building88
Building91 Building91
Building90 Building84
Building14 Building10
Building54 Building54
Building37 Building37
Building38 Building45
Building15 Building15
Building59 Building59
Building3 Building3
Building57 Building57
Building58 Building16 Building58
Building61 Building61
Building83 Building83
Building30 Building30
Building20 Building80 Building27 Building20
Building13 Building13
Building94 Building92 Building94
Building97 Building96 Building97
Building73 Building73
Building82 Building82
Building71 Building71
Building76 Building76
