aa0 aa1 aa5 aa8 aa9 ab0 ab2 ab4 ab7 ab8 ab9 ac0 ac4 ac2 ac3 ac6 ac8 ac5 ac0 ab9 ab6 ab1 ab0 aa9 aa8 aa2 aa1 aa0 kd9 kd8 kd1 kd0 kc9 kc8 kc1 kc0 kb9 kb5 kb2 kb0 ka9 ka6 ka3 ka2 ka5 ka7 ka4 ka2 ka0 gd9 gd7 gd6 gd4 gd1 gd0 gc9 gc5 gc6 gc0 gc1 gc0 gb9 gb6 gb1 gb2 gb0 gb3 gb4 gb7 gb1 gb0 ga9 ga8 ga4 ga3 ga1 ga0 ad9 ad1 ad2 ad3 ad2 ad1 ad9 ga0 ga1 ga5 ga8 ga9 gb0 gb1 gb6 gb9 gc0 gc3 gc4 gc9 gd0 gd1 gd4 gd6 gd9 ka0 ka2 ka3 ka6 ka9 kb0 kb1 kb4 kb8 kb5 kb9 kc0 kc9 kc6 kc4 kc2 kc3 kc5 kc4 kc6 kc9 kd0 kd1 kd7 kd5 kd6 kd9 aa0 aa1 aa2 aa4 aa2 aa1 aa0
43
aa5 aa5 aa6
ab2 ab2
ab4 ab4
ab7 ab7
ab8 ab8 ab5
ac2 ac2
ac3 ac7 ac3
ac6 ac6
ac8 ac8
kd8 kd8
kd1 kd3 kd1
kc8 kc8
kc1 kc1
kb5 kb5
kb2 kb6 kb2
ka6 ka6
ka2 ka2
ka5 ka5
ka7 ka8 ka7
gd9 gd9
gd7 gd7
gd6 gd8
gd4 gd3 gd4
gc5 gc5
gc0 gc8 gc3
gc1 gc1 gc2
gb6 gb6
gb2 gb2
gb3 gb3
gb4 gb4
gb7 gb7
ga8 ga7
ga4 ga4
ga3 ga3
ga1 ga2 ga6
ad3 ad4 ad5 ad6 ad7 ad8
kb4 kb7 kb8
kc6 kc6
kc2 kc2
kc5 kc5
kd5 kd5
kd6 kd4
aa4 aa3 aa4 aa7
