Egsmith Barnton Wychbourne Wychnell Ashbourne Barnton Wetwick Egtree Stainbrough Nortley Wetwick Leathermere Sodey Chelmbeck Shaftbridge Penborne Wetbridge Ashdown Chelmbeck Wychbeck Staplake Chelmbeck Cookford Shaftbage Edgey Ashdown Farnsmith Wychsmith Sunsted Flitgrove Chelmden Horsmoor Wenside Waltditch Wenside Burbourne Sodey Wenwold Stainby Brackbrough Stainby Wenwold Sodey Pemlow Blanworth Egsmith
29
Barnton Barnton
Wychbourne Sudtree Wychbourne Egavon
Wychnell Wychnell
Ashbourne Ashbourne
Wetwick Wetwick
Egtree Egtree
Stainbrough Stainbrough
Nortley Nortley
Leathermere Leathermere
Chelmbeck Chelmbeck
Shaftbridge Shaftbridge
Penborne Penborne
Ashdown Ashdown
Wychbeck Wywick Wychbeck
Staplake Staplake
Cookford Cookford
Shaftbage Shaftbage
Edgey Edgey
Farnsmith Farnsmith
Wychsmith Wychsmith
Flitgrove Flitgrove
Chelmden Chelmden
Wenside Wenside Alfchester
Waltditch Stapbeck Waltditch Chelmwang
Burbourne Burbourne
Wenwold Wenwold
Stainby Stainby
Brackbrough Brackbrough Wenbeck
Pemlow Pemlow
