Chelmbourne Stapwell Wenwang Sudworth Cleredon Edgchester Wenwang Stapwell Shrivlow Shrivside Marlton Alfwell Southstoke Brainbridge Sodside Bracklow Leatherlow Alfby Stapwell Chelmbourne Shaftwich Dartsted Clerethorne Enbage Waltbrook Hornley Stapthorne Stapmoor Prestdon Barngrove Hornley Bursted Egborne Aldhall Pemwood Sodside Wyhead Egborne Alfcastle Durditch Hornley Cookton Southmere Stainhall Enlow Waltbrook Hartbage Bracklow Southstoke Hurstworth Casford Kingssted Enbage Horncester Alfwell Sudgrove Whitavon Whitborough Horndown Hornford Elside Stainfield Chelmbourne Edgwich Leatherlake Alfby Egcastle Rocktree Elgrove Wenborough Stapwold Chelmbourne
47
Stapwell Stapwell
Wenwang Leatherlow Wenwang Barnham
Sudworth Sudworth
Cleredon Cleredon
Edgchester Edgchester
Shrivlow Shrivlow Flitham
Shrivside Shrivside
Marlton Marlton
Alfwell Alfwell Staintree
Brainbridge Brainbridge
Sodside Sodside
Bracklow Bracklow
Alfby Alfby
Shaftwich Shaftwich
Dartsted Dartsted
Clerethorne Barnside
Enbage Enbage Stainside
Waltbrook Waltbrook
Hornley Hornley Pemwold Prestey
Stapthorne Stapthorne
Stapmoor Stapmoor
Prestdon Prestdon
Bursted Bursted
Egborne Egborne
Aldhall Aldhall
Pemwood Pemwood
Wyhead Wyhead
Durditch Durditch
Cookton Cookton
Southmere Southmere
Stainhall Stainhall
Enlow Sudwich Enlow
Hartbage Hartbage
Hurstworth Hurstworth
Casford Casford
Horncester Horncester
Whitavon Whitavon
Whitborough Whitborough
Horndown Horndown
Elside Elside
Edgwich Edgwich Kingsley Whitover
Leatherlake Leatherlake
Egcastle Egcastle
Rocktree Rocktree Cookbridge
Elgrove Wenden Elgrove
Wenborough Wenborough
Stapwold Staflow
