0 15 30 45 60 75 76 77 78 79 80 95 80 65 50 36 20 5 4 3 18 19 4 5 6 7 8 9 10 25 41 56 71 70 85 100 85 84 83 82 98 99 84 85 86 87 103 104 89 59 58 73 58 43 27 12 11 10 9 8 23 7 6 5 20 36 52 36 50 65 80 79 94 93 94 109 124 123 108 92 91 75 90 106 90 75 60 45 31 47 31 15 0
42
0 0
15 15
30 30
45 45
75 75
76 76
78 78
80 80
95 111 110 95
50 50
36 51 36
20 35 20
5 5
3 3
18 18
19 34
7 7
8 8
10 10
25 40 25
41 41 55
56 56
71 71
70 70
85 85
100 116 115 100
83 83
98 98
87 88
103 103
104 119
73 73 57
12 28 13
23 23
52 52 68
93 108 93
109 109
124 124
90 105 90
106 120 121 106 122
31 46 31
47 63 47
