0 18 12 2 17 137 5 20 18 58 64 18 96 133 18 139 12 159 3 163 168 18 175 185 5 196 13 25 26 13 44 50 5 100 6 109 9 111 19 121 25 138 16 149 25 176 21 179 9 199 25 32 14 22 26 70 15 116 17 134 10 155 28 173 32 182 24 48 10 34 27 48 31 5 38 40 47 22 51 81 33 102 48 104 106 20 130 12 49 19 2 42 31 65 77 46 95 126 75 9 12 69 7 108 78 98 3 99 78 119 26 125 16 180 186 39 79 28 39 8 166 10 85 87 91 21 120 30 151 103 6 74 41 145 26 117 0 126 63 14 128 0 170 36 6 146 157 61 178 83 3 184 4 1 193 0
95
0 197
18 24 89 18 67
12 12
17 17
137 137
5 194
20 20
58 58
64 64
96 96
133 133
139 139
159 159
163 163
168 168
175 175
185 185
196 196
25 160 25 156
26 26
44 44
50 50
100 100
6 6
109 109
9 9
111 111
19 19
121 121
138 138
149 149
176 176
179 179
199 199
32 32
14 14
22 22
70 70
116 116
134 134
10 10
155 155
28 28
173 173
182 182
48 48
27 27
31 31
38 38
47 47
51 51
81 81
102 102
104 104
106 106
130 130
49 49
42 42
65 65
77 77
95 95
126 126
75 75
69 69
108 108
78 78
98 98
99 99
119 119
125 125
180 180
186 186
39 39
79 79
166 166
85 85
87 87
91 91
120 120
151 151
103 103
74 74
145 145
117 117
63 63
128 128
170 170
36 36
146 146
157 157
178 178
83 83
184 184
4 4
193 193
