location0 location7 location14 location29 location2 location31 location2 location49 location23 location90 location5 location16 location27 location44 location92 location26 location16 location35 location11 location89 location24 location4 location21 location34 location39 location17 location2 location42 location3 location17 location30 location39 location17 location50 location45 location58 location32 location1 location12 location80 location10 location36 location40 location29 location84 location33 location13 location22 location19 location33 location0 location48 location18 location25 location79 location37 location22 location43 location48 location0
40
location0 location47
location7 location7
location14 location14
location29 location29
location2 location2 location38
location31 location15 location31
location49 location49
location23 location23
location5 location5
location16 location16
location27 location27
location44 location44
location26 location26
location35 location35
location11 location11
location24 location24
location4 location4
location21 location20 location21
location34 location34
location39 location41 location22 location46 location39
location17 location17
location42 location42
location3 location3
location30 location9 location30
location50 location50
location45 location45
location32 location32
location1 location1
location12 location12
location10 location8 location10
location36 location36
location40 location40
location33 location33 location28
location13 location13
location19 location19
location48 location48 location6
location18 location18
location25 location25
location37 location37
location43 location43
