location0 location11 location12 location91 location123 location16 location54 location34 location106 location30 location90 location53 location74 location21 location52 location2 location74 location66 location96 location80 location72 location13 location47 location86 location20 location19 location47 location39 location6 location97 location33 location160 location51 location10 location29 location72 location40 location119 location95 location45 location55 location32 location88 location38 location10 location68 location81 location165 location69 location55 location99 location78 location125 location57 location15 location35 location57 location60 location89 location41 location61 location3 location1 location75 location9 location61 location41 location10 location42 location34 location65 location33 location43 location75 location71 location8 location63 location22 location44 location63 location46 location20 location43 location67 location63 location79 location1 location93 location3 location98 location142 location73 location7 location17 location117 location24 location73 location64 location22 location76 location73 location87 location25 location100 location28 location82 location28 location10 location29 location12 location70 location85 location5 location71 location36 location59 location21 location52 location94 location0
78
location11 location11
location12 location37 location12 location48 location18 location83 location25 location58 location27
location91 location91
location16 location16
location54 location54
location34 location34
location30 location50 location4 location84 location23 location30
location90 location90
location53 location53
location74 location74 location62
location21 location21
location52 location52
location2 location2
location66 location66
location96 location96
location80 location80
location72 location72
location13 location13
location47 location47
location86 location86
location20 location43 location20
location19 location19
location39 location39
location6 location6
location97 location97
location33 location33
location51 location51
location10 location10
location29 location29
location40 location40
location95 location95
location45 location45
location55 location77 location55
location32 location32 location49
location88 location88
location38 location92 location38 location31
location68 location68
location81 location81
location69 location69
location99 location99
location78 location78
location57 location57
location15 location15
location35 location35
location60 location56 location60
location89 location89
location41 location41
location61 location61 location14
location3 location3
location1 location1
location75 location75
location9 location9
location42 location42
location65 location65
location71 location71
location8 location8 location63
location22 location22
location44 location44
location46 location46
location67 location67
location79 location79
location93 location93
location98 location98
location73 location73
location7 location7
location17 location17
location24 location24
location64 location64
location76 location76
location87 location87
location100 location100
location28 location28
location82 location82 location26
location70 location70
location85 location85
location5 location5 location94
location36 location36
location59 location59
