location0 location2 location6 location1 location21 location20 location23 location24 location39 location48 location6 location10 location4 location10 location14 location11 location13 location36 location12 location8 location25 location3 location22 location9 location15 location35 location0
18
location2 location2
location6 location6
location1 location1
location21 location21
location20 location20
location23 location23
location24 location24
location10 location10
location4 location19 location4
location14 location14
location11 location11
location13 location13
location12 location18 location12
location8 location8 location5
location25 location16 location25
location3 location3 location22
location9 location9
location15 location17 location7 location15
