SantaClarita OklahomaCity Newark Bellevue Independence Fayetteville Fontana Bellevue Wichita LexingtonFa Frisco Stockton Indianapolis Austin Wichita Shreveport Beaumont Miami Scottsdale Madison StPetersburg RanchoCucamonga Sunnyvale RanchoCucamonga PembrokePines SanDiego Paterson Chandler Miami Hartford LouisvilleJefferson Ontario Madison Garland Worcester Brownsville Lafayette Washington Yonkers Frisco Indianapolis Wichita StLouis SanDiego WestValleyCity Washington Pomona Frisco LongBeach Washington Concord Victorville GardenGrove Miami Orlando LosAngeles Brownsville Glasses Alexandria Boston Ontario Omaha Allentown OklahomaCity Stamford FortCollins Waco SanDiego Omaha Wichita SiouxFalls OklahomaCity Henderson Escondido Carrollton SantaClarita
46
OklahomaCity OklahomaCity
Newark Newark
Bellevue Bellevue
Independence Independence Midland
Fayetteville Fayetteville
Wichita Wichita
LexingtonFa LexingtonFa
Stockton Stockton
Indianapolis Indianapolis
Austin Austin
Shreveport Shreveport
Beaumont Beaumont
Scottsdale Scottsdale
StPetersburg StPetersburg
RanchoCucamonga NewportNews RanchoCucamonga
Sunnyvale Surprise Sunnyvale
PembrokePines PembrokePines
SanDiego Visalia
Paterson Paterson
Hartford Hartford
LouisvilleJefferson LouisvilleJefferson
Ontario Ontario
Garland Garland
Worcester Worcester
Brownsville Brownsville
Lafayette Lafayette
Washington Washington
Yonkers Yonkers
StLouis StLouis
WestValleyCity WestValleyCity
Pomona Pomona
LongBeach LongBeach
Concord Concord
Victorville Victorville
GardenGrove GardenGrove
Orlando Orlando
LosAngeles LosAngeles
Alexandria Alexandria
Boston Boston
Omaha Omaha
Allentown Allentown
Stamford Stamford
Waco Waco
SiouxFalls SiouxFalls
Henderson Henderson
Carrollton Carrollton Huntsville
