Plano Pasadena Vancouver Atlanta Garland Fremont DesMoines Kent Oxnard Salinas Richmond Warren MorenoValley Miramar Omaha Lincoln AnnArbor Huntsville Omaha Beaumont OWO Elizabeth Lancaster Lafayette Laredo Hialeah Akron Torrance VirginiaBeach Memphis Waco Providence SanAntonio NewHaven Killeen SanJose Tampa Raleigh Pomona SanAntonio JerseyCity Torrance Pikachu FortWorth Allentown SantaAna Tulsa LexingtonFa Davidson SanBernardino CorpusChristi Fremont Stamford LexingtonFa Chicago Denton Houston Brownsville NewHaven Norfolk FortCollins Escondido LouisvilleJefferson Glasses Killeen LexingtonFa Escondido Hollywood FortWorth Houston Domination Kent Mesa OklahomaCity Riverside KansasCity Charleston VirginiaBeach Ontario Denver Hayward SantaRosa LittleRock Irvine Mobile NewOrleans AugustaRichmond Miami Olathe LasVegas SanFrancisco Miami SimiValley SanBernardino Salinas Cary Clyde Vallejo Miami Cincinnati Olathe Hampton Miami Surprise Mobile Irvine Olathe LasVegas Lakewood Worcester HuntingtonBeach SantaClarita Knoxville NewHaven SiouxFalls HuntingtonBeach Mesquite Fremont GrandPrairie Portland NewHaven Anchorage Philadelphia GardenGrove Frisco Greensboro Salinas Madison StPetersburg Thornton NewHaven ThousandOaks FortWorth Raleigh Glendale FortWorth Sunnyvale MorenoValley Rockford Pasadena StLouis KansasCity Irving Pasadena Corona NewHaven Hartford Kent SantaClara Plano
93
Pasadena Pasadena
Vancouver Vancouver
Atlanta Atlanta
Garland Garland
Fremont Fremont
Oxnard Oxnard
Salinas Salinas Anaheim
Richmond Montgomery
Warren Warren
MorenoValley MorenoValley
Omaha Omaha
Lincoln Lincoln
AnnArbor AnnArbor
Huntsville Huntsville
Beaumont Beaumont Denver
OWO OWO
Elizabeth Elizabeth
Lancaster Lancaster
Lafayette Lafayette
Laredo Laredo
Akron Akron
Torrance Torrance
Memphis Memphis
Waco Wichita Waco
SanAntonio SanAntonio
NewHaven NewHaven
Killeen Killeen
SanJose SanJose
Tampa Tampa
Raleigh Raleigh
Pomona Pomona
JerseyCity JerseyCity
Pikachu Pikachu
Allentown Allentown
Tulsa Tulsa
Davidson Davidson
SanBernardino SanBernardino
CorpusChristi CorpusChristi
Stamford Stamford
Chicago McAllen Chicago
Denton Denton
Houston Houston
Brownsville Brownsville
Norfolk Norfolk
FortCollins FortCollins
Escondido Escondido
LouisvilleJefferson LouisvilleJefferson
Glasses Glasses
Hollywood Hollywood
Mesa FortLauderdale Mesa
OklahomaCity OklahomaCity
Riverside Riverside
Charleston Charleston
Ontario Ontario
Hayward Hayward
SantaRosa SantaRosa
LittleRock LittleRock Miami
Irvine Irvine
Mobile Mobile
NewOrleans NewOrleans
AugustaRichmond AugustaRichmond
Miami Dallas Norman
Olathe Olathe
LasVegas LasVegas
SanFrancisco SanFrancisco
SimiValley SimiValley
Cary Cary
Vallejo Vallejo
Cincinnati Cincinnati
Hampton Hampton
Surprise Surprise
Worcester Worcester
HuntingtonBeach HuntingtonBeach
SantaClarita SantaClarita
Knoxville Knoxville
SiouxFalls SiouxFalls
Mesquite Mesquite
GrandPrairie GrandPrairie
Portland Portland
Anchorage Anchorage
GardenGrove GardenGrove
Greensboro Greensboro
Madison Madison
Thornton Thornton
ThousandOaks ThousandOaks
Glendale Glendale
Sunnyvale Sunnyvale
Rockford Rockford
StLouis StLouis
Irving Irving
Corona Corona
Hartford Hartford
SantaClara SantaClara
