Waco SanAntonio MorenoValley OverlandPark SterlingHeights Palmdale Clarksville Stamford Cary Palmdale AnnArbor SaltLakeCity Rochester Oski Irving SaltLakeCity AnnArbor Palmdale StPaul Victorville FortCollins Palmdale AthensClarkeCounty SanFrancisco Richmond Aurora LexingtonFa OWO SterlingHeights Lincoln Newark Atlanta Detroit DesMoines Aurora OWO SterlingHeights OverlandPark Waco
21
SanAntonio SanAntonio
MorenoValley MorenoValley
SterlingHeights SterlingHeights
Palmdale FortWayne Omaha Palmdale
Clarksville Clarksville
Stamford Stamford SanBernardino
Cary Cary
AnnArbor AnnArbor
SaltLakeCity SaltLakeCity
Rochester Rochester
Irving Irving
StPaul StPaul
FortCollins FortCollins
AthensClarkeCounty AthensClarkeCounty
SanFrancisco SanFrancisco
Richmond Richmond
LexingtonFa LexingtonFa
OWO OWO
Lincoln ChulaVista Lincoln
Newark Newark
Detroit Detroit
