0 1 22 74 102 32 89 22 157 35 24 184 156 133 96 51 164 128 11 138 10 158 164 159 25 2 70 9 78 72 2 80 103 19 98 2 177 3 100 68 183 121 4 3 5 17 50 6 134 117 167 120 75 15 27 107 3 199 45 83 130 117 56 154 174 45 47 69 10 146 79 182 12 66 35 51 114 44 115 66 187 51 67 8 33 54 51 67 172 85 84 38 74 42 84 59 143 21 173 52 154 94 13 43 17 94 28 74 65 11 19 20 53 21 43 47 160 193 197 30 0
75
0 0
1 1
22 141 93 22 23
74 74
102 102
89 89
157 157
35 35
24 151 24 153 31 78 111
184 184
133 133
96 96
51 51
164 164
128 128
11 193 11
138 138
158 158
159 159
2 2 39
70 70
9 9
72 72
80 80 14
103 103
98 98
177 177
3 81 3
100 100
68 68
183 183
4 4
5 5
17 17 18
50 50
134 134
167 167
120 120
15 16 15
27 27 101
107 107
199 199
83 83
130 130
56 56 137 152
154 154
174 174
47 166 47
69 69
146 146
182 182
66 129 66 116
114 114
115 115
187 187
67 67 125 86 71
8 8
33 33
172 172
84 84
38 38
42 42
59 59
143 143
21 21 190
173 173
52 52
94 26 94
13 13
43 43
28 28
65 65
20 20
160 160
197 197
