13 100 102 106 108 3 112 12 114 1 121 122 127 1 131 8 132 134 0 135 138 141 0 145 2 157 6 158 161 169 2 170 4 172 12 173 2 177 179 181 185 191 1 193 0 195 101 107 0 165 171 184 5 110 3 166 187 111 151 0 162 103 117 118 155 1 113 105 126 115 175 116 120 1 123 109 0 129 130 133 0 136 137 1 139 140 142 2 143 144 2 146 4 147 0 148 149 0 150 153 154 6 156 2 159 5 160 9 163 164 4 167 9 168 174 178 0 180 182 183 186 188 5 189 190 2 192 194 196 197 0 199 13
96
100 100
102 102
106 106
108 108
3 128
112 112
114 114
1 176 119
121 121
122 122
127 127
131 131
132 132
134 134
0 152 124 125 198
135 135
138 138
141 141
145 145
157 157
158 158
161 161
169 169
170 170
172 172
173 173
177 177
179 179
181 181
185 185
191 191
193 193
195 195
101 101
107 107
165 165
171 171
184 184
5 104
110 110
166 166
187 187
111 111
151 151
162 162
103 103
117 117
118 118
155 155
113 113
105 105
126 126
115 115
175 175
116 116
120 120
123 123
109 109
129 129
130 130
133 133
136 136
137 137
139 139
140 140
142 142
143 143
144 144
146 146
147 147
148 148
149 149
150 150
153 153
154 154
156 156
159 159
160 160
163 163
164 164
167 167
168 168
174 174
178 178
180 180
182 182
183 183
186 186
188 188
189 189
190 190
192 192
194 194
196 196
197 197
199 199
