vLeODpVlYSBeYNDYoXha uyPyJzKFqWxgSNmpkDrB ybrQlUhznqOhsvndWAbl ruLqpYqEzGGiKysvsarb AdXveYSBaneNwCQzrdSw TwgqMzgExFHTIfcwfBnr xQaDpDGAXhDYzSMnMWvb TwgqMzgExFHTIfcwfBnr cZgmtoPGHxdozTaDMiyf DWWCMAjZQQIEKOIiHFQN aWvnTxwRCeZSoCnPnhDt ybrQlUhznqOhsvndWAbl NAHeKyyhAObyyUEUSkSU fHcdXnOxSadpKeCUwNYm CmbFyJmcvVqyCmJgQxeI gMqbbwopmbxmOomqZjfm QkAjrUUuVdzSMnlfJLcO NciLXNPTvMoXdbTDZmlg gIttwvzcgONwFblnGIqq gzxzakmqbxbsOczuQVLG wRjMmrpRuknxqunJrMAE DqUxIMslnixWfmkjQTmS wRjMmrpRuknxqunJrMAE TwgqMzgExFHTIfcwfBnr JfHUEGGyknWmebdthZai KgnBXuaAkdTHYMUVRKMG fvEcAuRDdfuHEPLNpaTz ROtRYAvFkNWuCvofIroy MlwlINEFqmyzZNPXRLJF zxeoSbTqbWPpSzalAtBI pdXCnKagnvEntNTuPHdK CPszTohYUHARNedzFlDK OVoYVQPnlYoZBBKtyuLk TCAkluAESUWAMGFeNcGN MlwlINEFqmyzZNPXRLJF tVzUgXVoBYxBMnkkwFmk ZbyHJLmoTqNpTnlUVJZC aCucdhmWbhlrgfstQigR BXzACdzjLITNgbmDPlEu UAwuKFcUHFyvaFCTLpOT QQSjCkgLAWAPObYQvNsB JfHUEGGyknWmebdthZai mlipOrSnGcxXtoXBbRyl iDucfyZGMCbCQbXjbQqM jzQJaGLLiuQLhhyqBagr iBYHAWUhqeQPjphQzpdN mevvwcZLudaokctOWvKe FcEsyaTmqpoyvbDrHjlc UAwuKFcUHFyvaFCTLpOT QQSjCkgLAWAPObYQvNsB jwIBHKkXHTPVsOJwBOsr VhDSPHxolLkNxxDnpUyx fPxvnMVMFwhJbNBURdgD vGdJmIpYPUGRspXiVLdc sBkAYRISjTYinLFSNcKW ajvbaFpYiEBJySPsSLaI LeLGVrNGvkwLbzIWTNFP aWvnTxwRCeZSoCnPnhDt EWpsBSEfAOWAjikCpvhc vLeODpVlYSBeYNDYoXha
37
uyPyJzKFqWxgSNmpkDrB uyPyJzKFqWxgSNmpkDrB
ybrQlUhznqOhsvndWAbl ybrQlUhznqOhsvndWAbl
ruLqpYqEzGGiKysvsarb ruLqpYqEzGGiKysvsarb
AdXveYSBaneNwCQzrdSw AdXveYSBaneNwCQzrdSw
TwgqMzgExFHTIfcwfBnr TwgqMzgExFHTIfcwfBnr
xQaDpDGAXhDYzSMnMWvb WCCOEUYmDvzZlrkDAqoi xQaDpDGAXhDYzSMnMWvb
cZgmtoPGHxdozTaDMiyf cZgmtoPGHxdozTaDMiyf
DWWCMAjZQQIEKOIiHFQN DWWCMAjZQQIEKOIiHFQN
NAHeKyyhAObyyUEUSkSU NAHeKyyhAObyyUEUSkSU
fHcdXnOxSadpKeCUwNYm fHcdXnOxSadpKeCUwNYm
CmbFyJmcvVqyCmJgQxeI CmbFyJmcvVqyCmJgQxeI
gMqbbwopmbxmOomqZjfm gMqbbwopmbxmOomqZjfm UgFPXEAdAfcfHGIbNTsq
QkAjrUUuVdzSMnlfJLcO QkAjrUUuVdzSMnlfJLcO NciLXNPTvMoXdbTDZmlg
gIttwvzcgONwFblnGIqq gIttwvzcgONwFblnGIqq
gzxzakmqbxbsOczuQVLG gEufXNuuWhnlbNYaoQFJ gzxzakmqbxbsOczuQVLG
wRjMmrpRuknxqunJrMAE iBjjCWwkYToOKfrrLnny
DqUxIMslnixWfmkjQTmS TqyFrXuGvuBuqnpYbjKc DqUxIMslnixWfmkjQTmS fToHwimUqLsKcKLZHiUX
fvEcAuRDdfuHEPLNpaTz fvEcAuRDdfuHEPLNpaTz sXfgLMwoysnMazVSWnhc
MlwlINEFqmyzZNPXRLJF MlwlINEFqmyzZNPXRLJF
zxeoSbTqbWPpSzalAtBI zxeoSbTqbWPpSzalAtBI
pdXCnKagnvEntNTuPHdK pdXCnKagnvEntNTuPHdK dyUDfEGgAoSshTRjMZZg
CPszTohYUHARNedzFlDK CPszTohYUHARNedzFlDK
OVoYVQPnlYoZBBKtyuLk OVoYVQPnlYoZBBKtyuLk
tVzUgXVoBYxBMnkkwFmk tVzUgXVoBYxBMnkkwFmk
aCucdhmWbhlrgfstQigR aCucdhmWbhlrgfstQigR
BXzACdzjLITNgbmDPlEu BXzACdzjLITNgbmDPlEu
QQSjCkgLAWAPObYQvNsB jwIBHKkXHTPVsOJwBOsr cvlwIwajcIlbhZbyFgmq QQSjCkgLAWAPObYQvNsB RjKEHTlRvtaVBbyqZVAw
mlipOrSnGcxXtoXBbRyl mlipOrSnGcxXtoXBbRyl
iDucfyZGMCbCQbXjbQqM CfkBzkPETvagyIDCsLTD iDucfyZGMCbCQbXjbQqM
jzQJaGLLiuQLhhyqBagr jzQJaGLLiuQLhhyqBagr
iBYHAWUhqeQPjphQzpdN iBYHAWUhqeQPjphQzpdN
mevvwcZLudaokctOWvKe NVEtShKeuxpaFIOiyVqE
FcEsyaTmqpoyvbDrHjlc FcEsyaTmqpoyvbDrHjlc
VhDSPHxolLkNxxDnpUyx PLDOWRIeaCSVLMyDadzC VhDSPHxolLkNxxDnpUyx
fPxvnMVMFwhJbNBURdgD fPxvnMVMFwhJbNBURdgD
sBkAYRISjTYinLFSNcKW sBkAYRISjTYinLFSNcKW
LeLGVrNGvkwLbzIWTNFP ASXwCgVTXDdhSXJwFovC
