wNqlpYNsRbJEgiGpKxrU lbWonvEbeplndKguSTkk eOfnBeTgmYCNEnRUhlEK KcrnMnFDTrBKaUaGpdLY mgNeYYUOPKpLeiVEFIXd GMxGouyyndiUBMqMdOoc jUSlIFtitQxyvVLJjiCc GMxGouyyndiUBMqMdOoc gcXUxTVUZWsOwtRNeDDa imEmCMbYEtZJJkwxkSDD bEfUXCTlwRBndElSbPGf UIlSMnVKIdNiXZNSiHsI yscsUFTNNyaVMKBztBdV lIpVoDPUIfHCPpjswogJ CMyhrOeiLyytYlFYZldw EEeDJaHeajXXlwYcHTeJ efZntVbfQTvIUOiRNPSH QPuWhldwxyxWvfAFawIx FaWIqatYRYVcXfVhAFRN XvUPApTFkqaSSizYsCIr edlAtPQdNXJQPCIzpkyX qoaNjvaRghiMQXaVEoQe joWAhkfNqIEECnBeulGl GMxGouyyndiUBMqMdOoc mgNeYYUOPKpLeiVEFIXd NtyLZDOaSczVvOGdocUp NYdfLxXxFVvLEbDKzXWn wlySPverjehsBxldyigf oDgfEuAVpeOlkkTIMDLw eCBFrcppbiLzdGQubocl ZwvojvRdUOYNJXIwAqgC uUKZHvHmBrpBHjYWNaUL HeWrJOKsDjgdrcamgZLN kwPuYZgJgVVJfdBGUtPw mgNeYYUOPKpLeiVEFIXd KcrnMnFDTrBKaUaGpdLY eOfnBeTgmYCNEnRUhlEK xlbpuxAjoVPJWPCWBEkJ zNRhhVdMWUgTnnqmAfeY QeYNNLpZMBxyiFbZMPFY wvSJDoqoPGAkYgSuPFPw XvUPApTFkqaSSizYsCIr QyXpliHSeQOPIsurIcpa DpztIuGTRpGuLsdlODJw lSJjEsqamUCgRZdCmdyI oZXYedlbtBLmkfoVmgta NJZlnWyeJFrkOwoqHKtT xgBrJmdXVwtxgRuCBhMe QePOUWiXcAUCoHETxuGS xgBrJmdXVwtxgRuCBhMe NJZlnWyeJFrkOwoqHKtT nCedHqGgdWAicwyuYWpg VRpSthoDcomqMDsGoVql vPtcoCdDMvVYwOuvanRP lSJjEsqamUCgRZdCmdyI aGPbLNWYAMujnfHCTCMo HeWrJOKsDjgdrcamgZLN zHPSSEtFTQIbLYMdHqgP pMOSpTzPTPLXHLOQMjnt PZwTcKCPsEmpxetNZvef WMWBpOSnHGywZjCgaYyY RlHeRhvUOhGhZVGGJuED eiLPqIroFfCGzqSAlzAp ccdJRKiTXwIErdhSIxfh erZKLqpCZsYKDnOCaBGq TcLSEpnQLlwURcYobXtr flqILnAtFsDqLctdZjpz XtZHoAxqEyzvMChzPHpN WMWBpOSnHGywZjCgaYyY nreoVgWrBhNXFZgTBlXO QjbdwbUnopENkiNyqirZ DZEpVGVXkxHljziwItaS ADVVlRLpnspleRTgeTdu QLULTvtlfumxlpAQZckT jwcUBYKIcRlUlpQdHDpU oLMkSrYLQRLHmPiuLCTC UyqqHOBdNdTWOKriHQVt nreoVgWrBhNXFZgTBlXO szyiMlKhtyOynWjcoMsm zHPSSEtFTQIbLYMdHqgP aIuYyryCOUGVeCAqbqkg zHPSSEtFTQIbLYMdHqgP vTbNxpVTEoFlSjvvVvfG cMYyKTXGNKnFzrpwnXUl szyiMlKhtyOynWjcoMsm ihxEqMQIIvyQmtrtMjeO aGPbLNWYAMujnfHCTCMo YTwycpmzEWCqqTELtzXc aGPbLNWYAMujnfHCTCMo kyApsCeFkLoLFCdkazaE PZwTcKCPsEmpxetNZvef MBJqOYmxhUYbldNVEdRy NzDQJknJPDEkcwCHzzbF oHoxoLeyDYnKZDzgMtxI CvZkdIYtdeDHtwufupie ZXihCBEQBTdisqSlEMsj FaWIqatYRYVcXfVhAFRN IBsTZegidEetQKMLVasu TEPaiCedHTXapLxoBXMp bFmSeBrfNuxjYPUDCLYq jwcUBYKIcRlUlpQdHDpU pzrGQEObzJGPnfATEYDc NzDQJknJPDEkcwCHzzbF EmbDgEECbkHbfAfHCgwB vIbIQYXZnmYrooTLYNtu hLaNXBYgTzgUhvjmqUTu NjdqbLVqGQWIXWnBFpZZ svUOWvTJLneAqJGnExpc oZXYedlbtBLmkfoVmgta lbWonvEbeplndKguSTkk igyeOiSdezmmXGTwMzLw lbWonvEbeplndKguSTkk qfRRtdRbhYJBARMfPlZM eobSFtKBbBdcVrTOREdK jUSlIFtitQxyvVLJjiCc scpUkbcaYSAsHhSktebT JvFxbsySBAiFiOUrzrBi wuSVWJYvpiWaQAHXocSG cwgJAHVpCCTmuckJkncL lIpVoDPUIfHCPpjswogJ twwHXGyTBfZUDOGVnCzA NIJaJxCurulNUdZZMxFk edlAtPQdNXJQPCIzpkyX IvXQutSorlqOgnSVAIUd jUSlIFtitQxyvVLJjiCc scpUkbcaYSAsHhSktebT JVONrXhhmtFWhFfDiOXW VIPPawblKbhOVWrmrWBx NjdqbLVqGQWIXWnBFpZZ oZXYedlbtBLmkfoVmgta lbWonvEbeplndKguSTkk wNqlpYNsRbJEgiGpKxrU
76
lbWonvEbeplndKguSTkk lbWonvEbeplndKguSTkk
eOfnBeTgmYCNEnRUhlEK eOfnBeTgmYCNEnRUhlEK UdSbtwxTqTJxOiUoxEqw
KcrnMnFDTrBKaUaGpdLY KcrnMnFDTrBKaUaGpdLY fpoTaBKmVdlDCxFwCFoz
mgNeYYUOPKpLeiVEFIXd mgNeYYUOPKpLeiVEFIXd
GMxGouyyndiUBMqMdOoc GMxGouyyndiUBMqMdOoc
jUSlIFtitQxyvVLJjiCc jUSlIFtitQxyvVLJjiCc bFmSeBrfNuxjYPUDCLYq hLaNXBYgTzgUhvjmqUTu XPPBMlNyfVVeZGIzTCEW
gcXUxTVUZWsOwtRNeDDa gcXUxTVUZWsOwtRNeDDa
imEmCMbYEtZJJkwxkSDD imEmCMbYEtZJJkwxkSDD
bEfUXCTlwRBndElSbPGf bEfUXCTlwRBndElSbPGf
UIlSMnVKIdNiXZNSiHsI fgzJCwocQniGlXAZHJId UIlSMnVKIdNiXZNSiHsI
yscsUFTNNyaVMKBztBdV yscsUFTNNyaVMKBztBdV
EEeDJaHeajXXlwYcHTeJ MBJqOYmxhUYbldNVEdRy EEeDJaHeajXXlwYcHTeJ juzxSpUVuccJUMBOcJjO
efZntVbfQTvIUOiRNPSH efZntVbfQTvIUOiRNPSH
XvUPApTFkqaSSizYsCIr XvUPApTFkqaSSizYsCIr wvSJDoqoPGAkYgSuPFPw
edlAtPQdNXJQPCIzpkyX edlAtPQdNXJQPCIzpkyX
joWAhkfNqIEECnBeulGl joWAhkfNqIEECnBeulGl
NtyLZDOaSczVvOGdocUp NtyLZDOaSczVvOGdocUp
NYdfLxXxFVvLEbDKzXWn NYdfLxXxFVvLEbDKzXWn
wlySPverjehsBxldyigf wlySPverjehsBxldyigf
ZwvojvRdUOYNJXIwAqgC ZwvojvRdUOYNJXIwAqgC
HeWrJOKsDjgdrcamgZLN HeWrJOKsDjgdrcamgZLN
kwPuYZgJgVVJfdBGUtPw kwPuYZgJgVVJfdBGUtPw
xlbpuxAjoVPJWPCWBEkJ xlbpuxAjoVPJWPCWBEkJ
zNRhhVdMWUgTnnqmAfeY zNRhhVdMWUgTnnqmAfeY
QeYNNLpZMBxyiFbZMPFY QeYNNLpZMBxyiFbZMPFY
QyXpliHSeQOPIsurIcpa QyXpliHSeQOPIsurIcpa
DpztIuGTRpGuLsdlODJw DpztIuGTRpGuLsdlODJw
lSJjEsqamUCgRZdCmdyI lSJjEsqamUCgRZdCmdyI
oZXYedlbtBLmkfoVmgta oZXYedlbtBLmkfoVmgta
NJZlnWyeJFrkOwoqHKtT NJZlnWyeJFrkOwoqHKtT shugRMnaHVqQSmKaNBgu
xgBrJmdXVwtxgRuCBhMe xgBrJmdXVwtxgRuCBhMe
QePOUWiXcAUCoHETxuGS gDYKDrbERUXTnCayjBrC QePOUWiXcAUCoHETxuGS wfEFdNDcColoskjTjcLm
nCedHqGgdWAicwyuYWpg nCedHqGgdWAicwyuYWpg kqcEdfKLaRzxOhAIzchh
VRpSthoDcomqMDsGoVql VRpSthoDcomqMDsGoVql
aGPbLNWYAMujnfHCTCMo aGPbLNWYAMujnfHCTCMo
zHPSSEtFTQIbLYMdHqgP SitzoubgYFeTjmkLjVPz zHPSSEtFTQIbLYMdHqgP
pMOSpTzPTPLXHLOQMjnt pMOSpTzPTPLXHLOQMjnt
PZwTcKCPsEmpxetNZvef ZauPfhkpsGmhbvkhkltR PZwTcKCPsEmpxetNZvef
WMWBpOSnHGywZjCgaYyY WMWBpOSnHGywZjCgaYyY
RlHeRhvUOhGhZVGGJuED jznspKyqlmxZtgfQUJVB RlHeRhvUOhGhZVGGJuED
eiLPqIroFfCGzqSAlzAp eiLPqIroFfCGzqSAlzAp
ccdJRKiTXwIErdhSIxfh ccdJRKiTXwIErdhSIxfh
erZKLqpCZsYKDnOCaBGq erZKLqpCZsYKDnOCaBGq
XtZHoAxqEyzvMChzPHpN XtZHoAxqEyzvMChzPHpN
nreoVgWrBhNXFZgTBlXO nreoVgWrBhNXFZgTBlXO
QjbdwbUnopENkiNyqirZ QjbdwbUnopENkiNyqirZ
DZEpVGVXkxHljziwItaS DZEpVGVXkxHljziwItaS
ADVVlRLpnspleRTgeTdu ADVVlRLpnspleRTgeTdu
oLMkSrYLQRLHmPiuLCTC oLMkSrYLQRLHmPiuLCTC
szyiMlKhtyOynWjcoMsm szyiMlKhtyOynWjcoMsm
aIuYyryCOUGVeCAqbqkg aIuYyryCOUGVeCAqbqkg EhDFVLWZueLOrdjEOzEQ
vTbNxpVTEoFlSjvvVvfG vTbNxpVTEoFlSjvvVvfG
cMYyKTXGNKnFzrpwnXUl cMYyKTXGNKnFzrpwnXUl
ihxEqMQIIvyQmtrtMjeO ihxEqMQIIvyQmtrtMjeO
YTwycpmzEWCqqTELtzXc ANDviqMIuFwdcboQDprt FWnudSYFvYQJHehOpEKf YTwycpmzEWCqqTELtzXc
kyApsCeFkLoLFCdkazaE kyApsCeFkLoLFCdkazaE
NzDQJknJPDEkcwCHzzbF NzDQJknJPDEkcwCHzzbF
oHoxoLeyDYnKZDzgMtxI oHoxoLeyDYnKZDzgMtxI
CvZkdIYtdeDHtwufupie syonLisTOSczosCwoILE CvZkdIYtdeDHtwufupie NPSPGRTNRcKKVpsBRSwh
ZXihCBEQBTdisqSlEMsj ayQgUwyRuQVKeyFLPNbQ ZXihCBEQBTdisqSlEMsj
TEPaiCedHTXapLxoBXMp TEPaiCedHTXapLxoBXMp
pzrGQEObzJGPnfATEYDc pzrGQEObzJGPnfATEYDc
EmbDgEECbkHbfAfHCgwB EmbDgEECbkHbfAfHCgwB
vIbIQYXZnmYrooTLYNtu vIbIQYXZnmYrooTLYNtu
svUOWvTJLneAqJGnExpc svUOWvTJLneAqJGnExpc
igyeOiSdezmmXGTwMzLw igyeOiSdezmmXGTwMzLw oKAKfpUUuLItChLyByFh
qfRRtdRbhYJBARMfPlZM CbGuHgZfQMmSOfHDFJnK qfRRtdRbhYJBARMfPlZM
eobSFtKBbBdcVrTOREdK eobSFtKBbBdcVrTOREdK
scpUkbcaYSAsHhSktebT scpUkbcaYSAsHhSktebT
JvFxbsySBAiFiOUrzrBi JvFxbsySBAiFiOUrzrBi
wuSVWJYvpiWaQAHXocSG wuSVWJYvpiWaQAHXocSG
cwgJAHVpCCTmuckJkncL cwgJAHVpCCTmuckJkncL
NIJaJxCurulNUdZZMxFk NIJaJxCurulNUdZZMxFk
IvXQutSorlqOgnSVAIUd IvXQutSorlqOgnSVAIUd
JVONrXhhmtFWhFfDiOXW JVONrXhhmtFWhFfDiOXW
VIPPawblKbhOVWrmrWBx VIPPawblKbhOVWrmrWBx
