oUyBZvEHNPOWtAsHANHU eWGFHgdBASXJbxQbYrCG hNRcEeFjmsmOnuOdNAXl eqwycKZriorIAbsUBjxu MeohNnftDTzllMTGwxnG CCYBPFZgoOONzoEeTKzC CcspnGXfrmzZRWjdMjLd NBTlGJqSnWahMvuDlXAm hpQFeVriPZmwKZcYFAWN rqqedkokePZFdhDbMNpX CcspnGXfrmzZRWjdMjLd CCYBPFZgoOONzoEeTKzC JKNUHFrXPStBWMuUOVkj eWVKeYegIFOJxvfRkjek QFaSXENOfunmdZIBqDsS UMfDYlvFlUVuogMRkWNG QFaSXENOfunmdZIBqDsS eWVKeYegIFOJxvfRkjek OWCblOtQanZakRLMqMxz VVzvLIOwARaWwhQTKPrx eqwycKZriorIAbsUBjxu tItiZloipgPmLuONrNnZ cAvnOxZJtanpVvcAxJHM vUAlnOQiiNflifusqsxz ikjgYLaZRolSrbIYyKBd oUyBZvEHNPOWtAsHANHU JGmrlhNqKarRJZMikIzR gUlgGYCPZjsRiFLqnVun DsLevMWgWFWOQXFMbaQy znYRMYifzQwyixuIXDnz IuNNJvHSmYKpVBzmzuJX fDAbzsYfiXDxOIsITcQl JGmrlhNqKarRJZMikIzR RoJsXhmBaCWhexsUOZgS QMnEKXGwZYUlreveNjwA XZRBuctXhYPbWardFSZS oUyBZvEHNPOWtAsHANHU
20
oUyBZvEHNPOWtAsHANHU oUyBZvEHNPOWtAsHANHU CXrruomvXfADUrHxMwZi
eWGFHgdBASXJbxQbYrCG eWGFHgdBASXJbxQbYrCG
hNRcEeFjmsmOnuOdNAXl hNRcEeFjmsmOnuOdNAXl
eqwycKZriorIAbsUBjxu eqwycKZriorIAbsUBjxu
MeohNnftDTzllMTGwxnG MeohNnftDTzllMTGwxnG
CCYBPFZgoOONzoEeTKzC CCYBPFZgoOONzoEeTKzC
CcspnGXfrmzZRWjdMjLd PojKKQvEDmFOnJinujFi oMKDNkBacLxexXKHqXfF CcspnGXfrmzZRWjdMjLd
NBTlGJqSnWahMvuDlXAm NBTlGJqSnWahMvuDlXAm
hpQFeVriPZmwKZcYFAWN hpQFeVriPZmwKZcYFAWN
rqqedkokePZFdhDbMNpX IUJDEWwYxhQimsCqnrFH
JKNUHFrXPStBWMuUOVkj JKNUHFrXPStBWMuUOVkj
eWVKeYegIFOJxvfRkjek eWVKeYegIFOJxvfRkjek OWCblOtQanZakRLMqMxz
UMfDYlvFlUVuogMRkWNG UMfDYlvFlUVuogMRkWNG lPMfQyVLDIZczBuDgsVQ
VVzvLIOwARaWwhQTKPrx VVzvLIOwARaWwhQTKPrx
cAvnOxZJtanpVvcAxJHM cAvnOxZJtanpVvcAxJHM
gUlgGYCPZjsRiFLqnVun gUlgGYCPZjsRiFLqnVun
znYRMYifzQwyixuIXDnz znYRMYifzQwyixuIXDnz
IuNNJvHSmYKpVBzmzuJX IuNNJvHSmYKpVBzmzuJX
fDAbzsYfiXDxOIsITcQl NVPacTSrBMpDkMBotiWB
QMnEKXGwZYUlreveNjwA QMnEKXGwZYUlreveNjwA
