Soda L4 L9 L1 L12 L3 L32 L4 L86 L92 L3 L93 L98 L4 L103 L2 L121 L4 L159 L164 L4 L168 L1 L171 L3 L173 L4 L192 L13 L11 L8 L23 L13 L102 L108 L114 L2 L151 L13 L191 L21 L14 L6 L27 L21 L68 L75 L21 L115 L15 L135 L157 L176 L183 L8 L22 L24 L35 L0 L45 L7 L97 L22 L124 L133 L10 L163 L12 L172 L193 L39 L25 L1 L37 L3 L69 L24 L122 L16 L177 L1 L49 L149 L18 L50 L189 L26 L52 L34 L174 L58 L60 Soda L61 L62 L116 L12 L67 L5 L33 L81 Soda L99 L79 L5 L101 Soda L113 L117 L119 Soda L125 L130 Soda L158 L166 Soda
77
Soda L194 L198 L167 L169 L107 L186 L143 L145 L83 L84 L85 L89 L90
L4 L0 L4 L70 L150 L43 L76
L9 L9
L1 L190
L12 L12
L32 L32
L86 L86
L92 L92
L93 L93
L98 L98
L103 L103
L2 L132 L126
L121 L121
L159 L159
L164 L164
L168 L168
L171 L171
L173 L173
L192 L192
L13 L74 L44 L13 L188
L11 L11
L23 L23
L102 L102
L108 L108
L114 L114
L151 L151
L191 L191
L21 L63 L21 L54
L14 L14
L27 L27
L68 L68
L75 L75
L115 L115
L135 L135
L157 L157
L176 L176
L183 L183
L22 L22
L24 L24
L35 L35
L45 L45
L97 L97
L124 L124
L133 L133
L163 L163
L172 L172
L193 L193
L39 L39
L25 L25
L37 L37
L69 L69
L122 L122
L177 L177
L49 L49
L149 L149
L50 L50
L189 L189
L52 L52
L34 L34
L174 L174
L60 L60
L61 L61
L62 L62
L116 L116
L67 L67
L5 L5
L81 L81
L99 L99
L79 L79
L101 L101
L113 L113
L117 L117
L119 L119
L125 L125
L130 L130
L158 L158
L166 L166
