Soda location3 location50 location1 location4 location15 location20 location1 location23 location4 location35 location43 location5 location39 location16 location6 location1 location27 location16 location29 location2 location36 location16 location41 location7 location17 location44 location20 location18 location19 location14 location21 location11 location22 location47 location1 location25 Soda location26 location42 location10 location30 Soda location32 location33 Soda
32
Soda location48 location49 location34 location38 location40 location45 location31
location3 location3 location7 location8 location12 location13 location46
location50 location50
location1 location1 location4
location4 location2 location24 location10 location28 location14
location15 location15
location20 location20
location23 location23
location35 location35
location43 location43
location5 location5
location39 location39
location16 location16 location37
location6 location6
location27 location27
location29 location29
location36 location36
location41 location41
location17 location17
location44 location44
location18 location9 location18
location19 location19
location21 location21
location11 location11
location22 location22
location47 location47
location25 location25
location26 location26
location42 location42
location30 location30
location32 location32
location33 location33
