Soda location1 location23 location26 location1 location39 location41 location1 location45 location47 location1 location49 location54 location1 location56 location66 location1 location86 location88 location1 location96 location99 location4 location3 location10 location18 location3 location40 location44 location3 location48 location68 location3 location92 location94 location2 location100 location3 location11 location35 location2 location62 location63 location64 location69 location10 location70 location78 location2 location85 location8 location87 location10 location14 location2 location6 location5 location20 location24 location30 location10 location46 location14 location74 location2 location16 location5 location51 location2 location17 location38 location2 location52 location82 location89 location8 location19 location50 location5 location65 location98 location25 location15 location4 location81 location28 Soda location33 location75 location43 Soda location53 location12 location10 location57 location67 location18 location59 location32 location60 location61 location31 location71 location58 location72 Soda location73 location76 location83 Soda location84 location90 location93 Soda
82
Soda location97
location1 location1 location34 location37 location8 location9 location42 location13 location77 location55 location95
location23 location23
location26 location26
location39 location39
location41 location41
location45 location45
location47 location47
location49 location49
location54 location54
location56 location56
location66 location66
location86 location86
location88 location88
location96 location96
location99 location99
location4 location3 location4
location3 location91 location36 location21
location10 location10
location18 location18
location40 location40
location44 location44
location48 location48
location68 location68
location92 location92
location94 location94
location2 location80 location2 location79
location100 location100
location11 location11 location29 location22 location7
location35 location35
location62 location62
location63 location63
location64 location64
location69 location69
location70 location70
location78 location78
location85 location85
location87 location87
location14 location14
location6 location6
location5 location27 location5
location20 location20
location24 location24
location30 location30
location46 location46
location74 location74
location16 location16
location51 location51
location17 location17
location38 location38
location52 location52
location82 location82
location89 location89
location19 location19
location50 location50
location65 location65
location98 location98
location25 location25
location15 location15
location81 location81
location28 location28
location33 location33
location75 location75
location43 location43
location53 location53
location12 location12
location57 location57
location67 location67
location59 location59
location32 location32
location60 location60
location61 location61
location31 location31
location71 location71
location58 location58
location72 location72
location73 location73
location76 location76
location83 location83
location84 location84
location90 location90
location93 location93
