Soda location20 location4 location2 location8 location1 location33 location12 location18 location11 location10 location21 location4 location20 location9 location5 location9 location49 location25 location12 location17 location2 location34 location14 location16 location7 location28 location13 location26 Soda
18
location20 location20
location4 location24 location4 location22
location2 location2
location8 location8
location1 location1
location12 location12
location18 location18
location11 location11
location10 location10
location21 location21
location9 location9 location19 location23
location5 location5 location15
location25 location25 location3
location17 location17
location14 location14
location16 location16 location6
location7 location7
location13 location13
