loc79 loc0 loc3 loc9 loc14 loc41 loc87 loc89 loc90 loc150 loc153 loc3 loc154 loc176 loc181 loc186 loc189 loc4 loc17 loc170 loc6 loc8 loc173 loc1 loc11 loc0 loc16 loc18 loc19 loc0 loc25 loc26 loc0 loc30 loc33 loc34 loc36 loc40 loc43 loc44 loc45 loc0 loc48 loc50 loc52 loc0 loc54 loc58 loc59 loc60 loc62 loc64 loc66 loc68 loc69 loc70 loc0 loc73 loc76 loc78 loc80 loc83 loc91 loc92 loc94 loc96 loc97 loc98 loc106 loc107 loc0 loc111 loc113 loc114 loc115 loc118 loc120 loc121 loc122 loc124 loc127 loc128 loc0 loc130 loc131 loc132 loc133 loc134 loc140 loc142 loc145 loc0 loc152 loc155 loc158 loc159 loc160 loc162 loc164 loc167 loc171 loc174 loc180 loc0 loc185 loc187 loc191 loc196 loc79
95
loc0 loc0 loc146 loc148 loc109 loc110
loc3 loc2 loc3
loc9 loc9
loc14 loc14
loc41 loc41
loc87 loc87
loc89 loc89
loc90 loc90
loc150 loc150
loc153 loc153
loc154 loc154
loc176 loc176
loc181 loc181
loc186 loc186
loc189 loc189
loc4 loc4
loc17 loc17
loc170 loc170
loc6 loc6
loc8 loc8
loc173 loc173
loc11 loc11
loc16 loc16
loc18 loc18
loc19 loc19
loc25 loc25
loc26 loc26
loc30 loc30
loc33 loc33
loc34 loc34
loc36 loc36
loc40 loc40
loc43 loc43
loc44 loc44
loc45 loc45
loc48 loc48
loc50 loc50
loc52 loc52
loc54 loc54
loc58 loc58
loc59 loc59
loc60 loc60
loc62 loc62
loc64 loc64
loc66 loc66
loc68 loc68
loc69 loc69
loc70 loc70
loc73 loc73
loc76 loc76
loc78 loc78
loc80 loc80
loc83 loc83
loc91 loc91
loc92 loc92
loc94 loc94
loc96 loc96
loc97 loc97
loc98 loc98
loc106 loc106
loc107 loc107
loc111 loc111
loc113 loc113
loc114 loc114
loc115 loc115
loc118 loc118
loc120 loc120
loc121 loc121
loc122 loc122
loc124 loc124
loc127 loc127
loc128 loc128
loc130 loc130
loc131 loc131
loc132 loc132
loc133 loc133
loc134 loc134
loc140 loc140
loc142 loc142
loc145 loc145
loc152 loc152
loc155 loc155
loc158 loc158
loc159 loc159
loc160 loc160
loc162 loc162
loc164 loc164
loc167 loc167
loc171 loc171
loc174 loc174
loc180 loc180
loc185 loc185
loc187 loc187
loc191 loc191
loc196 loc196
