Jingzhou Ghugus Manduria Sanaa JabalosSaraj Jinotega RioFormoso Radnor Carouge Thamaga Bejucal FortLauderdale Frosinone Ronse AzZuwaytinah Sarzedo Jeypore elCampello NiagaraFalls AzZuwaytinah Rembangan SaintMichael Frosinone Thamaga Tottori Kiruna Eregli Crespo Rembangan Colachel Ibri BeneBeraq Gangtok Rembangan LondonderryCountyBor TanahMerah Bodhan Veenendaal Ouarzazat Ketrzyn SanJosedeOcoa ZurichKreis Srinagar Kirovsk KrasnoyeSelo Tabatinga CoonRapids Sagalo NiagaraFalls elCampello Shumen Ibri Chittaranjan Chambly Depok NovyyBuh Carmichael Kheri Lysva Chegem Entroncamento Sapporo Colachel Shively BurgbeiMagdeburg Malnate Kheri Ermelo KampLintfort TarguSecuiesc Jingzhou
47
Ghugus Ghugus
Manduria Manduria
Sanaa Sanaa
JabalosSaraj JabalosSaraj
RioFormoso RioFormoso
Radnor Radnor
Carouge Carouge
Thamaga Thamaga
Bejucal Bejucal
FortLauderdale FortLauderdale
Ronse Ronse
AzZuwaytinah AzZuwaytinah
Sarzedo Sarzedo Jeypore
elCampello elCampello
Rembangan Kabarnet Rembangan
SaintMichael SaintMichael
Tottori Tottori
Crespo Crespo
Colachel Colachel
Ibri Ibri
BeneBeraq BeneBeraq Khabarovsk
Gangtok Gangtok
LondonderryCountyBor LondonderryCountyBor
TanahMerah TanahMerah
Veenendaal Veenendaal
Ouarzazat Ouarzazat
Ketrzyn Ketrzyn
SanJosedeOcoa SanJosedeOcoa
ZurichKreis Rangae
Srinagar Srinagar
Kirovsk Kirovsk
Tabatinga Tabatinga
CoonRapids CoonRapids
Sagalo Sagalo
Shumen Shumen
Chittaranjan Chittaranjan
Chambly Shizunaifurukawacho
Depok Depok
Carmichael Carmichael
Kheri Kheri
Lysva Lysva
Chegem Chegem
Entroncamento Entroncamento
Shively Shively
BurgbeiMagdeburg BurgbeiMagdeburg
Malnate Malnate
Ermelo Ermelo
