LesLilas Pozzuoli VillaPauladeSarmient Sasovo SanJuandelaMaguana SenadorPompeu Acarau Morwa Lloydminster Haripur Khulm Embu Lloydminster SouthSaintPaul Haora Yafo Bhusaval Kineshma Haora Escada Sorada Karlsfeld Sobue Johnston SaintCyrlEcole SantanadoLivramento Mocoa Shieli Malpe Shurugwi Manacapuru Turek CapimGrosso Erba Kotka PortoVelho Mondlo Shchekino Butuan Kaifeng CamRanh Tsukuba Korsakov Tabou HaciendaLaCalera Sosnovka Embu Twante KotRadhaKishan NoblePark Acarau Mauban WestIslip Embu Skelmersdale GuaMusang Sosnovka Andrychow Oyonnax Kasamwa Manacapuru Shobara Angleton Pezinok Wakuya AinBessem Aracuai Erba Langenhorn AinBessem Ortaca Pamulang Belalcazar Oerlinghausen Manacapuru Prostejov CerroAzul FetestiGara Wachtberg Hangu Wenchi Chelles Gowurdak Hangu Daokou Hirosaki Ibirataia Ontinyent Ibirataia Izhevsk Biskra SouthSaintPaul Haora TagbilaranCity Hirosaki PriegodeCordoba Bury Kemise SouthSaintPaul ArRumaythiyah Arzamas Langenhorn Purnia Vaniyambadi HalfWayTree Wangon Kikuchi BlueIsland Hangu Rhondda Anjarah Khulm Mabopane Baramula Acireale Winnipeg Kambove Akcaabat Acarau NoblePark Geyve ChalcodeDiazCovarrub MineralnyeVody Ipil Braila Mocoa NahiyatashShinafiyah Nagar FortWorth Acireale Garbsen Kambove LesLilas
82
Pozzuoli Pozzuoli
VillaPauladeSarmient VillaPauladeSarmient
SanJuandelaMaguana SanJuandelaMaguana SpanishTown
SenadorPompeu SenadorPompeu
Acarau Acarau
Morwa Morwa
Lloydminster Lloydminster
Haripur Haripur
Khulm Khulm
Embu Battambang Embu
SouthSaintPaul SouthSaintPaul
Haora Haora
Yafo Yafo
Kineshma Kineshma
Escada Escada
Sorada Sorada
Sobue Sobue
Johnston Johnston
SaintCyrlEcole SaintCyrlEcole SantanadoLivramento
Mocoa Mocoa
Shieli Shieli
Shurugwi Shurugwi
Manacapuru Manacapuru
Turek Turek MadinatHamad
CapimGrosso CapimGrosso
Kotka Kotka
PortoVelho PortoVelho
Shchekino AshtonunderLyne Espiye Shchekino
Butuan Butuan
Kaifeng Kaifeng
Korsakov Korsakov
Tabou EastLongmeadow Tabou
HaciendaLaCalera HaciendaLaCalera
Sosnovka Sosnovka
Twante Twante Itororo Rivas Gorgan
KotRadhaKishan KotRadhaKishan
NoblePark NoblePark
WestIslip WestIslip
Skelmersdale Skelmersdale
GuaMusang GuaMusang
Andrychow Andrychow
Oyonnax SenaMadureira
Angleton Angleton
Pezinok Pezinok
AinBessem Kairouan AinBessem
Aracuai Zhaodong Aracuai AinArnat
Langenhorn Langenhorn
Ortaca Ortaca
Belalcazar Belalcazar
Oerlinghausen Oerlinghausen
Prostejov Prostejov
FetestiGara FetestiGara
Hangu Hangu Gunzenhausen
Wenchi Wenchi
Gowurdak Gowurdak
Daokou Daokou
Hirosaki Hirosaki
Ibirataia Ibirataia
Ontinyent Ontinyent Vyazniki
Izhevsk Izhevsk
TagbilaranCity TagbilaranCity
PriegodeCordoba PriegodeCordoba
Bury Bury
Kemise Kemise
Arzamas Arzamas
Vaniyambadi Vaniyambadi
Wangon Wangon
BlueIsland BlueIsland
Rhondda Rhondda
Anjarah Anjarah
Mabopane Mabopane
Baramula Baramula
Acireale Acireale
Kambove Kambove MonteAlegre
Akcaabat Akcaabat
ChalcodeDiazCovarrub ChalcodeDiazCovarrub
MineralnyeVody MineralnyeVody
Braila Braila
NahiyatashShinafiyah NahiyatashShinafiyah
Nagar Shimofurano Fuxin Nagar
FortWorth FortWorth
Garbsen Garbsen
