Kaimganj Fagaras Pilibhit Norristown Isakogorka Yucheng Tsukawaki Yucheng Korolev Fandriana Tocache MontecatiniTerme Leixlip Dankov Narangba GobernadorGalvez Novopokrovskaya Mesa EncarnaciondeDiaz MorlanwelzMariemont Anahuac MilpaAlta PinhalNovo MilpaAlta Tsirang Brecht Condado Gobo MilpaAlta Kaimganj
21
Fagaras Fagaras
Pilibhit Pilibhit Irvine
Isakogorka Isakogorka
Yucheng Yucheng
Tsukawaki Tsukawaki Karasuyama
Korolev Korolev
Fandriana Fandriana
Tocache Tocache
MontecatiniTerme MontecatiniTerme
Leixlip Leixlip
Dankov Dankov
Narangba Narangba
GobernadorGalvez GobernadorGalvez
Novopokrovskaya Novopokrovskaya
EncarnaciondeDiaz EncarnaciondeDiaz
Anahuac Anahuac
MilpaAlta MilpaAlta
PinhalNovo Racine PinhalNovo
Tsirang Tsirang
Brecht Brecht
Gobo Gobo Albi
