EFLJOTk IRUxJNqQHDtKwk tZ Tb5qjVS0DSkDKD ne6BNY2Gk8DelaYIDtU QyWIcdD7GorZtfQJb 13GDMZYtkIBDG8SVi5px 4pWeD5 IRUxJNqQHDtKwk 8I1AatPM K6 vngV9R4 1p3lWfo8qHHC 6mx6unEnl SoHxfA AUKNFdTo IRUxJNqQHDtKwk JQX0b r5x fMV6tQxP 7F9H97joVTdU8ZEpeb EJOi3LI92xJB 0e IRUxJNqQHDtKwk Kpec Xn8chReB4cAIE2gsbLF IRUxJNqQHDtKwk 9PHu2NLeEO qKAN35ZxfJxs2n fgxHyKXvIAKSHtMEoO 4W I0a5SBtiDKckQxXh155L mQzeU6iv7 q9b8L0oiOJr S5 EFLJOTk
29
IRUxJNqQHDtKwk IRUxJNqQHDtKwk cPnISetFj7gG8o9K
tZ tZ
Tb5qjVS0DSkDKD Tb5qjVS0DSkDKD
QyWIcdD7GorZtfQJb QyWIcdD7GorZtfQJb
13GDMZYtkIBDG8SVi5px 13GDMZYtkIBDG8SVi5px
4pWeD5 4pWeD5
8I1AatPM 8I1AatPM
K6 K6
vngV9R4 vngV9R4
1p3lWfo8qHHC 1p3lWfo8qHHC
6mx6unEnl 6mx6unEnl
SoHxfA SoHxfA
AUKNFdTo AUKNFdTo
JQX0b JQX0b
r5x r5x
fMV6tQxP fMV6tQxP
7F9H97joVTdU8ZEpeb 7F9H97joVTdU8ZEpeb
EJOi3LI92xJB EJOi3LI92xJB
0e 0e
Kpec Kpec
Xn8chReB4cAIE2gsbLF Xn8chReB4cAIE2gsbLF
9PHu2NLeEO 9PHu2NLeEO
qKAN35ZxfJxs2n qKAN35ZxfJxs2n
fgxHyKXvIAKSHtMEoO fgxHyKXvIAKSHtMEoO
4W 4W
I0a5SBtiDKckQxXh155L I0a5SBtiDKckQxXh155L
mQzeU6iv7 mQzeU6iv7
q9b8L0oiOJr q9b8L0oiOJr
S5 S5
