lyenDXSN GPeb M1PxrOPSNUVpc BR 2AR73oQdnbYqnDCGMFS nWkakNi6Qt9d4g Mu VNvsbB7eWJcAK0fU 4OqtpC zzYmU5YFhvp1 7Q O7r2ToU4q2kmCB A67f lt1a5E0H L 2tgqbRzViyLj2zTX vAIBd1Ae jvdVvQ frNA534JEvY4f hjCFXN9kbqn0UCNsZ l G50hiUpVStHCMrd 2tgqbRzViyLj2zTX KtvQaJqCJTRpXM8ZI wcmx8dhmsO GPeb hU MBLHuIgjJIXs 6yeW7sat9rvd K0A9bbVLm9atwTf GPeb llx2p Plmj0j zI 61 2tgqbRzViyLj2zTX 6DVIvuGfPs2BU GPeb hVfqebryM4wN HwQeXpOEZHQ3s ImSpax GPeb wBJRoqVxn1t cYPTdnJWL nqeGwct CmV 2tgqbRzViyLj2zTX vJxAK1LaHyuu4yFNeul o3refHnx4qioqHztqMYE GPeb akZmiQ7tmX f GPeb lyenDXSN
40
GPeb GPeb
M1PxrOPSNUVpc M1PxrOPSNUVpc
BR BR
2AR73oQdnbYqnDCGMFS 2AR73oQdnbYqnDCGMFS
nWkakNi6Qt9d4g nWkakNi6Qt9d4g
Mu Mu
VNvsbB7eWJcAK0fU VNvsbB7eWJcAK0fU
zzYmU5YFhvp1 zzYmU5YFhvp1
7Q 7Q
A67f A67f
lt1a5E0H lt1a5E0H
L L
vAIBd1Ae vAIBd1Ae
jvdVvQ jvdVvQ
frNA534JEvY4f frNA534JEvY4f
hjCFXN9kbqn0UCNsZ hjCFXN9kbqn0UCNsZ
l l
G50hiUpVStHCMrd G50hiUpVStHCMrd
KtvQaJqCJTRpXM8ZI KtvQaJqCJTRpXM8ZI
wcmx8dhmsO wcmx8dhmsO
hU hU
MBLHuIgjJIXs MBLHuIgjJIXs
6yeW7sat9rvd 6yeW7sat9rvd
K0A9bbVLm9atwTf K0A9bbVLm9atwTf
llx2p llx2p
Plmj0j Plmj0j
zI zI
61 61
6DVIvuGfPs2BU 6DVIvuGfPs2BU
hVfqebryM4wN hVfqebryM4wN
HwQeXpOEZHQ3s HwQeXpOEZHQ3s
ImSpax ImSpax
wBJRoqVxn1t wBJRoqVxn1t
cYPTdnJWL cYPTdnJWL
nqeGwct nqeGwct
CmV CmV
vJxAK1LaHyuu4yFNeul vJxAK1LaHyuu4yFNeul
o3refHnx4qioqHztqMYE o3refHnx4qioqHztqMYE
akZmiQ7tmX akZmiQ7tmX
f f
