0 5 14 23 1 32 35 5 38 52 5 55 56 1 60 2 62 64 65 2 66 67 3 96 5 104 105 109 2 119 1 125 5 166 173 2 175 3 191 6 26 30 1 58 4 59 70 1 77 78 1 81 6 102 107 114 115 126 160 6 171 172 8 85 3 93 103 110 1 162 182 10 20 72 1 148 183 7 19 188 21 37 22 0 25 39 40 0 43 48 0 53 57 0 68 71 0 83 84 86 0 97 100 0 116 121 0 132 134 0 146 151 159 0 168 174 176 185 0
87
0 0 195 196 41 42 76 187 144 51 24 88
5 163 3 5
14 14
23 23
32 32
35 35
38 38
52 52
55 55
56 56
60 60
2 113
62 62
64 64
65 65
66 66
67 67
3 190
96 96
104 104
105 105
109 109
119 119
125 125
166 166
173 173
175 175
191 191
6 169 6
26 26
30 30
58 58
59 59
70 70
77 77
78 78
81 81
102 102
107 107
114 114
115 115
126 126
160 160
171 171
172 172
8 8
85 85
93 93
103 103
110 110
162 162
182 182
10 10
20 20
72 72
148 148
183 183
19 19
188 188
21 21
37 37
22 22
25 25
39 39
40 40
43 43
48 48
53 53
57 57
68 68
71 71
83 83
84 84
86 86
97 97
100 100
116 116
121 121
132 132
134 134
146 146
151 151
159 159
168 168
174 174
176 176
185 185
