0 2 132 131 139 2 164 11 133 130 137 144 148 5 149 150 18 152 28 166 6 168 172 20 181 2 191 197 198 134 136 143 156 11 160 5 161 2 167 20 170 11 180 20 184 2 195 11 135 138 142 145 146 151 16 153 154 2 158 159 162 165 141 18 155 27 171 2 173 174 147 18 163 27 169 11 182 2 175 176 177 179 183 185 186 193 194 196 5 199 11 178 2 0
65
2 192 140 187 188 157 190
132 132
131 131
139 139
164 164
11 189
133 133
130 130
137 137
144 144
148 148
149 149
150 150
152 152
166 166
168 168
172 172
181 181
191 191
197 197
198 198
134 134
136 136
143 143
156 156
160 160
161 161
167 167
170 170
180 180
184 184
195 195
135 135
138 138
142 142
145 145
146 146
151 151
153 153
154 154
158 158
159 159
162 162
165 165
141 141
155 155
171 171
173 173
174 174
147 147
163 163
169 169
182 182
175 175
176 176
177 177
179 179
183 183
185 185
186 186
193 193
194 194
196 196
199 199
178 178
