2 17 1 3 43 47 49 3 53 57 3 131 139 3 143 185 3 195 11 31 2 79 11 121 167 11 187 8 15 63 2 99 7 173 175 36 19 5 7 19 103 16 133 19 169 8 179 9 191 16 21 35 8 81 21 177 41 9 39 23 6 37 41 67 105 109 45 33 4 51 125 12 59 29 113 2 65 159 27 163 52 197 71 89 6 145 75 1 77 161 83 97 12 117 27 135 5 155 12 85 1 119 123 1 149 153 1 183 199 17 25 6 137 141 17 151 193 4 2
80
2 69
17 17
1 1 115 147 165 181 171 107 157 127
3 3 189 61 39
43 43
47 47
49 49
53 53
57 57
131 131
139 139
143 143
185 185
195 195
11 91 95 11 93 111
31 31
79 79
121 121
167 167
187 187
15 15
63 63
99 99
7 101 7
173 173
175 175
19 19 55 73 27 13
5 5
103 103
133 133
169 169
179 179
9 9
191 191
21 21
35 35
81 81
177 177
41 41
23 23
6 87
37 37
67 67
105 105
109 109
45 45
33 33
4 129
51 51
125 125
59 59
29 29
113 113
65 65
159 159
163 163
197 197
71 71
89 89
145 145
75 75
77 77
161 161
83 83
97 97
117 117
135 135
155 155
85 85
119 119
123 123
149 149
153 153
183 183
199 199
25 25
137 137
141 141
151 151
193 193
