0 49 50 46 47 48 46 41 42 43 41 44 45 41 36 39 40 36 31 36 41 46 52 53 51 57 58 56 61 62 63 61 64 65 61 67 68 66 72 73 71 76 79 80 76 81 82 83 81 86 91 92 93 91 94 95 91 86 81 76 71 72 66 67 61 56 57 51 52 46 49 0 1 6 11 16 17 18 16 19 20 16 22 23 21 26 27 28 26 21 22 16 11 6 1 0
47
49 49
50 50
47 47
48 48
42 42
43 43
44 44
45 45
36 38
39 39
40 40
31 33 34
53 53
51 54
57 57
58 58
62 62
63 63
64 64
65 65
67 67
68 68
66 70
72 72
73 73
76 78
79 79
80 80
81 84
82 82
83 83
86 88 89
92 92
93 93
94 94
95 95
1 3 4
6 9
11 15
17 17
18 18
19 19
20 20
23 23
21 25
27 27
28 28
