0 1 6 11 12 13 11 16 21 24 25 21 26 29 30 26 32 33 31 34 35 31 37 38 36 42 41 46 47 48 46 51 52 53 51 57 58 56 59 60 56 61 62 63 61 64 65 61 66 71 72 73 71 74 75 71 76 79 80 76 81 82 83 81 87 86 92 93 91 94 95 91 96 97 98 96 99 100 96 101 102 103 101 104 105 101 106 112 106 107 108 106 112 111 116 121 127 126 129 130 126 131 136 137 138 136 139 140 136 141 142 143 141 144 145 141 146 151 152 153 151 156 162 161 164 165 161 167 166 169 170 166 171 176 179 180 176 181 184 185 181 186 192 186 192 191 196 197 198 0
91
1 3
6 7
11 14
12 12
13 13
16 17 19
21 22
24 24
25 25
26 27
29 29
30 30
32 32
33 33
34 34
35 35
38 38
36 39
42 42
41 44
47 47
48 48
52 52
53 53
58 58
59 59
60 60
62 62
63 63
64 64
65 65
66 68 70
72 72
73 73
74 74
75 75
76 78
79 79
80 80
81 84
82 82
83 83
87 87
86 90
93 93
94 94
95 95
97 97
98 98
99 99
100 100
102 102
103 103
104 104
105 105
106 109
112 112 113
107 107
108 108
111 114
116 118
127 128 122 127
129 129
130 130
131 135
137 137
138 138
139 139
140 140
142 142
143 143
144 144
145 145
146 149
151 155
152 152
153 153
162 162 163 159
164 164
165 165
169 169
170 170
171 173
179 179
180 180
181 183
184 184
185 185
186 187 189
192 192 193
191 195
