BY5DUgv6 UmgiH1K9 NL9qZEp0 UfRMeyI7 6nj6dyOK K3J88UDV 8tOszPqV 9IHe97Yy 0zB29H2A K3J88UDV 1aJdK4y9 HYhd6zof gbolqDJc QeSUIsQ1 B0wYReom CrvusN6e HEJxX3gA QeSUIsQ1 PagRRYIg g5YhtPSt JMul31yq 7IV7YjRX nKZTEeUl 8e8OWOIi lvlSObqb FPDwKJIj q1vN3eei c9Hgvc9w HYhd6zof o1w8sSXK H2BV5cDz gbolqDJc UfRMeyI7 xTHVuNZl tDh0gTYH 2mQchaeu EvsxmEMg VfL5OK8y 2zGyaLBR rGjz0gOd AMieum8U q1vN3eei UQ4QaUHy 8KVhuJvd OpfVa1HT UfRMeyI7 Rv8rDvqp UfRMeyI7 ucMA0iSv R4zDiMu3 QqI1C9xC iT0t8noc ayFODfwg QqI1C9xC UfRMeyI7 mXjWiYol xULc5Xg4 8ni5D4t7 UQ4QaUHy sR6JAufL gd207oOq aPSEsY2w sR6JAufL BY5DUgv6
43
UmgiH1K9 UmgiH1K9
NL9qZEp0 NL9qZEp0
UfRMeyI7 UfRMeyI7
6nj6dyOK 6nj6dyOK
K3J88UDV K3J88UDV
8tOszPqV Af1jBIly 8tOszPqV WlxPulQd
9IHe97Yy 9IHe97Yy
0zB29H2A 0zB29H2A
1aJdK4y9 1aJdK4y9
gbolqDJc gbolqDJc
QeSUIsQ1 QeSUIsQ1 hc6YxxqG rZiSDNtK
B0wYReom B0wYReom
CrvusN6e CrvusN6e
HEJxX3gA HEJxX3gA
PagRRYIg PagRRYIg
g5YhtPSt g5YhtPSt
JMul31yq JMul31yq
7IV7YjRX 7IV7YjRX
nKZTEeUl nKZTEeUl
8e8OWOIi 8e8OWOIi
lvlSObqb lvlSObqb
FPDwKJIj FPDwKJIj
q1vN3eei q1vN3eei
c9Hgvc9w c9Hgvc9w
o1w8sSXK o1w8sSXK
H2BV5cDz H2BV5cDz
xTHVuNZl xTHVuNZl yqX5KOVJ
tDh0gTYH tDh0gTYH
2mQchaeu 2mQchaeu
rGjz0gOd S9dNuWxm rGjz0gOd
AMieum8U AMieum8U
OpfVa1HT OpfVa1HT
Rv8rDvqp Rv8rDvqp 1cr6aFpX
ucMA0iSv ucMA0iSv
R4zDiMu3 R4zDiMu3
iT0t8noc iT0t8noc
ayFODfwg ayFODfwg
mXjWiYol mXjWiYol
xULc5Xg4 xULc5Xg4
8ni5D4t7 8ni5D4t7
sR6JAufL sR6JAufL
gd207oOq gd207oOq
aPSEsY2w aPSEsY2w
