ZtfcEeD9 J2tz5Jy2 ZS8CQaI7 mlHu9OVg lqKnzPvP RjDUex61 FdbcCrtB PLFYaVF6 U7cZo0h2 wusYsf5E OJgw7XgR Tb8W969R fa3ra0T7 zvH4AKmS 43ehQX6O mSd4Nw6v AmaYXBsi NpH6Hpsr jKNn1ZQ1 CGddIqkC mrK2EXuk lWuh5cH8 CxnbNU8s VDai7XkI ca785uLx EB4WBsTV VDai7XkI BOlNhFGU CBKWpDQv gX4kBNm4 Wznv2rRv FqE4GP0Y VgwgAKMz Q2HoHQU7 1Xrx7hj3 y7NjqOqM ciNFdHxl 8LVjFaQv ijk5cHsH 1dr1nBQ7 HTyyntxa yptfWPBC aDGqWHym VDai7XkI TNblhkGK wZJN4OBT kMauNR5Y VDai7XkI hBRDGWam Pz0LLMil 62Mn9lau zpLQ0R0G RleTQaHw VDai7XkI O5yBujnu v654W2Kr NSdaWdL7 WOCLylig y7NjqOqM svPb07cv gKOyNQPh aWGQETjI VDai7XkI d4U8kEOb mSd4Nw6v 7Xy44hse VDai7XkI YWqBlkAs SG64DwCC rbWYBihd YWqBlkAs BkhTgoaJ CIF8DWXL yWlzbESz oqraQ3aF n7cwD1GE KZzTlcqA sAdwIwgI VDai7XkI 7P5zi9hu yRH0nOtz bJ22zvWV eF0ueRyu VDai7XkI ntaFp6yn uMuBYvMK VDai7XkI Rd2M5nw8 X4DALK1Z kTn5Wdms xRPgtW5C VDai7XkI qnVestAH aSd01nMZ W7b2i2pG PMzcqvQL sAdwIwgI VDai7XkI eFJgi8X6 91Uq51QB VDai7XkI Fj27Gybu J2tz5Jy2 LvdUl8D5 d5gzYuse Q7hUKAHQ JfDq1Cs2 tCAdUY4B xzWL2Pp8 nFqouQp3 m9MRh7a0 VDai7XkI poaWnZDO FGbFUcoj miUcr0K7 iJuLSUhp 8avKqSxh VDai7XkI 8Rfeklr1 J2tz5Jy2 ZtfcEeD9
90
ZtfcEeD9 ZtfcEeD9
J2tz5Jy2 J2tz5Jy2 2KepLMXB
ZS8CQaI7 ZS8CQaI7
mlHu9OVg mlHu9OVg
lqKnzPvP lqKnzPvP
RjDUex61 RjDUex61
FdbcCrtB EAWv9kfQ FdbcCrtB
PLFYaVF6 PLFYaVF6
U7cZo0h2 U7cZo0h2
wusYsf5E wusYsf5E
OJgw7XgR OJgw7XgR
Tb8W969R Tb8W969R
fa3ra0T7 fa3ra0T7
zvH4AKmS zvH4AKmS
43ehQX6O 43ehQX6O w0QWGw2L
mSd4Nw6v mSd4Nw6v
AmaYXBsi AmaYXBsi
NpH6Hpsr NpH6Hpsr
jKNn1ZQ1 jKNn1ZQ1
CGddIqkC CGddIqkC
mrK2EXuk mrK2EXuk
lWuh5cH8 lWuh5cH8
CxnbNU8s CxnbNU8s
VDai7XkI 04vrMVdi o4xf7nVd dzvtjag1
ca785uLx ca785uLx
EB4WBsTV EB4WBsTV
BOlNhFGU BOlNhFGU
CBKWpDQv CBKWpDQv
gX4kBNm4 gX4kBNm4
Wznv2rRv Wznv2rRv
FqE4GP0Y FqE4GP0Y
VgwgAKMz VgwgAKMz
y7NjqOqM y7NjqOqM
ciNFdHxl ciNFdHxl
8LVjFaQv 8LVjFaQv
ijk5cHsH ijk5cHsH
1dr1nBQ7 1dr1nBQ7
HTyyntxa HTyyntxa
yptfWPBC yptfWPBC
aDGqWHym aDGqWHym
TNblhkGK TNblhkGK
wZJN4OBT wZJN4OBT
kMauNR5Y kMauNR5Y
hBRDGWam hBRDGWam
Pz0LLMil Pz0LLMil
62Mn9lau 62Mn9lau
zpLQ0R0G zpLQ0R0G
RleTQaHw RleTQaHw
O5yBujnu O5yBujnu
NSdaWdL7 NSdaWdL7
WOCLylig WOCLylig
svPb07cv svPb07cv
gKOyNQPh gKOyNQPh
aWGQETjI aWGQETjI
d4U8kEOb 0MyIUMFM
7Xy44hse 7Xy44hse
YWqBlkAs YWqBlkAs
SG64DwCC SG64DwCC 3MYamZSb
rbWYBihd rbWYBihd
CIF8DWXL CIF8DWXL
KZzTlcqA KZzTlcqA
7P5zi9hu 7P5zi9hu
yRH0nOtz yRH0nOtz IdGLl1to
bJ22zvWV bJ22zvWV
eF0ueRyu eF0ueRyu
ntaFp6yn ntaFp6yn
uMuBYvMK uMuBYvMK
Rd2M5nw8 Rd2M5nw8
X4DALK1Z B65DnegI X4DALK1Z
kTn5Wdms kTn5Wdms
xRPgtW5C xRPgtW5C
qnVestAH qnVestAH
aSd01nMZ aSd01nMZ
W7b2i2pG W7b2i2pG
PMzcqvQL PMzcqvQL
eFJgi8X6 eFJgi8X6 sFR9mcaG
91Uq51QB 91Uq51QB
Fj27Gybu Fj27Gybu
LvdUl8D5 LvdUl8D5
d5gzYuse d5gzYuse
Q7hUKAHQ Q7hUKAHQ
JfDq1Cs2 JfDq1Cs2 1gtWVzKV
tCAdUY4B tCAdUY4B
xzWL2Pp8 xzWL2Pp8
nFqouQp3 nFqouQp3
poaWnZDO poaWnZDO
FGbFUcoj FGbFUcoj
miUcr0K7 miUcr0K7
8avKqSxh 8avKqSxh
8Rfeklr1 8Rfeklr1
