yqRn7pcv xaYYL0Xr RKTqv0lO XlaUIvCb rJm7nPd7 mB6fiF0u zcy1X765 hC2ZPbzA LQU5lyru hcJG54h4 fsgAjhrq Bow1G1eA Wvomb2LC 2XMfF8YA Bow1G1eA mmiVeCrf ne5PzSYX rKjRBwvM lRFv66dO uzY67sfN Tv0Ngo2a 6XOrbPEm 5Zo9R33z 1JmiRMy2 7xyYvlir o5fxSomz i4M5A6hw yqRn7pcv
25
yqRn7pcv yqRn7pcv
xaYYL0Xr xaYYL0Xr
RKTqv0lO RKTqv0lO
XlaUIvCb XlaUIvCb
rJm7nPd7 rJm7nPd7
mB6fiF0u mB6fiF0u
zcy1X765 zcy1X765
hC2ZPbzA hC2ZPbzA
LQU5lyru LQU5lyru
hcJG54h4 hcJG54h4
fsgAjhrq fsgAjhrq
Wvomb2LC Wvomb2LC
2XMfF8YA 2XMfF8YA
mmiVeCrf mmiVeCrf
ne5PzSYX ne5PzSYX
rKjRBwvM rKjRBwvM
lRFv66dO lRFv66dO
uzY67sfN uzY67sfN
Tv0Ngo2a Tv0Ngo2a
6XOrbPEm 6XOrbPEm
5Zo9R33z 5Zo9R33z
1JmiRMy2 1JmiRMy2
7xyYvlir 7xyYvlir
o5fxSomz o5fxSomz
i4M5A6hw i4M5A6hw
