74 1 0 2 4 11 2 27 54 61 3 12 14 45 3 64 7 8 9 0 13 16 0 19 21 22 23 25 0 26 28 29 30 0 32 33 35 0 36 37 0 38 39 0 41 42 44 0 46 47 0 48 49 50 0 51 52 53 0 55 56 0 58 59 60 0 63 5 6 1 17 18 1 20 24 31 1 62 65 74
60
1 1 34 40 43 15
0 0 57 10
2 2
4 4
11 11
27 27
54 54
61 61
3 3
12 12
14 14
45 45
64 64
7 7
8 8
9 9
13 13
16 16
19 19
21 21
22 22
23 23
25 25
26 26
28 28
29 29
30 30
32 32
33 33
35 35
36 36
37 37
38 38
39 39
41 41
42 42
44 44
46 46
47 47
48 48
49 49
50 50
51 51
52 52
53 53
55 55
56 56
58 58
59 59
60 60
63 63
5 5
6 6
17 17
18 18
20 20
24 24
31 31
62 62
65 65
