93 26 1 20 4 24 57 0 82 116 143 0 163 4 18 47 3 77 7 98 105 3 121 124 151 170 15 176 38 56 0 62 81 111 6 177 40 27 34 49 14 75 117 53 102 7 51 5 64 12 67 63 43 3 46 137 65 52 0 70 136 2 73 161 0 79 1 84 90 1 99 101 0 108 1 122 0 131 1 146 0 154 1 155 157 1 168 169 171 0 14 6 2 19 3 36 9 72 4 76 86 95 2 110 11 115 6 125 26 140 141 10 147 0 172 174 93
80
26 26
1 80 1 165 119 138 91 109
20 20
4 4
24 24
57 57
0 129 66 130 74 61
82 82
116 116
143 143
163 163
18 18
47 47
77 77
7 39 87
98 98
105 105
121 121
124 124
151 151
170 170
176 176
38 38
56 56
62 62
81 81
111 111
177 177
40 40
27 27
34 34
49 49
14 14
75 75
117 117
53 53
102 102
51 51
64 64
67 67
63 63
43 43
46 46
137 137
65 65
52 52
70 70
136 136
2 2
73 73
161 161
79 79
84 84
90 90
99 99
101 101
108 108
122 122
131 131
146 146
154 154
155 155
157 157
168 168
169 169
171 171
19 19
36 36
72 72
76 76
86 86
95 95
110 110
115 115
125 125
140 140
141 141
147 147
172 172
174 174
