Dannemora Fabius Fonda Freeport Forestville Davis Fishkill Galeville Delevan Dansville Deferiet Fishers Deferiet Dansville Delanson Deer Florida Farnham Freeville Delhi Frewsburg Dunkirk Noyack Deferiet Germantown Dexter DeRuyter Frankfort DeRuyter Fairmount Dexter Fulton Gardiner Falconer Gardiner Fulton Fairport Geneva Depew Hicksville Herkimer Freeport Ghent Depauville Fredonia Harbor Fayetteville Herkimer Freeport Highland Goshen Fire Earlville Deposit Herricks Flower Hamburg Dannemora
37
Fabius Fabius
Fonda Fonda Fleischmanns
Freeport Freeport
Forestville Forestville
Davis Davis
Fishkill Fishkill
Galeville Galeville
Delevan Delevan
Dansville Dansville Franklinville
Deferiet Deferiet
Fishers Forest Fishers
Delanson Delanson
Deer Deer
Florida Florida Farmingville
Farnham Farnham
Freeville Freeville
Delhi Franklin Delhi
Frewsburg Frewsburg
Dunkirk Dunkirk
Germantown Germantown
Dexter Dexter
DeRuyter DeRuyter
Frankfort Delmar Frankfort Flanders
Fairmount Fairmount
Fulton Fulton
Gardiner Friendship Gardiner
Falconer Gasport Falconer
Fairport Fairport
Geneva Geneva Fairview
Depew Depew
Ghent Ghent
Depauville Depauville
Fredonia Fredonia
Fayetteville Fayetteville
Fire Fire
Earlville Earlville Firthcliffe Deposit
Flower Flower Fair
