Acton Carlsbad Alpaugh Bell Cerritos Broadmoor Amesti Broadmoor Cerritos Anderson Calexico Blairsden Calexico Anderson Ceres Bloomington Carson Antioch Banning Alamo Ferndale Clearlake Bishop Brea Avery Capitola Bradley Arnold Bradley Capitola Azusa Brea Bishop Carson Bloomington Ceres Anderson Cerritos Aptos Bystrom Buttonwillow Boronda Buttonwillow Corona Dunsmuir Anaheim Brisbane Belmont Cambria Alhambra Brawley Biggs Brawley Columbia Carpinteria Farmersville Covelo Ashland Alhambra Belden Alhambra Cambria Corning Burbank Arcadia Belvedere Bonita Carrick Alameda Berkeley Armona Delano Alpine Columbia Avalon Ceres Auburn Berkeley Crest Azusa Beckwourth Calistoga Anaheim Dunsmuir Calimesa Barstow Aromas Bootjack Florin Alturas Dinuba Banning Antioch Bluewater Biola Arbuckle Cartago Arbuckle Biola Cutten Chowchilla Benicia Beaumont Calabasas Brentwood Diablo Fortuna Avenal Chowchilla Benicia Alpaugh Carlsbad Bellflower Bolinas Angwin Bayview Albany Escondido Atwater Emeryville Folsom Antioch Atascadero Bonsall Clyde Colma Bradbury Bakersfield Burney Duarte Carmichael Chualar Delano Alpine Fontana Castroville August Cotati Boron Coronado Fairview Fremont Concow Carlsbad Acton
76
Carlsbad Carlsbad
Alpaugh Calipatria Alpaugh
Bell Bell Artesia
Cerritos Cerritos
Broadmoor Broadmoor
Amesti Amesti Cabazon
Anderson Caribou Anderson
Calexico Calexico
Blairsden Atherton Blairsden
Ceres Avalon Ceres
Bloomington Bloomington
Carson Calwa Carson
Antioch Antioch
Banning Banning
Alamo Alamo
Bishop Arvin Bishop
Brea Brea
Avery Avery
Capitola Capitola Barstow
Bradley Caruthers Bradley
Arnold Arnold Campbell
Azusa Azusa
Aptos Aptos
Bystrom Bystrom
Buttonwillow Buttonwillow Bowles
Boronda Beckwourth Boronda
Corona Auberry
Anaheim Anaheim
Brisbane Brisbane
Belmont Belmont
Cambria Cayucos Cambria
Alhambra Burlingame Alhambra
Brawley Brawley Almanor
Biggs Biggs Byron
Carpinteria Carpinteria
Ashland Ashland
Belden Belden Arcata
Burbank Burbank
Arcadia Arcadia
Belvedere Belvedere
Bonita Bonita
Carrick Carrick
Alameda Alameda
Berkeley Berkeley
Armona Armona
Alpine Alpine
Auburn Auburn
Calistoga Calistoga
Calimesa Calimesa Camarillo
Aromas Aromas
Bootjack Altadena Bootjack
Alturas Alturas
Bluewater Bluewater
Biola Biola
Arbuckle Arbuckle Blythe
Cartago Bodfish Cartago
Benicia Benicia
Beaumont Beaumont
Calabasas Calabasas
Brentwood Brentwood
Avenal Avenal
Bellflower Bellflower
Bolinas Bolinas
Angwin Angwin
Bayview Bayview
Albany Albany
Atwater Atwater
Atascadero Atascadero
Bonsall Bonsall
Bradbury Bradbury
Bakersfield Adelanto Bakersfield Canyondam
Burney Burney
Carmichael Carmichael
Castroville Castroville
August August
Boron Boron
