Acadia Biscayne Cuyahoga Channel Indiana Crater Badlands Shenandoah Haleakala Indiana Channel Cuyahoga Congaree Caverns Everglades Mammoth Guadalupe Acadia Tortugas Bend Yosemite Denali Katmai Gunnison Glacier Brycecanyon Isle Teton Gateway Saguaro Olympic Arches Sequoia Guadalupe Acadia
20
Acadia Capitol
Biscayne Biscayne
Cuyahoga Cuyahoga
Channel Gateway Channel
Indiana Indiana
Crater Crater
Badlands Badlands
Haleakala Haleakala
Congaree Congaree
Caverns Caverns
Everglades Everglades
Guadalupe Guadalupe
Tortugas Tortugas
Bend Bend Smoky
Denali Denali
Gunnison Basin Gunnison
Glacier Glacier
Brycecanyon Isle Brycecanyon Canyonlands
Teton Teton
Arches Arches
