6 13 12 13 20 19 20 27 25 27 34 41 48 47 48 55 53 55 62 69 76 83 90 97 96 97 104 103 104 111 118 116 118 125 124 125 132 131 132 125 118 111 109 111 104 97 90 83 76 69 62 55 48 41 34 33 34 27 20 13 6 195 188 181 174 172 174 167 160 158 160 153 146 145 146 139 137 139 146 153 152 153 160 167 165 167 174 181 188 186 188 195 193 195 6
46
6 1 2 6
13 194 11
12 10 12
20 18
19 17 19
27 27
25 25 22
34 32
41 41 38 39
48 43
47 44 47
55 51
53 50 53
62 60 61 62
69 64 65 69
76 74 75 76
83 80 83 77
90 88 90 87
97 91
96 96 94
103 100 101 103
111 110
118 115
116 112 116
125 120
124 122 124
132 126
131 128 129
109 105 106
33 30 31
188 184
181 177 179 181
174 174
172 169 172
167 166
160 160
158 154 155
153 148
146 140
145 145 142
139 136
137 133 134
152 149 150
165 161 165
186 186 182
193 189 190
