0 3 27 30 35 64 73 77 80 82 87 95 114 135 158 2 185 1 188 4 0 6 8 0 11 12 13 0 15 17 19 20 22 24 26 28 31 33 36 40 43 45 46 47 51 52 54 55 56 57 0 58 62 63 66 75 76 0 84 85 89 90 91 92 94 0 104 105 107 111 112 115 119 123 0 124 126 132 137 138 139 143 147 148 149 150 151 155 156 157 0 159 161 162 167 168 0 171 172 173 174 175 178 180 184 0 192 193 196 0
97
0 186
3 3
27 27
30 30
35 35
64 64
73 73
77 77
80 80
82 82
87 87
95 95
114 114
135 135
158 158
185 185
188 188
4 4
6 6
8 8
11 11
12 12
13 13
15 15
17 17
19 19
20 20
22 22
24 24
26 26
28 28
31 31
33 33
36 36
40 40
43 43
45 45
46 46
47 47
51 51
52 52
54 54
55 55
56 56
57 57
58 58
62 62
63 63
66 66
75 75
76 76
84 84
85 85
89 89
90 90
91 91
92 92
94 94
104 104
105 105
107 107
111 111
112 112
115 115
119 119
123 123
124 124
126 126
132 132
137 137
138 138
139 139
143 143
147 147
148 148
149 149
150 150
151 151
155 155
156 156
157 157
159 159
161 161
162 162
167 167
168 168
171 171
172 172
173 173
174 174
175 175
178 178
180 180
184 184
192 192
193 193
196 196
