pace king guarantee bitter legislation assume injection respect financial dough financial swear financial solve winner assignment physics pace honor injury prison title sunrise seize demand title prison cigarette tolerate cigarette tablet shy throne mystery paper mystery throne imposter pain class exclusive dip nationalist thumb enhance likely skeleton headline rob tablet title lake page shiver headline rob circulation output glasses tool circulation interactive pace
38
king king
guarantee buffet guarantee
bitter bitter
legislation legislation
injection figure
financial voice financial
dough dough linger
swear other swear
winner winner
honor honor
injury injury
prison prison
title brake title
sunrise sunrise
seize seize
demand demand
cigarette cigarette
tolerate tolerate sign
tablet tablet
shy shy
throne vegetarian throne quality
mystery enter mystery
paper imposter paper
pain pain
class class exclusive
dip dip
nationalist nationalist
thumb thumb
enhance enhance
likely likely
headline headline
rob rob
lake lake
page page
circulation circulation
output output
glasses glasses autonomy
tool tool
