pace market rob excuse rob mature rob curriculum chew extort respect throne country triple prospect title terminal shy other likely viable atmosphere rent sunrise electronics quadruple imposter quadruple electronics interface environment bleed pier swop electronics quadruple ask sign king respect throne boom confrontation forge coast profound coast swear tool railcar confrontation development skeleton knot bleed spoil desk development confrontation railcar tool illusion enemy control glasses mature page nationalist confrontation mixture chair pardon injection financial mercy native paper terminal respect structure output buffet election guarantee attraction coffin solve seize interactive error home flag injury tolerate decisive linger coast lifestyle cotton dialogue buffet exempt certain bitter rage dialogue buffet expression assignment winner virgin blonde shiver ignore due ignore decisive greeting dough physics note deter identity coincide identity straighten pig pier swop joystick bowel headline smile drawer certain due speaker pace
81
pace pace
market market
rob rob
excuse dip excuse teacher
mature mature page
curriculum curriculum
chew offset
respect respect
throne throne
country country knot
triple candle triple
title exile
terminal thumb
other other
likely likely comfortable
viable viable
atmosphere atmosphere
rent rent
electronics exclusive electronics
quadruple quadruple
imposter driver tablet imposter
interface interface
environment environment
swop liver swop
ask ask
boom boom
confrontation confrontation
forge forge
coast coast
profound profound virgin
swear swear
tool tool
railcar railcar
development feature development
skeleton skeleton
spoil spoil
illusion illusion
enemy enemy stress
control control
nationalist acceptance
chair chair
pardon pardon
injection injection
financial financial
mercy mercy
native native
paper autonomy
structure structure
output output
buffet pipe buffet
election election
guarantee guarantee
attraction attraction
coffin coffin
interactive interactive
error widen error
home home
flag flag
injury injury
decisive decisive
lifestyle lifestyle
cotton cotton
exempt exempt
rage rage
assignment assignment
shiver shiver
ignore ignore audience
due due scheme
greeting greeting begin
dough dough
physics physics
note note
deter deter
identity identity
coincide coincide dive
straighten straighten
pig pig
bowel bowel
headline headline
smile smile
drawer drawer
