pace nationalist excuse feature nationalist brake mixture market exempt injury output write voice approval prison honor profound injection opposed king page likely circulation headline audience page guarantee enter deposit enter thumb headline title throne exclusive pace
23
nationalist nationalist
excuse excuse gate
feature feature
brake brake
mixture mixture
market market
exempt exempt
injury injury
output output
voice voice
approval approval
honor honor
opposed opposed
king king
page page
likely likely
circulation circulation
headline headline
audience audience
guarantee guarantee
enter enter
deposit skeleton deposit
throne throne
