C0 C1 C8 C24 C51 C59 C86 C87 C1 C95 C97 C100 C1 C105 C114 C119 C122 C124 C129 C132 C137 C1 C139 C141 C154 C1 C160 C161 C164 C166 C1 C168 C190 C192 C193 C196 C2 C71 C88 C2 C4 C7 C16 C63 C3 C93 C4 C5 C10 C172 C5 C11 C18 C101 C19 C20 C0 C25 C26 C0 C27 C28 C0 C31 C32 C0 C47 C48 C0 C50 C52 C55 C56 C0 C66 C68 C0 C78 C84 C103 C104 C0 C107 C110 C120 C0 C121 C123 C127 C0 C134 C144 C145 C146 C149 C152 C153 C165 C169 C171 C179 C181 C182 C185 C194 C0
86
C0 C0 C35 C70 C198 C74 C43 C45 C77 C49 C57 C58 C30
C1 C1 C3 C167
C8 C8
C24 C24
C51 C51
C59 C59
C86 C86
C87 C87
C95 C95
C97 C97
C100 C100
C105 C105
C114 C114
C119 C119
C122 C122
C124 C124
C129 C129
C132 C132
C137 C137
C139 C139
C141 C141
C154 C154
C160 C160
C161 C161
C164 C164
C166 C166
C168 C168
C190 C190
C192 C192
C193 C193
C196 C196
C2 C2 C54
C71 C71
C88 C88
C4 C4
C7 C7
C16 C16
C63 C63
C93 C93
C5 C5
C10 C10
C172 C172
C11 C11
C18 C18
C101 C101
C19 C19
C20 C20
C25 C25
C26 C26
C27 C27
C28 C28
C31 C31
C32 C32
C47 C47
C48 C48
C50 C50
C52 C52
C55 C55
C56 C56
C66 C66
C68 C68
C78 C78
C84 C84
C103 C103
C104 C104
C107 C107
C110 C110
C120 C120
C121 C121
C123 C123
C127 C127
C134 C134
C144 C144
C145 C145
C146 C146
C149 C149
C152 C152
C153 C153
C165 C165
C169 C169
C171 C171
C179 C179
C181 C181
C182 C182
C185 C185
C194 C194
