9iIwk XYzcU jT5CK 5VT1H 1xmtC Mj2eQ ZzWHp iEXNY oqPYQ 0GdkR jASvw 1xmtC 5R5Xa Ib6np h2rea 1eRkH Ib6np 5VT1H 1uRw3 aHGHb SgDk6 RhUVQ Ew56P kmzhT QVYVG 7G74f 1uRw3 y89SK Ri2t4 jAwQw WGJpQ vE0Pj knY3U QVYVG Ew56P jYfXn LJqKh qkJ6b jT5CK 5BDPJ tG1wc YH6mk 5ioW1 Be0ab XZKtP bXinH 5ioW1 AgYPL tnjfN 5ioW1 vrNke k6V9L pXCjI ZgtaX JgjFI veOJ7 ZgtaX k64Ok fS0W8 p9vQm ZfVrl Esl6u rrNj1 5R5Xa Ib6np 5VT1H WJNpN Y7IDR WJNpN jT5CK XYzcU 9iIwk
43
9iIwk 9iIwk ChXAd
XYzcU XYzcU
jT5CK jT5CK
5VT1H 5VT1H 1pxZM
1xmtC 1xmtC
Mj2eQ Mj2eQ
ZzWHp ZzWHp
iEXNY iEXNY
oqPYQ oqPYQ
0GdkR 0GdkR
jASvw jASvw
5R5Xa 5R5Xa
h2rea h2rea
1eRkH 1eRkH
1uRw3 1uRw3
aHGHb aHGHb
SgDk6 SgDk6
RhUVQ RhUVQ
Ew56P LZomt
kmzhT kmzhT
7G74f 7G74f
y89SK y89SK
Ri2t4 Ri2t4
jAwQw jAwQw
WGJpQ WGJpQ
vE0Pj vE0Pj
jYfXn jYfXn
qkJ6b qkJ6b
5BDPJ 5BDPJ
YH6mk YH6mk
5ioW1 5ioW1
Be0ab Be0ab
XZKtP XZKtP dw7aX
bXinH bXinH
AgYPL AgYPL
tnjfN tnjfN
pXCjI pXCjI
ZgtaX BnAjj iCgvV Vake4 ZgtaX
JgjFI JgjFI
veOJ7 veOJ7
fS0W8 fS0W8
p9vQm p9vQm
Y7IDR 4a0W8 Y7IDR
