HAZtD EyMEe GxQg8 p3gJd 4AhmX cu5FB jesVt 69WZh wedr3 zrVPv 69WZh mdIe6 onBu6 R6NzB 69WZh iHR3J ZKvNM 69WZh ox9Gx EgumV fWz4T jesVt 0FMEI 5EAEu 3JtxZ DmTRc v9joy UbqWX 4jcrD iaaYU GrnJ7 iIQll Vg6Sz iPRoT Q8lcd GaZ4O H1xt8 o2JtM BIY9X DuU0x e7SjH E6pda e7SjH o2JtM GaZ4O ejBhY 8Qx0C iPRoT Vg6Sz 4jcrD gNinx GrnJ7 rmW0U CHx6u bMhFI lF8gH CHx6u rmW0U GrnJ7 3JtxZ sU69u 9cp56 p3gJd rH3nx 1gvq4 O8CwF aegld TlJnt O8CwF uPUO1 aWuHk p3gJd cpzS8 acHTt 93R2m AwFdf 2zHfe fExZu v7hOX SEkfX WVEjT Agb0E eVDVP Ia6ul VG4na b9v0q 15wtn 4AhmX kNG2j p3gJd lJnz7 aWuHk DaieK 1gvq4 cC0Rg zcuSA Zxvdf u60s4 gpbSj 0F8yg cC0Rg mJExt iqOI4 GxQg8 bW6Ms ED9em RN9nS CXkxa 3NU9e GxQg8 UqGfS NqBQW Xqwfz 7kY28 pLg86 0moVI OWqP4 6owsT fiXIW 7kY28 IOpdQ BaYb3 SxklZ Xqwfz 1VA1I 7kY28 fiXIW URrao 7kY28 iimZq HAKlt Pk19A 7kY28 Xqwfz NqBQW UqGfS Ssao4 kPB79 EyMEe z82fM F7CZj wnnBN Cg1yP J0OP0 iKwe0 4Eg1F HAZtD
92
EyMEe vfAR8
GxQg8 X2hjX GxQg8
p3gJd p3gJd
4AhmX 4AhmX
cu5FB cu5FB
jesVt jesVt
69WZh 69WZh
wedr3 wedr3
zrVPv zrVPv
mdIe6 mdIe6
R6NzB R6NzB
iHR3J iHR3J
ZKvNM TzGS5
ox9Gx ox9Gx
EgumV EgumV
fWz4T fWz4T
5EAEu 5EAEu
DmTRc DmTRc
v9joy v9joy
UbqWX UbqWX
4jcrD 4jcrD
iaaYU iaaYU
iIQll p4kTx iIQll
Vg6Sz Vg6Sz
Q8lcd Q8lcd
H1xt8 H1xt8
BIY9X BIY9X
DuU0x DuU0x
e7SjH 2LhKB
E6pda xKTIz E6pda
8Qx0C 8Qx0C
gNinx gNinx
rmW0U HOuAL 9tf0w
CHx6u CHx6u
bMhFI bMhFI
lF8gH lF8gH
sU69u 2GCiD
rH3nx rH3nx
1gvq4 1gvq4
O8CwF O8CwF
aegld aegld
TlJnt TlJnt
uPUO1 uPUO1
aWuHk aWuHk
cpzS8 cpzS8
acHTt acHTt
AwFdf AwFdf
fExZu fExZu
v7hOX v7hOX
SEkfX SEkfX
WVEjT WVEjT
Agb0E Agb0E
eVDVP eVDVP
Ia6ul Ia6ul
VG4na VG4na
kNG2j kNG2j
lJnz7 lJnz7
DaieK DaieK
cC0Rg cC0Rg
zcuSA zcuSA
Zxvdf Zxvdf
u60s4 u60s4
gpbSj gpbSj
0F8yg 0F8yg
iqOI4 iqOI4
bW6Ms bW6Ms
ED9em ED9em 5h4rt
RN9nS RN9nS
CXkxa Lusir
UqGfS UqGfS
NqBQW NqBQW
7kY28 7kY28 Zok18
pLg86 pLg86
0moVI 0moVI
OWqP4 OWqP4
6owsT 6owsT
fiXIW fiXIW
IOpdQ IOpdQ
BaYb3 BaYb3
SxklZ SxklZ VESmp
1VA1I 1VA1I
URrao URrao
iimZq iimZq
HAKlt HAKlt
Pk19A Pk19A
Ssao4 Ssao4
kPB79 4Tt2a 4PXv9
z82fM z82fM
wnnBN wnnBN
Cg1yP Cg1yP
J0OP0 J0OP0
iKwe0 iKwe0
