1 43 99 56 117 132 15 13 152 43 153 42 186 2 52 88 89 22 105 52 110 127 20 115 182 143 176 8 66 78 26 83 42 161 193 101 90 32 129 42 175 119 82 140 84 87 147 13 86 49 121 155 92 86 96 18 156 73 162 27 194 125 91 36 7 51 6 93 91 128 48 18 163 4 69 185 98 136 53 13 138 54 159 3 22 193 196 142 46 137 31 174 7 51 31 131 190 12 103 60 23 108 34 199 116 12 130 87 1
66
43 43 14
99 99
56 56
132 132 64
15 15
13 58 13 86
152 152
153 153
42 42 157 95
186 186
52 52
88 88
89 89
105 105
110 110
127 127
115 115
182 182
176 176
66 66 26 71
78 78
83 83
161 161
193 193
101 101
90 90
129 129
175 175
119 82 119
140 140
84 84
147 147
49 49
121 121
92 92
96 96
18 18 98
156 156
162 162
194 194
91 91
36 36
7 7
51 51
93 93
128 128
163 163
185 185
136 136
53 53
138 138
159 159
3 3
142 142
46 46
137 137
31 31
174 174
190 190
12 57 12 23
103 103
60 60
108 108
199 199
116 116
130 130
