location46 location47 location48 location49 location48 location47 location46 location61 location62 location63 location64 location65 location86 location88 location86 location87 location85 location75 location73 location70 location71 location72 location74 location75 location76 location77 location78 location79 location78 location56 location55 location54 location53 location52 location51 location50 location28 location24 location17 location11 location5 location4 location5 location6 location7 location13 location12 location11 location17 location18 location25 location26 location30 location29 location25 location24 location23 location16 location10 location11 location5 location21 location15 location9 location8 location14 location8 location9 location15 location21 location47 location46
33
location46 location40 location41 location39
location48 location48
location49 location49 location57
location62 location62
location63 location63
location64 location64
location86 location87
location88 location88 location89 location90
location73 location73
location70 location70
location72 location72
location74 location74
location77 location77
location78 location78
location79 location80 location79
location55 location55
location24 location24
location17 location17
location11 location10 location11
location5 location5
location4 location3 location4
location6 location6
location7 location7
location13 location13
location18 location18
location25 location25
location26 location26
location30 location33 location30
location29 location29
location23 location22
location21 location37
location15 location15
location14 location38 location14
