location1 location101 location98 location95 location92 location89 location88 location91 location90 location93 location94 location97 location96 location99 location100 location103 location106 location105 location108 location107 location108 location10 location3 location6 location9 location12 location15 location166 location163 location162 location165 location166 location15 location12 location9 location6 location137 location20 location17 location18 location21 location20 location137 location138 location141 location140 location143 location142 location62 location8 location11 location50 location47 location50 location11 location10 location3 location26 location23 location22 location25 location68 location71 location68 location25 location24 location27 location26 location3 location2 location5 location4 location7 location34 location31 location124 location127 location130 location133 location49 location151 location148 location145 location144 location147 location146 location149 location150 location153 location156 location155 location154 location151 location49 location133 location130 location127 location124 location121 location120 location123 location126 location129 location132 location131 location128 location125 location124 location31 location30 location33 location36 location35 location38 location37 location34 location7 location76 location69 location70 location73 location43 location40 location112 location115 location114 location117 location116 location119 location118 location73 location72 location75 location74 location77 location76 location79 location58 location55 location54 location57 location56 location59 location58 location61 location60 location63 location78 location81 location84 location87 location171 location174 location177 location51 location177 location176 location179 location66 location65 location64 location67 location66 location179 location176 location173 location170 location167 location164 location161 location160 location54 location51 location177 location174 location175 location176 location179 location180 location1
83
location1 location1
location101 location101
location95 location95
location89 location89
location91 location91
location93 location93
location97 location97
location99 location99
location103 location103
location106 location109
location105 location105
location108 location111
location107 location113 location107
location10 location13
location3 location3
location9 location9
location15 location15
location163 location163
location165 location165
location137 location137
location17 location17
location21 location21
location141 location141
location143 location143
location11 location11
location50 location53
location47 location45 location47
location26 location29
location23 location23
location25 location25
location71 location169 location71
location27 location27
location5 location5
location7 location7
location31 location31
location127 location127
location133 location139 location133
location49 location49
location151 location151
location145 location145
location147 location147
location149 location149
location153 location153
location156 location159
location155 location155
location154 location157
location121 location121
location123 location123
location129 location129
location132 location135
location131 location131
location125 location125
location33 location33
location36 location39
location35 location35
location38 location41
location37 location37
location69 location69
location73 location73
location43 location43
location115 location115
location117 location117
location119 location119
location75 location75
location77 location77
location79 location79
location55 location83 location55
location57 location57
location59 location59
location61 location61
location63 location63
location81 location81
location87 location87
location171 location171
location177 location177
location51 location51 location19 location85
location179 location179
location65 location65
location67 location67
location173 location173
location167 location167
location161 location161
location175 location175
