Abbey Avni Beatrice Abril Dana Haven Amber Helen Karma Kiera Abril Lillie Mckinley Abril Presley Riley Ayanna Alexia Alia Harley Abril Maeve Marisol Abril Vivian Eden Lana Mira Shannon Alia Sophia Alexia Isabella Abbey Jamiya Carlee Jordin Kayley Abbey Liberty Lilia Abbey Rayna Rebecca Ruth Tanya Tara Yoselin Abbey
37
Abbey Matilda Lisa Kimberly Kristina
Avni Avni
Beatrice Beatrice
Abril Nora
Dana Dana
Haven Haven
Helen Helen
Karma Karma
Kiera Kiera
Lillie Lillie
Mckinley Mckinley
Presley Presley
Riley Riley
Ayanna Ayanna
Alexia Alexia
Harley Harley
Maeve Maeve
Marisol Marisol
Vivian Vivian
Eden Eden
Lana Lana
Mira Mira
Shannon Shannon
Sophia Sophia
Isabella Isabella
Jamiya Jamiya
Carlee Carlee
Jordin Jordin
Kayley Kayley
Liberty Liberty
Lilia Lilia
Rayna Rayna
Rebecca Rebecca
Ruth Ruth
Tanya Tanya
Tara Tara
Yoselin Yoselin
