Abbey Alexus Alexia Abril Claire Emilie Emma Imani Abril Jaden Janiya Adyson Kaley Alexia Kaydence Keyla Alexus Kiana Maggie Alexus Mckayla Alena Mckinley Myah Alexia Zara Zaria Alia Ariel Baylee Ainsley Haven Jade Juliette Alia Kristina Lilia Lilyana Mira Sophia Alexia Sophie Alivia Dayami Diana Jimena Adyson Mya Alissa Neveah Sharon Arielle Aniya Mireya Aryana Abbey Ashley Aubree Abbey Brooklyn Bryanna Ingrid Alexia Tara Camilla Abbey Carly Christine Ciara Dana Abbey Denisse Elianna Gillian Abbey Jamiya Jasmin Abbey Jillian Kayden Abbey Kiley Kimberly Abbey Kira Kristin Lacey Abbey Laylah Leila Abbey Matilda Melina Abbey Natalee Nia Noelle Abbey Rylee Shyanne Abbey Taniyah Zion Abbey
78
Abbey Abbey Parker Lindsay Carlee Lucille Carleigh Riley Iyana Kenzie Jazmyn Lainey
Alexus Alexus
Alexia Alexia
Abril Chasity Carlie Avni
Claire Claire
Emilie Emilie
Emma Emma
Imani Imani
Jaden Jaden
Janiya Janiya
Adyson Madilynn
Kaley Kaley
Kaydence Kaydence
Keyla Keyla
Kiana Kiana
Maggie Maggie
Mckayla Mckayla
Mckinley Mckinley
Myah Myah
Zara Zara
Zaria Zaria
Alia Alia
Ariel Ariel
Baylee Baylee
Haven Haven
Jade Jade
Juliette Juliette
Kristina Kristina
Lilia Lilia
Lilyana Lilyana
Mira Mira
Sophia Sophia
Sophie Sophie
Alivia Alivia
Dayami Dayami
Diana Diana
Jimena Jimena
Mya Mya
Neveah Neveah
Sharon Sharon
Arielle Arielle
Aniya Aniya
Mireya Mireya
Aryana Aryana
Ashley Ashley
Aubree Aubree
Brooklyn Brooklyn
Bryanna Bryanna
Ingrid Ingrid
Tara Tara
Camilla Camilla
Carly Carly
Christine Christine
Ciara Ciara
Dana Dana
Denisse Denisse
Elianna Elianna
Gillian Gillian
Jamiya Jamiya
Jasmin Jasmin
Jillian Jillian
Kayden Kayden
Kiley Kiley
Kimberly Kimberly
Kira Kira
Kristin Kristin
Lacey Lacey
Laylah Laylah
Leila Leila
Matilda Matilda
Melina Melina
Natalee Natalee
Nia Nia
Noelle Noelle
Rylee Rylee
Shyanne Shyanne
Taniyah Taniyah
Zion Zion
