Taozhuang Uran Artur Boo Rutherglen Villa Somma Tupelo Strathfield Memmingen Esmeraldas Gudermes Bang Uran Ramla Sarandi Uran Fort Oulmes Uran Caravaca Donggongon Uran Alatyr Jinotepe Uran Rosedale Camayenne Uran Ulu Freetown Uran Waverly Nonsan Uran Aytos Hechingen Uran Bourbonnais Longgang Uran Middle Besuki Uran Taozhuang
33
Taozhuang Taozhuang
Uran Uran Gauting Durazno Sicklerville Azrou Calauan Kallio Ilesa Pottstown Udumalaippettai Rafiganj Jingzhou Wesseling Cibinong Severodvinsk Jackson Esperanza New
Artur Artur
Boo Boo
Rutherglen Rutherglen
Villa Villa
Somma Somma
Tupelo Tupelo
Strathfield Strathfield
Memmingen Memmingen
Esmeraldas Esmeraldas
Gudermes Gudermes
Bang Bang
Ramla Ramla
Sarandi Sarandi
Fort Fort
Oulmes Oulmes
Caravaca Caravaca
Donggongon Donggongon
Alatyr Alatyr
Jinotepe Jinotepe
Rosedale Rosedale
Camayenne Camayenne
Ulu Ulu
Freetown Freetown
Waverly Waverly
Nonsan Nonsan
Aytos Aytos
Hechingen Hechingen
Bourbonnais Bourbonnais
Longgang Longgang
Middle Middle
Besuki Besuki
