Ilesa Bensheim Perth MitryMory Hermsdorf Calauan Ventimiglia Valday Uran Malden Milledgeville Jagna Marburg Polohy Foshan Puducherry Sishui Memmingen Davis Bensheim Rhosllanerchrugog Azrou Bensheim Tiruppuvanam Mexborough Bensheim Puerto Onex Bensheim Brunswick Jiangyan LonsleSaunier Bensheim Great Ada Bensheim Alfenas Aleshtar Bensheim Bogovinje Mouscron Bensheim Tak Talipparamba Bensheim Barracas Aurora Bensheim Gariadhar Bavly Bensheim Ponta Sirsi Bensheim Sceaux Valletta Bensheim Landshut Bon Bensheim Yingkou Ramla Bensheim Shaowu Chacabuco Bensheim Rutland Zaozhuang Bensheim Sillanwali Bobigny An Bensheim Kyzylorda Brzeg Bensheim Tupelo Bang Bensheim Oberhausen Palm Bensheim Tupiza DehiwalaMount Bensheim Villaquilambre Niort Bensheim Stupino PortVila Bensheim Ilesa
67
Ilesa Ilesa
Bensheim Bensheim Palafrugell Claremont GernikaLumo Aklera Clermont Dahlem Tharu Stuttgart UlanUde Viewpark New Milagro Copperas Resplendor Jashpurnagar Lodwar Paredes Campobasso Magomeni Alexandria Meizhou Sorsogon Shagamu Toledo Lille American Skalica Oulmes PointeClaire Guli WaltonontheNaze
Perth Perth
MitryMory MitryMory
Hermsdorf Hermsdorf
Calauan Calauan
Ventimiglia Ventimiglia
Valday Valday
Uran Uran
Malden Malden
Milledgeville Milledgeville
Jagna Jagna
Marburg Marburg
Polohy Polohy
Foshan Foshan
Puducherry Puducherry
Sishui Sishui
Memmingen Memmingen
Davis Davis
Rhosllanerchrugog Rhosllanerchrugog
Azrou Azrou
Tiruppuvanam Tiruppuvanam
Mexborough Mexborough
Puerto Puerto
Onex Onex
Brunswick Brunswick
Jiangyan Jiangyan
LonsleSaunier LonsleSaunier
Great Great Tyoply
Ada Ada
Alfenas Alfenas
Aleshtar Aleshtar
Bogovinje Bogovinje
Mouscron Mouscron
Tak Tak
Talipparamba Talipparamba
Barracas Barracas
Aurora Aurora
Gariadhar Gariadhar
Bavly Bavly
Ponta Ponta
Sirsi Sirsi Itacoatiara
Sceaux Sceaux
Valletta Valletta
Landshut Landshut
Bon Bon
Yingkou Yingkou
Ramla Ramla
Shaowu Shaowu
Chacabuco Chacabuco
Rutland Rutland
Zaozhuang Zaozhuang
Sillanwali Sillanwali
Bobigny Bobigny
An An
Kyzylorda Kyzylorda
Brzeg Brzeg
Tupelo Tupelo
Bang Bang
Oberhausen Oberhausen
Palm Palm
Tupiza Tupiza
DehiwalaMount DehiwalaMount
Villaquilambre Villaquilambre
Niort Niort
Stupino Stupino
PortVila PortVila
