Lesnoy Hueytown Gisborne Hudiksvall Rutherglen Visitacion Sungurlu Winsford Sun Beveren Pingyi Malaut Beveren Meerut Blackpool Beveren Ishim Stade Beveren Zgorzelec Yangambi Beveren Lesnoy
18
Lesnoy Lesnoy
Hueytown Hueytown
Gisborne Gisborne
Hudiksvall Hudiksvall
Rutherglen Rutherglen
Visitacion Visitacion
Sungurlu Sungurlu
Winsford Winsford
Sun Sun
Beveren Dharmapuri Portogruaro Artur Glogovac GatesNorth Brentwood Franceville Kundla
Pingyi Pingyi
Malaut Malaut
Meerut Meerut
Blackpool Blackpool
Ishim Ishim
Stade Stade
Zgorzelec Zgorzelec
Yangambi Yangambi
