108 5 17 13 39 77 0 101 170 13 1 37 13 45 12 71 79 110 146 6 148 186 7 23 63 85 53 83 99 1 121 134 2 7 3 14 82 8 126 7 24 48 0 136 19 43 6 46 2 31 28 8 68 187 32 34 157 35 66 11 38 181 1 49 100 56 57 61 5 67 4 95 3 114 117 128 0 130 133 137 140 142 144 150 151 17 153 13 167 177 6 179 182 184 2 188 197 44 0 69 73 75 81 0 120 129 190 5 15 1 26 36 1 174 5 54 3 84 5 143 176 5 108
90
5 64 65 5 138 109
17 17
13 13
39 39
77 77
0 96 107 92
101 101
170 170
1 1 11
37 37
45 45
71 71
79 79
110 110
146 146
148 148
186 186
7 7
23 23
63 63
85 85
53 53
83 83
99 99
121 121
134 134
2 118
14 14
82 82
126 126
24 24
48 48
136 136
19 19
43 43
46 46
31 31
28 28
68 68
187 187
32 32
34 34
157 157
35 35
66 66
38 38
181 181
49 49
100 100
56 56
57 57
61 61
67 67
4 78
95 95
114 114
117 117
128 128
130 130
133 133
137 137
140 140
142 142
144 144
150 150
151 151
153 153
167 167
177 177
179 179
182 182
184 184
188 188
197 197
44 44
69 69
73 73
75 75
81 81
120 120
129 129
190 190
15 15
26 26
36 36
174 174
54 54
84 84
143 143
176 176
