1 2 144 4 1 5 6 8 10 11 1 17 18 20 22 23 1 29 30 32 34 35 1 41 42 44 46 47 1 53 54 56 58 59 1 65 66 68 70 71 1 77 78 80 82 83 1 89 90 92 94 95 1 101 102 104 106 107 1 113 114 116 118 119 1 125 126 128 130 131 1 137 138 140 142 143 1
64
1 134 136 74 76 14 16 86 88 26 28 98 100 38 40 110 112 50 52 122 124 62 64
2 2 36 132 72 12 108 48 84 120 24 60 96
144 144
4 4
5 5
6 6
8 8
10 10
11 11
17 17
18 18
20 20
22 22
23 23
29 29
30 30
32 32
34 34
35 35
41 41
42 42
44 44
46 46
47 47
53 53
54 54
56 56
58 58
59 59
65 65
66 66
68 68
70 70
71 71
77 77
78 78
80 80
82 82
83 83
89 89
90 90
92 92
94 94
95 95
101 101
102 102
104 104
106 106
107 107
113 113
114 114
116 116
118 118
119 119
125 125
126 126
128 128
130 130
131 131
137 137
138 138
140 140
142 142
143 143
