create concern company minimize ballot appear company think community company hide linear exotic contract hide predict celebration basketball crew belief creation dose basketball maze battery bracket pastel adult nationalism farewell concern scrap deck transmission crew perception childish skip tin concern prove pride magnitude concern cancel direct concern absorption feign accessible pupil fuss steward create
42
concern concern mechanism line merit colon
company company belief breakin suffer
minimize minimize
ballot ballot
appear appear
think think
community community
hide hide
linear linear
exotic exotic
contract contract
predict predict
celebration celebration
basketball top basketball
crew crew
creation creation
dose dose
maze maze
battery battery
bracket bracket
pastel pastel
adult adult
nationalism nationalism
farewell farewell
scrap scrap
deck deck
transmission transmission
perception perception
childish childish
skip skip
tin tin
prove prove
pride pride
magnitude magnitude
cancel cancel
direct direct
absorption absorption
feign feign
accessible accessible
pupil pupil
fuss fuss
steward steward
