pride concern company top hide battery crew ballot company scrap deck childish company colon magnitude contract company accessible traction thread gift company magnetic huge company berry equinox fortune tribe company mosaic trance thank rabbit work dedicate basketball belief linear farewell skip tin direct line present transaction hide pastel adult minimize hide cancel maze pupil dialect east belief craftsman hide appear shelter crew creation think belief perception domestic community bracket car breakin prove nationalism transmission concern absorption dose concern feign fuss concern snap whole salmon concern partnership dramatic concern knit glide concern create seller concern makeup deter offensive mind inhibition dilemma concern vote pride
82
pride pride
concern concern lobby mechanism valid formation predict bring integrated celebration steward wrong desk denial
company company exotic leash loud homosexual suffer merit
top top
hide hide
battery battery
crew crew
ballot ballot
scrap scrap
deck deck
childish childish
colon colon
magnitude magnitude
contract contract
accessible accessible
traction traction
thread thread
gift gift
magnetic magnetic
huge huge
berry berry
equinox equinox
fortune fortune
tribe tribe
mosaic mosaic
trance trance
thank thank
rabbit rabbit
work work
dedicate dedicate
basketball basketball
belief belief
linear linear
farewell farewell
skip skip
tin tin
direct direct
line line
present present
transaction transaction
pastel pastel
adult adult
minimize minimize
cancel cancel
maze maze
pupil pupil
dialect dialect
east east
craftsman craftsman
appear appear
shelter shelter
creation creation
think think
perception perception
domestic domestic
community community
bracket bracket
car car
breakin breakin
prove prove
nationalism nationalism
transmission transmission
absorption absorption
dose dose
feign feign
fuss fuss
snap snap
whole whole
salmon salmon
partnership partnership
dramatic dramatic
knit knit
glide glide
create create
seller seller
makeup makeup
deter deter
offensive offensive
mind mind
inhibition inhibition
dilemma dilemma
vote vote
