steward concern hide crew adult farewell hide tin battery basketball linear skip community pastel minimize belief scrap appear creation deck perception concern think steward
20
concern concern childish exotic
hide company hide
crew crew
adult adult
farewell farewell
tin tin
battery battery
basketball basketball
linear linear
skip skip
community community
pastel pastel
minimize top minimize
belief belief
scrap ballot scrap
appear appear
creation creation
deck deck
perception perception
think think
