start g3 g4 g1 g5 g2 g6 start g8 g10 g11 g15 g19 g23 g19 g24 g20 g16 g21 g25 g21 g16 g12 g9 g13 g9 start f11 f12 f13 f5 f15 f16 f17 f7 f14 f9 f18 f19 f20 f10 f14 start a1 a2 a3 a4 a5 start c3 start d3 d4 d5 d6 d3 start e1 e19 e2 e20 e3 start e14 e24 e12 e23 e10 e22 e8 e6 e18 e25 e15 e17 start h4 h25 h17 h16 h6 start b16 b10 b11 b12 b13 b12 b11 b10 b16 start c3 c8 c9 c10 c13 c12 c11 c20 c21 c20 c36 c35 c32 c27 c31 c27 c26 c28 c29 c30 c23 c24 c7 c6 start b16 b10 b9 b8 b9 b10 b16 b17 b18 b19 b20 b21 b20 b19 b18 b17 b16 start
61
start h26 h9 d1 e21
g3 g3
g4 g4
g1 g1
g5 g5
g2 g2
g6 g6 g7
g8 g8
g10 g10
g11 g14 g11
g15 g15 g12
g19 g19
g23 g23 g18
g24 g24
g20 g20
g16 g16
g21 g21
g25 g22 g25
g9 g9
g13 g13 g17
f11 f11
f12 f12
f13 f14 f13
f15 f15
f16 f16
f17 f17
f18 f18
f19 f19
f20 f20
a1 a1
a2 a2
a3 a3
a4 a4
a5 a5
c3 c1 c5
d4 d4
d5 d5
e19 e19
e20 e20
e24 e24
e23 e23
e22 e22
e25 e25
h4 h22
h25 h24 h17
h16 h13
h6 h18
b11 b3
b12 b4
b13 b5 b6
c10 c10
c13 c13 c15
c20 c17
c21 c23 c21
c27 c27
c31 c31 c33
c26 c26
b8 b2 b1
b18 b26
b20 b24
b21 b15 b25
