CH BD AY AL BZ AM BQ AN BZ BU CA CG CY DB AL DC BY CP AP BA AV BC AQ CD AZ AY BD BP DF DT CF CD CL BN AL DB CB BF CU AF BH CW CF DI AR DP BA DO DU CN AJ AI BX CQ AW CS DV BI DP BV BW CS BI DL DV DQ AR BJ BY CH CV AT AD BL DD BZ DM CH
43
BD BD
AY AY DG BL
AL AL
BZ BZ
AM AM
AN AN
BU BU
CA CA
DB DB
DC DC
BY BY
CP CP
AP AP
AV AU AV
BC BC
CD CD
AZ AZ
BP BG BP
DF DF
CF CF CZ
CL AF CL
BN BN
CB BS CB
BF BF
CU CU
CW CW
DI DI
DP DP
DO DO
DU DU
CN CN
AJ AJ
CQ CQ
CS CS
DV DV
BI BI
BV BV
DL DL
DQ DQ
CV CV
AT AT
DD DD
DM DM
