BU BF AR BN DD FR HF CA CK GK BN DI AF GE BN DZ DM BC CQ BK BA AG BW CQ DT BA CW FI AH GN CW HP CY BE CB BZ CG CA AV BP CI DP AT CM FS CY GS CV FD BT FW DE FG AZ DV DL BU AE AQ CX FF BT EG GM AI HC EG FU EO EC EN AY FA DK EO DR DM BH GT CC EQ AY DR EY GQ EK EY ET CT CO AU FL BG AA AR FP AF CT FP BM HA FY CM EI ER AC AN DU GA CJ DJ FG CR AP BE EL AU HM AH HH DQ AD GO AO AT BF BY AG AS HG BU
84
BU BU
BF BF
AR AR
BN BN
DD DD
FR FR
HF HF
CA CA
CK CK
GK GK
DI DI
AF AF
GE GE
DZ DZ
DM DM
CQ CQ
BK BK
BA BA
AG CD
BW BW
DT DT
CW HJ CW GY FN
FI FI
GN GN
HP HP
CY CY
BE BE
BZ BZ
AV AV
CI CI CS AX
DP DP
AT AT
CM CM
FS FS
GS GS
CV CV DE DX
FD FD
FW FW
DE AQ FB DS
FG FG
DV ES DV
DL DL
AE AE
CX CX
FF FF
EG EG EH
GM GM
HC HC
FU FU
EO GP EO
EC EC
EN EN
AY AY
DK DK
DR DR
BH BH BQ CZ
GT GT
EQ EQ
EY EY
GQ GQ
EK EK
ET ET
CT CT
CO CO
FL FL
BG BG
FP FP
BM BM
HA HA
FY FY
ER ER
AN AN
DU DU GH
GA GA
DJ DJ
CR CR
AP AP
EL EL
HM HM
HH EV HH
DQ DQ
GO GO
BY BY
HG HG
