Qatar Mongolia Tanzania UAE Nicaragua Mongolia Sweden Lebanon Morocco Serbia Tunisia Estonia Uruguay Malta Mongolia Albania CzechRepublic Mali Gabon Serbia America VaticanCity Kyrgyzstan Armenia CostaRica Serbia Peru UnitedKingdom Qatar France Guyana Andorra Kosovo Australia RussianFederation Qatar Tajikistan Mozambique Qatar Burundi GuineaBissau SierraLeone Senegal Montenegro Danzig Georgia Qatar Haiti Liberia Belarus Uzbekistan Qatar Belgium Egypt SaintLucia Singapore DemofChina Qatar
46
Qatar Angola Macedonia Tuvalu Netherlands SanMarino
Mongolia Mongolia
Tanzania Tanzania
UAE UAE
Nicaragua Nicaragua
Sweden Sweden
Lebanon Lebanon
Morocco Morocco
Tunisia Tunisia
Estonia Estonia
Malta Malta
Albania Albania
CzechRepublic CzechRepublic
Mali Mali
Gabon Gabon
America America
VaticanCity VaticanCity
Kyrgyzstan Kyrgyzstan
Armenia Armenia
CostaRica CostaRica
Peru Peru
UnitedKingdom UnitedKingdom
France France
Guyana Guyana
Andorra Andorra
Kosovo Kosovo
Australia Australia
RussianFederation RussianFederation
Tajikistan Tajikistan
Mozambique Mozambique
Burundi Burundi
GuineaBissau GuineaBissau
SierraLeone SierraLeone
Senegal Senegal
Montenegro Montenegro
Danzig Danzig
Georgia Georgia
Haiti Haiti
Liberia Liberia
Belarus Belarus
Uzbekistan Uzbekistan
Belgium Belgium
Egypt Egypt
SaintLucia SaintLucia
Singapore Singapore
DemofChina DemofChina
