Albania Latvia Pakistan Luxembourg Canada Finland Djibouti Canada EquatorGuinea Tunisia Vanuatu Niger Paraguay Peru Canada BosHerzegovina Ethiopia Portugal Grenada Paraguay Mongolia Vanuatu Cuba TheGambia Lesotho Paraguay Cambodia Australia Uruguay Burkina Paraguay Canada Venezuela SaintLucia Netherlands Romania Panama RussianFederation Thailand Bhutan Italy Switzerland Netherlands Nepal Gabon Vanuatu Venezuela Ethiopia Mauritius Netherlands Bulgaria Yemen CentralAfricanRep Hungary Vietnam Philippines Comoros Burma Canada Fiji SolomonIslands Netherlands MountAthos Estonia Algeria Vietnam Israel Albania VaticanCity Qatar Rwanda Mauritania CapeVerde Albania Germany Norway SaoTomPrincipe Albania Bahamas UAE SriLanka NorthKorea IvoryCoast Albania Cyprus Kiribati America Albania SierraLeone Kosovo Guatemala Chile Maldives Albania Dominica Ukraine Suriname Albania Danzig Togo Seychelles Rome PapuaNewGuinea Greece Albania Lithuania Poland Tanzania SaintKitts Serbia Argentina Belarus Kazakhstan Japan Albania Jamaica NewZealand Andorra Albania Mali UnitedKingdom Albania Malaysia Laos Slovenia Albania
97
Albania Newfoundland Brazil SaudiArabia Eritrea
Latvia Latvia
Pakistan Pakistan
Luxembourg Luxembourg
Canada Liechtenstein
Finland Finland
Djibouti Djibouti
EquatorGuinea EquatorGuinea
Tunisia Tunisia
Vanuatu Vanuatu
Niger Niger
Paraguay Paraguay
Peru Peru
BosHerzegovina BosHerzegovina
Ethiopia Ethiopia
Portugal Portugal
Grenada Grenada
Mongolia Mongolia
Cuba Cuba
TheGambia TheGambia
Lesotho Lesotho
Cambodia Cambodia
Australia Australia
Burkina Burkina
Venezuela Venezuela
SaintLucia SaintLucia
Netherlands France
Romania Romania
Panama Panama
RussianFederation RussianFederation
Thailand Thailand
Bhutan Bhutan
Italy Italy
Switzerland Switzerland
Nepal Nepal
Gabon Gabon
Mauritius Mauritius
Bulgaria Bulgaria
Yemen Yemen
CentralAfricanRep CentralAfricanRep
Hungary Hungary
Philippines Philippines
Comoros Comoros
Burma Burma
Fiji Fiji
SolomonIslands SolomonIslands
MountAthos MountAthos
Estonia Estonia
Algeria Algeria
Israel Israel
VaticanCity VaticanCity
Qatar Qatar
Rwanda Rwanda
Mauritania Mauritania
CapeVerde CapeVerde
Germany Germany
Norway Norway
SaoTomPrincipe SaoTomPrincipe
Bahamas Bahamas
UAE UAE
SriLanka SriLanka
NorthKorea NorthKorea
IvoryCoast IvoryCoast
Cyprus Cyprus
Kiribati Kiribati
America America
SierraLeone SierraLeone
Kosovo Kosovo
Guatemala Guatemala
Chile Chile
Maldives Maldives
Dominica Dominica
Ukraine Ukraine
Suriname Suriname
Danzig Danzig
Togo Togo
Seychelles Seychelles
Rome Rome
PapuaNewGuinea PapuaNewGuinea
Greece Greece
Lithuania Lithuania
Poland Poland
Tanzania Tanzania
SaintKitts SaintKitts
Serbia Serbia
Argentina Argentina
Belarus Belarus
Kazakhstan Kazakhstan
Japan Japan
Jamaica Jamaica
NewZealand NewZealand
Andorra Andorra
Mali Mali
UnitedKingdom UnitedKingdom
Malaysia Malaysia
Laos Laos
Slovenia Slovenia
