Nepal Vietnam Liechtenstein Palau MarshallIslands Azerbaijan Suriname Slovenia VaticanCity Tajikistan Afghanistan Estonia Newfoundland Panama Georgia Botswana Fiji NewZealand Mauritius Kuwait Nepal SaintLucia UAE Belarus Serbia Slovakia Nepal Tanzania Niger Nepal
25
Nepal Argentina
Vietnam Vietnam
Liechtenstein Liechtenstein
Palau Palau
MarshallIslands MarshallIslands
Azerbaijan Azerbaijan
Suriname Suriname
VaticanCity VaticanCity
Tajikistan Tajikistan
Afghanistan Afghanistan
Estonia Estonia
Panama Panama
Georgia Georgia
Botswana Botswana
Fiji Fiji
NewZealand NewZealand
Mauritius Mauritius
Kuwait Kuwait
SaintLucia SaintLucia
UAE UAE
Belarus Belarus
Serbia Serbia
Slovakia Slovakia
Tanzania Tanzania
Niger Niger
