Zo0umr3KFWOZJQPm HAZt9xslXTTIQrh6 bpy0VAq3GZuO2R8U ziJdi0Y4mj4TIJZ9 WVwd9ExLXa3zphJn tZ46uZudk7AfSXt1 qQzEeIfIOpoI9qKk e9DWnoEu0mxMb9VK asqla05DvWvndrgH QSabhET5tNnXgX60 9dVIdmIqrww8IL0A bpy0VAq3GZuO2R8U uuhviI1p7F0sChqp fBCH5yXHMW5jQJjk LI7uFZ34s97AeNpk 5TjXpBJuIWCWGZis 8pFqGmxaOhvFeBf4 W4POX5YqpnnI3x1U 1yeDQmwUGYi8LEVC bpy0VAq3GZuO2R8U 2yhNJ9fcTz8hRVDj EotYPttMvJbBfyaO Dg4uIWuVD7Xd3FfI ziJdi0Y4mj4TIJZ9 OMjRZA0G6vbBxKd5 1bDI0W7o3Pb2zYhB drsNw5E8nXGgcxxE J5iqQt6wukvg6KLY RnvIh4TOetAfG82E 9pH9xdreYrmVM1JI J5iqQt6wukvg6KLY rvadWwbDVrEOdUmt HAZt9xslXTTIQrh6 qeVT6FbNKHRizFU8 9L0zlmq9jRh6nd1I HAZt9xslXTTIQrh6 ZsdU4FLz0FoJAHOC KHBd51v9Lk79JoNu HAZt9xslXTTIQrh6 K5TJWlCDC2GiIJEC z6aHWvfWV1YcOU3s HAZt9xslXTTIQrh6 Gypke7sesv6WDuj9 jVrty3u6KGOjBg80 Byr8ftz6Pn4uac3K LdwRPFzBNqStC5X8 HAZt9xslXTTIQrh6 3SYpu8y7n2lFaEgA 3PEg9lFbqEimkqjc HAZt9xslXTTIQrh6 HqZKcXPbTIsIN6eT CvZWFxoaMZYhwHYj HAZt9xslXTTIQrh6 PDtM7hU3L1QjW9eR uRc2j178KRm3sVAY HAZt9xslXTTIQrh6 fg0WyZdFGAAZWRqK Zo0umr3KFWOZJQPm
44
HAZt9xslXTTIQrh6 HAZt9xslXTTIQrh6 xlWntBwCLfHgHam8 kWAnmn2xV4T8moWO 0Pfip4BXzoRzyFv2 2hsCdf5s2NPqItPy eRAtRmExinGYKjYs PmJZCdR41rbLgXgi
bpy0VAq3GZuO2R8U bpy0VAq3GZuO2R8U
ziJdi0Y4mj4TIJZ9 ziJdi0Y4mj4TIJZ9
WVwd9ExLXa3zphJn WVwd9ExLXa3zphJn
tZ46uZudk7AfSXt1 tZ46uZudk7AfSXt1
qQzEeIfIOpoI9qKk qQzEeIfIOpoI9qKk
e9DWnoEu0mxMb9VK e9DWnoEu0mxMb9VK
asqla05DvWvndrgH asqla05DvWvndrgH
QSabhET5tNnXgX60 QSabhET5tNnXgX60
9dVIdmIqrww8IL0A 9dVIdmIqrww8IL0A
uuhviI1p7F0sChqp uuhviI1p7F0sChqp
fBCH5yXHMW5jQJjk fBCH5yXHMW5jQJjk
LI7uFZ34s97AeNpk LI7uFZ34s97AeNpk
5TjXpBJuIWCWGZis 5TjXpBJuIWCWGZis
8pFqGmxaOhvFeBf4 8pFqGmxaOhvFeBf4
W4POX5YqpnnI3x1U W4POX5YqpnnI3x1U
1yeDQmwUGYi8LEVC 1yeDQmwUGYi8LEVC
2yhNJ9fcTz8hRVDj 2yhNJ9fcTz8hRVDj
EotYPttMvJbBfyaO EotYPttMvJbBfyaO
Dg4uIWuVD7Xd3FfI Dg4uIWuVD7Xd3FfI
OMjRZA0G6vbBxKd5 OMjRZA0G6vbBxKd5
1bDI0W7o3Pb2zYhB 1bDI0W7o3Pb2zYhB
drsNw5E8nXGgcxxE drsNw5E8nXGgcxxE
J5iqQt6wukvg6KLY J5iqQt6wukvg6KLY
RnvIh4TOetAfG82E RnvIh4TOetAfG82E
9pH9xdreYrmVM1JI 9pH9xdreYrmVM1JI
rvadWwbDVrEOdUmt rvadWwbDVrEOdUmt
qeVT6FbNKHRizFU8 qeVT6FbNKHRizFU8
9L0zlmq9jRh6nd1I 9L0zlmq9jRh6nd1I
ZsdU4FLz0FoJAHOC ZsdU4FLz0FoJAHOC
KHBd51v9Lk79JoNu KHBd51v9Lk79JoNu
K5TJWlCDC2GiIJEC K5TJWlCDC2GiIJEC
z6aHWvfWV1YcOU3s z6aHWvfWV1YcOU3s
Gypke7sesv6WDuj9 Gypke7sesv6WDuj9
jVrty3u6KGOjBg80 jVrty3u6KGOjBg80
Byr8ftz6Pn4uac3K Byr8ftz6Pn4uac3K
LdwRPFzBNqStC5X8 LdwRPFzBNqStC5X8
3SYpu8y7n2lFaEgA 3SYpu8y7n2lFaEgA
3PEg9lFbqEimkqjc 3PEg9lFbqEimkqjc
HqZKcXPbTIsIN6eT HqZKcXPbTIsIN6eT
CvZWFxoaMZYhwHYj CvZWFxoaMZYhwHYj
PDtM7hU3L1QjW9eR PDtM7hU3L1QjW9eR
uRc2j178KRm3sVAY uRc2j178KRm3sVAY
fg0WyZdFGAAZWRqK fg0WyZdFGAAZWRqK
