Zjo93yXsdcDV6Oit HAZt9xslXTTIQrh6 bpy0VAq3GZuO2R8U RnvIh4TOetAfG82E 9pH9xdreYrmVM1JI qQzEeIfIOpoI9qKk ZsdU4FLz0FoJAHOC bpy0VAq3GZuO2R8U KHBd51v9Lk79JoNu 1bDI0W7o3Pb2zYhB bpy0VAq3GZuO2R8U W4POX5YqpnnI3x1U LdwRPFzBNqStC5X8 1yeDQmwUGYi8LEVC bpy0VAq3GZuO2R8U EotYPttMvJbBfyaO Dg4uIWuVD7Xd3FfI bpy0VAq3GZuO2R8U uRc2j178KRm3sVAY EuY7nNg1nWHDnCBx 1ByTcIJH8XabOIWu bpy0VAq3GZuO2R8U 27KMNaF72cTW0PDA AvHIDL41dbfeNksW bpy0VAq3GZuO2R8U LZyPcj0slZv1Vk6U nkKMB647tDItOdTX LsIlvCjQu9Xqre9U 1Eq6CyZRaHXkARva nPVdEshNZOOx6qGx 6GsK7I0daq8OZxaS bpy0VAq3GZuO2R8U MxcmtGZ6qJUnGaxB FzSHaHADmN7Zbhbr bpy0VAq3GZuO2R8U kmMzOIvorXbmvHXw m8Rn3gh3HBuT9R8d bpy0VAq3GZuO2R8U ziJdi0Y4mj4TIJZ9 Byr8ftz6Pn4uac3K SLuZYQ4lYwLMQuMp ziJdi0Y4mj4TIJZ9 U5CEflgpFptgqHUL u7i0C02E9nMoZ6Ab yILnNjtdKS6kD3NP pi9Gjwqb8nw39ALT TEBcdk0AQd6dKevH ziJdi0Y4mj4TIJZ9 dBEYMpdveobbOa64 OMjRZA0G6vbBxKd5 tZ46uZudk7AfSXt1 8ae7BICLTSRkgPWv qKKAwpkuJY9E8dpl WVwd9ExLXa3zphJn J5iqQt6wukvg6KLY z6aHWvfWV1YcOU3s rvadWwbDVrEOdUmt qeVT6FbNKHRizFU8 9L0zlmq9jRh6nd1I e9DWnoEu0mxMb9VK xlWntBwCLfHgHam8 K5TJWlCDC2GiIJEC HAZt9xslXTTIQrh6 asqla05DvWvndrgH QSabhET5tNnXgX60 HAZt9xslXTTIQrh6 uuhviI1p7F0sChqp eRAtRmExinGYKjYs fBCH5yXHMW5jQJjk HAZt9xslXTTIQrh6 8pFqGmxaOhvFeBf4 Gypke7sesv6WDuj9 HAZt9xslXTTIQrh6 jVrty3u6KGOjBg80 kWAnmn2xV4T8moWO 0Pfip4BXzoRzyFv2 HAZt9xslXTTIQrh6 HqZKcXPbTIsIN6eT drsNw5E8nXGgcxxE CvZWFxoaMZYhwHYj HAZt9xslXTTIQrh6 2yhNJ9fcTz8hRVDj PmJZCdR41rbLgXgi PDtM7hU3L1QjW9eR fg0WyZdFGAAZWRqK pKGVzMiXVo3v1oQu HAZt9xslXTTIQrh6 6La4alyyQSzgrmmj quCqGzaCZ5rVk9Gn HAZt9xslXTTIQrh6 2v7uFoKD90sPVOTA YHVvi99ucaU9tYgf xLhGn69fZWxkF2ME HAZt9xslXTTIQrh6 LUoJ0iRCc71uZfNX gqX9V4QU6KrO7JGI HAZt9xslXTTIQrh6 3th5kfdmmYoxH6sF uN0YmlR4YKMmyTVh HAZt9xslXTTIQrh6 6Gt5ffOE5tOJA8A7 8vLm5GS8pptr9y8t R43sDxzHzrO5kncN Of6XUqufA1wxpnuj ZASkL5Mxwr8cbBFG HAZt9xslXTTIQrh6 LjKfvPnu1IVb9d8E M9il2j2XBWeGdURv Zo0umr3KFWOZJQPm Zjo93yXsdcDV6Oit
85
HAZt9xslXTTIQrh6 HAZt9xslXTTIQrh6 3SYpu8y7n2lFaEgA YpZJ50mXHPeALpEr StSocpbFeWB0czP8 Uw31N0oW965MP4qr 0BNdm9hpaqd4q3Tx 9dVIdmIqrww8IL0A 1r13Qnmq9ixI97Qj 0rKC7Chib5iDGjTC LI7uFZ34s97AeNpk 5TjXpBJuIWCWGZis Plb766RuoiNfkOGW
bpy0VAq3GZuO2R8U bpy0VAq3GZuO2R8U ngcwhTcmwXuonGlk 3PEg9lFbqEimkqjc 2hsCdf5s2NPqItPy
RnvIh4TOetAfG82E RnvIh4TOetAfG82E
9pH9xdreYrmVM1JI 9pH9xdreYrmVM1JI
qQzEeIfIOpoI9qKk qQzEeIfIOpoI9qKk
ZsdU4FLz0FoJAHOC ZsdU4FLz0FoJAHOC
KHBd51v9Lk79JoNu KHBd51v9Lk79JoNu
1bDI0W7o3Pb2zYhB 1bDI0W7o3Pb2zYhB
W4POX5YqpnnI3x1U W4POX5YqpnnI3x1U
LdwRPFzBNqStC5X8 LdwRPFzBNqStC5X8
1yeDQmwUGYi8LEVC 1yeDQmwUGYi8LEVC
EotYPttMvJbBfyaO EotYPttMvJbBfyaO
Dg4uIWuVD7Xd3FfI Dg4uIWuVD7Xd3FfI
uRc2j178KRm3sVAY uRc2j178KRm3sVAY
EuY7nNg1nWHDnCBx EuY7nNg1nWHDnCBx
1ByTcIJH8XabOIWu 1ByTcIJH8XabOIWu
27KMNaF72cTW0PDA 27KMNaF72cTW0PDA
AvHIDL41dbfeNksW AvHIDL41dbfeNksW
LZyPcj0slZv1Vk6U LZyPcj0slZv1Vk6U
nkKMB647tDItOdTX nkKMB647tDItOdTX
LsIlvCjQu9Xqre9U LsIlvCjQu9Xqre9U
1Eq6CyZRaHXkARva 1Eq6CyZRaHXkARva
nPVdEshNZOOx6qGx nPVdEshNZOOx6qGx
6GsK7I0daq8OZxaS 6GsK7I0daq8OZxaS
MxcmtGZ6qJUnGaxB MxcmtGZ6qJUnGaxB
FzSHaHADmN7Zbhbr FzSHaHADmN7Zbhbr
kmMzOIvorXbmvHXw kmMzOIvorXbmvHXw
m8Rn3gh3HBuT9R8d m8Rn3gh3HBuT9R8d
ziJdi0Y4mj4TIJZ9 TbM88DujEo9BSxqT ziJdi0Y4mj4TIJZ9
Byr8ftz6Pn4uac3K Byr8ftz6Pn4uac3K
SLuZYQ4lYwLMQuMp SLuZYQ4lYwLMQuMp
U5CEflgpFptgqHUL U5CEflgpFptgqHUL
u7i0C02E9nMoZ6Ab u7i0C02E9nMoZ6Ab
yILnNjtdKS6kD3NP yILnNjtdKS6kD3NP
pi9Gjwqb8nw39ALT pi9Gjwqb8nw39ALT
TEBcdk0AQd6dKevH TEBcdk0AQd6dKevH
dBEYMpdveobbOa64 dBEYMpdveobbOa64
OMjRZA0G6vbBxKd5 OMjRZA0G6vbBxKd5
tZ46uZudk7AfSXt1 tZ46uZudk7AfSXt1
8ae7BICLTSRkgPWv 8ae7BICLTSRkgPWv
qKKAwpkuJY9E8dpl qKKAwpkuJY9E8dpl
WVwd9ExLXa3zphJn WVwd9ExLXa3zphJn
J5iqQt6wukvg6KLY J5iqQt6wukvg6KLY
z6aHWvfWV1YcOU3s z6aHWvfWV1YcOU3s
rvadWwbDVrEOdUmt rvadWwbDVrEOdUmt
qeVT6FbNKHRizFU8 qeVT6FbNKHRizFU8
9L0zlmq9jRh6nd1I 9L0zlmq9jRh6nd1I
e9DWnoEu0mxMb9VK e9DWnoEu0mxMb9VK
xlWntBwCLfHgHam8 xlWntBwCLfHgHam8
K5TJWlCDC2GiIJEC K5TJWlCDC2GiIJEC
asqla05DvWvndrgH asqla05DvWvndrgH
QSabhET5tNnXgX60 QSabhET5tNnXgX60
uuhviI1p7F0sChqp uuhviI1p7F0sChqp
eRAtRmExinGYKjYs eRAtRmExinGYKjYs
fBCH5yXHMW5jQJjk fBCH5yXHMW5jQJjk
8pFqGmxaOhvFeBf4 8pFqGmxaOhvFeBf4
Gypke7sesv6WDuj9 Gypke7sesv6WDuj9
jVrty3u6KGOjBg80 jVrty3u6KGOjBg80
kWAnmn2xV4T8moWO kWAnmn2xV4T8moWO
0Pfip4BXzoRzyFv2 0Pfip4BXzoRzyFv2
HqZKcXPbTIsIN6eT HqZKcXPbTIsIN6eT
drsNw5E8nXGgcxxE drsNw5E8nXGgcxxE
CvZWFxoaMZYhwHYj CvZWFxoaMZYhwHYj
2yhNJ9fcTz8hRVDj 2yhNJ9fcTz8hRVDj
PmJZCdR41rbLgXgi PmJZCdR41rbLgXgi
PDtM7hU3L1QjW9eR PDtM7hU3L1QjW9eR
fg0WyZdFGAAZWRqK fg0WyZdFGAAZWRqK
pKGVzMiXVo3v1oQu pKGVzMiXVo3v1oQu
6La4alyyQSzgrmmj 6La4alyyQSzgrmmj
quCqGzaCZ5rVk9Gn quCqGzaCZ5rVk9Gn
2v7uFoKD90sPVOTA 2v7uFoKD90sPVOTA
YHVvi99ucaU9tYgf YHVvi99ucaU9tYgf
xLhGn69fZWxkF2ME xLhGn69fZWxkF2ME
LUoJ0iRCc71uZfNX LUoJ0iRCc71uZfNX
gqX9V4QU6KrO7JGI gqX9V4QU6KrO7JGI
3th5kfdmmYoxH6sF 3th5kfdmmYoxH6sF
uN0YmlR4YKMmyTVh uN0YmlR4YKMmyTVh
6Gt5ffOE5tOJA8A7 6Gt5ffOE5tOJA8A7
8vLm5GS8pptr9y8t 8vLm5GS8pptr9y8t
R43sDxzHzrO5kncN R43sDxzHzrO5kncN
Of6XUqufA1wxpnuj Of6XUqufA1wxpnuj
ZASkL5Mxwr8cbBFG ZASkL5Mxwr8cbBFG
LjKfvPnu1IVb9d8E LjKfvPnu1IVb9d8E
M9il2j2XBWeGdURv M9il2j2XBWeGdURv
Zo0umr3KFWOZJQPm Zo0umr3KFWOZJQPm
