l0 h0 h2 l2 h4 l1 h14 l11 h16 l12 h17 l6 h26 l38 h29 l11 h30 h32 h37 l15 h38 h39 l13 h40 l11 h42 l14 h44 l5 h49 h1 h9 l6 h19 h23 l4 h28 l11 h5 h3 h35 h45 l1 h6 h8 h31 h7 h10 h25 l6 h11 h12 h13 l0 h15 h18 h20 l0 h24 h27 l0 h41 h43 h46 l0
45
l0 h47 h48 h33 h34 h36 h22
h0 h0
h2 h2
h4 h4
h14 h14
h16 h16
h17 h17
l6 h21
h26 h26
h29 h29
h30 h30
h32 h32
h37 h37
h38 h38
h39 h39
h40 h40
h42 h42
h44 h44
h49 h49
h1 h1
h9 h9
h19 h19
h23 h23
h28 h28
h5 h5
h3 h3
h35 h35
h45 h45
h6 h6
h8 h8
h31 h31
h7 h7
h10 h10
h25 h25
h11 h11
h12 h12
h13 h13
h15 h15
h18 h18
h20 h20
h24 h24
h27 h27
h41 h41
h43 h43
h46 h46
