l0 h0 h1 l4 h11 h12 l1 h18 l11 h22 l3 h27 l7 h30 l5 h36 l8 h40 l32 h42 l4 h47 h53 l12 h61 l3 h62 l4 h63 l10 h65 h67 h68 l15 h70 l2 h73 l1 h76 l5 h90 l11 h93 l13 h97 l3 h3 h4 l3 h6 l4 h7 l6 h13 l4 h23 l13 h24 l71 h45 h48 l21 h66 l2 h74 l7 h75 l21 h91 l12 h94 h99 l4 h14 h5 h19 l7 h71 l8 h79 l6 h82 l1 h88 l23 h15 h26 l17 h49 h50 l19 h16 h31 h37 h44 h59 h85 l1 h86 l2 h89 h20 h10 l6 h17 h28 l11 h21 h43 h25 h34 l14 h29 h35 l26 h32 l0 h41 h38 h46 l0 h51 h52 h54 h55 l0 h57 h58 h60 l0 h78 h80 h81 l0 h84 h87 l0
91
l0 h77 h72 h95 h64 h33 h96 h98 h39 h56
h0 h0
h1 h1
l4 h8 h2
h11 h11
h12 h12
h18 h18
l11 h92
h22 h22
h27 h27
l7 h69
h30 h30
h36 h36
h40 h40
h42 h42
h47 h47
h53 h53
h61 h61
h62 h62
h63 h63
h65 h65
h67 h67
h68 h68
h70 h70
h73 h73
h76 h76
h90 h90
h93 h93
h97 h97
h3 h3
h4 h4
h6 h6
h7 h7
l6 h9
h13 h13
h23 h23
h24 h24
h45 h45
h48 h48
l21 h83
h66 h66
h74 h74
h75 h75
h91 h91
h94 h94
h99 h99
h14 h14
h5 h5
h19 h19
h71 h71
h79 h79
h82 h82
h88 h88
h15 h15
h26 h26
h49 h49
h50 h50
h16 h16
h31 h31
h37 h37
h44 h44
h59 h59
h85 h85
h86 h86
h89 h89
h20 h20
h10 h10
h17 h17
h28 h28
h21 h21
h43 h43
h25 h25
h34 h34
h29 h29
h35 h35
h32 h32
h41 h41
h38 h38
h46 h46
h51 h51
h52 h52
h54 h54
h55 h55
h57 h57
h58 h58
h60 h60
h78 h78
h80 h80
h81 h81
h84 h84
h87 h87
