L0 L1 L2 L46 L13 L21 L33 L21 L39 L16 L24 L1 L72 L80 L73 L18 L19 L79 L29 L30 L31 L86 L85 L84 L62 L10 L41 L88 L61 L97 L3 L2 L50 L10 L84 L69 L14 L16 L22 L5 L48 L8 L92 L93 L60 L34 L81 L69 L83 L72 L74 L75 L15 L14 L69 L77 L0
38
L1 L1 L43
L2 L2 L12 L45
L46 L46
L21 L21 L23
L33 L33 L54
L39 L39
L24 L24
L72 L72
L80 L80
L73 L73
L19 L19 L20
L79 L79
L29 L28 L29
L31 L32 L42 L6 L31
L86 L86
L85 L85
L84 L84
L62 L62 L7
L10 L10
L41 L41
L88 L88
L97 L97
L50 L50
L69 L69
L14 L14
L22 L22
L48 L48
L8 L8
L92 L92
L93 L93
L60 L60
L34 L68
L81 L81
L83 L83
L74 L74 L51
L75 L75
L15 L15
L77 L77
