L0 L1 L2 L1 L46 L48 L1 L141 L188 L62 L63 L157 L1 L196 L45 L27 L3 L20 L13 L14 L27 L26 L39 L30 L39 L52 L30 L144 L80 L114 L152 L28 L160 L31 L10 L22 L47 L31 L192 L148 L33 L110 L84 L53 L50 L54 L53 L84 L8 L97 L53 L106 L2 L57 L8 L12 L57 L199 L65 L64 L7 L59 L64 L112 L113 L64 L119 L26 L130 L52 L177 L64 L194 L43 L73 L74 L63 L146 L147 L94 L95 L96 L116 L55 L23 L96 L19 L118 L49 L29 L62 L8 L123 L20 L10 L23 L135 L39 L138 L109 L58 L139 L21 L20 L145 L41 L76 L81 L49 L149 L197 L38 L39 L164 L61 L127 L143 L20 L165 L89 L168 L24 L37 L60 L42 L132 L133 L175 L176 L0
82
L1 L1
L2 L178 L2 L142
L46 L46
L48 L48
L141 L141
L188 L188
L62 L62
L157 L157
L196 L196
L27 L27
L3 L3
L20 L20
L13 L13
L14 L14
L26 L26
L39 L39
L30 L68 L104 L121 L107 L29 L30
L52 L52
L144 L144
L80 L80
L152 L152
L160 L160
L31 L82 L69 L102 L125 L31
L10 L10
L47 L47
L192 L192
L33 L33 L98
L110 L110
L84 L84
L53 L77 L53
L50 L50
L54 L54
L8 L8 L153
L97 L97
L106 L106
L57 L57 L18 L58
L12 L12
L199 L199
L65 L65
L64 L64
L7 L7
L59 L59
L112 L112
L113 L113
L119 L119
L130 L130
L177 L177
L194 L194
L73 L73
L74 L74
L146 L146
L147 L147
L94 L94
L95 L75 L95
L96 L96
L116 L116
L55 L55
L23 L23
L118 L118
L49 L49
L123 L123
L135 L135
L138 L138
L109 L109
L139 L139
L145 L145
L41 L41
L81 L81
L149 L149
L197 L197
L38 L163 L38
L164 L164
L61 L61
L127 L127
L143 L143
L165 L165
L168 L168
L24 L24
L60 L60
L132 L132
L175 L175
L176 L176
