point0 point28 point4 point56 point15 point9 point27 point7 point42 point14 point26 point35 point28 point47 point70 point21 point75 point60 point7 point9 point8 point50 point49 point61 point5 point92 point79 point12 point3 point22 point58 point48 point10 point55 point13 point65 point4 point93 point3 point71 point25 point77 point20 point44 point45 point65 point84 point6 point13 point85 point72 point21 point0
35
point28 point28
point4 point4
point56 point56
point9 point9
point27 point27
point7 point7
point42 point42
point14 point14
point26 point26
point35 point35
point47 point47
point70 point70
point75 point75
point60 point60
point8 point8
point50 point50
point61 point61
point5 point64 point19 point68 point5 point24
point92 point92
point12 point12
point22 point22
point58 point58 point76
point48 point48
point55 point55
point65 point65
point93 point93
point71 point71
point25 point25
point77 point77
point44 point44
point45 point53 point45
point84 point84
point6 point6
point85 point85
point72 point72
