point0 point13 point30 point40 point13 point91 point100 point10 point110 point111 point13 point15 point1 point11 point5 point15 point10 point1 point43 point15 point73 point78 point94 point15 point120 point157 point15 point162 point184 point21 point39 point6 point79 point8 point83 point19 point102 point108 point7 point126 point138 point21 point149 point4 point152 point8 point185 point25 point33 point113 point131 point32 point139 point153 point17 point155 point33 point160 point12 point52 point38 point41 point27 point56 point85 point1 point124 point12 point179 point14 point54 point16 point32 point18 point14 point27 point54 point72 point158 point69 point29 point10 point42 point36 point76 point75 point16 point86 point1 point87 point55 point67 point8 point112 point10 point135 point12 point89 point115 point144 point12 point119 point148 point18 point177 point123 point0 point132 point3 point19 point183 point4 point151 point0 point172 point122 point1 point180 point0
78
point0 point163 point187
point13 point13 point134
point30 point30
point40 point40
point91 point91
point100 point100
point10 point10 point103
point110 point110
point111 point111
point15 point49 point109 point6 point15
point1 point1
point11 point11
point5 point5
point43 point43
point73 point73
point78 point78
point94 point94
point120 point120
point157 point157
point162 point162
point184 point184
point21 point21
point39 point39
point6 point51
point79 point79
point83 point83
point102 point102
point108 point108
point126 point126
point138 point138
point149 point149
point152 point152
point185 point185
point33 point33 point17 point31
point113 point113
point131 point131
point139 point139
point153 point153
point155 point155
point160 point160
point52 point34 point52
point38 point38
point41 point41
point27 point27
point56 point56
point85 point85
point124 point124
point179 point179
point54 point54
point16 point16
point18 point18
point72 point72
point158 point158
point69 point69
point29 point29
point42 point42
point76 point76
point75 point75
point86 point86
point87 point87
point55 point55
point67 point67
point112 point112
point135 point135
point89 point89
point115 point115
point144 point144
point119 point119
point148 point148
point177 point177
point123 point123
point132 point132
point3 point3
point183 point183
point151 point151
point172 point172
point122 point122
point180 point180
