point0 point1 point4 point6 point8 point24 point1 point37 point41 point1 point7 point35 point16 point3 point31 point23 point25 point2 point42 point30 point0 point43 point5 point3 point26 point43 point0
18
point0 point33
point1 point1
point4 point4
point6 point6
point24 point24
point37 point37
point41 point41
point7 point7
point35 point35 point46
point16 point16
point3 point19 point3 point21
point23 point23
point25 point25
point42 point42 point47
point30 point30
point43 point43
point5 point5
point26 point26
