55 11 8 12 49 101 109 158 13 105 159 186 15 42 4 16 20 1 26 29 2 30 32 3 33 36 1 40 41 43 45 48 1 53 2 54 56 1 58 59 61 62 63 3 71 74 5 76 8 77 78 80 4 81 2 86 88 90 91 97 107 2 111 113 114 1 115 116 118 119 2 122 126 131 133 134 135 137 140 146 148 149 1 153 160 162 166 1 168 170 171 172 3 175 177 181 188 4 189 9 17 27 1 57 66 6 67 83 85 106 151 152 2 173 179 1 182 184 185 1 55
96
11 11
8 8
12 12
49 49
101 101
109 109
158 158
13 13
105 105
159 159
186 186
15 15
42 42
4 163
16 16
20 20
1 150
26 26
29 29
30 30
32 32
33 33
36 36
40 40
41 41
43 43
45 45
48 48
53 53
54 54
56 56
58 58
59 59
61 61
62 62
63 63
71 71
74 74
76 76
77 77
78 78
80 80
81 81
86 86
88 88
90 90
91 91
97 97
107 107
111 111
113 113
114 114
115 115
116 116
118 118
119 119
122 122
126 126
131 131
133 133
134 134
135 135
137 137
140 140
146 146
148 148
149 149
153 153
160 160
162 162
166 166
168 168
170 170
171 171
172 172
175 175
177 177
181 181
188 188
189 189
9 9
17 17
27 27
57 57
66 66
67 67
83 83
85 85
106 106
151 151
152 152
173 173
179 179
182 182
184 184
185 185
