x61 x30 x0 x2 x23 x1 x54 x58 x1 x71 x88 x1 x91 x28 x8 x13 x28 x4 x37 x8 x40 x87 x90 x96 x18 x1 x21 x31 x49 x3 x43 x99 x1 x46 x12 x1 x55 x59 x68 x1 x80 x66 x1 x79 x98 x1 x81 x0 x89 x53 x93 x94 x0 x97 x3 x26 x61
43
x61 x61
x30 x30
x0 x0 x95
x2 x2 x5 x7
x23 x23
x1 x1 x42
x54 x54
x58 x58
x71 x71
x88 x88
x91 x91
x28 x28
x8 x8
x13 x13
x4 x32 x34
x37 x37
x40 x40
x87 x87
x90 x90
x96 x96
x18 x18
x21 x21
x31 x31
x49 x49
x3 x3 x52 x39
x43 x43
x99 x99
x46 x46
x12 x12
x55 x55
x59 x59
x68 x68
x80 x80
x66 x66
x79 x79
x98 x98
x81 x81
x89 x89
x53 x53
x93 x93
x94 x94
x97 x97
x26 x26
