x182 x7 x6 x4 x46 x61 x69 x0 x192 x11 x2 x20 x32 x2 x42 x48 x2 x71 x82 x4 x92 x2 x127 x1 x143 x2 x156 x4 x8 x14 x0 x18 x26 x0 x72 x133 x2 x139 x8 x106 x104 x12 x15 x2 x11 x58 x84 x100 x107 x2 x146 x21 x19 x25 x136 x2 x194 x0 x30 x66 x2 x102 x183 x2 x31 x163 x2 x45 x43 x10 x0 x177 x2 x49 x153 x2 x64 x77 x76 x2 x80 x87 x2 x113 x114 x1 x116 x119 x159 x2 x185 x186 x27 x0 x118 x128 x155 x0 x166 x3 x7 x17 x50 x2 x59 x1 x79 x2 x99 x138 x2 x147 x7 x151 x172 x182
81
x182 x182
x7 x7
x6 x6
x4 x4 x86
x46 x46
x61 x61
x69 x69
x0 x184 x109 x94
x192 x192
x11 x11
x2 x161 x2 x98 x164 x198 x179 x83 x53 x189 x23 x56 x55 x88 x125 x95
x20 x20
x32 x32
x42 x42
x48 x48
x71 x71
x82 x82
x92 x92
x127 x127
x1 x137 x74 x141
x143 x143
x156 x156
x8 x8
x14 x14
x18 x18
x26 x26
x72 x72
x133 x133
x139 x139
x106 x106
x104 x104
x15 x15
x58 x58
x84 x84
x100 x100
x107 x107
x146 x146
x21 x21
x19 x19
x25 x25
x136 x136
x194 x194
x30 x30
x66 x66
x102 x102
x183 x183
x31 x31
x163 x163
x45 x45
x43 x43
x10 x10
x177 x177
x49 x49
x153 x153
x64 x64
x77 x77
x76 x76
x80 x80
x87 x87
x113 x113
x114 x114
x116 x116
x119 x119
x159 x159
x185 x185
x186 x186
x27 x27
x118 x118
x128 x128
x155 x155
x166 x166
x3 x3
x17 x17
x50 x50
x59 x59
x79 x79
x99 x99
x138 x138
x147 x147
x151 x151
x172 x172
