8 4 9 13 19 89 137 181 149 110 78 59 39 18 15 84 143 98 54 33 4 6 79 120 173 127 85 20 101 160 183 179 136 102 24 17 14 34 105 31 30 10 13 17 22 37 53 37 39 18 35 51 35 20 101 56 115 52 113 49 29 4 33 53 54 33 16 100 86 127 123 174 122 97 52 69 56 109 168 108 36 51 66 49 30 10 13 19 90 91 24 40 110 42 45 41 59 42 95 27 24 17 21 17 13 9 1 3 5 80 125 84 36 55 37 22 17 15 19 89 88 23 26 39 55 36 84 32 47 31 82 11 13 19 90 38 107 165 153 98 107 34 4 33 32 105 164 106 70 51 33 14 17 16 99 54 71 57 41 61 42 101 158 191 159 118 58 100 145 84 121 126 97 52 99 132 87 23 18 35 51 32 97 12 36 108 40 28 101 158 100 16 11 15 87 135 136 137 90 38 53 72 107 144 82 5 1 9 14 38 40 88 19 21 17 13 11 80 124 121 80 8
85
4 4
19 19
89 89
137 137
181 181
78 78
59 59
39 39
143 185
54 54
33 33
6 6
79 79
120 120
173 173
127 127
85 85
160 193 160
183 183
179 179
136 136
102 102
24 24
17 17
105 105
30 30
22 42 22
53 68 53
35 35
51 51 64
115 115
52 99 52
113 113
49 49
29 29
54 116
33 65
100 100
123 123
174 174
97 97
69 69
109 109
168 168
66 66
90 90
91 91
40 40
110 171
45 45
95 95
17 63
21 25 21
3 3
5 5
80 80
125 125
55 73 55
15 83
88 147 88
23 23
26 26
47 47
82 82
90 188
38 38
165 165
153 153
107 167
4 2
164 164
70 70
99 190
71 71
61 61
191 191
118 118
145 145
121 121 172
126 126
132 182
87 87
97 152
108 169
28 93
158 192
11 142
135 135
72 72
144 144
124 124
